[2022-09-09T23:25:02.629+0600] {taskinstance.py:1171} INFO - Dependencies all met for <TaskInstance: first_task_v2.second_task scheduled__2021-07-31T00:00:00+00:00 [queued]>
[2022-09-09T23:25:02.633+0600] {taskinstance.py:1171} INFO - Dependencies all met for <TaskInstance: first_task_v2.second_task scheduled__2021-07-31T00:00:00+00:00 [queued]>
[2022-09-09T23:25:02.633+0600] {taskinstance.py:1368} INFO - 
--------------------------------------------------------------------------------
[2022-09-09T23:25:02.633+0600] {taskinstance.py:1369} INFO - Starting attempt 1 of 6
[2022-09-09T23:25:02.633+0600] {taskinstance.py:1370} INFO - 
--------------------------------------------------------------------------------
[2022-09-09T23:25:02.649+0600] {taskinstance.py:1389} INFO - Executing <Task(BashOperator): second_task> on 2021-07-31 00:00:00+00:00
[2022-09-09T23:25:02.651+0600] {standard_task_runner.py:52} INFO - Started process 4599 to run task
[2022-09-09T23:25:02.652+0600] {standard_task_runner.py:79} INFO - Running: ['airflow', 'tasks', 'run', 'first_task_v2', 'second_task', 'scheduled__2021-07-31T00:00:00+00:00', '--job-id', '332', '--raw', '--subdir', '/home/mahim-ubuntu/home/python/airflow-project/airflow/lib/python3.10/site-packages/airflow/example_dags/testDags.py', '--cfg-path', '/tmp/tmpn7zpb8k2', '--error-file', '/tmp/tmpjf30bjat']
[2022-09-09T23:25:02.653+0600] {standard_task_runner.py:80} INFO - Job 332: Subtask second_task
[2022-09-09T23:25:02.691+0600] {task_command.py:371} INFO - Running <TaskInstance: first_task_v2.second_task scheduled__2021-07-31T00:00:00+00:00 [running]> on host MahimPC.
[2022-09-09T23:25:02.739+0600] {taskinstance.py:1581} INFO - Exporting the following env vars:
AIRFLOW_CTX_DAG_OWNER=clickSpikes
AIRFLOW_CTX_DAG_ID=first_task_v2
AIRFLOW_CTX_TASK_ID=second_task
AIRFLOW_CTX_EXECUTION_DATE=2021-07-31T00:00:00+00:00
AIRFLOW_CTX_TRY_NUMBER=1
AIRFLOW_CTX_DAG_RUN_ID=scheduled__2021-07-31T00:00:00+00:00
[2022-09-09T23:25:02.740+0600] {subprocess.py:62} INFO - Tmp dir root location: 
 /tmp
[2022-09-09T23:25:02.740+0600] {subprocess.py:74} INFO - Running command: ['/usr/bin/bash', '-c', 'echo hey, I am Mahim. How are you?']
[2022-09-09T23:25:02.743+0600] {subprocess.py:85} INFO - Output:
[2022-09-09T23:25:02.743+0600] {subprocess.py:92} INFO - hey, I am Mahim. How are you?
[2022-09-09T23:25:02.744+0600] {subprocess.py:96} INFO - Command exited with return code 0
[2022-09-09T23:25:02.764+0600] {taskinstance.py:1407} INFO - Marking task as SUCCESS. dag_id=first_task_v2, task_id=second_task, execution_date=20210731T000000, start_date=20220909T172502, end_date=20220909T172502
[2022-09-09T23:25:02.784+0600] {local_task_job.py:156} INFO - Task exited with return code 0
[2022-09-09T23:25:02.795+0600] {local_task_job.py:279} INFO - 0 downstream tasks scheduled from follow-on schedule check
