[2022-09-09T23:28:27.722+0600] {taskinstance.py:1171} INFO - Dependencies all met for <TaskInstance: first_task_v2.second_task scheduled__2021-10-09T00:00:00+00:00 [queued]>
[2022-09-09T23:28:27.726+0600] {taskinstance.py:1171} INFO - Dependencies all met for <TaskInstance: first_task_v2.second_task scheduled__2021-10-09T00:00:00+00:00 [queued]>
[2022-09-09T23:28:27.726+0600] {taskinstance.py:1368} INFO - 
--------------------------------------------------------------------------------
[2022-09-09T23:28:27.727+0600] {taskinstance.py:1369} INFO - Starting attempt 1 of 6
[2022-09-09T23:28:27.727+0600] {taskinstance.py:1370} INFO - 
--------------------------------------------------------------------------------
[2022-09-09T23:28:27.745+0600] {taskinstance.py:1389} INFO - Executing <Task(BashOperator): second_task> on 2021-10-09 00:00:00+00:00
[2022-09-09T23:28:27.747+0600] {standard_task_runner.py:52} INFO - Started process 5174 to run task
[2022-09-09T23:28:27.749+0600] {standard_task_runner.py:79} INFO - Running: ['airflow', 'tasks', 'run', 'first_task_v2', 'second_task', 'scheduled__2021-10-09T00:00:00+00:00', '--job-id', '471', '--raw', '--subdir', '/home/mahim-ubuntu/home/python/airflow-project/airflow/lib/python3.10/site-packages/airflow/example_dags/testDags.py', '--cfg-path', '/tmp/tmpngbon7fs', '--error-file', '/tmp/tmpi5o8yjkf']
[2022-09-09T23:28:27.750+0600] {standard_task_runner.py:80} INFO - Job 471: Subtask second_task
[2022-09-09T23:28:27.787+0600] {task_command.py:371} INFO - Running <TaskInstance: first_task_v2.second_task scheduled__2021-10-09T00:00:00+00:00 [running]> on host MahimPC.
[2022-09-09T23:28:27.863+0600] {taskinstance.py:1581} INFO - Exporting the following env vars:
AIRFLOW_CTX_DAG_OWNER=clickSpikes
AIRFLOW_CTX_DAG_ID=first_task_v2
AIRFLOW_CTX_TASK_ID=second_task
AIRFLOW_CTX_EXECUTION_DATE=2021-10-09T00:00:00+00:00
AIRFLOW_CTX_TRY_NUMBER=1
AIRFLOW_CTX_DAG_RUN_ID=scheduled__2021-10-09T00:00:00+00:00
[2022-09-09T23:28:27.864+0600] {subprocess.py:62} INFO - Tmp dir root location: 
 /tmp
[2022-09-09T23:28:27.865+0600] {subprocess.py:74} INFO - Running command: ['/usr/bin/bash', '-c', 'echo hey, I am Mahim. How are you?']
[2022-09-09T23:28:27.869+0600] {subprocess.py:85} INFO - Output:
[2022-09-09T23:28:27.869+0600] {subprocess.py:92} INFO - hey, I am Mahim. How are you?
[2022-09-09T23:28:27.870+0600] {subprocess.py:96} INFO - Command exited with return code 0
[2022-09-09T23:28:27.893+0600] {taskinstance.py:1407} INFO - Marking task as SUCCESS. dag_id=first_task_v2, task_id=second_task, execution_date=20211009T000000, start_date=20220909T172827, end_date=20220909T172827
[2022-09-09T23:28:27.922+0600] {local_task_job.py:156} INFO - Task exited with return code 0
[2022-09-09T23:28:27.937+0600] {local_task_job.py:279} INFO - 0 downstream tasks scheduled from follow-on schedule check
