[2022-09-10T04:31:46.696+0000] {taskinstance.py:1171} INFO - Dependencies all met for <TaskInstance: example_bash_operator.runme_1 scheduled__2022-09-09T00:00:00+00:00 [queued]>
[2022-09-10T04:31:46.705+0000] {taskinstance.py:1171} INFO - Dependencies all met for <TaskInstance: example_bash_operator.runme_1 scheduled__2022-09-09T00:00:00+00:00 [queued]>
[2022-09-10T04:31:46.706+0000] {taskinstance.py:1368} INFO - 
--------------------------------------------------------------------------------
[2022-09-10T04:31:46.706+0000] {taskinstance.py:1369} INFO - Starting attempt 1 of 1
[2022-09-10T04:31:46.706+0000] {taskinstance.py:1370} INFO - 
--------------------------------------------------------------------------------
[2022-09-10T04:31:46.721+0000] {taskinstance.py:1389} INFO - Executing <Task(BashOperator): runme_1> on 2022-09-09 00:00:00+00:00
[2022-09-10T04:31:46.726+0000] {standard_task_runner.py:52} INFO - Started process 941 to run task
[2022-09-10T04:31:46.730+0000] {standard_task_runner.py:79} INFO - Running: ['***', 'tasks', 'run', 'example_bash_operator', 'runme_1', 'scheduled__2022-09-09T00:00:00+00:00', '--job-id', '7', '--raw', '--subdir', '/home/***/.local/lib/python3.7/site-packages/***/example_dags/example_bash_operator.py', '--cfg-path', '/tmp/tmpnd7vldik', '--error-file', '/tmp/tmp_g5bsnen']
[2022-09-10T04:31:46.731+0000] {standard_task_runner.py:80} INFO - Job 7: Subtask runme_1
[2022-09-10T04:31:46.816+0000] {task_command.py:371} INFO - Running <TaskInstance: example_bash_operator.runme_1 scheduled__2022-09-09T00:00:00+00:00 [running]> on host 258109111bac
[2022-09-10T04:31:46.921+0000] {taskinstance.py:1583} INFO - Exporting the following env vars:
AIRFLOW_CTX_DAG_OWNER=***
AIRFLOW_CTX_DAG_ID=example_bash_operator
AIRFLOW_CTX_TASK_ID=runme_1
AIRFLOW_CTX_EXECUTION_DATE=2022-09-09T00:00:00+00:00
AIRFLOW_CTX_TRY_NUMBER=1
AIRFLOW_CTX_DAG_RUN_ID=scheduled__2022-09-09T00:00:00+00:00
[2022-09-10T04:31:46.923+0000] {subprocess.py:62} INFO - Tmp dir root location: 
 /tmp
[2022-09-10T04:31:46.923+0000] {subprocess.py:74} INFO - Running command: ['/bin/bash', '-c', 'echo "example_bash_operator__runme_1__20220909" && sleep 1']
[2022-09-10T04:31:46.935+0000] {subprocess.py:85} INFO - Output:
[2022-09-10T04:31:46.937+0000] {subprocess.py:92} INFO - example_bash_operator__runme_1__20220909
[2022-09-10T04:31:47.938+0000] {subprocess.py:96} INFO - Command exited with return code 0
[2022-09-10T04:31:47.967+0000] {taskinstance.py:1412} INFO - Marking task as SUCCESS. dag_id=example_bash_operator, task_id=runme_1, execution_date=20220909T000000, start_date=20220910T043146, end_date=20220910T043147
[2022-09-10T04:31:47.985+0000] {local_task_job.py:156} INFO - Task exited with return code 0
[2022-09-10T04:31:48.031+0000] {local_task_job.py:279} INFO - 0 downstream tasks scheduled from follow-on schedule check
