[2022-09-09T23:27:39.493+0600] {taskinstance.py:1171} INFO - Dependencies all met for <TaskInstance: first_task_v2.second_task scheduled__2021-09-22T00:00:00+00:00 [queued]>
[2022-09-09T23:27:39.497+0600] {taskinstance.py:1171} INFO - Dependencies all met for <TaskInstance: first_task_v2.second_task scheduled__2021-09-22T00:00:00+00:00 [queued]>
[2022-09-09T23:27:39.497+0600] {taskinstance.py:1368} INFO - 
--------------------------------------------------------------------------------
[2022-09-09T23:27:39.497+0600] {taskinstance.py:1369} INFO - Starting attempt 1 of 6
[2022-09-09T23:27:39.497+0600] {taskinstance.py:1370} INFO - 
--------------------------------------------------------------------------------
[2022-09-09T23:27:39.513+0600] {taskinstance.py:1389} INFO - Executing <Task(BashOperator): second_task> on 2021-09-22 00:00:00+00:00
[2022-09-09T23:27:39.514+0600] {standard_task_runner.py:52} INFO - Started process 5020 to run task
[2022-09-09T23:27:39.515+0600] {standard_task_runner.py:79} INFO - Running: ['airflow', 'tasks', 'run', 'first_task_v2', 'second_task', 'scheduled__2021-09-22T00:00:00+00:00', '--job-id', '438', '--raw', '--subdir', '/home/mahim-ubuntu/home/python/airflow-project/airflow/lib/python3.10/site-packages/airflow/example_dags/testDags.py', '--cfg-path', '/tmp/tmpwk9la73i', '--error-file', '/tmp/tmp14ei7ku7']
[2022-09-09T23:27:39.516+0600] {standard_task_runner.py:80} INFO - Job 438: Subtask second_task
[2022-09-09T23:27:39.549+0600] {task_command.py:371} INFO - Running <TaskInstance: first_task_v2.second_task scheduled__2021-09-22T00:00:00+00:00 [running]> on host MahimPC.
[2022-09-09T23:27:39.606+0600] {taskinstance.py:1581} INFO - Exporting the following env vars:
AIRFLOW_CTX_DAG_OWNER=clickSpikes
AIRFLOW_CTX_DAG_ID=first_task_v2
AIRFLOW_CTX_TASK_ID=second_task
AIRFLOW_CTX_EXECUTION_DATE=2021-09-22T00:00:00+00:00
AIRFLOW_CTX_TRY_NUMBER=1
AIRFLOW_CTX_DAG_RUN_ID=scheduled__2021-09-22T00:00:00+00:00
[2022-09-09T23:27:39.606+0600] {subprocess.py:62} INFO - Tmp dir root location: 
 /tmp
[2022-09-09T23:27:39.607+0600] {subprocess.py:74} INFO - Running command: ['/usr/bin/bash', '-c', 'echo hey, I am Mahim. How are you?']
[2022-09-09T23:27:39.610+0600] {subprocess.py:85} INFO - Output:
[2022-09-09T23:27:39.610+0600] {subprocess.py:92} INFO - hey, I am Mahim. How are you?
[2022-09-09T23:27:39.610+0600] {subprocess.py:96} INFO - Command exited with return code 0
[2022-09-09T23:27:39.634+0600] {taskinstance.py:1407} INFO - Marking task as SUCCESS. dag_id=first_task_v2, task_id=second_task, execution_date=20210922T000000, start_date=20220909T172739, end_date=20220909T172739
[2022-09-09T23:27:39.688+0600] {local_task_job.py:156} INFO - Task exited with return code 0
[2022-09-09T23:27:39.697+0600] {local_task_job.py:279} INFO - 0 downstream tasks scheduled from follow-on schedule check
