[2022-09-10T05:01:14.336+0000] {taskinstance.py:1171} INFO - Dependencies all met for <TaskInstance: python_operator_v1.greet manual__2022-09-10T05:01:13.828676+00:00 [queued]>
[2022-09-10T05:01:14.353+0000] {taskinstance.py:1171} INFO - Dependencies all met for <TaskInstance: python_operator_v1.greet manual__2022-09-10T05:01:13.828676+00:00 [queued]>
[2022-09-10T05:01:14.353+0000] {taskinstance.py:1368} INFO - 
--------------------------------------------------------------------------------
[2022-09-10T05:01:14.353+0000] {taskinstance.py:1369} INFO - Starting attempt 1 of 6
[2022-09-10T05:01:14.353+0000] {taskinstance.py:1370} INFO - 
--------------------------------------------------------------------------------
[2022-09-10T05:01:14.400+0000] {taskinstance.py:1389} INFO - Executing <Task(PythonOperator): greet> on 2022-09-10 05:01:13.828676+00:00
[2022-09-10T05:01:14.446+0000] {standard_task_runner.py:52} INFO - Started process 223 to run task
[2022-09-10T05:01:14.449+0000] {standard_task_runner.py:79} INFO - Running: ['***', 'tasks', 'run', 'python_operator_v1', 'greet', 'manual__2022-09-10T05:01:13.828676+00:00', '--job-id', '6', '--raw', '--subdir', 'DAGS_FOLDER/dag_with_postgres_operator.py', '--cfg-path', '/tmp/tmpzdxpnbqy', '--error-file', '/tmp/tmpa0ftrzlj']
[2022-09-10T05:01:14.450+0000] {standard_task_runner.py:80} INFO - Job 6: Subtask greet
[2022-09-10T05:01:14.554+0000] {task_command.py:371} INFO - Running <TaskInstance: python_operator_v1.greet manual__2022-09-10T05:01:13.828676+00:00 [running]> on host e432d852001f
[2022-09-10T05:01:14.789+0000] {taskinstance.py:1583} INFO - Exporting the following env vars:
AIRFLOW_CTX_DAG_OWNER=clickSpikes
AIRFLOW_CTX_DAG_ID=python_operator_v1
AIRFLOW_CTX_TASK_ID=greet
AIRFLOW_CTX_EXECUTION_DATE=2022-09-10T05:01:13.828676+00:00
AIRFLOW_CTX_TRY_NUMBER=1
AIRFLOW_CTX_DAG_RUN_ID=manual__2022-09-10T05:01:13.828676+00:00
[2022-09-10T05:01:14.790+0000] {logging_mixin.py:115} INFO - Hello, mahimyour id: 19-41621-3
[2022-09-10T05:01:14.790+0000] {python.py:173} INFO - Done. Returned value was: None
[2022-09-10T05:01:14.802+0000] {taskinstance.py:1412} INFO - Marking task as SUCCESS. dag_id=python_operator_v1, task_id=greet, execution_date=20220910T050113, start_date=20220910T050114, end_date=20220910T050114
[2022-09-10T05:01:14.823+0000] {local_task_job.py:156} INFO - Task exited with return code 0
[2022-09-10T05:01:14.856+0000] {local_task_job.py:279} INFO - 0 downstream tasks scheduled from follow-on schedule check
