[2022-09-10T04:17:51.967+0000] {processor.py:153} INFO - Started process (PID=332) to work on /home/airflow/.local/lib/python3.7/site-packages/airflow/example_dags/example_complex.py
[2022-09-10T04:17:51.968+0000] {processor.py:640} INFO - Processing file /home/airflow/.local/lib/python3.7/site-packages/airflow/example_dags/example_complex.py for tasks to queue
[2022-09-10T04:17:51.968+0000] {logging_mixin.py:115} INFO - [2022-09-10T04:17:51.968+0000] {dagbag.py:508} INFO - Filling up the DagBag from /home/airflow/.local/lib/python3.7/site-packages/airflow/example_dags/example_complex.py
[2022-09-10T04:17:51.983+0000] {processor.py:650} INFO - DAG(s) dict_keys(['example_complex']) retrieved from /home/airflow/.local/lib/python3.7/site-packages/airflow/example_dags/example_complex.py
[2022-09-10T04:17:52.069+0000] {logging_mixin.py:115} INFO - [2022-09-10T04:17:52.069+0000] {manager.py:508} INFO - Created Permission View: can delete on DAG:example_complex
[2022-09-10T04:17:52.082+0000] {logging_mixin.py:115} INFO - [2022-09-10T04:17:52.081+0000] {manager.py:508} INFO - Created Permission View: can read on DAG:example_complex
[2022-09-10T04:17:52.091+0000] {logging_mixin.py:115} INFO - [2022-09-10T04:17:52.091+0000] {manager.py:508} INFO - Created Permission View: can edit on DAG:example_complex
[2022-09-10T04:17:52.092+0000] {logging_mixin.py:115} INFO - [2022-09-10T04:17:52.092+0000] {dag.py:2429} INFO - Sync 1 DAGs
[2022-09-10T04:17:52.101+0000] {logging_mixin.py:115} INFO - [2022-09-10T04:17:52.100+0000] {dag.py:2448} INFO - Creating ORM DAG for example_complex
[2022-09-10T04:17:52.112+0000] {logging_mixin.py:115} INFO - [2022-09-10T04:17:52.112+0000] {dag.py:2981} INFO - Setting next_dagrun for example_complex to None, run_after=None
[2022-09-10T04:17:52.129+0000] {processor.py:161} INFO - Processing /home/airflow/.local/lib/python3.7/site-packages/airflow/example_dags/example_complex.py took 0.165 seconds
[2022-09-10T04:18:22.213+0000] {processor.py:153} INFO - Started process (PID=523) to work on /home/airflow/.local/lib/python3.7/site-packages/airflow/example_dags/example_complex.py
[2022-09-10T04:18:22.214+0000] {processor.py:640} INFO - Processing file /home/airflow/.local/lib/python3.7/site-packages/airflow/example_dags/example_complex.py for tasks to queue
[2022-09-10T04:18:22.214+0000] {logging_mixin.py:115} INFO - [2022-09-10T04:18:22.214+0000] {dagbag.py:508} INFO - Filling up the DagBag from /home/airflow/.local/lib/python3.7/site-packages/airflow/example_dags/example_complex.py
[2022-09-10T04:18:22.227+0000] {processor.py:650} INFO - DAG(s) dict_keys(['example_complex']) retrieved from /home/airflow/.local/lib/python3.7/site-packages/airflow/example_dags/example_complex.py
[2022-09-10T04:18:22.253+0000] {logging_mixin.py:115} INFO - [2022-09-10T04:18:22.253+0000] {dag.py:2429} INFO - Sync 1 DAGs
[2022-09-10T04:18:22.275+0000] {logging_mixin.py:115} INFO - [2022-09-10T04:18:22.275+0000] {dag.py:2981} INFO - Setting next_dagrun for example_complex to None, run_after=None
[2022-09-10T04:18:22.293+0000] {processor.py:161} INFO - Processing /home/airflow/.local/lib/python3.7/site-packages/airflow/example_dags/example_complex.py took 0.082 seconds
[2022-09-10T04:18:52.354+0000] {processor.py:153} INFO - Started process (PID=720) to work on /home/airflow/.local/lib/python3.7/site-packages/airflow/example_dags/example_complex.py
[2022-09-10T04:18:52.355+0000] {processor.py:640} INFO - Processing file /home/airflow/.local/lib/python3.7/site-packages/airflow/example_dags/example_complex.py for tasks to queue
[2022-09-10T04:18:52.356+0000] {logging_mixin.py:115} INFO - [2022-09-10T04:18:52.356+0000] {dagbag.py:508} INFO - Filling up the DagBag from /home/airflow/.local/lib/python3.7/site-packages/airflow/example_dags/example_complex.py
[2022-09-10T04:18:52.370+0000] {processor.py:650} INFO - DAG(s) dict_keys(['example_complex']) retrieved from /home/airflow/.local/lib/python3.7/site-packages/airflow/example_dags/example_complex.py
[2022-09-10T04:18:52.403+0000] {logging_mixin.py:115} INFO - [2022-09-10T04:18:52.403+0000] {dag.py:2429} INFO - Sync 1 DAGs
[2022-09-10T04:18:52.429+0000] {logging_mixin.py:115} INFO - [2022-09-10T04:18:52.429+0000] {dag.py:2981} INFO - Setting next_dagrun for example_complex to None, run_after=None
[2022-09-10T04:18:52.449+0000] {processor.py:161} INFO - Processing /home/airflow/.local/lib/python3.7/site-packages/airflow/example_dags/example_complex.py took 0.098 seconds
[2022-09-10T04:19:22.588+0000] {processor.py:153} INFO - Started process (PID=915) to work on /home/airflow/.local/lib/python3.7/site-packages/airflow/example_dags/example_complex.py
[2022-09-10T04:19:22.589+0000] {processor.py:640} INFO - Processing file /home/airflow/.local/lib/python3.7/site-packages/airflow/example_dags/example_complex.py for tasks to queue
[2022-09-10T04:19:22.590+0000] {logging_mixin.py:115} INFO - [2022-09-10T04:19:22.590+0000] {dagbag.py:508} INFO - Filling up the DagBag from /home/airflow/.local/lib/python3.7/site-packages/airflow/example_dags/example_complex.py
[2022-09-10T04:19:22.607+0000] {processor.py:650} INFO - DAG(s) dict_keys(['example_complex']) retrieved from /home/airflow/.local/lib/python3.7/site-packages/airflow/example_dags/example_complex.py
[2022-09-10T04:19:22.645+0000] {logging_mixin.py:115} INFO - [2022-09-10T04:19:22.645+0000] {dag.py:2429} INFO - Sync 1 DAGs
[2022-09-10T04:19:22.679+0000] {logging_mixin.py:115} INFO - [2022-09-10T04:19:22.679+0000] {dag.py:2981} INFO - Setting next_dagrun for example_complex to None, run_after=None
[2022-09-10T04:19:22.698+0000] {processor.py:161} INFO - Processing /home/airflow/.local/lib/python3.7/site-packages/airflow/example_dags/example_complex.py took 0.114 seconds
[2022-09-10T04:19:52.840+0000] {processor.py:153} INFO - Started process (PID=1103) to work on /home/airflow/.local/lib/python3.7/site-packages/airflow/example_dags/example_complex.py
[2022-09-10T04:19:52.841+0000] {processor.py:640} INFO - Processing file /home/airflow/.local/lib/python3.7/site-packages/airflow/example_dags/example_complex.py for tasks to queue
[2022-09-10T04:19:52.842+0000] {logging_mixin.py:115} INFO - [2022-09-10T04:19:52.842+0000] {dagbag.py:508} INFO - Filling up the DagBag from /home/airflow/.local/lib/python3.7/site-packages/airflow/example_dags/example_complex.py
[2022-09-10T04:19:52.853+0000] {processor.py:650} INFO - DAG(s) dict_keys(['example_complex']) retrieved from /home/airflow/.local/lib/python3.7/site-packages/airflow/example_dags/example_complex.py
[2022-09-10T04:19:52.880+0000] {logging_mixin.py:115} INFO - [2022-09-10T04:19:52.879+0000] {dag.py:2429} INFO - Sync 1 DAGs
[2022-09-10T04:19:52.901+0000] {logging_mixin.py:115} INFO - [2022-09-10T04:19:52.901+0000] {dag.py:2981} INFO - Setting next_dagrun for example_complex to None, run_after=None
[2022-09-10T04:19:52.917+0000] {processor.py:161} INFO - Processing /home/airflow/.local/lib/python3.7/site-packages/airflow/example_dags/example_complex.py took 0.078 seconds
[2022-09-10T04:20:23.998+0000] {processor.py:153} INFO - Started process (PID=1300) to work on /home/airflow/.local/lib/python3.7/site-packages/airflow/example_dags/example_complex.py
[2022-09-10T04:20:23.999+0000] {processor.py:640} INFO - Processing file /home/airflow/.local/lib/python3.7/site-packages/airflow/example_dags/example_complex.py for tasks to queue
[2022-09-10T04:20:24.000+0000] {logging_mixin.py:115} INFO - [2022-09-10T04:20:24.000+0000] {dagbag.py:508} INFO - Filling up the DagBag from /home/airflow/.local/lib/python3.7/site-packages/airflow/example_dags/example_complex.py
[2022-09-10T04:20:24.016+0000] {processor.py:650} INFO - DAG(s) dict_keys(['example_complex']) retrieved from /home/airflow/.local/lib/python3.7/site-packages/airflow/example_dags/example_complex.py
[2022-09-10T04:20:24.047+0000] {logging_mixin.py:115} INFO - [2022-09-10T04:20:24.046+0000] {dag.py:2429} INFO - Sync 1 DAGs
[2022-09-10T04:20:24.071+0000] {logging_mixin.py:115} INFO - [2022-09-10T04:20:24.071+0000] {dag.py:2981} INFO - Setting next_dagrun for example_complex to None, run_after=None
[2022-09-10T04:20:24.096+0000] {processor.py:161} INFO - Processing /home/airflow/.local/lib/python3.7/site-packages/airflow/example_dags/example_complex.py took 0.102 seconds
[2022-09-10T04:26:40.332+0000] {processor.py:153} INFO - Started process (PID=322) to work on /home/airflow/.local/lib/python3.7/site-packages/airflow/example_dags/example_complex.py
[2022-09-10T04:26:40.332+0000] {processor.py:640} INFO - Processing file /home/airflow/.local/lib/python3.7/site-packages/airflow/example_dags/example_complex.py for tasks to queue
[2022-09-10T04:26:40.333+0000] {logging_mixin.py:115} INFO - [2022-09-10T04:26:40.333+0000] {dagbag.py:508} INFO - Filling up the DagBag from /home/airflow/.local/lib/python3.7/site-packages/airflow/example_dags/example_complex.py
[2022-09-10T04:26:40.344+0000] {processor.py:650} INFO - DAG(s) dict_keys(['example_complex']) retrieved from /home/airflow/.local/lib/python3.7/site-packages/airflow/example_dags/example_complex.py
[2022-09-10T04:26:40.374+0000] {logging_mixin.py:115} INFO - [2022-09-10T04:26:40.374+0000] {dag.py:2429} INFO - Sync 1 DAGs
[2022-09-10T04:26:40.394+0000] {logging_mixin.py:115} INFO - [2022-09-10T04:26:40.394+0000] {dag.py:2981} INFO - Setting next_dagrun for example_complex to None, run_after=None
[2022-09-10T04:26:40.410+0000] {processor.py:161} INFO - Processing /home/airflow/.local/lib/python3.7/site-packages/airflow/example_dags/example_complex.py took 0.080 seconds
[2022-09-10T04:27:11.348+0000] {processor.py:153} INFO - Started process (PID=520) to work on /home/airflow/.local/lib/python3.7/site-packages/airflow/example_dags/example_complex.py
[2022-09-10T04:27:11.349+0000] {processor.py:640} INFO - Processing file /home/airflow/.local/lib/python3.7/site-packages/airflow/example_dags/example_complex.py for tasks to queue
[2022-09-10T04:27:11.349+0000] {logging_mixin.py:115} INFO - [2022-09-10T04:27:11.349+0000] {dagbag.py:508} INFO - Filling up the DagBag from /home/airflow/.local/lib/python3.7/site-packages/airflow/example_dags/example_complex.py
[2022-09-10T04:27:11.362+0000] {processor.py:650} INFO - DAG(s) dict_keys(['example_complex']) retrieved from /home/airflow/.local/lib/python3.7/site-packages/airflow/example_dags/example_complex.py
[2022-09-10T04:27:11.401+0000] {logging_mixin.py:115} INFO - [2022-09-10T04:27:11.401+0000] {dag.py:2429} INFO - Sync 1 DAGs
[2022-09-10T04:27:11.424+0000] {logging_mixin.py:115} INFO - [2022-09-10T04:27:11.424+0000] {dag.py:2981} INFO - Setting next_dagrun for example_complex to None, run_after=None
[2022-09-10T04:27:11.442+0000] {processor.py:161} INFO - Processing /home/airflow/.local/lib/python3.7/site-packages/airflow/example_dags/example_complex.py took 0.096 seconds
[2022-09-10T04:27:42.278+0000] {processor.py:153} INFO - Started process (PID=717) to work on /home/airflow/.local/lib/python3.7/site-packages/airflow/example_dags/example_complex.py
[2022-09-10T04:27:42.278+0000] {processor.py:640} INFO - Processing file /home/airflow/.local/lib/python3.7/site-packages/airflow/example_dags/example_complex.py for tasks to queue
[2022-09-10T04:27:42.279+0000] {logging_mixin.py:115} INFO - [2022-09-10T04:27:42.279+0000] {dagbag.py:508} INFO - Filling up the DagBag from /home/airflow/.local/lib/python3.7/site-packages/airflow/example_dags/example_complex.py
[2022-09-10T04:27:42.293+0000] {processor.py:650} INFO - DAG(s) dict_keys(['example_complex']) retrieved from /home/airflow/.local/lib/python3.7/site-packages/airflow/example_dags/example_complex.py
[2022-09-10T04:27:42.327+0000] {logging_mixin.py:115} INFO - [2022-09-10T04:27:42.327+0000] {dag.py:2429} INFO - Sync 1 DAGs
[2022-09-10T04:27:42.348+0000] {logging_mixin.py:115} INFO - [2022-09-10T04:27:42.348+0000] {dag.py:2981} INFO - Setting next_dagrun for example_complex to None, run_after=None
[2022-09-10T04:27:42.364+0000] {processor.py:161} INFO - Processing /home/airflow/.local/lib/python3.7/site-packages/airflow/example_dags/example_complex.py took 0.089 seconds
[2022-09-10T04:28:13.064+0000] {processor.py:153} INFO - Started process (PID=907) to work on /home/airflow/.local/lib/python3.7/site-packages/airflow/example_dags/example_complex.py
[2022-09-10T04:28:13.065+0000] {processor.py:640} INFO - Processing file /home/airflow/.local/lib/python3.7/site-packages/airflow/example_dags/example_complex.py for tasks to queue
[2022-09-10T04:28:13.066+0000] {logging_mixin.py:115} INFO - [2022-09-10T04:28:13.066+0000] {dagbag.py:508} INFO - Filling up the DagBag from /home/airflow/.local/lib/python3.7/site-packages/airflow/example_dags/example_complex.py
[2022-09-10T04:28:13.077+0000] {processor.py:650} INFO - DAG(s) dict_keys(['example_complex']) retrieved from /home/airflow/.local/lib/python3.7/site-packages/airflow/example_dags/example_complex.py
[2022-09-10T04:28:13.102+0000] {logging_mixin.py:115} INFO - [2022-09-10T04:28:13.102+0000] {dag.py:2429} INFO - Sync 1 DAGs
[2022-09-10T04:28:13.121+0000] {logging_mixin.py:115} INFO - [2022-09-10T04:28:13.121+0000] {dag.py:2981} INFO - Setting next_dagrun for example_complex to None, run_after=None
[2022-09-10T04:28:13.138+0000] {processor.py:161} INFO - Processing /home/airflow/.local/lib/python3.7/site-packages/airflow/example_dags/example_complex.py took 0.076 seconds
[2022-09-10T04:28:43.995+0000] {processor.py:153} INFO - Started process (PID=1103) to work on /home/airflow/.local/lib/python3.7/site-packages/airflow/example_dags/example_complex.py
[2022-09-10T04:28:43.996+0000] {processor.py:640} INFO - Processing file /home/airflow/.local/lib/python3.7/site-packages/airflow/example_dags/example_complex.py for tasks to queue
[2022-09-10T04:28:43.996+0000] {logging_mixin.py:115} INFO - [2022-09-10T04:28:43.996+0000] {dagbag.py:508} INFO - Filling up the DagBag from /home/airflow/.local/lib/python3.7/site-packages/airflow/example_dags/example_complex.py
[2022-09-10T04:28:44.007+0000] {processor.py:650} INFO - DAG(s) dict_keys(['example_complex']) retrieved from /home/airflow/.local/lib/python3.7/site-packages/airflow/example_dags/example_complex.py
[2022-09-10T04:28:44.038+0000] {logging_mixin.py:115} INFO - [2022-09-10T04:28:44.037+0000] {dag.py:2429} INFO - Sync 1 DAGs
[2022-09-10T04:28:44.060+0000] {logging_mixin.py:115} INFO - [2022-09-10T04:28:44.060+0000] {dag.py:2981} INFO - Setting next_dagrun for example_complex to None, run_after=None
[2022-09-10T04:28:44.077+0000] {processor.py:161} INFO - Processing /home/airflow/.local/lib/python3.7/site-packages/airflow/example_dags/example_complex.py took 0.085 seconds
[2022-09-10T04:30:07.327+0000] {processor.py:153} INFO - Started process (PID=322) to work on /home/airflow/.local/lib/python3.7/site-packages/airflow/example_dags/example_complex.py
[2022-09-10T04:30:07.328+0000] {processor.py:640} INFO - Processing file /home/airflow/.local/lib/python3.7/site-packages/airflow/example_dags/example_complex.py for tasks to queue
[2022-09-10T04:30:07.329+0000] {logging_mixin.py:115} INFO - [2022-09-10T04:30:07.329+0000] {dagbag.py:508} INFO - Filling up the DagBag from /home/airflow/.local/lib/python3.7/site-packages/airflow/example_dags/example_complex.py
[2022-09-10T04:30:07.343+0000] {processor.py:650} INFO - DAG(s) dict_keys(['example_complex']) retrieved from /home/airflow/.local/lib/python3.7/site-packages/airflow/example_dags/example_complex.py
[2022-09-10T04:30:07.375+0000] {logging_mixin.py:115} INFO - [2022-09-10T04:30:07.375+0000] {dag.py:2429} INFO - Sync 1 DAGs
[2022-09-10T04:30:07.402+0000] {logging_mixin.py:115} INFO - [2022-09-10T04:30:07.401+0000] {dag.py:2981} INFO - Setting next_dagrun for example_complex to None, run_after=None
[2022-09-10T04:30:07.417+0000] {processor.py:161} INFO - Processing /home/airflow/.local/lib/python3.7/site-packages/airflow/example_dags/example_complex.py took 0.093 seconds
[2022-09-10T04:30:38.261+0000] {processor.py:153} INFO - Started process (PID=519) to work on /home/airflow/.local/lib/python3.7/site-packages/airflow/example_dags/example_complex.py
[2022-09-10T04:30:38.262+0000] {processor.py:640} INFO - Processing file /home/airflow/.local/lib/python3.7/site-packages/airflow/example_dags/example_complex.py for tasks to queue
[2022-09-10T04:30:38.262+0000] {logging_mixin.py:115} INFO - [2022-09-10T04:30:38.262+0000] {dagbag.py:508} INFO - Filling up the DagBag from /home/airflow/.local/lib/python3.7/site-packages/airflow/example_dags/example_complex.py
[2022-09-10T04:30:38.273+0000] {processor.py:650} INFO - DAG(s) dict_keys(['example_complex']) retrieved from /home/airflow/.local/lib/python3.7/site-packages/airflow/example_dags/example_complex.py
[2022-09-10T04:30:38.307+0000] {logging_mixin.py:115} INFO - [2022-09-10T04:30:38.307+0000] {dag.py:2429} INFO - Sync 1 DAGs
[2022-09-10T04:30:38.330+0000] {logging_mixin.py:115} INFO - [2022-09-10T04:30:38.329+0000] {dag.py:2981} INFO - Setting next_dagrun for example_complex to None, run_after=None
[2022-09-10T04:30:38.345+0000] {processor.py:161} INFO - Processing /home/airflow/.local/lib/python3.7/site-packages/airflow/example_dags/example_complex.py took 0.086 seconds
[2022-09-10T04:31:09.481+0000] {processor.py:153} INFO - Started process (PID=716) to work on /home/airflow/.local/lib/python3.7/site-packages/airflow/example_dags/example_complex.py
[2022-09-10T04:31:09.482+0000] {processor.py:640} INFO - Processing file /home/airflow/.local/lib/python3.7/site-packages/airflow/example_dags/example_complex.py for tasks to queue
[2022-09-10T04:31:09.482+0000] {logging_mixin.py:115} INFO - [2022-09-10T04:31:09.482+0000] {dagbag.py:508} INFO - Filling up the DagBag from /home/airflow/.local/lib/python3.7/site-packages/airflow/example_dags/example_complex.py
[2022-09-10T04:31:09.493+0000] {processor.py:650} INFO - DAG(s) dict_keys(['example_complex']) retrieved from /home/airflow/.local/lib/python3.7/site-packages/airflow/example_dags/example_complex.py
[2022-09-10T04:31:09.522+0000] {logging_mixin.py:115} INFO - [2022-09-10T04:31:09.522+0000] {dag.py:2429} INFO - Sync 1 DAGs
[2022-09-10T04:31:09.541+0000] {logging_mixin.py:115} INFO - [2022-09-10T04:31:09.540+0000] {dag.py:2981} INFO - Setting next_dagrun for example_complex to None, run_after=None
[2022-09-10T04:31:09.554+0000] {processor.py:161} INFO - Processing /home/airflow/.local/lib/python3.7/site-packages/airflow/example_dags/example_complex.py took 0.075 seconds
[2022-09-10T04:31:40.738+0000] {processor.py:153} INFO - Started process (PID=904) to work on /home/airflow/.local/lib/python3.7/site-packages/airflow/example_dags/example_complex.py
[2022-09-10T04:31:40.739+0000] {processor.py:640} INFO - Processing file /home/airflow/.local/lib/python3.7/site-packages/airflow/example_dags/example_complex.py for tasks to queue
[2022-09-10T04:31:40.740+0000] {logging_mixin.py:115} INFO - [2022-09-10T04:31:40.740+0000] {dagbag.py:508} INFO - Filling up the DagBag from /home/airflow/.local/lib/python3.7/site-packages/airflow/example_dags/example_complex.py
[2022-09-10T04:31:40.754+0000] {processor.py:650} INFO - DAG(s) dict_keys(['example_complex']) retrieved from /home/airflow/.local/lib/python3.7/site-packages/airflow/example_dags/example_complex.py
[2022-09-10T04:31:40.790+0000] {logging_mixin.py:115} INFO - [2022-09-10T04:31:40.789+0000] {dag.py:2429} INFO - Sync 1 DAGs
[2022-09-10T04:31:40.815+0000] {logging_mixin.py:115} INFO - [2022-09-10T04:31:40.814+0000] {dag.py:2981} INFO - Setting next_dagrun for example_complex to None, run_after=None
[2022-09-10T04:31:40.830+0000] {processor.py:161} INFO - Processing /home/airflow/.local/lib/python3.7/site-packages/airflow/example_dags/example_complex.py took 0.095 seconds
[2022-09-10T04:32:10.922+0000] {processor.py:153} INFO - Started process (PID=1119) to work on /home/airflow/.local/lib/python3.7/site-packages/airflow/example_dags/example_complex.py
[2022-09-10T04:32:10.923+0000] {processor.py:640} INFO - Processing file /home/airflow/.local/lib/python3.7/site-packages/airflow/example_dags/example_complex.py for tasks to queue
[2022-09-10T04:32:10.923+0000] {logging_mixin.py:115} INFO - [2022-09-10T04:32:10.923+0000] {dagbag.py:508} INFO - Filling up the DagBag from /home/airflow/.local/lib/python3.7/site-packages/airflow/example_dags/example_complex.py
[2022-09-10T04:32:10.935+0000] {processor.py:650} INFO - DAG(s) dict_keys(['example_complex']) retrieved from /home/airflow/.local/lib/python3.7/site-packages/airflow/example_dags/example_complex.py
[2022-09-10T04:32:10.966+0000] {logging_mixin.py:115} INFO - [2022-09-10T04:32:10.965+0000] {dag.py:2429} INFO - Sync 1 DAGs
[2022-09-10T04:32:10.988+0000] {logging_mixin.py:115} INFO - [2022-09-10T04:32:10.988+0000] {dag.py:2981} INFO - Setting next_dagrun for example_complex to None, run_after=None
[2022-09-10T04:32:11.004+0000] {processor.py:161} INFO - Processing /home/airflow/.local/lib/python3.7/site-packages/airflow/example_dags/example_complex.py took 0.084 seconds
[2022-09-10T04:32:42.260+0000] {processor.py:153} INFO - Started process (PID=1318) to work on /home/airflow/.local/lib/python3.7/site-packages/airflow/example_dags/example_complex.py
[2022-09-10T04:32:42.261+0000] {processor.py:640} INFO - Processing file /home/airflow/.local/lib/python3.7/site-packages/airflow/example_dags/example_complex.py for tasks to queue
[2022-09-10T04:32:42.261+0000] {logging_mixin.py:115} INFO - [2022-09-10T04:32:42.261+0000] {dagbag.py:508} INFO - Filling up the DagBag from /home/airflow/.local/lib/python3.7/site-packages/airflow/example_dags/example_complex.py
[2022-09-10T04:32:42.276+0000] {processor.py:650} INFO - DAG(s) dict_keys(['example_complex']) retrieved from /home/airflow/.local/lib/python3.7/site-packages/airflow/example_dags/example_complex.py
[2022-09-10T04:32:42.322+0000] {logging_mixin.py:115} INFO - [2022-09-10T04:32:42.322+0000] {dag.py:2429} INFO - Sync 1 DAGs
[2022-09-10T04:32:42.355+0000] {logging_mixin.py:115} INFO - [2022-09-10T04:32:42.355+0000] {dag.py:2981} INFO - Setting next_dagrun for example_complex to None, run_after=None
[2022-09-10T04:32:42.376+0000] {processor.py:161} INFO - Processing /home/airflow/.local/lib/python3.7/site-packages/airflow/example_dags/example_complex.py took 0.120 seconds
