[2022-09-10T04:17:51.222+0000] {processor.py:153} INFO - Started process (PID=297) to work on /home/airflow/.local/lib/python3.7/site-packages/airflow/example_dags/example_bash_operator.py
[2022-09-10T04:17:51.223+0000] {processor.py:640} INFO - Processing file /home/airflow/.local/lib/python3.7/site-packages/airflow/example_dags/example_bash_operator.py for tasks to queue
[2022-09-10T04:17:51.223+0000] {logging_mixin.py:115} INFO - [2022-09-10T04:17:51.223+0000] {dagbag.py:508} INFO - Filling up the DagBag from /home/airflow/.local/lib/python3.7/site-packages/airflow/example_dags/example_bash_operator.py
[2022-09-10T04:17:51.232+0000] {processor.py:650} INFO - DAG(s) dict_keys(['example_bash_operator']) retrieved from /home/airflow/.local/lib/python3.7/site-packages/airflow/example_dags/example_bash_operator.py
[2022-09-10T04:17:51.326+0000] {logging_mixin.py:115} INFO - [2022-09-10T04:17:51.326+0000] {manager.py:508} INFO - Created Permission View: can delete on DAG:example_bash_operator
[2022-09-10T04:17:51.339+0000] {logging_mixin.py:115} INFO - [2022-09-10T04:17:51.338+0000] {manager.py:508} INFO - Created Permission View: can read on DAG:example_bash_operator
[2022-09-10T04:17:51.349+0000] {logging_mixin.py:115} INFO - [2022-09-10T04:17:51.349+0000] {manager.py:508} INFO - Created Permission View: can edit on DAG:example_bash_operator
[2022-09-10T04:17:51.349+0000] {logging_mixin.py:115} INFO - [2022-09-10T04:17:51.349+0000] {dag.py:2429} INFO - Sync 1 DAGs
[2022-09-10T04:17:51.358+0000] {logging_mixin.py:115} INFO - [2022-09-10T04:17:51.358+0000] {dag.py:2448} INFO - Creating ORM DAG for example_bash_operator
[2022-09-10T04:17:51.371+0000] {logging_mixin.py:115} INFO - [2022-09-10T04:17:51.371+0000] {dag.py:2981} INFO - Setting next_dagrun for example_bash_operator to 2022-09-09T00:00:00+00:00, run_after=2022-09-10T00:00:00+00:00
[2022-09-10T04:17:51.390+0000] {processor.py:161} INFO - Processing /home/airflow/.local/lib/python3.7/site-packages/airflow/example_dags/example_bash_operator.py took 0.169 seconds
[2022-09-10T04:18:21.512+0000] {processor.py:153} INFO - Started process (PID=486) to work on /home/airflow/.local/lib/python3.7/site-packages/airflow/example_dags/example_bash_operator.py
[2022-09-10T04:18:21.513+0000] {processor.py:640} INFO - Processing file /home/airflow/.local/lib/python3.7/site-packages/airflow/example_dags/example_bash_operator.py for tasks to queue
[2022-09-10T04:18:21.513+0000] {logging_mixin.py:115} INFO - [2022-09-10T04:18:21.513+0000] {dagbag.py:508} INFO - Filling up the DagBag from /home/airflow/.local/lib/python3.7/site-packages/airflow/example_dags/example_bash_operator.py
[2022-09-10T04:18:21.524+0000] {processor.py:650} INFO - DAG(s) dict_keys(['example_bash_operator']) retrieved from /home/airflow/.local/lib/python3.7/site-packages/airflow/example_dags/example_bash_operator.py
[2022-09-10T04:18:21.551+0000] {logging_mixin.py:115} INFO - [2022-09-10T04:18:21.551+0000] {dag.py:2429} INFO - Sync 1 DAGs
[2022-09-10T04:18:21.576+0000] {logging_mixin.py:115} INFO - [2022-09-10T04:18:21.576+0000] {dag.py:2981} INFO - Setting next_dagrun for example_bash_operator to 2022-09-09T00:00:00+00:00, run_after=2022-09-10T00:00:00+00:00
[2022-09-10T04:18:21.591+0000] {processor.py:161} INFO - Processing /home/airflow/.local/lib/python3.7/site-packages/airflow/example_dags/example_bash_operator.py took 0.081 seconds
[2022-09-10T04:18:51.803+0000] {processor.py:153} INFO - Started process (PID=683) to work on /home/airflow/.local/lib/python3.7/site-packages/airflow/example_dags/example_bash_operator.py
[2022-09-10T04:18:51.804+0000] {processor.py:640} INFO - Processing file /home/airflow/.local/lib/python3.7/site-packages/airflow/example_dags/example_bash_operator.py for tasks to queue
[2022-09-10T04:18:51.805+0000] {logging_mixin.py:115} INFO - [2022-09-10T04:18:51.805+0000] {dagbag.py:508} INFO - Filling up the DagBag from /home/airflow/.local/lib/python3.7/site-packages/airflow/example_dags/example_bash_operator.py
[2022-09-10T04:18:51.816+0000] {processor.py:650} INFO - DAG(s) dict_keys(['example_bash_operator']) retrieved from /home/airflow/.local/lib/python3.7/site-packages/airflow/example_dags/example_bash_operator.py
[2022-09-10T04:18:51.848+0000] {logging_mixin.py:115} INFO - [2022-09-10T04:18:51.848+0000] {dag.py:2429} INFO - Sync 1 DAGs
[2022-09-10T04:18:51.872+0000] {logging_mixin.py:115} INFO - [2022-09-10T04:18:51.872+0000] {dag.py:2981} INFO - Setting next_dagrun for example_bash_operator to 2022-09-09T00:00:00+00:00, run_after=2022-09-10T00:00:00+00:00
[2022-09-10T04:18:51.887+0000] {processor.py:161} INFO - Processing /home/airflow/.local/lib/python3.7/site-packages/airflow/example_dags/example_bash_operator.py took 0.086 seconds
[2022-09-10T04:19:21.913+0000] {processor.py:153} INFO - Started process (PID=875) to work on /home/airflow/.local/lib/python3.7/site-packages/airflow/example_dags/example_bash_operator.py
[2022-09-10T04:19:21.913+0000] {processor.py:640} INFO - Processing file /home/airflow/.local/lib/python3.7/site-packages/airflow/example_dags/example_bash_operator.py for tasks to queue
[2022-09-10T04:19:21.914+0000] {logging_mixin.py:115} INFO - [2022-09-10T04:19:21.914+0000] {dagbag.py:508} INFO - Filling up the DagBag from /home/airflow/.local/lib/python3.7/site-packages/airflow/example_dags/example_bash_operator.py
[2022-09-10T04:19:21.925+0000] {processor.py:650} INFO - DAG(s) dict_keys(['example_bash_operator']) retrieved from /home/airflow/.local/lib/python3.7/site-packages/airflow/example_dags/example_bash_operator.py
[2022-09-10T04:19:21.959+0000] {logging_mixin.py:115} INFO - [2022-09-10T04:19:21.959+0000] {dag.py:2429} INFO - Sync 1 DAGs
[2022-09-10T04:19:21.990+0000] {logging_mixin.py:115} INFO - [2022-09-10T04:19:21.990+0000] {dag.py:2981} INFO - Setting next_dagrun for example_bash_operator to 2022-09-09T00:00:00+00:00, run_after=2022-09-10T00:00:00+00:00
[2022-09-10T04:19:22.006+0000] {processor.py:161} INFO - Processing /home/airflow/.local/lib/python3.7/site-packages/airflow/example_dags/example_bash_operator.py took 0.095 seconds
[2022-09-10T04:19:52.082+0000] {processor.py:153} INFO - Started process (PID=1058) to work on /home/airflow/.local/lib/python3.7/site-packages/airflow/example_dags/example_bash_operator.py
[2022-09-10T04:19:52.084+0000] {processor.py:640} INFO - Processing file /home/airflow/.local/lib/python3.7/site-packages/airflow/example_dags/example_bash_operator.py for tasks to queue
[2022-09-10T04:19:52.085+0000] {logging_mixin.py:115} INFO - [2022-09-10T04:19:52.085+0000] {dagbag.py:508} INFO - Filling up the DagBag from /home/airflow/.local/lib/python3.7/site-packages/airflow/example_dags/example_bash_operator.py
[2022-09-10T04:19:52.098+0000] {processor.py:650} INFO - DAG(s) dict_keys(['example_bash_operator']) retrieved from /home/airflow/.local/lib/python3.7/site-packages/airflow/example_dags/example_bash_operator.py
[2022-09-10T04:19:52.134+0000] {logging_mixin.py:115} INFO - [2022-09-10T04:19:52.134+0000] {dag.py:2429} INFO - Sync 1 DAGs
[2022-09-10T04:19:52.162+0000] {logging_mixin.py:115} INFO - [2022-09-10T04:19:52.162+0000] {dag.py:2981} INFO - Setting next_dagrun for example_bash_operator to 2022-09-09T00:00:00+00:00, run_after=2022-09-10T00:00:00+00:00
[2022-09-10T04:19:52.178+0000] {processor.py:161} INFO - Processing /home/airflow/.local/lib/python3.7/site-packages/airflow/example_dags/example_bash_operator.py took 0.099 seconds
[2022-09-10T04:20:22.243+0000] {processor.py:153} INFO - Started process (PID=1257) to work on /home/airflow/.local/lib/python3.7/site-packages/airflow/example_dags/example_bash_operator.py
[2022-09-10T04:20:22.244+0000] {processor.py:640} INFO - Processing file /home/airflow/.local/lib/python3.7/site-packages/airflow/example_dags/example_bash_operator.py for tasks to queue
[2022-09-10T04:20:22.245+0000] {logging_mixin.py:115} INFO - [2022-09-10T04:20:22.244+0000] {dagbag.py:508} INFO - Filling up the DagBag from /home/airflow/.local/lib/python3.7/site-packages/airflow/example_dags/example_bash_operator.py
[2022-09-10T04:20:22.253+0000] {processor.py:650} INFO - DAG(s) dict_keys(['example_bash_operator']) retrieved from /home/airflow/.local/lib/python3.7/site-packages/airflow/example_dags/example_bash_operator.py
[2022-09-10T04:20:22.282+0000] {logging_mixin.py:115} INFO - [2022-09-10T04:20:22.281+0000] {dag.py:2429} INFO - Sync 1 DAGs
[2022-09-10T04:20:22.309+0000] {logging_mixin.py:115} INFO - [2022-09-10T04:20:22.309+0000] {dag.py:2981} INFO - Setting next_dagrun for example_bash_operator to 2022-09-09T00:00:00+00:00, run_after=2022-09-10T00:00:00+00:00
[2022-09-10T04:20:22.326+0000] {processor.py:161} INFO - Processing /home/airflow/.local/lib/python3.7/site-packages/airflow/example_dags/example_bash_operator.py took 0.085 seconds
[2022-09-10T04:26:39.895+0000] {processor.py:153} INFO - Started process (PID=287) to work on /home/airflow/.local/lib/python3.7/site-packages/airflow/example_dags/example_bash_operator.py
[2022-09-10T04:26:39.896+0000] {processor.py:640} INFO - Processing file /home/airflow/.local/lib/python3.7/site-packages/airflow/example_dags/example_bash_operator.py for tasks to queue
[2022-09-10T04:26:39.897+0000] {logging_mixin.py:115} INFO - [2022-09-10T04:26:39.897+0000] {dagbag.py:508} INFO - Filling up the DagBag from /home/airflow/.local/lib/python3.7/site-packages/airflow/example_dags/example_bash_operator.py
[2022-09-10T04:26:39.909+0000] {processor.py:650} INFO - DAG(s) dict_keys(['example_bash_operator']) retrieved from /home/airflow/.local/lib/python3.7/site-packages/airflow/example_dags/example_bash_operator.py
[2022-09-10T04:26:39.943+0000] {logging_mixin.py:115} INFO - [2022-09-10T04:26:39.943+0000] {dag.py:2429} INFO - Sync 1 DAGs
[2022-09-10T04:26:39.969+0000] {logging_mixin.py:115} INFO - [2022-09-10T04:26:39.968+0000] {dag.py:2981} INFO - Setting next_dagrun for example_bash_operator to 2022-09-09T00:00:00+00:00, run_after=2022-09-10T00:00:00+00:00
[2022-09-10T04:26:39.983+0000] {processor.py:161} INFO - Processing /home/airflow/.local/lib/python3.7/site-packages/airflow/example_dags/example_bash_operator.py took 0.092 seconds
[2022-09-10T04:27:10.922+0000] {processor.py:153} INFO - Started process (PID=485) to work on /home/airflow/.local/lib/python3.7/site-packages/airflow/example_dags/example_bash_operator.py
[2022-09-10T04:27:10.923+0000] {processor.py:640} INFO - Processing file /home/airflow/.local/lib/python3.7/site-packages/airflow/example_dags/example_bash_operator.py for tasks to queue
[2022-09-10T04:27:10.923+0000] {logging_mixin.py:115} INFO - [2022-09-10T04:27:10.923+0000] {dagbag.py:508} INFO - Filling up the DagBag from /home/airflow/.local/lib/python3.7/site-packages/airflow/example_dags/example_bash_operator.py
[2022-09-10T04:27:10.933+0000] {processor.py:650} INFO - DAG(s) dict_keys(['example_bash_operator']) retrieved from /home/airflow/.local/lib/python3.7/site-packages/airflow/example_dags/example_bash_operator.py
[2022-09-10T04:27:10.969+0000] {logging_mixin.py:115} INFO - [2022-09-10T04:27:10.968+0000] {dag.py:2429} INFO - Sync 1 DAGs
[2022-09-10T04:27:10.992+0000] {logging_mixin.py:115} INFO - [2022-09-10T04:27:10.992+0000] {dag.py:2981} INFO - Setting next_dagrun for example_bash_operator to 2022-09-09T00:00:00+00:00, run_after=2022-09-10T00:00:00+00:00
[2022-09-10T04:27:11.008+0000] {processor.py:161} INFO - Processing /home/airflow/.local/lib/python3.7/site-packages/airflow/example_dags/example_bash_operator.py took 0.088 seconds
[2022-09-10T04:27:41.924+0000] {processor.py:153} INFO - Started process (PID=682) to work on /home/airflow/.local/lib/python3.7/site-packages/airflow/example_dags/example_bash_operator.py
[2022-09-10T04:27:41.924+0000] {processor.py:640} INFO - Processing file /home/airflow/.local/lib/python3.7/site-packages/airflow/example_dags/example_bash_operator.py for tasks to queue
[2022-09-10T04:27:41.924+0000] {logging_mixin.py:115} INFO - [2022-09-10T04:27:41.924+0000] {dagbag.py:508} INFO - Filling up the DagBag from /home/airflow/.local/lib/python3.7/site-packages/airflow/example_dags/example_bash_operator.py
[2022-09-10T04:27:41.932+0000] {processor.py:650} INFO - DAG(s) dict_keys(['example_bash_operator']) retrieved from /home/airflow/.local/lib/python3.7/site-packages/airflow/example_dags/example_bash_operator.py
[2022-09-10T04:27:41.961+0000] {logging_mixin.py:115} INFO - [2022-09-10T04:27:41.961+0000] {dag.py:2429} INFO - Sync 1 DAGs
[2022-09-10T04:27:41.980+0000] {logging_mixin.py:115} INFO - [2022-09-10T04:27:41.980+0000] {dag.py:2981} INFO - Setting next_dagrun for example_bash_operator to 2022-09-09T00:00:00+00:00, run_after=2022-09-10T00:00:00+00:00
[2022-09-10T04:27:41.996+0000] {processor.py:161} INFO - Processing /home/airflow/.local/lib/python3.7/site-packages/airflow/example_dags/example_bash_operator.py took 0.074 seconds
[2022-09-10T04:28:12.719+0000] {processor.py:153} INFO - Started process (PID=870) to work on /home/airflow/.local/lib/python3.7/site-packages/airflow/example_dags/example_bash_operator.py
[2022-09-10T04:28:12.720+0000] {processor.py:640} INFO - Processing file /home/airflow/.local/lib/python3.7/site-packages/airflow/example_dags/example_bash_operator.py for tasks to queue
[2022-09-10T04:28:12.720+0000] {logging_mixin.py:115} INFO - [2022-09-10T04:28:12.720+0000] {dagbag.py:508} INFO - Filling up the DagBag from /home/airflow/.local/lib/python3.7/site-packages/airflow/example_dags/example_bash_operator.py
[2022-09-10T04:28:12.728+0000] {processor.py:650} INFO - DAG(s) dict_keys(['example_bash_operator']) retrieved from /home/airflow/.local/lib/python3.7/site-packages/airflow/example_dags/example_bash_operator.py
[2022-09-10T04:28:12.757+0000] {logging_mixin.py:115} INFO - [2022-09-10T04:28:12.757+0000] {dag.py:2429} INFO - Sync 1 DAGs
[2022-09-10T04:28:12.776+0000] {logging_mixin.py:115} INFO - [2022-09-10T04:28:12.776+0000] {dag.py:2981} INFO - Setting next_dagrun for example_bash_operator to 2022-09-09T00:00:00+00:00, run_after=2022-09-10T00:00:00+00:00
[2022-09-10T04:28:12.789+0000] {processor.py:161} INFO - Processing /home/airflow/.local/lib/python3.7/site-packages/airflow/example_dags/example_bash_operator.py took 0.072 seconds
[2022-09-10T04:28:43.606+0000] {processor.py:153} INFO - Started process (PID=1068) to work on /home/airflow/.local/lib/python3.7/site-packages/airflow/example_dags/example_bash_operator.py
[2022-09-10T04:28:43.607+0000] {processor.py:640} INFO - Processing file /home/airflow/.local/lib/python3.7/site-packages/airflow/example_dags/example_bash_operator.py for tasks to queue
[2022-09-10T04:28:43.607+0000] {logging_mixin.py:115} INFO - [2022-09-10T04:28:43.607+0000] {dagbag.py:508} INFO - Filling up the DagBag from /home/airflow/.local/lib/python3.7/site-packages/airflow/example_dags/example_bash_operator.py
[2022-09-10T04:28:43.615+0000] {processor.py:650} INFO - DAG(s) dict_keys(['example_bash_operator']) retrieved from /home/airflow/.local/lib/python3.7/site-packages/airflow/example_dags/example_bash_operator.py
[2022-09-10T04:28:43.651+0000] {logging_mixin.py:115} INFO - [2022-09-10T04:28:43.650+0000] {dag.py:2429} INFO - Sync 1 DAGs
[2022-09-10T04:28:43.677+0000] {logging_mixin.py:115} INFO - [2022-09-10T04:28:43.677+0000] {dag.py:2981} INFO - Setting next_dagrun for example_bash_operator to 2022-09-09T00:00:00+00:00, run_after=2022-09-10T00:00:00+00:00
[2022-09-10T04:28:43.699+0000] {processor.py:161} INFO - Processing /home/airflow/.local/lib/python3.7/site-packages/airflow/example_dags/example_bash_operator.py took 0.096 seconds
[2022-09-10T04:30:06.903+0000] {processor.py:153} INFO - Started process (PID=287) to work on /home/airflow/.local/lib/python3.7/site-packages/airflow/example_dags/example_bash_operator.py
[2022-09-10T04:30:06.904+0000] {processor.py:640} INFO - Processing file /home/airflow/.local/lib/python3.7/site-packages/airflow/example_dags/example_bash_operator.py for tasks to queue
[2022-09-10T04:30:06.905+0000] {logging_mixin.py:115} INFO - [2022-09-10T04:30:06.905+0000] {dagbag.py:508} INFO - Filling up the DagBag from /home/airflow/.local/lib/python3.7/site-packages/airflow/example_dags/example_bash_operator.py
[2022-09-10T04:30:06.915+0000] {processor.py:650} INFO - DAG(s) dict_keys(['example_bash_operator']) retrieved from /home/airflow/.local/lib/python3.7/site-packages/airflow/example_dags/example_bash_operator.py
[2022-09-10T04:30:06.946+0000] {logging_mixin.py:115} INFO - [2022-09-10T04:30:06.946+0000] {dag.py:2429} INFO - Sync 1 DAGs
[2022-09-10T04:30:06.967+0000] {logging_mixin.py:115} INFO - [2022-09-10T04:30:06.967+0000] {dag.py:2981} INFO - Setting next_dagrun for example_bash_operator to 2022-09-09T00:00:00+00:00, run_after=2022-09-10T00:00:00+00:00
[2022-09-10T04:30:06.981+0000] {processor.py:161} INFO - Processing /home/airflow/.local/lib/python3.7/site-packages/airflow/example_dags/example_bash_operator.py took 0.080 seconds
[2022-09-10T04:30:37.909+0000] {processor.py:153} INFO - Started process (PID=484) to work on /home/airflow/.local/lib/python3.7/site-packages/airflow/example_dags/example_bash_operator.py
[2022-09-10T04:30:37.910+0000] {processor.py:640} INFO - Processing file /home/airflow/.local/lib/python3.7/site-packages/airflow/example_dags/example_bash_operator.py for tasks to queue
[2022-09-10T04:30:37.910+0000] {logging_mixin.py:115} INFO - [2022-09-10T04:30:37.910+0000] {dagbag.py:508} INFO - Filling up the DagBag from /home/airflow/.local/lib/python3.7/site-packages/airflow/example_dags/example_bash_operator.py
[2022-09-10T04:30:37.918+0000] {processor.py:650} INFO - DAG(s) dict_keys(['example_bash_operator']) retrieved from /home/airflow/.local/lib/python3.7/site-packages/airflow/example_dags/example_bash_operator.py
[2022-09-10T04:30:37.951+0000] {logging_mixin.py:115} INFO - [2022-09-10T04:30:37.950+0000] {dag.py:2429} INFO - Sync 1 DAGs
[2022-09-10T04:30:37.969+0000] {logging_mixin.py:115} INFO - [2022-09-10T04:30:37.969+0000] {dag.py:2981} INFO - Setting next_dagrun for example_bash_operator to 2022-09-09T00:00:00+00:00, run_after=2022-09-10T00:00:00+00:00
[2022-09-10T04:30:37.989+0000] {processor.py:161} INFO - Processing /home/airflow/.local/lib/python3.7/site-packages/airflow/example_dags/example_bash_operator.py took 0.082 seconds
[2022-09-10T04:31:09.112+0000] {processor.py:153} INFO - Started process (PID=681) to work on /home/airflow/.local/lib/python3.7/site-packages/airflow/example_dags/example_bash_operator.py
[2022-09-10T04:31:09.113+0000] {processor.py:640} INFO - Processing file /home/airflow/.local/lib/python3.7/site-packages/airflow/example_dags/example_bash_operator.py for tasks to queue
[2022-09-10T04:31:09.114+0000] {logging_mixin.py:115} INFO - [2022-09-10T04:31:09.114+0000] {dagbag.py:508} INFO - Filling up the DagBag from /home/airflow/.local/lib/python3.7/site-packages/airflow/example_dags/example_bash_operator.py
[2022-09-10T04:31:09.124+0000] {processor.py:650} INFO - DAG(s) dict_keys(['example_bash_operator']) retrieved from /home/airflow/.local/lib/python3.7/site-packages/airflow/example_dags/example_bash_operator.py
[2022-09-10T04:31:09.157+0000] {logging_mixin.py:115} INFO - [2022-09-10T04:31:09.156+0000] {dag.py:2429} INFO - Sync 1 DAGs
[2022-09-10T04:31:09.174+0000] {logging_mixin.py:115} INFO - [2022-09-10T04:31:09.174+0000] {dag.py:2981} INFO - Setting next_dagrun for example_bash_operator to 2022-09-09T00:00:00+00:00, run_after=2022-09-10T00:00:00+00:00
[2022-09-10T04:31:09.187+0000] {processor.py:161} INFO - Processing /home/airflow/.local/lib/python3.7/site-packages/airflow/example_dags/example_bash_operator.py took 0.078 seconds
[2022-09-10T04:31:40.228+0000] {processor.py:153} INFO - Started process (PID=869) to work on /home/airflow/.local/lib/python3.7/site-packages/airflow/example_dags/example_bash_operator.py
[2022-09-10T04:31:40.228+0000] {processor.py:640} INFO - Processing file /home/airflow/.local/lib/python3.7/site-packages/airflow/example_dags/example_bash_operator.py for tasks to queue
[2022-09-10T04:31:40.228+0000] {logging_mixin.py:115} INFO - [2022-09-10T04:31:40.228+0000] {dagbag.py:508} INFO - Filling up the DagBag from /home/airflow/.local/lib/python3.7/site-packages/airflow/example_dags/example_bash_operator.py
[2022-09-10T04:31:40.238+0000] {processor.py:650} INFO - DAG(s) dict_keys(['example_bash_operator']) retrieved from /home/airflow/.local/lib/python3.7/site-packages/airflow/example_dags/example_bash_operator.py
[2022-09-10T04:31:40.277+0000] {logging_mixin.py:115} INFO - [2022-09-10T04:31:40.277+0000] {dag.py:2429} INFO - Sync 1 DAGs
[2022-09-10T04:31:40.304+0000] {logging_mixin.py:115} INFO - [2022-09-10T04:31:40.304+0000] {dag.py:2981} INFO - Setting next_dagrun for example_bash_operator to 2022-09-09T00:00:00+00:00, run_after=2022-09-10T00:00:00+00:00
[2022-09-10T04:31:40.322+0000] {processor.py:161} INFO - Processing /home/airflow/.local/lib/python3.7/site-packages/airflow/example_dags/example_bash_operator.py took 0.097 seconds
[2022-09-10T04:32:10.501+0000] {processor.py:153} INFO - Started process (PID=1084) to work on /home/airflow/.local/lib/python3.7/site-packages/airflow/example_dags/example_bash_operator.py
[2022-09-10T04:32:10.502+0000] {processor.py:640} INFO - Processing file /home/airflow/.local/lib/python3.7/site-packages/airflow/example_dags/example_bash_operator.py for tasks to queue
[2022-09-10T04:32:10.502+0000] {logging_mixin.py:115} INFO - [2022-09-10T04:32:10.502+0000] {dagbag.py:508} INFO - Filling up the DagBag from /home/airflow/.local/lib/python3.7/site-packages/airflow/example_dags/example_bash_operator.py
[2022-09-10T04:32:10.512+0000] {processor.py:650} INFO - DAG(s) dict_keys(['example_bash_operator']) retrieved from /home/airflow/.local/lib/python3.7/site-packages/airflow/example_dags/example_bash_operator.py
[2022-09-10T04:32:10.542+0000] {logging_mixin.py:115} INFO - [2022-09-10T04:32:10.542+0000] {dag.py:2429} INFO - Sync 1 DAGs
[2022-09-10T04:32:10.563+0000] {logging_mixin.py:115} INFO - [2022-09-10T04:32:10.563+0000] {dag.py:2981} INFO - Setting next_dagrun for example_bash_operator to 2022-09-10T00:00:00+00:00, run_after=2022-09-11T00:00:00+00:00
[2022-09-10T04:32:10.578+0000] {processor.py:161} INFO - Processing /home/airflow/.local/lib/python3.7/site-packages/airflow/example_dags/example_bash_operator.py took 0.080 seconds
[2022-09-10T04:32:41.580+0000] {processor.py:153} INFO - Started process (PID=1281) to work on /home/airflow/.local/lib/python3.7/site-packages/airflow/example_dags/example_bash_operator.py
[2022-09-10T04:32:41.581+0000] {processor.py:640} INFO - Processing file /home/airflow/.local/lib/python3.7/site-packages/airflow/example_dags/example_bash_operator.py for tasks to queue
[2022-09-10T04:32:41.581+0000] {logging_mixin.py:115} INFO - [2022-09-10T04:32:41.581+0000] {dagbag.py:508} INFO - Filling up the DagBag from /home/airflow/.local/lib/python3.7/site-packages/airflow/example_dags/example_bash_operator.py
[2022-09-10T04:32:41.599+0000] {processor.py:650} INFO - DAG(s) dict_keys(['example_bash_operator']) retrieved from /home/airflow/.local/lib/python3.7/site-packages/airflow/example_dags/example_bash_operator.py
[2022-09-10T04:32:41.649+0000] {logging_mixin.py:115} INFO - [2022-09-10T04:32:41.649+0000] {dag.py:2429} INFO - Sync 1 DAGs
[2022-09-10T04:32:41.683+0000] {logging_mixin.py:115} INFO - [2022-09-10T04:32:41.683+0000] {dag.py:2981} INFO - Setting next_dagrun for example_bash_operator to 2022-09-10T00:00:00+00:00, run_after=2022-09-11T00:00:00+00:00
[2022-09-10T04:32:41.708+0000] {processor.py:161} INFO - Processing /home/airflow/.local/lib/python3.7/site-packages/airflow/example_dags/example_bash_operator.py took 0.131 seconds
