[2022-09-10T04:17:50.589+0000] {processor.py:153} INFO - Started process (PID=267) to work on /home/airflow/.local/lib/python3.7/site-packages/airflow/example_dags/example_branch_day_of_week_operator.py
[2022-09-10T04:17:50.590+0000] {processor.py:640} INFO - Processing file /home/airflow/.local/lib/python3.7/site-packages/airflow/example_dags/example_branch_day_of_week_operator.py for tasks to queue
[2022-09-10T04:17:50.590+0000] {logging_mixin.py:115} INFO - [2022-09-10T04:17:50.590+0000] {dagbag.py:508} INFO - Filling up the DagBag from /home/airflow/.local/lib/python3.7/site-packages/airflow/example_dags/example_branch_day_of_week_operator.py
[2022-09-10T04:17:50.597+0000] {processor.py:650} INFO - DAG(s) dict_keys(['example_weekday_branch_operator']) retrieved from /home/airflow/.local/lib/python3.7/site-packages/airflow/example_dags/example_branch_day_of_week_operator.py
[2022-09-10T04:17:50.687+0000] {logging_mixin.py:115} INFO - [2022-09-10T04:17:50.686+0000] {manager.py:508} INFO - Created Permission View: can delete on DAG:example_weekday_branch_operator
[2022-09-10T04:17:50.701+0000] {logging_mixin.py:115} INFO - [2022-09-10T04:17:50.700+0000] {manager.py:508} INFO - Created Permission View: can read on DAG:example_weekday_branch_operator
[2022-09-10T04:17:50.713+0000] {logging_mixin.py:115} INFO - [2022-09-10T04:17:50.713+0000] {manager.py:508} INFO - Created Permission View: can edit on DAG:example_weekday_branch_operator
[2022-09-10T04:17:50.713+0000] {logging_mixin.py:115} INFO - [2022-09-10T04:17:50.713+0000] {dag.py:2429} INFO - Sync 1 DAGs
[2022-09-10T04:17:50.721+0000] {logging_mixin.py:115} INFO - [2022-09-10T04:17:50.721+0000] {dag.py:2448} INFO - Creating ORM DAG for example_weekday_branch_operator
[2022-09-10T04:17:50.734+0000] {logging_mixin.py:115} INFO - [2022-09-10T04:17:50.734+0000] {dag.py:2981} INFO - Setting next_dagrun for example_weekday_branch_operator to 2022-09-09T00:00:00+00:00, run_after=2022-09-10T00:00:00+00:00
[2022-09-10T04:17:50.754+0000] {processor.py:161} INFO - Processing /home/airflow/.local/lib/python3.7/site-packages/airflow/example_dags/example_branch_day_of_week_operator.py took 0.166 seconds
[2022-09-10T04:18:21.143+0000] {processor.py:153} INFO - Started process (PID=456) to work on /home/airflow/.local/lib/python3.7/site-packages/airflow/example_dags/example_branch_day_of_week_operator.py
[2022-09-10T04:18:21.144+0000] {processor.py:640} INFO - Processing file /home/airflow/.local/lib/python3.7/site-packages/airflow/example_dags/example_branch_day_of_week_operator.py for tasks to queue
[2022-09-10T04:18:21.144+0000] {logging_mixin.py:115} INFO - [2022-09-10T04:18:21.144+0000] {dagbag.py:508} INFO - Filling up the DagBag from /home/airflow/.local/lib/python3.7/site-packages/airflow/example_dags/example_branch_day_of_week_operator.py
[2022-09-10T04:18:21.151+0000] {processor.py:650} INFO - DAG(s) dict_keys(['example_weekday_branch_operator']) retrieved from /home/airflow/.local/lib/python3.7/site-packages/airflow/example_dags/example_branch_day_of_week_operator.py
[2022-09-10T04:18:21.173+0000] {logging_mixin.py:115} INFO - [2022-09-10T04:18:21.173+0000] {dag.py:2429} INFO - Sync 1 DAGs
[2022-09-10T04:18:21.198+0000] {logging_mixin.py:115} INFO - [2022-09-10T04:18:21.197+0000] {dag.py:2981} INFO - Setting next_dagrun for example_weekday_branch_operator to 2022-09-09T00:00:00+00:00, run_after=2022-09-10T00:00:00+00:00
[2022-09-10T04:18:21.213+0000] {processor.py:161} INFO - Processing /home/airflow/.local/lib/python3.7/site-packages/airflow/example_dags/example_branch_day_of_week_operator.py took 0.072 seconds
[2022-09-10T04:18:51.344+0000] {processor.py:153} INFO - Started process (PID=653) to work on /home/airflow/.local/lib/python3.7/site-packages/airflow/example_dags/example_branch_day_of_week_operator.py
[2022-09-10T04:18:51.345+0000] {processor.py:640} INFO - Processing file /home/airflow/.local/lib/python3.7/site-packages/airflow/example_dags/example_branch_day_of_week_operator.py for tasks to queue
[2022-09-10T04:18:51.345+0000] {logging_mixin.py:115} INFO - [2022-09-10T04:18:51.345+0000] {dagbag.py:508} INFO - Filling up the DagBag from /home/airflow/.local/lib/python3.7/site-packages/airflow/example_dags/example_branch_day_of_week_operator.py
[2022-09-10T04:18:51.352+0000] {processor.py:650} INFO - DAG(s) dict_keys(['example_weekday_branch_operator']) retrieved from /home/airflow/.local/lib/python3.7/site-packages/airflow/example_dags/example_branch_day_of_week_operator.py
[2022-09-10T04:18:51.371+0000] {logging_mixin.py:115} INFO - [2022-09-10T04:18:51.371+0000] {dag.py:2429} INFO - Sync 1 DAGs
[2022-09-10T04:18:51.395+0000] {logging_mixin.py:115} INFO - [2022-09-10T04:18:51.395+0000] {dag.py:2981} INFO - Setting next_dagrun for example_weekday_branch_operator to 2022-09-09T00:00:00+00:00, run_after=2022-09-10T00:00:00+00:00
[2022-09-10T04:18:51.409+0000] {processor.py:161} INFO - Processing /home/airflow/.local/lib/python3.7/site-packages/airflow/example_dags/example_branch_day_of_week_operator.py took 0.067 seconds
[2022-09-10T04:19:21.648+0000] {processor.py:153} INFO - Started process (PID=850) to work on /home/airflow/.local/lib/python3.7/site-packages/airflow/example_dags/example_branch_day_of_week_operator.py
[2022-09-10T04:19:21.649+0000] {processor.py:640} INFO - Processing file /home/airflow/.local/lib/python3.7/site-packages/airflow/example_dags/example_branch_day_of_week_operator.py for tasks to queue
[2022-09-10T04:19:21.649+0000] {logging_mixin.py:115} INFO - [2022-09-10T04:19:21.649+0000] {dagbag.py:508} INFO - Filling up the DagBag from /home/airflow/.local/lib/python3.7/site-packages/airflow/example_dags/example_branch_day_of_week_operator.py
[2022-09-10T04:19:21.657+0000] {processor.py:650} INFO - DAG(s) dict_keys(['example_weekday_branch_operator']) retrieved from /home/airflow/.local/lib/python3.7/site-packages/airflow/example_dags/example_branch_day_of_week_operator.py
[2022-09-10T04:19:21.679+0000] {logging_mixin.py:115} INFO - [2022-09-10T04:19:21.679+0000] {dag.py:2429} INFO - Sync 1 DAGs
[2022-09-10T04:19:21.706+0000] {logging_mixin.py:115} INFO - [2022-09-10T04:19:21.706+0000] {dag.py:2981} INFO - Setting next_dagrun for example_weekday_branch_operator to 2022-09-09T00:00:00+00:00, run_after=2022-09-10T00:00:00+00:00
[2022-09-10T04:19:21.723+0000] {processor.py:161} INFO - Processing /home/airflow/.local/lib/python3.7/site-packages/airflow/example_dags/example_branch_day_of_week_operator.py took 0.077 seconds
[2022-09-10T04:19:51.801+0000] {processor.py:153} INFO - Started process (PID=1038) to work on /home/airflow/.local/lib/python3.7/site-packages/airflow/example_dags/example_branch_day_of_week_operator.py
[2022-09-10T04:19:51.802+0000] {processor.py:640} INFO - Processing file /home/airflow/.local/lib/python3.7/site-packages/airflow/example_dags/example_branch_day_of_week_operator.py for tasks to queue
[2022-09-10T04:19:51.803+0000] {logging_mixin.py:115} INFO - [2022-09-10T04:19:51.802+0000] {dagbag.py:508} INFO - Filling up the DagBag from /home/airflow/.local/lib/python3.7/site-packages/airflow/example_dags/example_branch_day_of_week_operator.py
[2022-09-10T04:19:51.809+0000] {processor.py:650} INFO - DAG(s) dict_keys(['example_weekday_branch_operator']) retrieved from /home/airflow/.local/lib/python3.7/site-packages/airflow/example_dags/example_branch_day_of_week_operator.py
[2022-09-10T04:19:51.830+0000] {logging_mixin.py:115} INFO - [2022-09-10T04:19:51.830+0000] {dag.py:2429} INFO - Sync 1 DAGs
[2022-09-10T04:19:51.855+0000] {logging_mixin.py:115} INFO - [2022-09-10T04:19:51.855+0000] {dag.py:2981} INFO - Setting next_dagrun for example_weekday_branch_operator to 2022-09-09T00:00:00+00:00, run_after=2022-09-10T00:00:00+00:00
[2022-09-10T04:19:51.870+0000] {processor.py:161} INFO - Processing /home/airflow/.local/lib/python3.7/site-packages/airflow/example_dags/example_branch_day_of_week_operator.py took 0.072 seconds
[2022-09-10T04:20:21.989+0000] {processor.py:153} INFO - Started process (PID=1235) to work on /home/airflow/.local/lib/python3.7/site-packages/airflow/example_dags/example_branch_day_of_week_operator.py
[2022-09-10T04:20:21.990+0000] {processor.py:640} INFO - Processing file /home/airflow/.local/lib/python3.7/site-packages/airflow/example_dags/example_branch_day_of_week_operator.py for tasks to queue
[2022-09-10T04:20:21.991+0000] {logging_mixin.py:115} INFO - [2022-09-10T04:20:21.990+0000] {dagbag.py:508} INFO - Filling up the DagBag from /home/airflow/.local/lib/python3.7/site-packages/airflow/example_dags/example_branch_day_of_week_operator.py
[2022-09-10T04:20:21.997+0000] {processor.py:650} INFO - DAG(s) dict_keys(['example_weekday_branch_operator']) retrieved from /home/airflow/.local/lib/python3.7/site-packages/airflow/example_dags/example_branch_day_of_week_operator.py
[2022-09-10T04:20:22.019+0000] {logging_mixin.py:115} INFO - [2022-09-10T04:20:22.019+0000] {dag.py:2429} INFO - Sync 1 DAGs
[2022-09-10T04:20:22.042+0000] {logging_mixin.py:115} INFO - [2022-09-10T04:20:22.042+0000] {dag.py:2981} INFO - Setting next_dagrun for example_weekday_branch_operator to 2022-09-09T00:00:00+00:00, run_after=2022-09-10T00:00:00+00:00
[2022-09-10T04:20:22.056+0000] {processor.py:161} INFO - Processing /home/airflow/.local/lib/python3.7/site-packages/airflow/example_dags/example_branch_day_of_week_operator.py took 0.068 seconds
[2022-09-10T04:26:39.323+0000] {processor.py:153} INFO - Started process (PID=257) to work on /home/airflow/.local/lib/python3.7/site-packages/airflow/example_dags/example_branch_day_of_week_operator.py
[2022-09-10T04:26:39.324+0000] {processor.py:640} INFO - Processing file /home/airflow/.local/lib/python3.7/site-packages/airflow/example_dags/example_branch_day_of_week_operator.py for tasks to queue
[2022-09-10T04:26:39.324+0000] {logging_mixin.py:115} INFO - [2022-09-10T04:26:39.324+0000] {dagbag.py:508} INFO - Filling up the DagBag from /home/airflow/.local/lib/python3.7/site-packages/airflow/example_dags/example_branch_day_of_week_operator.py
[2022-09-10T04:26:39.331+0000] {processor.py:650} INFO - DAG(s) dict_keys(['example_weekday_branch_operator']) retrieved from /home/airflow/.local/lib/python3.7/site-packages/airflow/example_dags/example_branch_day_of_week_operator.py
[2022-09-10T04:26:39.355+0000] {logging_mixin.py:115} INFO - [2022-09-10T04:26:39.355+0000] {dag.py:2429} INFO - Sync 1 DAGs
[2022-09-10T04:26:39.387+0000] {logging_mixin.py:115} INFO - [2022-09-10T04:26:39.387+0000] {dag.py:2981} INFO - Setting next_dagrun for example_weekday_branch_operator to 2022-09-09T00:00:00+00:00, run_after=2022-09-10T00:00:00+00:00
[2022-09-10T04:26:39.402+0000] {processor.py:161} INFO - Processing /home/airflow/.local/lib/python3.7/site-packages/airflow/example_dags/example_branch_day_of_week_operator.py took 0.082 seconds
[2022-09-10T04:27:09.509+0000] {processor.py:153} INFO - Started process (PID=455) to work on /home/airflow/.local/lib/python3.7/site-packages/airflow/example_dags/example_branch_day_of_week_operator.py
[2022-09-10T04:27:09.510+0000] {processor.py:640} INFO - Processing file /home/airflow/.local/lib/python3.7/site-packages/airflow/example_dags/example_branch_day_of_week_operator.py for tasks to queue
[2022-09-10T04:27:09.511+0000] {logging_mixin.py:115} INFO - [2022-09-10T04:27:09.511+0000] {dagbag.py:508} INFO - Filling up the DagBag from /home/airflow/.local/lib/python3.7/site-packages/airflow/example_dags/example_branch_day_of_week_operator.py
[2022-09-10T04:27:09.516+0000] {processor.py:650} INFO - DAG(s) dict_keys(['example_weekday_branch_operator']) retrieved from /home/airflow/.local/lib/python3.7/site-packages/airflow/example_dags/example_branch_day_of_week_operator.py
[2022-09-10T04:27:09.538+0000] {logging_mixin.py:115} INFO - [2022-09-10T04:27:09.538+0000] {dag.py:2429} INFO - Sync 1 DAGs
[2022-09-10T04:27:09.557+0000] {logging_mixin.py:115} INFO - [2022-09-10T04:27:09.557+0000] {dag.py:2981} INFO - Setting next_dagrun for example_weekday_branch_operator to 2022-09-09T00:00:00+00:00, run_after=2022-09-10T00:00:00+00:00
[2022-09-10T04:27:09.572+0000] {processor.py:161} INFO - Processing /home/airflow/.local/lib/python3.7/site-packages/airflow/example_dags/example_branch_day_of_week_operator.py took 0.065 seconds
[2022-09-10T04:27:40.545+0000] {processor.py:153} INFO - Started process (PID=652) to work on /home/airflow/.local/lib/python3.7/site-packages/airflow/example_dags/example_branch_day_of_week_operator.py
[2022-09-10T04:27:40.546+0000] {processor.py:640} INFO - Processing file /home/airflow/.local/lib/python3.7/site-packages/airflow/example_dags/example_branch_day_of_week_operator.py for tasks to queue
[2022-09-10T04:27:40.546+0000] {logging_mixin.py:115} INFO - [2022-09-10T04:27:40.546+0000] {dagbag.py:508} INFO - Filling up the DagBag from /home/airflow/.local/lib/python3.7/site-packages/airflow/example_dags/example_branch_day_of_week_operator.py
[2022-09-10T04:27:40.553+0000] {processor.py:650} INFO - DAG(s) dict_keys(['example_weekday_branch_operator']) retrieved from /home/airflow/.local/lib/python3.7/site-packages/airflow/example_dags/example_branch_day_of_week_operator.py
[2022-09-10T04:27:40.579+0000] {logging_mixin.py:115} INFO - [2022-09-10T04:27:40.578+0000] {dag.py:2429} INFO - Sync 1 DAGs
[2022-09-10T04:27:40.605+0000] {logging_mixin.py:115} INFO - [2022-09-10T04:27:40.605+0000] {dag.py:2981} INFO - Setting next_dagrun for example_weekday_branch_operator to 2022-09-09T00:00:00+00:00, run_after=2022-09-10T00:00:00+00:00
[2022-09-10T04:27:40.621+0000] {processor.py:161} INFO - Processing /home/airflow/.local/lib/python3.7/site-packages/airflow/example_dags/example_branch_day_of_week_operator.py took 0.079 seconds
[2022-09-10T04:28:11.326+0000] {processor.py:153} INFO - Started process (PID=840) to work on /home/airflow/.local/lib/python3.7/site-packages/airflow/example_dags/example_branch_day_of_week_operator.py
[2022-09-10T04:28:11.327+0000] {processor.py:640} INFO - Processing file /home/airflow/.local/lib/python3.7/site-packages/airflow/example_dags/example_branch_day_of_week_operator.py for tasks to queue
[2022-09-10T04:28:11.327+0000] {logging_mixin.py:115} INFO - [2022-09-10T04:28:11.327+0000] {dagbag.py:508} INFO - Filling up the DagBag from /home/airflow/.local/lib/python3.7/site-packages/airflow/example_dags/example_branch_day_of_week_operator.py
[2022-09-10T04:28:11.333+0000] {processor.py:650} INFO - DAG(s) dict_keys(['example_weekday_branch_operator']) retrieved from /home/airflow/.local/lib/python3.7/site-packages/airflow/example_dags/example_branch_day_of_week_operator.py
[2022-09-10T04:28:11.355+0000] {logging_mixin.py:115} INFO - [2022-09-10T04:28:11.355+0000] {dag.py:2429} INFO - Sync 1 DAGs
[2022-09-10T04:28:11.374+0000] {logging_mixin.py:115} INFO - [2022-09-10T04:28:11.374+0000] {dag.py:2981} INFO - Setting next_dagrun for example_weekday_branch_operator to 2022-09-09T00:00:00+00:00, run_after=2022-09-10T00:00:00+00:00
[2022-09-10T04:28:11.388+0000] {processor.py:161} INFO - Processing /home/airflow/.local/lib/python3.7/site-packages/airflow/example_dags/example_branch_day_of_week_operator.py took 0.064 seconds
[2022-09-10T04:28:42.214+0000] {processor.py:153} INFO - Started process (PID=1038) to work on /home/airflow/.local/lib/python3.7/site-packages/airflow/example_dags/example_branch_day_of_week_operator.py
[2022-09-10T04:28:42.215+0000] {processor.py:640} INFO - Processing file /home/airflow/.local/lib/python3.7/site-packages/airflow/example_dags/example_branch_day_of_week_operator.py for tasks to queue
[2022-09-10T04:28:42.215+0000] {logging_mixin.py:115} INFO - [2022-09-10T04:28:42.215+0000] {dagbag.py:508} INFO - Filling up the DagBag from /home/airflow/.local/lib/python3.7/site-packages/airflow/example_dags/example_branch_day_of_week_operator.py
[2022-09-10T04:28:42.221+0000] {processor.py:650} INFO - DAG(s) dict_keys(['example_weekday_branch_operator']) retrieved from /home/airflow/.local/lib/python3.7/site-packages/airflow/example_dags/example_branch_day_of_week_operator.py
[2022-09-10T04:28:42.244+0000] {logging_mixin.py:115} INFO - [2022-09-10T04:28:42.244+0000] {dag.py:2429} INFO - Sync 1 DAGs
[2022-09-10T04:28:42.265+0000] {logging_mixin.py:115} INFO - [2022-09-10T04:28:42.265+0000] {dag.py:2981} INFO - Setting next_dagrun for example_weekday_branch_operator to 2022-09-09T00:00:00+00:00, run_after=2022-09-10T00:00:00+00:00
[2022-09-10T04:28:42.281+0000] {processor.py:161} INFO - Processing /home/airflow/.local/lib/python3.7/site-packages/airflow/example_dags/example_branch_day_of_week_operator.py took 0.069 seconds
[2022-09-10T04:30:06.516+0000] {processor.py:153} INFO - Started process (PID=257) to work on /home/airflow/.local/lib/python3.7/site-packages/airflow/example_dags/example_branch_day_of_week_operator.py
[2022-09-10T04:30:06.517+0000] {processor.py:640} INFO - Processing file /home/airflow/.local/lib/python3.7/site-packages/airflow/example_dags/example_branch_day_of_week_operator.py for tasks to queue
[2022-09-10T04:30:06.517+0000] {logging_mixin.py:115} INFO - [2022-09-10T04:30:06.517+0000] {dagbag.py:508} INFO - Filling up the DagBag from /home/airflow/.local/lib/python3.7/site-packages/airflow/example_dags/example_branch_day_of_week_operator.py
[2022-09-10T04:30:06.524+0000] {processor.py:650} INFO - DAG(s) dict_keys(['example_weekday_branch_operator']) retrieved from /home/airflow/.local/lib/python3.7/site-packages/airflow/example_dags/example_branch_day_of_week_operator.py
[2022-09-10T04:30:06.548+0000] {logging_mixin.py:115} INFO - [2022-09-10T04:30:06.547+0000] {dag.py:2429} INFO - Sync 1 DAGs
[2022-09-10T04:30:06.570+0000] {logging_mixin.py:115} INFO - [2022-09-10T04:30:06.570+0000] {dag.py:2981} INFO - Setting next_dagrun for example_weekday_branch_operator to 2022-09-09T00:00:00+00:00, run_after=2022-09-10T00:00:00+00:00
[2022-09-10T04:30:06.582+0000] {processor.py:161} INFO - Processing /home/airflow/.local/lib/python3.7/site-packages/airflow/example_dags/example_branch_day_of_week_operator.py took 0.069 seconds
[2022-09-10T04:30:37.489+0000] {processor.py:153} INFO - Started process (PID=454) to work on /home/airflow/.local/lib/python3.7/site-packages/airflow/example_dags/example_branch_day_of_week_operator.py
[2022-09-10T04:30:37.490+0000] {processor.py:640} INFO - Processing file /home/airflow/.local/lib/python3.7/site-packages/airflow/example_dags/example_branch_day_of_week_operator.py for tasks to queue
[2022-09-10T04:30:37.491+0000] {logging_mixin.py:115} INFO - [2022-09-10T04:30:37.490+0000] {dagbag.py:508} INFO - Filling up the DagBag from /home/airflow/.local/lib/python3.7/site-packages/airflow/example_dags/example_branch_day_of_week_operator.py
[2022-09-10T04:30:37.497+0000] {processor.py:650} INFO - DAG(s) dict_keys(['example_weekday_branch_operator']) retrieved from /home/airflow/.local/lib/python3.7/site-packages/airflow/example_dags/example_branch_day_of_week_operator.py
[2022-09-10T04:30:37.521+0000] {logging_mixin.py:115} INFO - [2022-09-10T04:30:37.521+0000] {dag.py:2429} INFO - Sync 1 DAGs
[2022-09-10T04:30:37.545+0000] {logging_mixin.py:115} INFO - [2022-09-10T04:30:37.545+0000] {dag.py:2981} INFO - Setting next_dagrun for example_weekday_branch_operator to 2022-09-09T00:00:00+00:00, run_after=2022-09-10T00:00:00+00:00
[2022-09-10T04:30:37.562+0000] {processor.py:161} INFO - Processing /home/airflow/.local/lib/python3.7/site-packages/airflow/example_dags/example_branch_day_of_week_operator.py took 0.075 seconds
[2022-09-10T04:31:08.622+0000] {processor.py:153} INFO - Started process (PID=651) to work on /home/airflow/.local/lib/python3.7/site-packages/airflow/example_dags/example_branch_day_of_week_operator.py
[2022-09-10T04:31:08.623+0000] {processor.py:640} INFO - Processing file /home/airflow/.local/lib/python3.7/site-packages/airflow/example_dags/example_branch_day_of_week_operator.py for tasks to queue
[2022-09-10T04:31:08.624+0000] {logging_mixin.py:115} INFO - [2022-09-10T04:31:08.624+0000] {dagbag.py:508} INFO - Filling up the DagBag from /home/airflow/.local/lib/python3.7/site-packages/airflow/example_dags/example_branch_day_of_week_operator.py
[2022-09-10T04:31:08.632+0000] {processor.py:650} INFO - DAG(s) dict_keys(['example_weekday_branch_operator']) retrieved from /home/airflow/.local/lib/python3.7/site-packages/airflow/example_dags/example_branch_day_of_week_operator.py
[2022-09-10T04:31:08.667+0000] {logging_mixin.py:115} INFO - [2022-09-10T04:31:08.666+0000] {dag.py:2429} INFO - Sync 1 DAGs
[2022-09-10T04:31:08.705+0000] {logging_mixin.py:115} INFO - [2022-09-10T04:31:08.705+0000] {dag.py:2981} INFO - Setting next_dagrun for example_weekday_branch_operator to 2022-09-09T00:00:00+00:00, run_after=2022-09-10T00:00:00+00:00
[2022-09-10T04:31:08.727+0000] {processor.py:161} INFO - Processing /home/airflow/.local/lib/python3.7/site-packages/airflow/example_dags/example_branch_day_of_week_operator.py took 0.108 seconds
[2022-09-10T04:31:38.793+0000] {processor.py:153} INFO - Started process (PID=839) to work on /home/airflow/.local/lib/python3.7/site-packages/airflow/example_dags/example_branch_day_of_week_operator.py
[2022-09-10T04:31:38.793+0000] {processor.py:640} INFO - Processing file /home/airflow/.local/lib/python3.7/site-packages/airflow/example_dags/example_branch_day_of_week_operator.py for tasks to queue
[2022-09-10T04:31:38.794+0000] {logging_mixin.py:115} INFO - [2022-09-10T04:31:38.793+0000] {dagbag.py:508} INFO - Filling up the DagBag from /home/airflow/.local/lib/python3.7/site-packages/airflow/example_dags/example_branch_day_of_week_operator.py
[2022-09-10T04:31:38.802+0000] {processor.py:650} INFO - DAG(s) dict_keys(['example_weekday_branch_operator']) retrieved from /home/airflow/.local/lib/python3.7/site-packages/airflow/example_dags/example_branch_day_of_week_operator.py
[2022-09-10T04:31:38.829+0000] {logging_mixin.py:115} INFO - [2022-09-10T04:31:38.829+0000] {dag.py:2429} INFO - Sync 1 DAGs
[2022-09-10T04:31:38.852+0000] {logging_mixin.py:115} INFO - [2022-09-10T04:31:38.851+0000] {dag.py:2981} INFO - Setting next_dagrun for example_weekday_branch_operator to 2022-09-09T00:00:00+00:00, run_after=2022-09-10T00:00:00+00:00
[2022-09-10T04:31:38.868+0000] {processor.py:161} INFO - Processing /home/airflow/.local/lib/python3.7/site-packages/airflow/example_dags/example_branch_day_of_week_operator.py took 0.079 seconds
[2022-09-10T04:32:09.109+0000] {processor.py:153} INFO - Started process (PID=1054) to work on /home/airflow/.local/lib/python3.7/site-packages/airflow/example_dags/example_branch_day_of_week_operator.py
[2022-09-10T04:32:09.110+0000] {processor.py:640} INFO - Processing file /home/airflow/.local/lib/python3.7/site-packages/airflow/example_dags/example_branch_day_of_week_operator.py for tasks to queue
[2022-09-10T04:32:09.110+0000] {logging_mixin.py:115} INFO - [2022-09-10T04:32:09.110+0000] {dagbag.py:508} INFO - Filling up the DagBag from /home/airflow/.local/lib/python3.7/site-packages/airflow/example_dags/example_branch_day_of_week_operator.py
[2022-09-10T04:32:09.116+0000] {processor.py:650} INFO - DAG(s) dict_keys(['example_weekday_branch_operator']) retrieved from /home/airflow/.local/lib/python3.7/site-packages/airflow/example_dags/example_branch_day_of_week_operator.py
[2022-09-10T04:32:09.140+0000] {logging_mixin.py:115} INFO - [2022-09-10T04:32:09.140+0000] {dag.py:2429} INFO - Sync 1 DAGs
[2022-09-10T04:32:09.162+0000] {logging_mixin.py:115} INFO - [2022-09-10T04:32:09.162+0000] {dag.py:2981} INFO - Setting next_dagrun for example_weekday_branch_operator to 2022-09-09T00:00:00+00:00, run_after=2022-09-10T00:00:00+00:00
[2022-09-10T04:32:09.177+0000] {processor.py:161} INFO - Processing /home/airflow/.local/lib/python3.7/site-packages/airflow/example_dags/example_branch_day_of_week_operator.py took 0.070 seconds
[2022-09-10T04:32:40.063+0000] {processor.py:153} INFO - Started process (PID=1242) to work on /home/airflow/.local/lib/python3.7/site-packages/airflow/example_dags/example_branch_day_of_week_operator.py
[2022-09-10T04:32:40.064+0000] {processor.py:640} INFO - Processing file /home/airflow/.local/lib/python3.7/site-packages/airflow/example_dags/example_branch_day_of_week_operator.py for tasks to queue
[2022-09-10T04:32:40.064+0000] {logging_mixin.py:115} INFO - [2022-09-10T04:32:40.064+0000] {dagbag.py:508} INFO - Filling up the DagBag from /home/airflow/.local/lib/python3.7/site-packages/airflow/example_dags/example_branch_day_of_week_operator.py
[2022-09-10T04:32:40.071+0000] {processor.py:650} INFO - DAG(s) dict_keys(['example_weekday_branch_operator']) retrieved from /home/airflow/.local/lib/python3.7/site-packages/airflow/example_dags/example_branch_day_of_week_operator.py
[2022-09-10T04:32:40.097+0000] {logging_mixin.py:115} INFO - [2022-09-10T04:32:40.096+0000] {dag.py:2429} INFO - Sync 1 DAGs
[2022-09-10T04:32:40.118+0000] {logging_mixin.py:115} INFO - [2022-09-10T04:32:40.118+0000] {dag.py:2981} INFO - Setting next_dagrun for example_weekday_branch_operator to 2022-09-09T00:00:00+00:00, run_after=2022-09-10T00:00:00+00:00
[2022-09-10T04:32:40.138+0000] {processor.py:161} INFO - Processing /home/airflow/.local/lib/python3.7/site-packages/airflow/example_dags/example_branch_day_of_week_operator.py took 0.078 seconds
