[2022-09-10T04:17:50.658+0000] {processor.py:153} INFO - Started process (PID=272) to work on /home/airflow/.local/lib/python3.7/site-packages/airflow/example_dags/example_branch_python_dop_operator_3.py
[2022-09-10T04:17:50.659+0000] {processor.py:640} INFO - Processing file /home/airflow/.local/lib/python3.7/site-packages/airflow/example_dags/example_branch_python_dop_operator_3.py for tasks to queue
[2022-09-10T04:17:50.659+0000] {logging_mixin.py:115} INFO - [2022-09-10T04:17:50.659+0000] {dagbag.py:508} INFO - Filling up the DagBag from /home/airflow/.local/lib/python3.7/site-packages/airflow/example_dags/example_branch_python_dop_operator_3.py
[2022-09-10T04:17:50.669+0000] {processor.py:650} INFO - DAG(s) dict_keys(['example_branch_dop_operator_v3']) retrieved from /home/airflow/.local/lib/python3.7/site-packages/airflow/example_dags/example_branch_python_dop_operator_3.py
[2022-09-10T04:17:50.753+0000] {logging_mixin.py:115} INFO - [2022-09-10T04:17:50.753+0000] {manager.py:508} INFO - Created Permission View: can delete on DAG:example_branch_dop_operator_v3
[2022-09-10T04:17:50.769+0000] {logging_mixin.py:115} INFO - [2022-09-10T04:17:50.769+0000] {manager.py:508} INFO - Created Permission View: can read on DAG:example_branch_dop_operator_v3
[2022-09-10T04:17:50.780+0000] {logging_mixin.py:115} INFO - [2022-09-10T04:17:50.780+0000] {manager.py:508} INFO - Created Permission View: can edit on DAG:example_branch_dop_operator_v3
[2022-09-10T04:17:50.780+0000] {logging_mixin.py:115} INFO - [2022-09-10T04:17:50.780+0000] {dag.py:2429} INFO - Sync 1 DAGs
[2022-09-10T04:17:50.791+0000] {logging_mixin.py:115} INFO - [2022-09-10T04:17:50.791+0000] {dag.py:2448} INFO - Creating ORM DAG for example_branch_dop_operator_v3
[2022-09-10T04:17:50.809+0000] {logging_mixin.py:115} INFO - [2022-09-10T04:17:50.809+0000] {dag.py:2981} INFO - Setting next_dagrun for example_branch_dop_operator_v3 to 2022-09-10T04:16:00+00:00, run_after=2022-09-10T04:17:00+00:00
[2022-09-10T04:17:50.828+0000] {processor.py:161} INFO - Processing /home/airflow/.local/lib/python3.7/site-packages/airflow/example_dags/example_branch_python_dop_operator_3.py took 0.173 seconds
[2022-09-10T04:18:21.192+0000] {processor.py:153} INFO - Started process (PID=461) to work on /home/airflow/.local/lib/python3.7/site-packages/airflow/example_dags/example_branch_python_dop_operator_3.py
[2022-09-10T04:18:21.193+0000] {processor.py:640} INFO - Processing file /home/airflow/.local/lib/python3.7/site-packages/airflow/example_dags/example_branch_python_dop_operator_3.py for tasks to queue
[2022-09-10T04:18:21.194+0000] {logging_mixin.py:115} INFO - [2022-09-10T04:18:21.194+0000] {dagbag.py:508} INFO - Filling up the DagBag from /home/airflow/.local/lib/python3.7/site-packages/airflow/example_dags/example_branch_python_dop_operator_3.py
[2022-09-10T04:18:21.202+0000] {processor.py:650} INFO - DAG(s) dict_keys(['example_branch_dop_operator_v3']) retrieved from /home/airflow/.local/lib/python3.7/site-packages/airflow/example_dags/example_branch_python_dop_operator_3.py
[2022-09-10T04:18:21.223+0000] {logging_mixin.py:115} INFO - [2022-09-10T04:18:21.223+0000] {dag.py:2429} INFO - Sync 1 DAGs
[2022-09-10T04:18:21.248+0000] {logging_mixin.py:115} INFO - [2022-09-10T04:18:21.248+0000] {dag.py:2981} INFO - Setting next_dagrun for example_branch_dop_operator_v3 to 2022-09-10T04:17:00+00:00, run_after=2022-09-10T04:18:00+00:00
[2022-09-10T04:18:21.264+0000] {processor.py:161} INFO - Processing /home/airflow/.local/lib/python3.7/site-packages/airflow/example_dags/example_branch_python_dop_operator_3.py took 0.074 seconds
[2022-09-10T04:18:51.396+0000] {processor.py:153} INFO - Started process (PID=658) to work on /home/airflow/.local/lib/python3.7/site-packages/airflow/example_dags/example_branch_python_dop_operator_3.py
[2022-09-10T04:18:51.397+0000] {processor.py:640} INFO - Processing file /home/airflow/.local/lib/python3.7/site-packages/airflow/example_dags/example_branch_python_dop_operator_3.py for tasks to queue
[2022-09-10T04:18:51.398+0000] {logging_mixin.py:115} INFO - [2022-09-10T04:18:51.398+0000] {dagbag.py:508} INFO - Filling up the DagBag from /home/airflow/.local/lib/python3.7/site-packages/airflow/example_dags/example_branch_python_dop_operator_3.py
[2022-09-10T04:18:51.405+0000] {processor.py:650} INFO - DAG(s) dict_keys(['example_branch_dop_operator_v3']) retrieved from /home/airflow/.local/lib/python3.7/site-packages/airflow/example_dags/example_branch_python_dop_operator_3.py
[2022-09-10T04:18:51.425+0000] {logging_mixin.py:115} INFO - [2022-09-10T04:18:51.425+0000] {dag.py:2429} INFO - Sync 1 DAGs
[2022-09-10T04:18:51.451+0000] {logging_mixin.py:115} INFO - [2022-09-10T04:18:51.451+0000] {dag.py:2981} INFO - Setting next_dagrun for example_branch_dop_operator_v3 to 2022-09-10T04:17:00+00:00, run_after=2022-09-10T04:18:00+00:00
[2022-09-10T04:18:51.465+0000] {processor.py:161} INFO - Processing /home/airflow/.local/lib/python3.7/site-packages/airflow/example_dags/example_branch_python_dop_operator_3.py took 0.071 seconds
[2022-09-10T04:19:21.706+0000] {processor.py:153} INFO - Started process (PID=855) to work on /home/airflow/.local/lib/python3.7/site-packages/airflow/example_dags/example_branch_python_dop_operator_3.py
[2022-09-10T04:19:21.707+0000] {processor.py:640} INFO - Processing file /home/airflow/.local/lib/python3.7/site-packages/airflow/example_dags/example_branch_python_dop_operator_3.py for tasks to queue
[2022-09-10T04:19:21.707+0000] {logging_mixin.py:115} INFO - [2022-09-10T04:19:21.707+0000] {dagbag.py:508} INFO - Filling up the DagBag from /home/airflow/.local/lib/python3.7/site-packages/airflow/example_dags/example_branch_python_dop_operator_3.py
[2022-09-10T04:19:21.714+0000] {processor.py:650} INFO - DAG(s) dict_keys(['example_branch_dop_operator_v3']) retrieved from /home/airflow/.local/lib/python3.7/site-packages/airflow/example_dags/example_branch_python_dop_operator_3.py
[2022-09-10T04:19:21.738+0000] {logging_mixin.py:115} INFO - [2022-09-10T04:19:21.738+0000] {dag.py:2429} INFO - Sync 1 DAGs
[2022-09-10T04:19:21.773+0000] {logging_mixin.py:115} INFO - [2022-09-10T04:19:21.773+0000] {dag.py:2981} INFO - Setting next_dagrun for example_branch_dop_operator_v3 to 2022-09-10T04:18:00+00:00, run_after=2022-09-10T04:19:00+00:00
[2022-09-10T04:19:21.792+0000] {processor.py:161} INFO - Processing /home/airflow/.local/lib/python3.7/site-packages/airflow/example_dags/example_branch_python_dop_operator_3.py took 0.087 seconds
[2022-09-10T04:19:51.843+0000] {processor.py:153} INFO - Started process (PID=1043) to work on /home/airflow/.local/lib/python3.7/site-packages/airflow/example_dags/example_branch_python_dop_operator_3.py
[2022-09-10T04:19:51.844+0000] {processor.py:640} INFO - Processing file /home/airflow/.local/lib/python3.7/site-packages/airflow/example_dags/example_branch_python_dop_operator_3.py for tasks to queue
[2022-09-10T04:19:51.845+0000] {logging_mixin.py:115} INFO - [2022-09-10T04:19:51.844+0000] {dagbag.py:508} INFO - Filling up the DagBag from /home/airflow/.local/lib/python3.7/site-packages/airflow/example_dags/example_branch_python_dop_operator_3.py
[2022-09-10T04:19:51.854+0000] {processor.py:650} INFO - DAG(s) dict_keys(['example_branch_dop_operator_v3']) retrieved from /home/airflow/.local/lib/python3.7/site-packages/airflow/example_dags/example_branch_python_dop_operator_3.py
[2022-09-10T04:19:51.874+0000] {logging_mixin.py:115} INFO - [2022-09-10T04:19:51.874+0000] {dag.py:2429} INFO - Sync 1 DAGs
[2022-09-10T04:19:51.902+0000] {logging_mixin.py:115} INFO - [2022-09-10T04:19:51.902+0000] {dag.py:2981} INFO - Setting next_dagrun for example_branch_dop_operator_v3 to 2022-09-10T04:18:00+00:00, run_after=2022-09-10T04:19:00+00:00
[2022-09-10T04:19:51.918+0000] {processor.py:161} INFO - Processing /home/airflow/.local/lib/python3.7/site-packages/airflow/example_dags/example_branch_python_dop_operator_3.py took 0.077 seconds
[2022-09-10T04:20:22.071+0000] {processor.py:153} INFO - Started process (PID=1240) to work on /home/airflow/.local/lib/python3.7/site-packages/airflow/example_dags/example_branch_python_dop_operator_3.py
[2022-09-10T04:20:22.072+0000] {processor.py:640} INFO - Processing file /home/airflow/.local/lib/python3.7/site-packages/airflow/example_dags/example_branch_python_dop_operator_3.py for tasks to queue
[2022-09-10T04:20:22.073+0000] {logging_mixin.py:115} INFO - [2022-09-10T04:20:22.073+0000] {dagbag.py:508} INFO - Filling up the DagBag from /home/airflow/.local/lib/python3.7/site-packages/airflow/example_dags/example_branch_python_dop_operator_3.py
[2022-09-10T04:20:22.079+0000] {processor.py:650} INFO - DAG(s) dict_keys(['example_branch_dop_operator_v3']) retrieved from /home/airflow/.local/lib/python3.7/site-packages/airflow/example_dags/example_branch_python_dop_operator_3.py
[2022-09-10T04:20:22.101+0000] {logging_mixin.py:115} INFO - [2022-09-10T04:20:22.100+0000] {dag.py:2429} INFO - Sync 1 DAGs
[2022-09-10T04:20:22.128+0000] {logging_mixin.py:115} INFO - [2022-09-10T04:20:22.128+0000] {dag.py:2981} INFO - Setting next_dagrun for example_branch_dop_operator_v3 to 2022-09-10T04:19:00+00:00, run_after=2022-09-10T04:20:00+00:00
[2022-09-10T04:20:22.142+0000] {processor.py:161} INFO - Processing /home/airflow/.local/lib/python3.7/site-packages/airflow/example_dags/example_branch_python_dop_operator_3.py took 0.073 seconds
[2022-09-10T04:26:39.459+0000] {processor.py:153} INFO - Started process (PID=262) to work on /home/airflow/.local/lib/python3.7/site-packages/airflow/example_dags/example_branch_python_dop_operator_3.py
[2022-09-10T04:26:39.460+0000] {processor.py:640} INFO - Processing file /home/airflow/.local/lib/python3.7/site-packages/airflow/example_dags/example_branch_python_dop_operator_3.py for tasks to queue
[2022-09-10T04:26:39.461+0000] {logging_mixin.py:115} INFO - [2022-09-10T04:26:39.461+0000] {dagbag.py:508} INFO - Filling up the DagBag from /home/airflow/.local/lib/python3.7/site-packages/airflow/example_dags/example_branch_python_dop_operator_3.py
[2022-09-10T04:26:39.470+0000] {processor.py:650} INFO - DAG(s) dict_keys(['example_branch_dop_operator_v3']) retrieved from /home/airflow/.local/lib/python3.7/site-packages/airflow/example_dags/example_branch_python_dop_operator_3.py
[2022-09-10T04:26:39.500+0000] {logging_mixin.py:115} INFO - [2022-09-10T04:26:39.499+0000] {dag.py:2429} INFO - Sync 1 DAGs
[2022-09-10T04:26:39.532+0000] {logging_mixin.py:115} INFO - [2022-09-10T04:26:39.532+0000] {dag.py:2981} INFO - Setting next_dagrun for example_branch_dop_operator_v3 to 2022-09-10T04:25:00+00:00, run_after=2022-09-10T04:26:00+00:00
[2022-09-10T04:26:39.548+0000] {processor.py:161} INFO - Processing /home/airflow/.local/lib/python3.7/site-packages/airflow/example_dags/example_branch_python_dop_operator_3.py took 0.091 seconds
[2022-09-10T04:27:09.590+0000] {processor.py:153} INFO - Started process (PID=460) to work on /home/airflow/.local/lib/python3.7/site-packages/airflow/example_dags/example_branch_python_dop_operator_3.py
[2022-09-10T04:27:09.591+0000] {processor.py:640} INFO - Processing file /home/airflow/.local/lib/python3.7/site-packages/airflow/example_dags/example_branch_python_dop_operator_3.py for tasks to queue
[2022-09-10T04:27:09.592+0000] {logging_mixin.py:115} INFO - [2022-09-10T04:27:09.592+0000] {dagbag.py:508} INFO - Filling up the DagBag from /home/airflow/.local/lib/python3.7/site-packages/airflow/example_dags/example_branch_python_dop_operator_3.py
[2022-09-10T04:27:09.601+0000] {processor.py:650} INFO - DAG(s) dict_keys(['example_branch_dop_operator_v3']) retrieved from /home/airflow/.local/lib/python3.7/site-packages/airflow/example_dags/example_branch_python_dop_operator_3.py
[2022-09-10T04:27:09.624+0000] {logging_mixin.py:115} INFO - [2022-09-10T04:27:09.624+0000] {dag.py:2429} INFO - Sync 1 DAGs
[2022-09-10T04:27:09.649+0000] {logging_mixin.py:115} INFO - [2022-09-10T04:27:09.649+0000] {dag.py:2981} INFO - Setting next_dagrun for example_branch_dop_operator_v3 to 2022-09-10T04:26:00+00:00, run_after=2022-09-10T04:27:00+00:00
[2022-09-10T04:27:09.664+0000] {processor.py:161} INFO - Processing /home/airflow/.local/lib/python3.7/site-packages/airflow/example_dags/example_branch_python_dop_operator_3.py took 0.076 seconds
[2022-09-10T04:27:40.594+0000] {processor.py:153} INFO - Started process (PID=657) to work on /home/airflow/.local/lib/python3.7/site-packages/airflow/example_dags/example_branch_python_dop_operator_3.py
[2022-09-10T04:27:40.595+0000] {processor.py:640} INFO - Processing file /home/airflow/.local/lib/python3.7/site-packages/airflow/example_dags/example_branch_python_dop_operator_3.py for tasks to queue
[2022-09-10T04:27:40.596+0000] {logging_mixin.py:115} INFO - [2022-09-10T04:27:40.595+0000] {dagbag.py:508} INFO - Filling up the DagBag from /home/airflow/.local/lib/python3.7/site-packages/airflow/example_dags/example_branch_python_dop_operator_3.py
[2022-09-10T04:27:40.604+0000] {processor.py:650} INFO - DAG(s) dict_keys(['example_branch_dop_operator_v3']) retrieved from /home/airflow/.local/lib/python3.7/site-packages/airflow/example_dags/example_branch_python_dop_operator_3.py
[2022-09-10T04:27:40.630+0000] {logging_mixin.py:115} INFO - [2022-09-10T04:27:40.630+0000] {dag.py:2429} INFO - Sync 1 DAGs
[2022-09-10T04:27:40.660+0000] {logging_mixin.py:115} INFO - [2022-09-10T04:27:40.660+0000] {dag.py:2981} INFO - Setting next_dagrun for example_branch_dop_operator_v3 to 2022-09-10T04:26:00+00:00, run_after=2022-09-10T04:27:00+00:00
[2022-09-10T04:27:40.677+0000] {processor.py:161} INFO - Processing /home/airflow/.local/lib/python3.7/site-packages/airflow/example_dags/example_branch_python_dop_operator_3.py took 0.086 seconds
[2022-09-10T04:28:11.389+0000] {processor.py:153} INFO - Started process (PID=845) to work on /home/airflow/.local/lib/python3.7/site-packages/airflow/example_dags/example_branch_python_dop_operator_3.py
[2022-09-10T04:28:11.390+0000] {processor.py:640} INFO - Processing file /home/airflow/.local/lib/python3.7/site-packages/airflow/example_dags/example_branch_python_dop_operator_3.py for tasks to queue
[2022-09-10T04:28:11.390+0000] {logging_mixin.py:115} INFO - [2022-09-10T04:28:11.390+0000] {dagbag.py:508} INFO - Filling up the DagBag from /home/airflow/.local/lib/python3.7/site-packages/airflow/example_dags/example_branch_python_dop_operator_3.py
[2022-09-10T04:28:11.398+0000] {processor.py:650} INFO - DAG(s) dict_keys(['example_branch_dop_operator_v3']) retrieved from /home/airflow/.local/lib/python3.7/site-packages/airflow/example_dags/example_branch_python_dop_operator_3.py
[2022-09-10T04:28:11.424+0000] {logging_mixin.py:115} INFO - [2022-09-10T04:28:11.424+0000] {dag.py:2429} INFO - Sync 1 DAGs
[2022-09-10T04:28:11.445+0000] {logging_mixin.py:115} INFO - [2022-09-10T04:28:11.445+0000] {dag.py:2981} INFO - Setting next_dagrun for example_branch_dop_operator_v3 to 2022-09-10T04:27:00+00:00, run_after=2022-09-10T04:28:00+00:00
[2022-09-10T04:28:11.459+0000] {processor.py:161} INFO - Processing /home/airflow/.local/lib/python3.7/site-packages/airflow/example_dags/example_branch_python_dop_operator_3.py took 0.072 seconds
[2022-09-10T04:28:42.255+0000] {processor.py:153} INFO - Started process (PID=1043) to work on /home/airflow/.local/lib/python3.7/site-packages/airflow/example_dags/example_branch_python_dop_operator_3.py
[2022-09-10T04:28:42.256+0000] {processor.py:640} INFO - Processing file /home/airflow/.local/lib/python3.7/site-packages/airflow/example_dags/example_branch_python_dop_operator_3.py for tasks to queue
[2022-09-10T04:28:42.256+0000] {logging_mixin.py:115} INFO - [2022-09-10T04:28:42.256+0000] {dagbag.py:508} INFO - Filling up the DagBag from /home/airflow/.local/lib/python3.7/site-packages/airflow/example_dags/example_branch_python_dop_operator_3.py
[2022-09-10T04:28:42.264+0000] {processor.py:650} INFO - DAG(s) dict_keys(['example_branch_dop_operator_v3']) retrieved from /home/airflow/.local/lib/python3.7/site-packages/airflow/example_dags/example_branch_python_dop_operator_3.py
[2022-09-10T04:28:42.286+0000] {logging_mixin.py:115} INFO - [2022-09-10T04:28:42.286+0000] {dag.py:2429} INFO - Sync 1 DAGs
[2022-09-10T04:28:42.316+0000] {logging_mixin.py:115} INFO - [2022-09-10T04:28:42.316+0000] {dag.py:2981} INFO - Setting next_dagrun for example_branch_dop_operator_v3 to 2022-09-10T04:27:00+00:00, run_after=2022-09-10T04:28:00+00:00
[2022-09-10T04:28:42.334+0000] {processor.py:161} INFO - Processing /home/airflow/.local/lib/python3.7/site-packages/airflow/example_dags/example_branch_python_dop_operator_3.py took 0.081 seconds
[2022-09-10T04:30:06.561+0000] {processor.py:153} INFO - Started process (PID=262) to work on /home/airflow/.local/lib/python3.7/site-packages/airflow/example_dags/example_branch_python_dop_operator_3.py
[2022-09-10T04:30:06.562+0000] {processor.py:640} INFO - Processing file /home/airflow/.local/lib/python3.7/site-packages/airflow/example_dags/example_branch_python_dop_operator_3.py for tasks to queue
[2022-09-10T04:30:06.562+0000] {logging_mixin.py:115} INFO - [2022-09-10T04:30:06.562+0000] {dagbag.py:508} INFO - Filling up the DagBag from /home/airflow/.local/lib/python3.7/site-packages/airflow/example_dags/example_branch_python_dop_operator_3.py
[2022-09-10T04:30:06.572+0000] {processor.py:650} INFO - DAG(s) dict_keys(['example_branch_dop_operator_v3']) retrieved from /home/airflow/.local/lib/python3.7/site-packages/airflow/example_dags/example_branch_python_dop_operator_3.py
[2022-09-10T04:30:06.596+0000] {logging_mixin.py:115} INFO - [2022-09-10T04:30:06.596+0000] {dag.py:2429} INFO - Sync 1 DAGs
[2022-09-10T04:30:06.623+0000] {logging_mixin.py:115} INFO - [2022-09-10T04:30:06.623+0000] {dag.py:2981} INFO - Setting next_dagrun for example_branch_dop_operator_v3 to 2022-09-10T04:29:00+00:00, run_after=2022-09-10T04:30:00+00:00
[2022-09-10T04:30:06.636+0000] {processor.py:161} INFO - Processing /home/airflow/.local/lib/python3.7/site-packages/airflow/example_dags/example_branch_python_dop_operator_3.py took 0.077 seconds
[2022-09-10T04:30:37.581+0000] {processor.py:153} INFO - Started process (PID=459) to work on /home/airflow/.local/lib/python3.7/site-packages/airflow/example_dags/example_branch_python_dop_operator_3.py
[2022-09-10T04:30:37.585+0000] {processor.py:640} INFO - Processing file /home/airflow/.local/lib/python3.7/site-packages/airflow/example_dags/example_branch_python_dop_operator_3.py for tasks to queue
[2022-09-10T04:30:37.586+0000] {logging_mixin.py:115} INFO - [2022-09-10T04:30:37.586+0000] {dagbag.py:508} INFO - Filling up the DagBag from /home/airflow/.local/lib/python3.7/site-packages/airflow/example_dags/example_branch_python_dop_operator_3.py
[2022-09-10T04:30:37.596+0000] {processor.py:650} INFO - DAG(s) dict_keys(['example_branch_dop_operator_v3']) retrieved from /home/airflow/.local/lib/python3.7/site-packages/airflow/example_dags/example_branch_python_dop_operator_3.py
[2022-09-10T04:30:37.623+0000] {logging_mixin.py:115} INFO - [2022-09-10T04:30:37.622+0000] {dag.py:2429} INFO - Sync 1 DAGs
[2022-09-10T04:30:37.651+0000] {logging_mixin.py:115} INFO - [2022-09-10T04:30:37.651+0000] {dag.py:2981} INFO - Setting next_dagrun for example_branch_dop_operator_v3 to 2022-09-10T04:29:00+00:00, run_after=2022-09-10T04:30:00+00:00
[2022-09-10T04:30:37.665+0000] {processor.py:161} INFO - Processing /home/airflow/.local/lib/python3.7/site-packages/airflow/example_dags/example_branch_python_dop_operator_3.py took 0.087 seconds
[2022-09-10T04:31:08.691+0000] {processor.py:153} INFO - Started process (PID=656) to work on /home/airflow/.local/lib/python3.7/site-packages/airflow/example_dags/example_branch_python_dop_operator_3.py
[2022-09-10T04:31:08.694+0000] {processor.py:640} INFO - Processing file /home/airflow/.local/lib/python3.7/site-packages/airflow/example_dags/example_branch_python_dop_operator_3.py for tasks to queue
[2022-09-10T04:31:08.696+0000] {logging_mixin.py:115} INFO - [2022-09-10T04:31:08.696+0000] {dagbag.py:508} INFO - Filling up the DagBag from /home/airflow/.local/lib/python3.7/site-packages/airflow/example_dags/example_branch_python_dop_operator_3.py
[2022-09-10T04:31:08.708+0000] {processor.py:650} INFO - DAG(s) dict_keys(['example_branch_dop_operator_v3']) retrieved from /home/airflow/.local/lib/python3.7/site-packages/airflow/example_dags/example_branch_python_dop_operator_3.py
[2022-09-10T04:31:08.746+0000] {logging_mixin.py:115} INFO - [2022-09-10T04:31:08.746+0000] {dag.py:2429} INFO - Sync 1 DAGs
[2022-09-10T04:31:08.789+0000] {logging_mixin.py:115} INFO - [2022-09-10T04:31:08.789+0000] {dag.py:2981} INFO - Setting next_dagrun for example_branch_dop_operator_v3 to 2022-09-10T04:30:00+00:00, run_after=2022-09-10T04:31:00+00:00
[2022-09-10T04:31:08.810+0000] {processor.py:161} INFO - Processing /home/airflow/.local/lib/python3.7/site-packages/airflow/example_dags/example_branch_python_dop_operator_3.py took 0.124 seconds
[2022-09-10T04:31:38.873+0000] {processor.py:153} INFO - Started process (PID=844) to work on /home/airflow/.local/lib/python3.7/site-packages/airflow/example_dags/example_branch_python_dop_operator_3.py
[2022-09-10T04:31:38.873+0000] {processor.py:640} INFO - Processing file /home/airflow/.local/lib/python3.7/site-packages/airflow/example_dags/example_branch_python_dop_operator_3.py for tasks to queue
[2022-09-10T04:31:38.874+0000] {logging_mixin.py:115} INFO - [2022-09-10T04:31:38.874+0000] {dagbag.py:508} INFO - Filling up the DagBag from /home/airflow/.local/lib/python3.7/site-packages/airflow/example_dags/example_branch_python_dop_operator_3.py
[2022-09-10T04:31:38.882+0000] {processor.py:650} INFO - DAG(s) dict_keys(['example_branch_dop_operator_v3']) retrieved from /home/airflow/.local/lib/python3.7/site-packages/airflow/example_dags/example_branch_python_dop_operator_3.py
[2022-09-10T04:31:38.910+0000] {logging_mixin.py:115} INFO - [2022-09-10T04:31:38.910+0000] {dag.py:2429} INFO - Sync 1 DAGs
[2022-09-10T04:31:38.935+0000] {logging_mixin.py:115} INFO - [2022-09-10T04:31:38.934+0000] {dag.py:2981} INFO - Setting next_dagrun for example_branch_dop_operator_v3 to 2022-09-10T04:30:00+00:00, run_after=2022-09-10T04:31:00+00:00
[2022-09-10T04:31:38.950+0000] {processor.py:161} INFO - Processing /home/airflow/.local/lib/python3.7/site-packages/airflow/example_dags/example_branch_python_dop_operator_3.py took 0.080 seconds
[2022-09-10T04:32:09.182+0000] {processor.py:153} INFO - Started process (PID=1059) to work on /home/airflow/.local/lib/python3.7/site-packages/airflow/example_dags/example_branch_python_dop_operator_3.py
[2022-09-10T04:32:09.183+0000] {processor.py:640} INFO - Processing file /home/airflow/.local/lib/python3.7/site-packages/airflow/example_dags/example_branch_python_dop_operator_3.py for tasks to queue
[2022-09-10T04:32:09.184+0000] {logging_mixin.py:115} INFO - [2022-09-10T04:32:09.184+0000] {dagbag.py:508} INFO - Filling up the DagBag from /home/airflow/.local/lib/python3.7/site-packages/airflow/example_dags/example_branch_python_dop_operator_3.py
[2022-09-10T04:32:09.192+0000] {processor.py:650} INFO - DAG(s) dict_keys(['example_branch_dop_operator_v3']) retrieved from /home/airflow/.local/lib/python3.7/site-packages/airflow/example_dags/example_branch_python_dop_operator_3.py
[2022-09-10T04:32:09.218+0000] {logging_mixin.py:115} INFO - [2022-09-10T04:32:09.217+0000] {dag.py:2429} INFO - Sync 1 DAGs
[2022-09-10T04:32:09.242+0000] {logging_mixin.py:115} INFO - [2022-09-10T04:32:09.241+0000] {dag.py:2981} INFO - Setting next_dagrun for example_branch_dop_operator_v3 to 2022-09-10T04:31:00+00:00, run_after=2022-09-10T04:32:00+00:00
[2022-09-10T04:32:09.256+0000] {processor.py:161} INFO - Processing /home/airflow/.local/lib/python3.7/site-packages/airflow/example_dags/example_branch_python_dop_operator_3.py took 0.076 seconds
[2022-09-10T04:32:40.152+0000] {processor.py:153} INFO - Started process (PID=1249) to work on /home/airflow/.local/lib/python3.7/site-packages/airflow/example_dags/example_branch_python_dop_operator_3.py
[2022-09-10T04:32:40.153+0000] {processor.py:640} INFO - Processing file /home/airflow/.local/lib/python3.7/site-packages/airflow/example_dags/example_branch_python_dop_operator_3.py for tasks to queue
[2022-09-10T04:32:40.153+0000] {logging_mixin.py:115} INFO - [2022-09-10T04:32:40.153+0000] {dagbag.py:508} INFO - Filling up the DagBag from /home/airflow/.local/lib/python3.7/site-packages/airflow/example_dags/example_branch_python_dop_operator_3.py
[2022-09-10T04:32:40.161+0000] {processor.py:650} INFO - DAG(s) dict_keys(['example_branch_dop_operator_v3']) retrieved from /home/airflow/.local/lib/python3.7/site-packages/airflow/example_dags/example_branch_python_dop_operator_3.py
[2022-09-10T04:32:40.186+0000] {logging_mixin.py:115} INFO - [2022-09-10T04:32:40.186+0000] {dag.py:2429} INFO - Sync 1 DAGs
[2022-09-10T04:32:40.211+0000] {logging_mixin.py:115} INFO - [2022-09-10T04:32:40.211+0000] {dag.py:2981} INFO - Setting next_dagrun for example_branch_dop_operator_v3 to 2022-09-10T04:31:00+00:00, run_after=2022-09-10T04:32:00+00:00
[2022-09-10T04:32:40.230+0000] {processor.py:161} INFO - Processing /home/airflow/.local/lib/python3.7/site-packages/airflow/example_dags/example_branch_python_dop_operator_3.py took 0.079 seconds
