[2022-09-10T04:17:48.410+0000] {processor.py:153} INFO - Started process (PID=174) to work on /home/airflow/.local/lib/python3.7/site-packages/airflow/example_dags/example_nested_branch_dag.py
[2022-09-10T04:17:48.411+0000] {processor.py:640} INFO - Processing file /home/airflow/.local/lib/python3.7/site-packages/airflow/example_dags/example_nested_branch_dag.py for tasks to queue
[2022-09-10T04:17:48.412+0000] {logging_mixin.py:115} INFO - [2022-09-10T04:17:48.412+0000] {dagbag.py:508} INFO - Filling up the DagBag from /home/airflow/.local/lib/python3.7/site-packages/airflow/example_dags/example_nested_branch_dag.py
[2022-09-10T04:17:48.430+0000] {processor.py:650} INFO - DAG(s) dict_keys(['example_nested_branch_dag']) retrieved from /home/airflow/.local/lib/python3.7/site-packages/airflow/example_dags/example_nested_branch_dag.py
[2022-09-10T04:17:48.575+0000] {logging_mixin.py:115} INFO - [2022-09-10T04:17:48.575+0000] {manager.py:508} INFO - Created Permission View: can delete on DAG:example_nested_branch_dag
[2022-09-10T04:17:48.595+0000] {logging_mixin.py:115} INFO - [2022-09-10T04:17:48.595+0000] {manager.py:508} INFO - Created Permission View: can read on DAG:example_nested_branch_dag
[2022-09-10T04:17:48.606+0000] {logging_mixin.py:115} INFO - [2022-09-10T04:17:48.606+0000] {manager.py:508} INFO - Created Permission View: can edit on DAG:example_nested_branch_dag
[2022-09-10T04:17:48.606+0000] {logging_mixin.py:115} INFO - [2022-09-10T04:17:48.606+0000] {dag.py:2429} INFO - Sync 1 DAGs
[2022-09-10T04:17:48.616+0000] {logging_mixin.py:115} INFO - [2022-09-10T04:17:48.616+0000] {dag.py:2448} INFO - Creating ORM DAG for example_nested_branch_dag
[2022-09-10T04:17:48.634+0000] {logging_mixin.py:115} INFO - [2022-09-10T04:17:48.634+0000] {dag.py:2981} INFO - Setting next_dagrun for example_nested_branch_dag to 2022-09-09T00:00:00+00:00, run_after=2022-09-10T00:00:00+00:00
[2022-09-10T04:17:48.652+0000] {processor.py:161} INFO - Processing /home/airflow/.local/lib/python3.7/site-packages/airflow/example_dags/example_nested_branch_dag.py took 0.247 seconds
[2022-09-10T04:18:19.270+0000] {processor.py:153} INFO - Started process (PID=373) to work on /home/airflow/.local/lib/python3.7/site-packages/airflow/example_dags/example_nested_branch_dag.py
[2022-09-10T04:18:19.271+0000] {processor.py:640} INFO - Processing file /home/airflow/.local/lib/python3.7/site-packages/airflow/example_dags/example_nested_branch_dag.py for tasks to queue
[2022-09-10T04:18:19.272+0000] {logging_mixin.py:115} INFO - [2022-09-10T04:18:19.271+0000] {dagbag.py:508} INFO - Filling up the DagBag from /home/airflow/.local/lib/python3.7/site-packages/airflow/example_dags/example_nested_branch_dag.py
[2022-09-10T04:18:19.278+0000] {processor.py:650} INFO - DAG(s) dict_keys(['example_nested_branch_dag']) retrieved from /home/airflow/.local/lib/python3.7/site-packages/airflow/example_dags/example_nested_branch_dag.py
[2022-09-10T04:18:19.300+0000] {logging_mixin.py:115} INFO - [2022-09-10T04:18:19.300+0000] {dag.py:2429} INFO - Sync 1 DAGs
[2022-09-10T04:18:19.322+0000] {logging_mixin.py:115} INFO - [2022-09-10T04:18:19.322+0000] {dag.py:2981} INFO - Setting next_dagrun for example_nested_branch_dag to 2022-09-09T00:00:00+00:00, run_after=2022-09-10T00:00:00+00:00
[2022-09-10T04:18:19.337+0000] {processor.py:161} INFO - Processing /home/airflow/.local/lib/python3.7/site-packages/airflow/example_dags/example_nested_branch_dag.py took 0.069 seconds
[2022-09-10T04:18:49.439+0000] {processor.py:153} INFO - Started process (PID=570) to work on /home/airflow/.local/lib/python3.7/site-packages/airflow/example_dags/example_nested_branch_dag.py
[2022-09-10T04:18:49.441+0000] {processor.py:640} INFO - Processing file /home/airflow/.local/lib/python3.7/site-packages/airflow/example_dags/example_nested_branch_dag.py for tasks to queue
[2022-09-10T04:18:49.441+0000] {logging_mixin.py:115} INFO - [2022-09-10T04:18:49.441+0000] {dagbag.py:508} INFO - Filling up the DagBag from /home/airflow/.local/lib/python3.7/site-packages/airflow/example_dags/example_nested_branch_dag.py
[2022-09-10T04:18:49.451+0000] {processor.py:650} INFO - DAG(s) dict_keys(['example_nested_branch_dag']) retrieved from /home/airflow/.local/lib/python3.7/site-packages/airflow/example_dags/example_nested_branch_dag.py
[2022-09-10T04:18:49.483+0000] {logging_mixin.py:115} INFO - [2022-09-10T04:18:49.483+0000] {dag.py:2429} INFO - Sync 1 DAGs
[2022-09-10T04:18:49.509+0000] {logging_mixin.py:115} INFO - [2022-09-10T04:18:49.509+0000] {dag.py:2981} INFO - Setting next_dagrun for example_nested_branch_dag to 2022-09-09T00:00:00+00:00, run_after=2022-09-10T00:00:00+00:00
[2022-09-10T04:18:49.527+0000] {processor.py:161} INFO - Processing /home/airflow/.local/lib/python3.7/site-packages/airflow/example_dags/example_nested_branch_dag.py took 0.090 seconds
[2022-09-10T04:19:19.564+0000] {processor.py:153} INFO - Started process (PID=758) to work on /home/airflow/.local/lib/python3.7/site-packages/airflow/example_dags/example_nested_branch_dag.py
[2022-09-10T04:19:19.566+0000] {processor.py:640} INFO - Processing file /home/airflow/.local/lib/python3.7/site-packages/airflow/example_dags/example_nested_branch_dag.py for tasks to queue
[2022-09-10T04:19:19.566+0000] {logging_mixin.py:115} INFO - [2022-09-10T04:19:19.566+0000] {dagbag.py:508} INFO - Filling up the DagBag from /home/airflow/.local/lib/python3.7/site-packages/airflow/example_dags/example_nested_branch_dag.py
[2022-09-10T04:19:19.574+0000] {processor.py:650} INFO - DAG(s) dict_keys(['example_nested_branch_dag']) retrieved from /home/airflow/.local/lib/python3.7/site-packages/airflow/example_dags/example_nested_branch_dag.py
[2022-09-10T04:19:19.597+0000] {logging_mixin.py:115} INFO - [2022-09-10T04:19:19.596+0000] {dag.py:2429} INFO - Sync 1 DAGs
[2022-09-10T04:19:19.623+0000] {logging_mixin.py:115} INFO - [2022-09-10T04:19:19.623+0000] {dag.py:2981} INFO - Setting next_dagrun for example_nested_branch_dag to 2022-09-09T00:00:00+00:00, run_after=2022-09-10T00:00:00+00:00
[2022-09-10T04:19:19.638+0000] {processor.py:161} INFO - Processing /home/airflow/.local/lib/python3.7/site-packages/airflow/example_dags/example_nested_branch_dag.py took 0.077 seconds
[2022-09-10T04:19:49.830+0000] {processor.py:153} INFO - Started process (PID=955) to work on /home/airflow/.local/lib/python3.7/site-packages/airflow/example_dags/example_nested_branch_dag.py
[2022-09-10T04:19:49.831+0000] {processor.py:640} INFO - Processing file /home/airflow/.local/lib/python3.7/site-packages/airflow/example_dags/example_nested_branch_dag.py for tasks to queue
[2022-09-10T04:19:49.832+0000] {logging_mixin.py:115} INFO - [2022-09-10T04:19:49.832+0000] {dagbag.py:508} INFO - Filling up the DagBag from /home/airflow/.local/lib/python3.7/site-packages/airflow/example_dags/example_nested_branch_dag.py
[2022-09-10T04:19:49.845+0000] {processor.py:650} INFO - DAG(s) dict_keys(['example_nested_branch_dag']) retrieved from /home/airflow/.local/lib/python3.7/site-packages/airflow/example_dags/example_nested_branch_dag.py
[2022-09-10T04:19:49.871+0000] {logging_mixin.py:115} INFO - [2022-09-10T04:19:49.871+0000] {dag.py:2429} INFO - Sync 1 DAGs
[2022-09-10T04:19:49.894+0000] {logging_mixin.py:115} INFO - [2022-09-10T04:19:49.894+0000] {dag.py:2981} INFO - Setting next_dagrun for example_nested_branch_dag to 2022-09-09T00:00:00+00:00, run_after=2022-09-10T00:00:00+00:00
[2022-09-10T04:19:49.908+0000] {processor.py:161} INFO - Processing /home/airflow/.local/lib/python3.7/site-packages/airflow/example_dags/example_nested_branch_dag.py took 0.081 seconds
[2022-09-10T04:20:20.066+0000] {processor.py:153} INFO - Started process (PID=1152) to work on /home/airflow/.local/lib/python3.7/site-packages/airflow/example_dags/example_nested_branch_dag.py
[2022-09-10T04:20:20.068+0000] {processor.py:640} INFO - Processing file /home/airflow/.local/lib/python3.7/site-packages/airflow/example_dags/example_nested_branch_dag.py for tasks to queue
[2022-09-10T04:20:20.069+0000] {logging_mixin.py:115} INFO - [2022-09-10T04:20:20.068+0000] {dagbag.py:508} INFO - Filling up the DagBag from /home/airflow/.local/lib/python3.7/site-packages/airflow/example_dags/example_nested_branch_dag.py
[2022-09-10T04:20:20.079+0000] {processor.py:650} INFO - DAG(s) dict_keys(['example_nested_branch_dag']) retrieved from /home/airflow/.local/lib/python3.7/site-packages/airflow/example_dags/example_nested_branch_dag.py
[2022-09-10T04:20:20.108+0000] {logging_mixin.py:115} INFO - [2022-09-10T04:20:20.108+0000] {dag.py:2429} INFO - Sync 1 DAGs
[2022-09-10T04:20:20.140+0000] {logging_mixin.py:115} INFO - [2022-09-10T04:20:20.140+0000] {dag.py:2981} INFO - Setting next_dagrun for example_nested_branch_dag to 2022-09-09T00:00:00+00:00, run_after=2022-09-10T00:00:00+00:00
[2022-09-10T04:20:20.160+0000] {processor.py:161} INFO - Processing /home/airflow/.local/lib/python3.7/site-packages/airflow/example_dags/example_nested_branch_dag.py took 0.097 seconds
[2022-09-10T04:26:38.107+0000] {processor.py:153} INFO - Started process (PID=173) to work on /home/airflow/.local/lib/python3.7/site-packages/airflow/example_dags/example_nested_branch_dag.py
[2022-09-10T04:26:38.108+0000] {processor.py:640} INFO - Processing file /home/airflow/.local/lib/python3.7/site-packages/airflow/example_dags/example_nested_branch_dag.py for tasks to queue
[2022-09-10T04:26:38.109+0000] {logging_mixin.py:115} INFO - [2022-09-10T04:26:38.109+0000] {dagbag.py:508} INFO - Filling up the DagBag from /home/airflow/.local/lib/python3.7/site-packages/airflow/example_dags/example_nested_branch_dag.py
[2022-09-10T04:26:38.124+0000] {processor.py:650} INFO - DAG(s) dict_keys(['example_nested_branch_dag']) retrieved from /home/airflow/.local/lib/python3.7/site-packages/airflow/example_dags/example_nested_branch_dag.py
[2022-09-10T04:26:38.160+0000] {logging_mixin.py:115} INFO - [2022-09-10T04:26:38.160+0000] {dag.py:2429} INFO - Sync 1 DAGs
[2022-09-10T04:26:38.190+0000] {logging_mixin.py:115} INFO - [2022-09-10T04:26:38.190+0000] {dag.py:2981} INFO - Setting next_dagrun for example_nested_branch_dag to 2022-09-09T00:00:00+00:00, run_after=2022-09-10T00:00:00+00:00
[2022-09-10T04:26:38.208+0000] {processor.py:161} INFO - Processing /home/airflow/.local/lib/python3.7/site-packages/airflow/example_dags/example_nested_branch_dag.py took 0.106 seconds
[2022-09-10T04:27:08.563+0000] {processor.py:153} INFO - Started process (PID=372) to work on /home/airflow/.local/lib/python3.7/site-packages/airflow/example_dags/example_nested_branch_dag.py
[2022-09-10T04:27:08.565+0000] {processor.py:640} INFO - Processing file /home/airflow/.local/lib/python3.7/site-packages/airflow/example_dags/example_nested_branch_dag.py for tasks to queue
[2022-09-10T04:27:08.565+0000] {logging_mixin.py:115} INFO - [2022-09-10T04:27:08.565+0000] {dagbag.py:508} INFO - Filling up the DagBag from /home/airflow/.local/lib/python3.7/site-packages/airflow/example_dags/example_nested_branch_dag.py
[2022-09-10T04:27:08.576+0000] {processor.py:650} INFO - DAG(s) dict_keys(['example_nested_branch_dag']) retrieved from /home/airflow/.local/lib/python3.7/site-packages/airflow/example_dags/example_nested_branch_dag.py
[2022-09-10T04:27:08.605+0000] {logging_mixin.py:115} INFO - [2022-09-10T04:27:08.605+0000] {dag.py:2429} INFO - Sync 1 DAGs
[2022-09-10T04:27:08.631+0000] {logging_mixin.py:115} INFO - [2022-09-10T04:27:08.631+0000] {dag.py:2981} INFO - Setting next_dagrun for example_nested_branch_dag to 2022-09-09T00:00:00+00:00, run_after=2022-09-10T00:00:00+00:00
[2022-09-10T04:27:08.646+0000] {processor.py:161} INFO - Processing /home/airflow/.local/lib/python3.7/site-packages/airflow/example_dags/example_nested_branch_dag.py took 0.084 seconds
[2022-09-10T04:27:39.586+0000] {processor.py:153} INFO - Started process (PID=560) to work on /home/airflow/.local/lib/python3.7/site-packages/airflow/example_dags/example_nested_branch_dag.py
[2022-09-10T04:27:39.587+0000] {processor.py:640} INFO - Processing file /home/airflow/.local/lib/python3.7/site-packages/airflow/example_dags/example_nested_branch_dag.py for tasks to queue
[2022-09-10T04:27:39.587+0000] {logging_mixin.py:115} INFO - [2022-09-10T04:27:39.587+0000] {dagbag.py:508} INFO - Filling up the DagBag from /home/airflow/.local/lib/python3.7/site-packages/airflow/example_dags/example_nested_branch_dag.py
[2022-09-10T04:27:39.598+0000] {processor.py:650} INFO - DAG(s) dict_keys(['example_nested_branch_dag']) retrieved from /home/airflow/.local/lib/python3.7/site-packages/airflow/example_dags/example_nested_branch_dag.py
[2022-09-10T04:27:39.636+0000] {logging_mixin.py:115} INFO - [2022-09-10T04:27:39.635+0000] {dag.py:2429} INFO - Sync 1 DAGs
[2022-09-10T04:27:39.660+0000] {logging_mixin.py:115} INFO - [2022-09-10T04:27:39.659+0000] {dag.py:2981} INFO - Setting next_dagrun for example_nested_branch_dag to 2022-09-09T00:00:00+00:00, run_after=2022-09-10T00:00:00+00:00
[2022-09-10T04:27:39.674+0000] {processor.py:161} INFO - Processing /home/airflow/.local/lib/python3.7/site-packages/airflow/example_dags/example_nested_branch_dag.py took 0.093 seconds
[2022-09-10T04:28:10.497+0000] {processor.py:153} INFO - Started process (PID=757) to work on /home/airflow/.local/lib/python3.7/site-packages/airflow/example_dags/example_nested_branch_dag.py
[2022-09-10T04:28:10.499+0000] {processor.py:640} INFO - Processing file /home/airflow/.local/lib/python3.7/site-packages/airflow/example_dags/example_nested_branch_dag.py for tasks to queue
[2022-09-10T04:28:10.499+0000] {logging_mixin.py:115} INFO - [2022-09-10T04:28:10.499+0000] {dagbag.py:508} INFO - Filling up the DagBag from /home/airflow/.local/lib/python3.7/site-packages/airflow/example_dags/example_nested_branch_dag.py
[2022-09-10T04:28:10.507+0000] {processor.py:650} INFO - DAG(s) dict_keys(['example_nested_branch_dag']) retrieved from /home/airflow/.local/lib/python3.7/site-packages/airflow/example_dags/example_nested_branch_dag.py
[2022-09-10T04:28:10.533+0000] {logging_mixin.py:115} INFO - [2022-09-10T04:28:10.532+0000] {dag.py:2429} INFO - Sync 1 DAGs
[2022-09-10T04:28:10.552+0000] {logging_mixin.py:115} INFO - [2022-09-10T04:28:10.551+0000] {dag.py:2981} INFO - Setting next_dagrun for example_nested_branch_dag to 2022-09-09T00:00:00+00:00, run_after=2022-09-10T00:00:00+00:00
[2022-09-10T04:28:10.565+0000] {processor.py:161} INFO - Processing /home/airflow/.local/lib/python3.7/site-packages/airflow/example_dags/example_nested_branch_dag.py took 0.071 seconds
[2022-09-10T04:28:41.261+0000] {processor.py:153} INFO - Started process (PID=955) to work on /home/airflow/.local/lib/python3.7/site-packages/airflow/example_dags/example_nested_branch_dag.py
[2022-09-10T04:28:41.262+0000] {processor.py:640} INFO - Processing file /home/airflow/.local/lib/python3.7/site-packages/airflow/example_dags/example_nested_branch_dag.py for tasks to queue
[2022-09-10T04:28:41.263+0000] {logging_mixin.py:115} INFO - [2022-09-10T04:28:41.263+0000] {dagbag.py:508} INFO - Filling up the DagBag from /home/airflow/.local/lib/python3.7/site-packages/airflow/example_dags/example_nested_branch_dag.py
[2022-09-10T04:28:41.274+0000] {processor.py:650} INFO - DAG(s) dict_keys(['example_nested_branch_dag']) retrieved from /home/airflow/.local/lib/python3.7/site-packages/airflow/example_dags/example_nested_branch_dag.py
[2022-09-10T04:28:41.301+0000] {logging_mixin.py:115} INFO - [2022-09-10T04:28:41.300+0000] {dag.py:2429} INFO - Sync 1 DAGs
[2022-09-10T04:28:41.321+0000] {logging_mixin.py:115} INFO - [2022-09-10T04:28:41.320+0000] {dag.py:2981} INFO - Setting next_dagrun for example_nested_branch_dag to 2022-09-09T00:00:00+00:00, run_after=2022-09-10T00:00:00+00:00
[2022-09-10T04:28:41.339+0000] {processor.py:161} INFO - Processing /home/airflow/.local/lib/python3.7/site-packages/airflow/example_dags/example_nested_branch_dag.py took 0.080 seconds
[2022-09-10T04:30:05.599+0000] {processor.py:153} INFO - Started process (PID=173) to work on /home/airflow/.local/lib/python3.7/site-packages/airflow/example_dags/example_nested_branch_dag.py
[2022-09-10T04:30:05.600+0000] {processor.py:640} INFO - Processing file /home/airflow/.local/lib/python3.7/site-packages/airflow/example_dags/example_nested_branch_dag.py for tasks to queue
[2022-09-10T04:30:05.601+0000] {logging_mixin.py:115} INFO - [2022-09-10T04:30:05.601+0000] {dagbag.py:508} INFO - Filling up the DagBag from /home/airflow/.local/lib/python3.7/site-packages/airflow/example_dags/example_nested_branch_dag.py
[2022-09-10T04:30:05.615+0000] {processor.py:650} INFO - DAG(s) dict_keys(['example_nested_branch_dag']) retrieved from /home/airflow/.local/lib/python3.7/site-packages/airflow/example_dags/example_nested_branch_dag.py
[2022-09-10T04:30:05.644+0000] {logging_mixin.py:115} INFO - [2022-09-10T04:30:05.644+0000] {dag.py:2429} INFO - Sync 1 DAGs
[2022-09-10T04:30:05.665+0000] {logging_mixin.py:115} INFO - [2022-09-10T04:30:05.665+0000] {dag.py:2981} INFO - Setting next_dagrun for example_nested_branch_dag to 2022-09-09T00:00:00+00:00, run_after=2022-09-10T00:00:00+00:00
[2022-09-10T04:30:05.678+0000] {processor.py:161} INFO - Processing /home/airflow/.local/lib/python3.7/site-packages/airflow/example_dags/example_nested_branch_dag.py took 0.082 seconds
[2022-09-10T04:30:36.552+0000] {processor.py:153} INFO - Started process (PID=371) to work on /home/airflow/.local/lib/python3.7/site-packages/airflow/example_dags/example_nested_branch_dag.py
[2022-09-10T04:30:36.556+0000] {processor.py:640} INFO - Processing file /home/airflow/.local/lib/python3.7/site-packages/airflow/example_dags/example_nested_branch_dag.py for tasks to queue
[2022-09-10T04:30:36.557+0000] {logging_mixin.py:115} INFO - [2022-09-10T04:30:36.557+0000] {dagbag.py:508} INFO - Filling up the DagBag from /home/airflow/.local/lib/python3.7/site-packages/airflow/example_dags/example_nested_branch_dag.py
[2022-09-10T04:30:36.571+0000] {processor.py:650} INFO - DAG(s) dict_keys(['example_nested_branch_dag']) retrieved from /home/airflow/.local/lib/python3.7/site-packages/airflow/example_dags/example_nested_branch_dag.py
[2022-09-10T04:30:36.605+0000] {logging_mixin.py:115} INFO - [2022-09-10T04:30:36.604+0000] {dag.py:2429} INFO - Sync 1 DAGs
[2022-09-10T04:30:36.632+0000] {logging_mixin.py:115} INFO - [2022-09-10T04:30:36.631+0000] {dag.py:2981} INFO - Setting next_dagrun for example_nested_branch_dag to 2022-09-09T00:00:00+00:00, run_after=2022-09-10T00:00:00+00:00
[2022-09-10T04:30:36.648+0000] {processor.py:161} INFO - Processing /home/airflow/.local/lib/python3.7/site-packages/airflow/example_dags/example_nested_branch_dag.py took 0.100 seconds
[2022-09-10T04:31:07.477+0000] {processor.py:153} INFO - Started process (PID=568) to work on /home/airflow/.local/lib/python3.7/site-packages/airflow/example_dags/example_nested_branch_dag.py
[2022-09-10T04:31:07.477+0000] {processor.py:640} INFO - Processing file /home/airflow/.local/lib/python3.7/site-packages/airflow/example_dags/example_nested_branch_dag.py for tasks to queue
[2022-09-10T04:31:07.478+0000] {logging_mixin.py:115} INFO - [2022-09-10T04:31:07.478+0000] {dagbag.py:508} INFO - Filling up the DagBag from /home/airflow/.local/lib/python3.7/site-packages/airflow/example_dags/example_nested_branch_dag.py
[2022-09-10T04:31:07.489+0000] {processor.py:650} INFO - DAG(s) dict_keys(['example_nested_branch_dag']) retrieved from /home/airflow/.local/lib/python3.7/site-packages/airflow/example_dags/example_nested_branch_dag.py
[2022-09-10T04:31:07.519+0000] {logging_mixin.py:115} INFO - [2022-09-10T04:31:07.519+0000] {dag.py:2429} INFO - Sync 1 DAGs
[2022-09-10T04:31:07.547+0000] {logging_mixin.py:115} INFO - [2022-09-10T04:31:07.547+0000] {dag.py:2981} INFO - Setting next_dagrun for example_nested_branch_dag to 2022-09-09T00:00:00+00:00, run_after=2022-09-10T00:00:00+00:00
[2022-09-10T04:31:07.565+0000] {processor.py:161} INFO - Processing /home/airflow/.local/lib/python3.7/site-packages/airflow/example_dags/example_nested_branch_dag.py took 0.091 seconds
[2022-09-10T04:31:37.683+0000] {processor.py:153} INFO - Started process (PID=756) to work on /home/airflow/.local/lib/python3.7/site-packages/airflow/example_dags/example_nested_branch_dag.py
[2022-09-10T04:31:37.684+0000] {processor.py:640} INFO - Processing file /home/airflow/.local/lib/python3.7/site-packages/airflow/example_dags/example_nested_branch_dag.py for tasks to queue
[2022-09-10T04:31:37.685+0000] {logging_mixin.py:115} INFO - [2022-09-10T04:31:37.685+0000] {dagbag.py:508} INFO - Filling up the DagBag from /home/airflow/.local/lib/python3.7/site-packages/airflow/example_dags/example_nested_branch_dag.py
[2022-09-10T04:31:37.694+0000] {processor.py:650} INFO - DAG(s) dict_keys(['example_nested_branch_dag']) retrieved from /home/airflow/.local/lib/python3.7/site-packages/airflow/example_dags/example_nested_branch_dag.py
[2022-09-10T04:31:37.721+0000] {logging_mixin.py:115} INFO - [2022-09-10T04:31:37.721+0000] {dag.py:2429} INFO - Sync 1 DAGs
[2022-09-10T04:31:37.744+0000] {logging_mixin.py:115} INFO - [2022-09-10T04:31:37.744+0000] {dag.py:2981} INFO - Setting next_dagrun for example_nested_branch_dag to 2022-09-09T00:00:00+00:00, run_after=2022-09-10T00:00:00+00:00
[2022-09-10T04:31:37.764+0000] {processor.py:161} INFO - Processing /home/airflow/.local/lib/python3.7/site-packages/airflow/example_dags/example_nested_branch_dag.py took 0.083 seconds
[2022-09-10T04:32:07.967+0000] {processor.py:153} INFO - Started process (PID=971) to work on /home/airflow/.local/lib/python3.7/site-packages/airflow/example_dags/example_nested_branch_dag.py
[2022-09-10T04:32:07.967+0000] {processor.py:640} INFO - Processing file /home/airflow/.local/lib/python3.7/site-packages/airflow/example_dags/example_nested_branch_dag.py for tasks to queue
[2022-09-10T04:32:07.967+0000] {logging_mixin.py:115} INFO - [2022-09-10T04:32:07.967+0000] {dagbag.py:508} INFO - Filling up the DagBag from /home/airflow/.local/lib/python3.7/site-packages/airflow/example_dags/example_nested_branch_dag.py
[2022-09-10T04:32:07.977+0000] {processor.py:650} INFO - DAG(s) dict_keys(['example_nested_branch_dag']) retrieved from /home/airflow/.local/lib/python3.7/site-packages/airflow/example_dags/example_nested_branch_dag.py
[2022-09-10T04:32:08.006+0000] {logging_mixin.py:115} INFO - [2022-09-10T04:32:08.006+0000] {dag.py:2429} INFO - Sync 1 DAGs
[2022-09-10T04:32:08.031+0000] {logging_mixin.py:115} INFO - [2022-09-10T04:32:08.030+0000] {dag.py:2981} INFO - Setting next_dagrun for example_nested_branch_dag to 2022-09-09T00:00:00+00:00, run_after=2022-09-10T00:00:00+00:00
[2022-09-10T04:32:08.047+0000] {processor.py:161} INFO - Processing /home/airflow/.local/lib/python3.7/site-packages/airflow/example_dags/example_nested_branch_dag.py took 0.083 seconds
[2022-09-10T04:32:38.130+0000] {processor.py:153} INFO - Started process (PID=1159) to work on /home/airflow/.local/lib/python3.7/site-packages/airflow/example_dags/example_nested_branch_dag.py
[2022-09-10T04:32:38.132+0000] {processor.py:640} INFO - Processing file /home/airflow/.local/lib/python3.7/site-packages/airflow/example_dags/example_nested_branch_dag.py for tasks to queue
[2022-09-10T04:32:38.133+0000] {logging_mixin.py:115} INFO - [2022-09-10T04:32:38.132+0000] {dagbag.py:508} INFO - Filling up the DagBag from /home/airflow/.local/lib/python3.7/site-packages/airflow/example_dags/example_nested_branch_dag.py
[2022-09-10T04:32:38.141+0000] {processor.py:650} INFO - DAG(s) dict_keys(['example_nested_branch_dag']) retrieved from /home/airflow/.local/lib/python3.7/site-packages/airflow/example_dags/example_nested_branch_dag.py
[2022-09-10T04:32:38.172+0000] {logging_mixin.py:115} INFO - [2022-09-10T04:32:38.171+0000] {dag.py:2429} INFO - Sync 1 DAGs
[2022-09-10T04:32:38.192+0000] {logging_mixin.py:115} INFO - [2022-09-10T04:32:38.191+0000] {dag.py:2981} INFO - Setting next_dagrun for example_nested_branch_dag to 2022-09-09T00:00:00+00:00, run_after=2022-09-10T00:00:00+00:00
[2022-09-10T04:32:38.207+0000] {processor.py:161} INFO - Processing /home/airflow/.local/lib/python3.7/site-packages/airflow/example_dags/example_nested_branch_dag.py took 0.079 seconds
