[2022-09-10T04:17:51.480+0000] {processor.py:153} INFO - Started process (PID=307) to work on /home/airflow/.local/lib/python3.7/site-packages/airflow/example_dags/example_kubernetes_executor.py
[2022-09-10T04:17:51.481+0000] {processor.py:640} INFO - Processing file /home/airflow/.local/lib/python3.7/site-packages/airflow/example_dags/example_kubernetes_executor.py for tasks to queue
[2022-09-10T04:17:51.481+0000] {logging_mixin.py:115} INFO - [2022-09-10T04:17:51.481+0000] {dagbag.py:508} INFO - Filling up the DagBag from /home/airflow/.local/lib/python3.7/site-packages/airflow/example_dags/example_kubernetes_executor.py
[2022-09-10T04:17:51.504+0000] {processor.py:650} INFO - DAG(s) dict_keys(['example_kubernetes_executor']) retrieved from /home/airflow/.local/lib/python3.7/site-packages/airflow/example_dags/example_kubernetes_executor.py
[2022-09-10T04:17:51.581+0000] {logging_mixin.py:115} INFO - [2022-09-10T04:17:51.580+0000] {manager.py:508} INFO - Created Permission View: can delete on DAG:example_kubernetes_executor
[2022-09-10T04:17:51.595+0000] {logging_mixin.py:115} INFO - [2022-09-10T04:17:51.595+0000] {manager.py:508} INFO - Created Permission View: can read on DAG:example_kubernetes_executor
[2022-09-10T04:17:51.605+0000] {logging_mixin.py:115} INFO - [2022-09-10T04:17:51.605+0000] {manager.py:508} INFO - Created Permission View: can edit on DAG:example_kubernetes_executor
[2022-09-10T04:17:51.606+0000] {logging_mixin.py:115} INFO - [2022-09-10T04:17:51.606+0000] {dag.py:2429} INFO - Sync 1 DAGs
[2022-09-10T04:17:51.615+0000] {logging_mixin.py:115} INFO - [2022-09-10T04:17:51.615+0000] {dag.py:2448} INFO - Creating ORM DAG for example_kubernetes_executor
[2022-09-10T04:17:51.626+0000] {logging_mixin.py:115} INFO - [2022-09-10T04:17:51.626+0000] {dag.py:2981} INFO - Setting next_dagrun for example_kubernetes_executor to None, run_after=None
[2022-09-10T04:17:51.642+0000] {processor.py:161} INFO - Processing /home/airflow/.local/lib/python3.7/site-packages/airflow/example_dags/example_kubernetes_executor.py took 0.164 seconds
[2022-09-10T04:18:21.700+0000] {processor.py:153} INFO - Started process (PID=496) to work on /home/airflow/.local/lib/python3.7/site-packages/airflow/example_dags/example_kubernetes_executor.py
[2022-09-10T04:18:21.701+0000] {processor.py:640} INFO - Processing file /home/airflow/.local/lib/python3.7/site-packages/airflow/example_dags/example_kubernetes_executor.py for tasks to queue
[2022-09-10T04:18:21.702+0000] {logging_mixin.py:115} INFO - [2022-09-10T04:18:21.702+0000] {dagbag.py:508} INFO - Filling up the DagBag from /home/airflow/.local/lib/python3.7/site-packages/airflow/example_dags/example_kubernetes_executor.py
[2022-09-10T04:18:21.721+0000] {processor.py:650} INFO - DAG(s) dict_keys(['example_kubernetes_executor']) retrieved from /home/airflow/.local/lib/python3.7/site-packages/airflow/example_dags/example_kubernetes_executor.py
[2022-09-10T04:18:21.741+0000] {logging_mixin.py:115} INFO - [2022-09-10T04:18:21.741+0000] {dag.py:2429} INFO - Sync 1 DAGs
[2022-09-10T04:18:21.764+0000] {logging_mixin.py:115} INFO - [2022-09-10T04:18:21.763+0000] {dag.py:2981} INFO - Setting next_dagrun for example_kubernetes_executor to None, run_after=None
[2022-09-10T04:18:21.777+0000] {processor.py:161} INFO - Processing /home/airflow/.local/lib/python3.7/site-packages/airflow/example_dags/example_kubernetes_executor.py took 0.079 seconds
[2022-09-10T04:18:52.005+0000] {processor.py:153} INFO - Started process (PID=693) to work on /home/airflow/.local/lib/python3.7/site-packages/airflow/example_dags/example_kubernetes_executor.py
[2022-09-10T04:18:52.006+0000] {processor.py:640} INFO - Processing file /home/airflow/.local/lib/python3.7/site-packages/airflow/example_dags/example_kubernetes_executor.py for tasks to queue
[2022-09-10T04:18:52.006+0000] {logging_mixin.py:115} INFO - [2022-09-10T04:18:52.006+0000] {dagbag.py:508} INFO - Filling up the DagBag from /home/airflow/.local/lib/python3.7/site-packages/airflow/example_dags/example_kubernetes_executor.py
[2022-09-10T04:18:52.027+0000] {processor.py:650} INFO - DAG(s) dict_keys(['example_kubernetes_executor']) retrieved from /home/airflow/.local/lib/python3.7/site-packages/airflow/example_dags/example_kubernetes_executor.py
[2022-09-10T04:18:52.049+0000] {logging_mixin.py:115} INFO - [2022-09-10T04:18:52.049+0000] {dag.py:2429} INFO - Sync 1 DAGs
[2022-09-10T04:18:52.073+0000] {logging_mixin.py:115} INFO - [2022-09-10T04:18:52.072+0000] {dag.py:2981} INFO - Setting next_dagrun for example_kubernetes_executor to None, run_after=None
[2022-09-10T04:18:52.088+0000] {processor.py:161} INFO - Processing /home/airflow/.local/lib/python3.7/site-packages/airflow/example_dags/example_kubernetes_executor.py took 0.085 seconds
[2022-09-10T04:19:22.137+0000] {processor.py:153} INFO - Started process (PID=890) to work on /home/airflow/.local/lib/python3.7/site-packages/airflow/example_dags/example_kubernetes_executor.py
[2022-09-10T04:19:22.137+0000] {processor.py:640} INFO - Processing file /home/airflow/.local/lib/python3.7/site-packages/airflow/example_dags/example_kubernetes_executor.py for tasks to queue
[2022-09-10T04:19:22.138+0000] {logging_mixin.py:115} INFO - [2022-09-10T04:19:22.138+0000] {dagbag.py:508} INFO - Filling up the DagBag from /home/airflow/.local/lib/python3.7/site-packages/airflow/example_dags/example_kubernetes_executor.py
[2022-09-10T04:19:22.160+0000] {processor.py:650} INFO - DAG(s) dict_keys(['example_kubernetes_executor']) retrieved from /home/airflow/.local/lib/python3.7/site-packages/airflow/example_dags/example_kubernetes_executor.py
[2022-09-10T04:19:22.186+0000] {logging_mixin.py:115} INFO - [2022-09-10T04:19:22.185+0000] {dag.py:2429} INFO - Sync 1 DAGs
[2022-09-10T04:19:22.209+0000] {logging_mixin.py:115} INFO - [2022-09-10T04:19:22.209+0000] {dag.py:2981} INFO - Setting next_dagrun for example_kubernetes_executor to None, run_after=None
[2022-09-10T04:19:22.227+0000] {processor.py:161} INFO - Processing /home/airflow/.local/lib/python3.7/site-packages/airflow/example_dags/example_kubernetes_executor.py took 0.092 seconds
[2022-09-10T04:19:52.295+0000] {processor.py:153} INFO - Started process (PID=1073) to work on /home/airflow/.local/lib/python3.7/site-packages/airflow/example_dags/example_kubernetes_executor.py
[2022-09-10T04:19:52.296+0000] {processor.py:640} INFO - Processing file /home/airflow/.local/lib/python3.7/site-packages/airflow/example_dags/example_kubernetes_executor.py for tasks to queue
[2022-09-10T04:19:52.297+0000] {logging_mixin.py:115} INFO - [2022-09-10T04:19:52.297+0000] {dagbag.py:508} INFO - Filling up the DagBag from /home/airflow/.local/lib/python3.7/site-packages/airflow/example_dags/example_kubernetes_executor.py
[2022-09-10T04:19:52.319+0000] {processor.py:650} INFO - DAG(s) dict_keys(['example_kubernetes_executor']) retrieved from /home/airflow/.local/lib/python3.7/site-packages/airflow/example_dags/example_kubernetes_executor.py
[2022-09-10T04:19:52.348+0000] {logging_mixin.py:115} INFO - [2022-09-10T04:19:52.348+0000] {dag.py:2429} INFO - Sync 1 DAGs
[2022-09-10T04:19:52.375+0000] {logging_mixin.py:115} INFO - [2022-09-10T04:19:52.375+0000] {dag.py:2981} INFO - Setting next_dagrun for example_kubernetes_executor to None, run_after=None
[2022-09-10T04:19:52.396+0000] {processor.py:161} INFO - Processing /home/airflow/.local/lib/python3.7/site-packages/airflow/example_dags/example_kubernetes_executor.py took 0.104 seconds
[2022-09-10T04:20:22.465+0000] {processor.py:153} INFO - Started process (PID=1270) to work on /home/airflow/.local/lib/python3.7/site-packages/airflow/example_dags/example_kubernetes_executor.py
[2022-09-10T04:20:22.466+0000] {processor.py:640} INFO - Processing file /home/airflow/.local/lib/python3.7/site-packages/airflow/example_dags/example_kubernetes_executor.py for tasks to queue
[2022-09-10T04:20:22.467+0000] {logging_mixin.py:115} INFO - [2022-09-10T04:20:22.466+0000] {dagbag.py:508} INFO - Filling up the DagBag from /home/airflow/.local/lib/python3.7/site-packages/airflow/example_dags/example_kubernetes_executor.py
[2022-09-10T04:20:22.490+0000] {processor.py:650} INFO - DAG(s) dict_keys(['example_kubernetes_executor']) retrieved from /home/airflow/.local/lib/python3.7/site-packages/airflow/example_dags/example_kubernetes_executor.py
[2022-09-10T04:20:22.515+0000] {logging_mixin.py:115} INFO - [2022-09-10T04:20:22.515+0000] {dag.py:2429} INFO - Sync 1 DAGs
[2022-09-10T04:20:22.540+0000] {logging_mixin.py:115} INFO - [2022-09-10T04:20:22.540+0000] {dag.py:2981} INFO - Setting next_dagrun for example_kubernetes_executor to None, run_after=None
[2022-09-10T04:20:22.559+0000] {processor.py:161} INFO - Processing /home/airflow/.local/lib/python3.7/site-packages/airflow/example_dags/example_kubernetes_executor.py took 0.096 seconds
[2022-09-10T04:26:40.071+0000] {processor.py:153} INFO - Started process (PID=297) to work on /home/airflow/.local/lib/python3.7/site-packages/airflow/example_dags/example_kubernetes_executor.py
[2022-09-10T04:26:40.072+0000] {processor.py:640} INFO - Processing file /home/airflow/.local/lib/python3.7/site-packages/airflow/example_dags/example_kubernetes_executor.py for tasks to queue
[2022-09-10T04:26:40.073+0000] {logging_mixin.py:115} INFO - [2022-09-10T04:26:40.073+0000] {dagbag.py:508} INFO - Filling up the DagBag from /home/airflow/.local/lib/python3.7/site-packages/airflow/example_dags/example_kubernetes_executor.py
[2022-09-10T04:26:40.095+0000] {processor.py:650} INFO - DAG(s) dict_keys(['example_kubernetes_executor']) retrieved from /home/airflow/.local/lib/python3.7/site-packages/airflow/example_dags/example_kubernetes_executor.py
[2022-09-10T04:26:40.118+0000] {logging_mixin.py:115} INFO - [2022-09-10T04:26:40.118+0000] {dag.py:2429} INFO - Sync 1 DAGs
[2022-09-10T04:26:40.138+0000] {logging_mixin.py:115} INFO - [2022-09-10T04:26:40.138+0000] {dag.py:2981} INFO - Setting next_dagrun for example_kubernetes_executor to None, run_after=None
[2022-09-10T04:26:40.152+0000] {processor.py:161} INFO - Processing /home/airflow/.local/lib/python3.7/site-packages/airflow/example_dags/example_kubernetes_executor.py took 0.083 seconds
[2022-09-10T04:27:11.055+0000] {processor.py:153} INFO - Started process (PID=495) to work on /home/airflow/.local/lib/python3.7/site-packages/airflow/example_dags/example_kubernetes_executor.py
[2022-09-10T04:27:11.056+0000] {processor.py:640} INFO - Processing file /home/airflow/.local/lib/python3.7/site-packages/airflow/example_dags/example_kubernetes_executor.py for tasks to queue
[2022-09-10T04:27:11.057+0000] {logging_mixin.py:115} INFO - [2022-09-10T04:27:11.056+0000] {dagbag.py:508} INFO - Filling up the DagBag from /home/airflow/.local/lib/python3.7/site-packages/airflow/example_dags/example_kubernetes_executor.py
[2022-09-10T04:27:11.077+0000] {processor.py:650} INFO - DAG(s) dict_keys(['example_kubernetes_executor']) retrieved from /home/airflow/.local/lib/python3.7/site-packages/airflow/example_dags/example_kubernetes_executor.py
[2022-09-10T04:27:11.102+0000] {logging_mixin.py:115} INFO - [2022-09-10T04:27:11.102+0000] {dag.py:2429} INFO - Sync 1 DAGs
[2022-09-10T04:27:11.127+0000] {logging_mixin.py:115} INFO - [2022-09-10T04:27:11.127+0000] {dag.py:2981} INFO - Setting next_dagrun for example_kubernetes_executor to None, run_after=None
[2022-09-10T04:27:11.145+0000] {processor.py:161} INFO - Processing /home/airflow/.local/lib/python3.7/site-packages/airflow/example_dags/example_kubernetes_executor.py took 0.092 seconds
[2022-09-10T04:27:42.038+0000] {processor.py:153} INFO - Started process (PID=692) to work on /home/airflow/.local/lib/python3.7/site-packages/airflow/example_dags/example_kubernetes_executor.py
[2022-09-10T04:27:42.039+0000] {processor.py:640} INFO - Processing file /home/airflow/.local/lib/python3.7/site-packages/airflow/example_dags/example_kubernetes_executor.py for tasks to queue
[2022-09-10T04:27:42.039+0000] {logging_mixin.py:115} INFO - [2022-09-10T04:27:42.039+0000] {dagbag.py:508} INFO - Filling up the DagBag from /home/airflow/.local/lib/python3.7/site-packages/airflow/example_dags/example_kubernetes_executor.py
[2022-09-10T04:27:42.060+0000] {processor.py:650} INFO - DAG(s) dict_keys(['example_kubernetes_executor']) retrieved from /home/airflow/.local/lib/python3.7/site-packages/airflow/example_dags/example_kubernetes_executor.py
[2022-09-10T04:27:42.082+0000] {logging_mixin.py:115} INFO - [2022-09-10T04:27:42.082+0000] {dag.py:2429} INFO - Sync 1 DAGs
[2022-09-10T04:27:42.102+0000] {logging_mixin.py:115} INFO - [2022-09-10T04:27:42.101+0000] {dag.py:2981} INFO - Setting next_dagrun for example_kubernetes_executor to None, run_after=None
[2022-09-10T04:27:42.115+0000] {processor.py:161} INFO - Processing /home/airflow/.local/lib/python3.7/site-packages/airflow/example_dags/example_kubernetes_executor.py took 0.079 seconds
[2022-09-10T04:28:12.814+0000] {processor.py:153} INFO - Started process (PID=880) to work on /home/airflow/.local/lib/python3.7/site-packages/airflow/example_dags/example_kubernetes_executor.py
[2022-09-10T04:28:12.815+0000] {processor.py:640} INFO - Processing file /home/airflow/.local/lib/python3.7/site-packages/airflow/example_dags/example_kubernetes_executor.py for tasks to queue
[2022-09-10T04:28:12.815+0000] {logging_mixin.py:115} INFO - [2022-09-10T04:28:12.815+0000] {dagbag.py:508} INFO - Filling up the DagBag from /home/airflow/.local/lib/python3.7/site-packages/airflow/example_dags/example_kubernetes_executor.py
[2022-09-10T04:28:12.837+0000] {processor.py:650} INFO - DAG(s) dict_keys(['example_kubernetes_executor']) retrieved from /home/airflow/.local/lib/python3.7/site-packages/airflow/example_dags/example_kubernetes_executor.py
[2022-09-10T04:28:12.856+0000] {logging_mixin.py:115} INFO - [2022-09-10T04:28:12.856+0000] {dag.py:2429} INFO - Sync 1 DAGs
[2022-09-10T04:28:12.872+0000] {logging_mixin.py:115} INFO - [2022-09-10T04:28:12.872+0000] {dag.py:2981} INFO - Setting next_dagrun for example_kubernetes_executor to None, run_after=None
[2022-09-10T04:28:12.886+0000] {processor.py:161} INFO - Processing /home/airflow/.local/lib/python3.7/site-packages/airflow/example_dags/example_kubernetes_executor.py took 0.074 seconds
[2022-09-10T04:28:43.720+0000] {processor.py:153} INFO - Started process (PID=1078) to work on /home/airflow/.local/lib/python3.7/site-packages/airflow/example_dags/example_kubernetes_executor.py
[2022-09-10T04:28:43.721+0000] {processor.py:640} INFO - Processing file /home/airflow/.local/lib/python3.7/site-packages/airflow/example_dags/example_kubernetes_executor.py for tasks to queue
[2022-09-10T04:28:43.722+0000] {logging_mixin.py:115} INFO - [2022-09-10T04:28:43.722+0000] {dagbag.py:508} INFO - Filling up the DagBag from /home/airflow/.local/lib/python3.7/site-packages/airflow/example_dags/example_kubernetes_executor.py
[2022-09-10T04:28:43.746+0000] {processor.py:650} INFO - DAG(s) dict_keys(['example_kubernetes_executor']) retrieved from /home/airflow/.local/lib/python3.7/site-packages/airflow/example_dags/example_kubernetes_executor.py
[2022-09-10T04:28:43.773+0000] {logging_mixin.py:115} INFO - [2022-09-10T04:28:43.772+0000] {dag.py:2429} INFO - Sync 1 DAGs
[2022-09-10T04:28:43.794+0000] {logging_mixin.py:115} INFO - [2022-09-10T04:28:43.794+0000] {dag.py:2981} INFO - Setting next_dagrun for example_kubernetes_executor to None, run_after=None
[2022-09-10T04:28:43.811+0000] {processor.py:161} INFO - Processing /home/airflow/.local/lib/python3.7/site-packages/airflow/example_dags/example_kubernetes_executor.py took 0.094 seconds
[2022-09-10T04:30:07.034+0000] {processor.py:153} INFO - Started process (PID=297) to work on /home/airflow/.local/lib/python3.7/site-packages/airflow/example_dags/example_kubernetes_executor.py
[2022-09-10T04:30:07.035+0000] {processor.py:640} INFO - Processing file /home/airflow/.local/lib/python3.7/site-packages/airflow/example_dags/example_kubernetes_executor.py for tasks to queue
[2022-09-10T04:30:07.035+0000] {logging_mixin.py:115} INFO - [2022-09-10T04:30:07.035+0000] {dagbag.py:508} INFO - Filling up the DagBag from /home/airflow/.local/lib/python3.7/site-packages/airflow/example_dags/example_kubernetes_executor.py
[2022-09-10T04:30:07.057+0000] {processor.py:650} INFO - DAG(s) dict_keys(['example_kubernetes_executor']) retrieved from /home/airflow/.local/lib/python3.7/site-packages/airflow/example_dags/example_kubernetes_executor.py
[2022-09-10T04:30:07.082+0000] {logging_mixin.py:115} INFO - [2022-09-10T04:30:07.081+0000] {dag.py:2429} INFO - Sync 1 DAGs
[2022-09-10T04:30:07.103+0000] {logging_mixin.py:115} INFO - [2022-09-10T04:30:07.103+0000] {dag.py:2981} INFO - Setting next_dagrun for example_kubernetes_executor to None, run_after=None
[2022-09-10T04:30:07.117+0000] {processor.py:161} INFO - Processing /home/airflow/.local/lib/python3.7/site-packages/airflow/example_dags/example_kubernetes_executor.py took 0.085 seconds
[2022-09-10T04:30:38.006+0000] {processor.py:153} INFO - Started process (PID=494) to work on /home/airflow/.local/lib/python3.7/site-packages/airflow/example_dags/example_kubernetes_executor.py
[2022-09-10T04:30:38.007+0000] {processor.py:640} INFO - Processing file /home/airflow/.local/lib/python3.7/site-packages/airflow/example_dags/example_kubernetes_executor.py for tasks to queue
[2022-09-10T04:30:38.007+0000] {logging_mixin.py:115} INFO - [2022-09-10T04:30:38.007+0000] {dagbag.py:508} INFO - Filling up the DagBag from /home/airflow/.local/lib/python3.7/site-packages/airflow/example_dags/example_kubernetes_executor.py
[2022-09-10T04:30:38.029+0000] {processor.py:650} INFO - DAG(s) dict_keys(['example_kubernetes_executor']) retrieved from /home/airflow/.local/lib/python3.7/site-packages/airflow/example_dags/example_kubernetes_executor.py
[2022-09-10T04:30:38.049+0000] {logging_mixin.py:115} INFO - [2022-09-10T04:30:38.049+0000] {dag.py:2429} INFO - Sync 1 DAGs
[2022-09-10T04:30:38.066+0000] {logging_mixin.py:115} INFO - [2022-09-10T04:30:38.066+0000] {dag.py:2981} INFO - Setting next_dagrun for example_kubernetes_executor to None, run_after=None
[2022-09-10T04:30:38.081+0000] {processor.py:161} INFO - Processing /home/airflow/.local/lib/python3.7/site-packages/airflow/example_dags/example_kubernetes_executor.py took 0.077 seconds
[2022-09-10T04:31:09.255+0000] {processor.py:153} INFO - Started process (PID=691) to work on /home/airflow/.local/lib/python3.7/site-packages/airflow/example_dags/example_kubernetes_executor.py
[2022-09-10T04:31:09.255+0000] {processor.py:640} INFO - Processing file /home/airflow/.local/lib/python3.7/site-packages/airflow/example_dags/example_kubernetes_executor.py for tasks to queue
[2022-09-10T04:31:09.255+0000] {logging_mixin.py:115} INFO - [2022-09-10T04:31:09.255+0000] {dagbag.py:508} INFO - Filling up the DagBag from /home/airflow/.local/lib/python3.7/site-packages/airflow/example_dags/example_kubernetes_executor.py
[2022-09-10T04:31:09.275+0000] {processor.py:650} INFO - DAG(s) dict_keys(['example_kubernetes_executor']) retrieved from /home/airflow/.local/lib/python3.7/site-packages/airflow/example_dags/example_kubernetes_executor.py
[2022-09-10T04:31:09.295+0000] {logging_mixin.py:115} INFO - [2022-09-10T04:31:09.294+0000] {dag.py:2429} INFO - Sync 1 DAGs
[2022-09-10T04:31:09.314+0000] {logging_mixin.py:115} INFO - [2022-09-10T04:31:09.314+0000] {dag.py:2981} INFO - Setting next_dagrun for example_kubernetes_executor to None, run_after=None
[2022-09-10T04:31:09.328+0000] {processor.py:161} INFO - Processing /home/airflow/.local/lib/python3.7/site-packages/airflow/example_dags/example_kubernetes_executor.py took 0.075 seconds
[2022-09-10T04:31:40.338+0000] {processor.py:153} INFO - Started process (PID=879) to work on /home/airflow/.local/lib/python3.7/site-packages/airflow/example_dags/example_kubernetes_executor.py
[2022-09-10T04:31:40.339+0000] {processor.py:640} INFO - Processing file /home/airflow/.local/lib/python3.7/site-packages/airflow/example_dags/example_kubernetes_executor.py for tasks to queue
[2022-09-10T04:31:40.339+0000] {logging_mixin.py:115} INFO - [2022-09-10T04:31:40.339+0000] {dagbag.py:508} INFO - Filling up the DagBag from /home/airflow/.local/lib/python3.7/site-packages/airflow/example_dags/example_kubernetes_executor.py
[2022-09-10T04:31:40.370+0000] {processor.py:650} INFO - DAG(s) dict_keys(['example_kubernetes_executor']) retrieved from /home/airflow/.local/lib/python3.7/site-packages/airflow/example_dags/example_kubernetes_executor.py
[2022-09-10T04:31:40.424+0000] {logging_mixin.py:115} INFO - [2022-09-10T04:31:40.424+0000] {dag.py:2429} INFO - Sync 1 DAGs
[2022-09-10T04:31:40.454+0000] {logging_mixin.py:115} INFO - [2022-09-10T04:31:40.454+0000] {dag.py:2981} INFO - Setting next_dagrun for example_kubernetes_executor to None, run_after=None
[2022-09-10T04:31:40.471+0000] {processor.py:161} INFO - Processing /home/airflow/.local/lib/python3.7/site-packages/airflow/example_dags/example_kubernetes_executor.py took 0.135 seconds
[2022-09-10T04:32:10.614+0000] {processor.py:153} INFO - Started process (PID=1094) to work on /home/airflow/.local/lib/python3.7/site-packages/airflow/example_dags/example_kubernetes_executor.py
[2022-09-10T04:32:10.615+0000] {processor.py:640} INFO - Processing file /home/airflow/.local/lib/python3.7/site-packages/airflow/example_dags/example_kubernetes_executor.py for tasks to queue
[2022-09-10T04:32:10.615+0000] {logging_mixin.py:115} INFO - [2022-09-10T04:32:10.615+0000] {dagbag.py:508} INFO - Filling up the DagBag from /home/airflow/.local/lib/python3.7/site-packages/airflow/example_dags/example_kubernetes_executor.py
[2022-09-10T04:32:10.643+0000] {processor.py:650} INFO - DAG(s) dict_keys(['example_kubernetes_executor']) retrieved from /home/airflow/.local/lib/python3.7/site-packages/airflow/example_dags/example_kubernetes_executor.py
[2022-09-10T04:32:10.672+0000] {logging_mixin.py:115} INFO - [2022-09-10T04:32:10.672+0000] {dag.py:2429} INFO - Sync 1 DAGs
[2022-09-10T04:32:10.693+0000] {logging_mixin.py:115} INFO - [2022-09-10T04:32:10.693+0000] {dag.py:2981} INFO - Setting next_dagrun for example_kubernetes_executor to None, run_after=None
[2022-09-10T04:32:10.710+0000] {processor.py:161} INFO - Processing /home/airflow/.local/lib/python3.7/site-packages/airflow/example_dags/example_kubernetes_executor.py took 0.099 seconds
[2022-09-10T04:32:41.859+0000] {processor.py:153} INFO - Started process (PID=1293) to work on /home/airflow/.local/lib/python3.7/site-packages/airflow/example_dags/example_kubernetes_executor.py
[2022-09-10T04:32:41.861+0000] {processor.py:640} INFO - Processing file /home/airflow/.local/lib/python3.7/site-packages/airflow/example_dags/example_kubernetes_executor.py for tasks to queue
[2022-09-10T04:32:41.861+0000] {logging_mixin.py:115} INFO - [2022-09-10T04:32:41.861+0000] {dagbag.py:508} INFO - Filling up the DagBag from /home/airflow/.local/lib/python3.7/site-packages/airflow/example_dags/example_kubernetes_executor.py
[2022-09-10T04:32:41.888+0000] {processor.py:650} INFO - DAG(s) dict_keys(['example_kubernetes_executor']) retrieved from /home/airflow/.local/lib/python3.7/site-packages/airflow/example_dags/example_kubernetes_executor.py
[2022-09-10T04:32:41.912+0000] {logging_mixin.py:115} INFO - [2022-09-10T04:32:41.912+0000] {dag.py:2429} INFO - Sync 1 DAGs
[2022-09-10T04:32:41.937+0000] {logging_mixin.py:115} INFO - [2022-09-10T04:32:41.937+0000] {dag.py:2981} INFO - Setting next_dagrun for example_kubernetes_executor to None, run_after=None
[2022-09-10T04:32:41.959+0000] {processor.py:161} INFO - Processing /home/airflow/.local/lib/python3.7/site-packages/airflow/example_dags/example_kubernetes_executor.py took 0.103 seconds
