[2022-09-10T04:17:48.700+0000] {processor.py:153} INFO - Started process (PID=191) to work on /home/airflow/.local/lib/python3.7/site-packages/airflow/example_dags/example_time_delta_sensor_async.py
[2022-09-10T04:17:48.702+0000] {processor.py:640} INFO - Processing file /home/airflow/.local/lib/python3.7/site-packages/airflow/example_dags/example_time_delta_sensor_async.py for tasks to queue
[2022-09-10T04:17:48.702+0000] {logging_mixin.py:115} INFO - [2022-09-10T04:17:48.702+0000] {dagbag.py:508} INFO - Filling up the DagBag from /home/airflow/.local/lib/python3.7/site-packages/airflow/example_dags/example_time_delta_sensor_async.py
[2022-09-10T04:17:48.712+0000] {processor.py:650} INFO - DAG(s) dict_keys(['example_time_delta_sensor_async']) retrieved from /home/airflow/.local/lib/python3.7/site-packages/airflow/example_dags/example_time_delta_sensor_async.py
[2022-09-10T04:17:49.028+0000] {logging_mixin.py:115} INFO - [2022-09-10T04:17:49.027+0000] {manager.py:508} INFO - Created Permission View: can delete on DAG:example_time_delta_sensor_async
[2022-09-10T04:17:49.042+0000] {logging_mixin.py:115} INFO - [2022-09-10T04:17:49.042+0000] {manager.py:508} INFO - Created Permission View: can read on DAG:example_time_delta_sensor_async
[2022-09-10T04:17:49.053+0000] {logging_mixin.py:115} INFO - [2022-09-10T04:17:49.053+0000] {manager.py:508} INFO - Created Permission View: can edit on DAG:example_time_delta_sensor_async
[2022-09-10T04:17:49.053+0000] {logging_mixin.py:115} INFO - [2022-09-10T04:17:49.053+0000] {dag.py:2429} INFO - Sync 1 DAGs
[2022-09-10T04:17:49.064+0000] {logging_mixin.py:115} INFO - [2022-09-10T04:17:49.064+0000] {dag.py:2448} INFO - Creating ORM DAG for example_time_delta_sensor_async
[2022-09-10T04:17:49.079+0000] {logging_mixin.py:115} INFO - [2022-09-10T04:17:49.079+0000] {dag.py:2981} INFO - Setting next_dagrun for example_time_delta_sensor_async to None, run_after=None
[2022-09-10T04:17:49.100+0000] {processor.py:161} INFO - Processing /home/airflow/.local/lib/python3.7/site-packages/airflow/example_dags/example_time_delta_sensor_async.py took 0.404 seconds
[2022-09-10T04:18:19.354+0000] {processor.py:153} INFO - Started process (PID=381) to work on /home/airflow/.local/lib/python3.7/site-packages/airflow/example_dags/example_time_delta_sensor_async.py
[2022-09-10T04:18:19.355+0000] {processor.py:640} INFO - Processing file /home/airflow/.local/lib/python3.7/site-packages/airflow/example_dags/example_time_delta_sensor_async.py for tasks to queue
[2022-09-10T04:18:19.355+0000] {logging_mixin.py:115} INFO - [2022-09-10T04:18:19.355+0000] {dagbag.py:508} INFO - Filling up the DagBag from /home/airflow/.local/lib/python3.7/site-packages/airflow/example_dags/example_time_delta_sensor_async.py
[2022-09-10T04:18:19.358+0000] {processor.py:650} INFO - DAG(s) dict_keys(['example_time_delta_sensor_async']) retrieved from /home/airflow/.local/lib/python3.7/site-packages/airflow/example_dags/example_time_delta_sensor_async.py
[2022-09-10T04:18:19.530+0000] {logging_mixin.py:115} INFO - [2022-09-10T04:18:19.530+0000] {dag.py:2429} INFO - Sync 1 DAGs
[2022-09-10T04:18:19.551+0000] {logging_mixin.py:115} INFO - [2022-09-10T04:18:19.551+0000] {dag.py:2981} INFO - Setting next_dagrun for example_time_delta_sensor_async to None, run_after=None
[2022-09-10T04:18:19.566+0000] {processor.py:161} INFO - Processing /home/airflow/.local/lib/python3.7/site-packages/airflow/example_dags/example_time_delta_sensor_async.py took 0.214 seconds
[2022-09-10T04:18:49.632+0000] {processor.py:153} INFO - Started process (PID=588) to work on /home/airflow/.local/lib/python3.7/site-packages/airflow/example_dags/example_time_delta_sensor_async.py
[2022-09-10T04:18:49.633+0000] {processor.py:640} INFO - Processing file /home/airflow/.local/lib/python3.7/site-packages/airflow/example_dags/example_time_delta_sensor_async.py for tasks to queue
[2022-09-10T04:18:49.633+0000] {logging_mixin.py:115} INFO - [2022-09-10T04:18:49.633+0000] {dagbag.py:508} INFO - Filling up the DagBag from /home/airflow/.local/lib/python3.7/site-packages/airflow/example_dags/example_time_delta_sensor_async.py
[2022-09-10T04:18:49.636+0000] {processor.py:650} INFO - DAG(s) dict_keys(['example_time_delta_sensor_async']) retrieved from /home/airflow/.local/lib/python3.7/site-packages/airflow/example_dags/example_time_delta_sensor_async.py
[2022-09-10T04:18:49.809+0000] {logging_mixin.py:115} INFO - [2022-09-10T04:18:49.809+0000] {dag.py:2429} INFO - Sync 1 DAGs
[2022-09-10T04:18:49.831+0000] {logging_mixin.py:115} INFO - [2022-09-10T04:18:49.831+0000] {dag.py:2981} INFO - Setting next_dagrun for example_time_delta_sensor_async to None, run_after=None
[2022-09-10T04:18:49.845+0000] {processor.py:161} INFO - Processing /home/airflow/.local/lib/python3.7/site-packages/airflow/example_dags/example_time_delta_sensor_async.py took 0.215 seconds
[2022-09-10T04:19:20.743+0000] {processor.py:153} INFO - Started process (PID=778) to work on /home/airflow/.local/lib/python3.7/site-packages/airflow/example_dags/example_time_delta_sensor_async.py
[2022-09-10T04:19:20.745+0000] {processor.py:640} INFO - Processing file /home/airflow/.local/lib/python3.7/site-packages/airflow/example_dags/example_time_delta_sensor_async.py for tasks to queue
[2022-09-10T04:19:20.746+0000] {logging_mixin.py:115} INFO - [2022-09-10T04:19:20.746+0000] {dagbag.py:508} INFO - Filling up the DagBag from /home/airflow/.local/lib/python3.7/site-packages/airflow/example_dags/example_time_delta_sensor_async.py
[2022-09-10T04:19:20.750+0000] {processor.py:650} INFO - DAG(s) dict_keys(['example_time_delta_sensor_async']) retrieved from /home/airflow/.local/lib/python3.7/site-packages/airflow/example_dags/example_time_delta_sensor_async.py
[2022-09-10T04:19:20.908+0000] {logging_mixin.py:115} INFO - [2022-09-10T04:19:20.908+0000] {dag.py:2429} INFO - Sync 1 DAGs
[2022-09-10T04:19:20.926+0000] {logging_mixin.py:115} INFO - [2022-09-10T04:19:20.926+0000] {dag.py:2981} INFO - Setting next_dagrun for example_time_delta_sensor_async to None, run_after=None
[2022-09-10T04:19:20.944+0000] {processor.py:161} INFO - Processing /home/airflow/.local/lib/python3.7/site-packages/airflow/example_dags/example_time_delta_sensor_async.py took 0.203 seconds
[2022-09-10T04:19:51.012+0000] {processor.py:153} INFO - Started process (PID=975) to work on /home/airflow/.local/lib/python3.7/site-packages/airflow/example_dags/example_time_delta_sensor_async.py
[2022-09-10T04:19:51.013+0000] {processor.py:640} INFO - Processing file /home/airflow/.local/lib/python3.7/site-packages/airflow/example_dags/example_time_delta_sensor_async.py for tasks to queue
[2022-09-10T04:19:51.014+0000] {logging_mixin.py:115} INFO - [2022-09-10T04:19:51.013+0000] {dagbag.py:508} INFO - Filling up the DagBag from /home/airflow/.local/lib/python3.7/site-packages/airflow/example_dags/example_time_delta_sensor_async.py
[2022-09-10T04:19:51.017+0000] {processor.py:650} INFO - DAG(s) dict_keys(['example_time_delta_sensor_async']) retrieved from /home/airflow/.local/lib/python3.7/site-packages/airflow/example_dags/example_time_delta_sensor_async.py
[2022-09-10T04:19:51.222+0000] {logging_mixin.py:115} INFO - [2022-09-10T04:19:51.222+0000] {dag.py:2429} INFO - Sync 1 DAGs
[2022-09-10T04:19:51.246+0000] {logging_mixin.py:115} INFO - [2022-09-10T04:19:51.246+0000] {dag.py:2981} INFO - Setting next_dagrun for example_time_delta_sensor_async to None, run_after=None
[2022-09-10T04:19:51.264+0000] {processor.py:161} INFO - Processing /home/airflow/.local/lib/python3.7/site-packages/airflow/example_dags/example_time_delta_sensor_async.py took 0.254 seconds
[2022-09-10T04:20:21.299+0000] {processor.py:153} INFO - Started process (PID=1172) to work on /home/airflow/.local/lib/python3.7/site-packages/airflow/example_dags/example_time_delta_sensor_async.py
[2022-09-10T04:20:21.301+0000] {processor.py:640} INFO - Processing file /home/airflow/.local/lib/python3.7/site-packages/airflow/example_dags/example_time_delta_sensor_async.py for tasks to queue
[2022-09-10T04:20:21.301+0000] {logging_mixin.py:115} INFO - [2022-09-10T04:20:21.301+0000] {dagbag.py:508} INFO - Filling up the DagBag from /home/airflow/.local/lib/python3.7/site-packages/airflow/example_dags/example_time_delta_sensor_async.py
[2022-09-10T04:20:21.306+0000] {processor.py:650} INFO - DAG(s) dict_keys(['example_time_delta_sensor_async']) retrieved from /home/airflow/.local/lib/python3.7/site-packages/airflow/example_dags/example_time_delta_sensor_async.py
[2022-09-10T04:20:21.468+0000] {logging_mixin.py:115} INFO - [2022-09-10T04:20:21.468+0000] {dag.py:2429} INFO - Sync 1 DAGs
[2022-09-10T04:20:21.489+0000] {logging_mixin.py:115} INFO - [2022-09-10T04:20:21.489+0000] {dag.py:2981} INFO - Setting next_dagrun for example_time_delta_sensor_async to None, run_after=None
[2022-09-10T04:20:21.504+0000] {processor.py:161} INFO - Processing /home/airflow/.local/lib/python3.7/site-packages/airflow/example_dags/example_time_delta_sensor_async.py took 0.207 seconds
[2022-09-10T04:26:38.230+0000] {processor.py:153} INFO - Started process (PID=184) to work on /home/airflow/.local/lib/python3.7/site-packages/airflow/example_dags/example_time_delta_sensor_async.py
[2022-09-10T04:26:38.231+0000] {processor.py:640} INFO - Processing file /home/airflow/.local/lib/python3.7/site-packages/airflow/example_dags/example_time_delta_sensor_async.py for tasks to queue
[2022-09-10T04:26:38.232+0000] {logging_mixin.py:115} INFO - [2022-09-10T04:26:38.232+0000] {dagbag.py:508} INFO - Filling up the DagBag from /home/airflow/.local/lib/python3.7/site-packages/airflow/example_dags/example_time_delta_sensor_async.py
[2022-09-10T04:26:38.237+0000] {processor.py:650} INFO - DAG(s) dict_keys(['example_time_delta_sensor_async']) retrieved from /home/airflow/.local/lib/python3.7/site-packages/airflow/example_dags/example_time_delta_sensor_async.py
[2022-09-10T04:26:38.493+0000] {logging_mixin.py:115} INFO - [2022-09-10T04:26:38.493+0000] {dag.py:2429} INFO - Sync 1 DAGs
[2022-09-10T04:26:38.523+0000] {logging_mixin.py:115} INFO - [2022-09-10T04:26:38.522+0000] {dag.py:2981} INFO - Setting next_dagrun for example_time_delta_sensor_async to None, run_after=None
[2022-09-10T04:26:38.539+0000] {processor.py:161} INFO - Processing /home/airflow/.local/lib/python3.7/site-packages/airflow/example_dags/example_time_delta_sensor_async.py took 0.312 seconds
[2022-09-10T04:27:08.663+0000] {processor.py:153} INFO - Started process (PID=380) to work on /home/airflow/.local/lib/python3.7/site-packages/airflow/example_dags/example_time_delta_sensor_async.py
[2022-09-10T04:27:08.664+0000] {processor.py:640} INFO - Processing file /home/airflow/.local/lib/python3.7/site-packages/airflow/example_dags/example_time_delta_sensor_async.py for tasks to queue
[2022-09-10T04:27:08.665+0000] {logging_mixin.py:115} INFO - [2022-09-10T04:27:08.665+0000] {dagbag.py:508} INFO - Filling up the DagBag from /home/airflow/.local/lib/python3.7/site-packages/airflow/example_dags/example_time_delta_sensor_async.py
[2022-09-10T04:27:08.669+0000] {processor.py:650} INFO - DAG(s) dict_keys(['example_time_delta_sensor_async']) retrieved from /home/airflow/.local/lib/python3.7/site-packages/airflow/example_dags/example_time_delta_sensor_async.py
[2022-09-10T04:27:08.852+0000] {logging_mixin.py:115} INFO - [2022-09-10T04:27:08.852+0000] {dag.py:2429} INFO - Sync 1 DAGs
[2022-09-10T04:27:08.874+0000] {logging_mixin.py:115} INFO - [2022-09-10T04:27:08.873+0000] {dag.py:2981} INFO - Setting next_dagrun for example_time_delta_sensor_async to None, run_after=None
[2022-09-10T04:27:08.890+0000] {processor.py:161} INFO - Processing /home/airflow/.local/lib/python3.7/site-packages/airflow/example_dags/example_time_delta_sensor_async.py took 0.229 seconds
[2022-09-10T04:27:39.691+0000] {processor.py:153} INFO - Started process (PID=570) to work on /home/airflow/.local/lib/python3.7/site-packages/airflow/example_dags/example_time_delta_sensor_async.py
[2022-09-10T04:27:39.692+0000] {processor.py:640} INFO - Processing file /home/airflow/.local/lib/python3.7/site-packages/airflow/example_dags/example_time_delta_sensor_async.py for tasks to queue
[2022-09-10T04:27:39.692+0000] {logging_mixin.py:115} INFO - [2022-09-10T04:27:39.692+0000] {dagbag.py:508} INFO - Filling up the DagBag from /home/airflow/.local/lib/python3.7/site-packages/airflow/example_dags/example_time_delta_sensor_async.py
[2022-09-10T04:27:39.696+0000] {processor.py:650} INFO - DAG(s) dict_keys(['example_time_delta_sensor_async']) retrieved from /home/airflow/.local/lib/python3.7/site-packages/airflow/example_dags/example_time_delta_sensor_async.py
[2022-09-10T04:27:39.865+0000] {logging_mixin.py:115} INFO - [2022-09-10T04:27:39.865+0000] {dag.py:2429} INFO - Sync 1 DAGs
[2022-09-10T04:27:39.885+0000] {logging_mixin.py:115} INFO - [2022-09-10T04:27:39.884+0000] {dag.py:2981} INFO - Setting next_dagrun for example_time_delta_sensor_async to None, run_after=None
[2022-09-10T04:27:39.900+0000] {processor.py:161} INFO - Processing /home/airflow/.local/lib/python3.7/site-packages/airflow/example_dags/example_time_delta_sensor_async.py took 0.211 seconds
[2022-09-10T04:28:10.581+0000] {processor.py:153} INFO - Started process (PID=767) to work on /home/airflow/.local/lib/python3.7/site-packages/airflow/example_dags/example_time_delta_sensor_async.py
[2022-09-10T04:28:10.582+0000] {processor.py:640} INFO - Processing file /home/airflow/.local/lib/python3.7/site-packages/airflow/example_dags/example_time_delta_sensor_async.py for tasks to queue
[2022-09-10T04:28:10.583+0000] {logging_mixin.py:115} INFO - [2022-09-10T04:28:10.583+0000] {dagbag.py:508} INFO - Filling up the DagBag from /home/airflow/.local/lib/python3.7/site-packages/airflow/example_dags/example_time_delta_sensor_async.py
[2022-09-10T04:28:10.586+0000] {processor.py:650} INFO - DAG(s) dict_keys(['example_time_delta_sensor_async']) retrieved from /home/airflow/.local/lib/python3.7/site-packages/airflow/example_dags/example_time_delta_sensor_async.py
[2022-09-10T04:28:10.748+0000] {logging_mixin.py:115} INFO - [2022-09-10T04:28:10.747+0000] {dag.py:2429} INFO - Sync 1 DAGs
[2022-09-10T04:28:10.765+0000] {logging_mixin.py:115} INFO - [2022-09-10T04:28:10.764+0000] {dag.py:2981} INFO - Setting next_dagrun for example_time_delta_sensor_async to None, run_after=None
[2022-09-10T04:28:10.779+0000] {processor.py:161} INFO - Processing /home/airflow/.local/lib/python3.7/site-packages/airflow/example_dags/example_time_delta_sensor_async.py took 0.200 seconds
[2022-09-10T04:28:41.351+0000] {processor.py:153} INFO - Started process (PID=965) to work on /home/airflow/.local/lib/python3.7/site-packages/airflow/example_dags/example_time_delta_sensor_async.py
[2022-09-10T04:28:41.352+0000] {processor.py:640} INFO - Processing file /home/airflow/.local/lib/python3.7/site-packages/airflow/example_dags/example_time_delta_sensor_async.py for tasks to queue
[2022-09-10T04:28:41.352+0000] {logging_mixin.py:115} INFO - [2022-09-10T04:28:41.352+0000] {dagbag.py:508} INFO - Filling up the DagBag from /home/airflow/.local/lib/python3.7/site-packages/airflow/example_dags/example_time_delta_sensor_async.py
[2022-09-10T04:28:41.355+0000] {processor.py:650} INFO - DAG(s) dict_keys(['example_time_delta_sensor_async']) retrieved from /home/airflow/.local/lib/python3.7/site-packages/airflow/example_dags/example_time_delta_sensor_async.py
[2022-09-10T04:28:41.545+0000] {logging_mixin.py:115} INFO - [2022-09-10T04:28:41.544+0000] {dag.py:2429} INFO - Sync 1 DAGs
[2022-09-10T04:28:41.564+0000] {logging_mixin.py:115} INFO - [2022-09-10T04:28:41.563+0000] {dag.py:2981} INFO - Setting next_dagrun for example_time_delta_sensor_async to None, run_after=None
[2022-09-10T04:28:41.579+0000] {processor.py:161} INFO - Processing /home/airflow/.local/lib/python3.7/site-packages/airflow/example_dags/example_time_delta_sensor_async.py took 0.229 seconds
[2022-09-10T04:30:05.697+0000] {processor.py:153} INFO - Started process (PID=182) to work on /home/airflow/.local/lib/python3.7/site-packages/airflow/example_dags/example_time_delta_sensor_async.py
[2022-09-10T04:30:05.698+0000] {processor.py:640} INFO - Processing file /home/airflow/.local/lib/python3.7/site-packages/airflow/example_dags/example_time_delta_sensor_async.py for tasks to queue
[2022-09-10T04:30:05.699+0000] {logging_mixin.py:115} INFO - [2022-09-10T04:30:05.699+0000] {dagbag.py:508} INFO - Filling up the DagBag from /home/airflow/.local/lib/python3.7/site-packages/airflow/example_dags/example_time_delta_sensor_async.py
[2022-09-10T04:30:05.703+0000] {processor.py:650} INFO - DAG(s) dict_keys(['example_time_delta_sensor_async']) retrieved from /home/airflow/.local/lib/python3.7/site-packages/airflow/example_dags/example_time_delta_sensor_async.py
[2022-09-10T04:30:05.875+0000] {logging_mixin.py:115} INFO - [2022-09-10T04:30:05.875+0000] {dag.py:2429} INFO - Sync 1 DAGs
[2022-09-10T04:30:05.895+0000] {logging_mixin.py:115} INFO - [2022-09-10T04:30:05.895+0000] {dag.py:2981} INFO - Setting next_dagrun for example_time_delta_sensor_async to None, run_after=None
[2022-09-10T04:30:05.909+0000] {processor.py:161} INFO - Processing /home/airflow/.local/lib/python3.7/site-packages/airflow/example_dags/example_time_delta_sensor_async.py took 0.215 seconds
[2022-09-10T04:30:36.664+0000] {processor.py:153} INFO - Started process (PID=379) to work on /home/airflow/.local/lib/python3.7/site-packages/airflow/example_dags/example_time_delta_sensor_async.py
[2022-09-10T04:30:36.665+0000] {processor.py:640} INFO - Processing file /home/airflow/.local/lib/python3.7/site-packages/airflow/example_dags/example_time_delta_sensor_async.py for tasks to queue
[2022-09-10T04:30:36.666+0000] {logging_mixin.py:115} INFO - [2022-09-10T04:30:36.665+0000] {dagbag.py:508} INFO - Filling up the DagBag from /home/airflow/.local/lib/python3.7/site-packages/airflow/example_dags/example_time_delta_sensor_async.py
[2022-09-10T04:30:36.669+0000] {processor.py:650} INFO - DAG(s) dict_keys(['example_time_delta_sensor_async']) retrieved from /home/airflow/.local/lib/python3.7/site-packages/airflow/example_dags/example_time_delta_sensor_async.py
[2022-09-10T04:30:36.847+0000] {logging_mixin.py:115} INFO - [2022-09-10T04:30:36.846+0000] {dag.py:2429} INFO - Sync 1 DAGs
[2022-09-10T04:30:36.867+0000] {logging_mixin.py:115} INFO - [2022-09-10T04:30:36.867+0000] {dag.py:2981} INFO - Setting next_dagrun for example_time_delta_sensor_async to None, run_after=None
[2022-09-10T04:30:36.881+0000] {processor.py:161} INFO - Processing /home/airflow/.local/lib/python3.7/site-packages/airflow/example_dags/example_time_delta_sensor_async.py took 0.219 seconds
[2022-09-10T04:31:07.589+0000] {processor.py:153} INFO - Started process (PID=576) to work on /home/airflow/.local/lib/python3.7/site-packages/airflow/example_dags/example_time_delta_sensor_async.py
[2022-09-10T04:31:07.590+0000] {processor.py:640} INFO - Processing file /home/airflow/.local/lib/python3.7/site-packages/airflow/example_dags/example_time_delta_sensor_async.py for tasks to queue
[2022-09-10T04:31:07.591+0000] {logging_mixin.py:115} INFO - [2022-09-10T04:31:07.590+0000] {dagbag.py:508} INFO - Filling up the DagBag from /home/airflow/.local/lib/python3.7/site-packages/airflow/example_dags/example_time_delta_sensor_async.py
[2022-09-10T04:31:07.595+0000] {processor.py:650} INFO - DAG(s) dict_keys(['example_time_delta_sensor_async']) retrieved from /home/airflow/.local/lib/python3.7/site-packages/airflow/example_dags/example_time_delta_sensor_async.py
[2022-09-10T04:31:07.815+0000] {logging_mixin.py:115} INFO - [2022-09-10T04:31:07.814+0000] {dag.py:2429} INFO - Sync 1 DAGs
[2022-09-10T04:31:07.840+0000] {logging_mixin.py:115} INFO - [2022-09-10T04:31:07.840+0000] {dag.py:2981} INFO - Setting next_dagrun for example_time_delta_sensor_async to None, run_after=None
[2022-09-10T04:31:07.858+0000] {processor.py:161} INFO - Processing /home/airflow/.local/lib/python3.7/site-packages/airflow/example_dags/example_time_delta_sensor_async.py took 0.271 seconds
[2022-09-10T04:31:37.936+0000] {processor.py:153} INFO - Started process (PID=776) to work on /home/airflow/.local/lib/python3.7/site-packages/airflow/example_dags/example_time_delta_sensor_async.py
[2022-09-10T04:31:37.937+0000] {processor.py:640} INFO - Processing file /home/airflow/.local/lib/python3.7/site-packages/airflow/example_dags/example_time_delta_sensor_async.py for tasks to queue
[2022-09-10T04:31:37.937+0000] {logging_mixin.py:115} INFO - [2022-09-10T04:31:37.937+0000] {dagbag.py:508} INFO - Filling up the DagBag from /home/airflow/.local/lib/python3.7/site-packages/airflow/example_dags/example_time_delta_sensor_async.py
[2022-09-10T04:31:37.941+0000] {processor.py:650} INFO - DAG(s) dict_keys(['example_time_delta_sensor_async']) retrieved from /home/airflow/.local/lib/python3.7/site-packages/airflow/example_dags/example_time_delta_sensor_async.py
[2022-09-10T04:31:38.108+0000] {logging_mixin.py:115} INFO - [2022-09-10T04:31:38.108+0000] {dag.py:2429} INFO - Sync 1 DAGs
[2022-09-10T04:31:38.125+0000] {logging_mixin.py:115} INFO - [2022-09-10T04:31:38.125+0000] {dag.py:2981} INFO - Setting next_dagrun for example_time_delta_sensor_async to None, run_after=None
[2022-09-10T04:31:38.140+0000] {processor.py:161} INFO - Processing /home/airflow/.local/lib/python3.7/site-packages/airflow/example_dags/example_time_delta_sensor_async.py took 0.206 seconds
[2022-09-10T04:32:08.158+0000] {processor.py:153} INFO - Started process (PID=991) to work on /home/airflow/.local/lib/python3.7/site-packages/airflow/example_dags/example_time_delta_sensor_async.py
[2022-09-10T04:32:08.158+0000] {processor.py:640} INFO - Processing file /home/airflow/.local/lib/python3.7/site-packages/airflow/example_dags/example_time_delta_sensor_async.py for tasks to queue
[2022-09-10T04:32:08.159+0000] {logging_mixin.py:115} INFO - [2022-09-10T04:32:08.159+0000] {dagbag.py:508} INFO - Filling up the DagBag from /home/airflow/.local/lib/python3.7/site-packages/airflow/example_dags/example_time_delta_sensor_async.py
[2022-09-10T04:32:08.162+0000] {processor.py:650} INFO - DAG(s) dict_keys(['example_time_delta_sensor_async']) retrieved from /home/airflow/.local/lib/python3.7/site-packages/airflow/example_dags/example_time_delta_sensor_async.py
[2022-09-10T04:32:08.346+0000] {logging_mixin.py:115} INFO - [2022-09-10T04:32:08.346+0000] {dag.py:2429} INFO - Sync 1 DAGs
[2022-09-10T04:32:08.373+0000] {logging_mixin.py:115} INFO - [2022-09-10T04:32:08.372+0000] {dag.py:2981} INFO - Setting next_dagrun for example_time_delta_sensor_async to None, run_after=None
[2022-09-10T04:32:08.392+0000] {processor.py:161} INFO - Processing /home/airflow/.local/lib/python3.7/site-packages/airflow/example_dags/example_time_delta_sensor_async.py took 0.236 seconds
[2022-09-10T04:32:39.322+0000] {processor.py:153} INFO - Started process (PID=1179) to work on /home/airflow/.local/lib/python3.7/site-packages/airflow/example_dags/example_time_delta_sensor_async.py
[2022-09-10T04:32:39.323+0000] {processor.py:640} INFO - Processing file /home/airflow/.local/lib/python3.7/site-packages/airflow/example_dags/example_time_delta_sensor_async.py for tasks to queue
[2022-09-10T04:32:39.324+0000] {logging_mixin.py:115} INFO - [2022-09-10T04:32:39.324+0000] {dagbag.py:508} INFO - Filling up the DagBag from /home/airflow/.local/lib/python3.7/site-packages/airflow/example_dags/example_time_delta_sensor_async.py
[2022-09-10T04:32:39.328+0000] {processor.py:650} INFO - DAG(s) dict_keys(['example_time_delta_sensor_async']) retrieved from /home/airflow/.local/lib/python3.7/site-packages/airflow/example_dags/example_time_delta_sensor_async.py
[2022-09-10T04:32:39.498+0000] {logging_mixin.py:115} INFO - [2022-09-10T04:32:39.498+0000] {dag.py:2429} INFO - Sync 1 DAGs
[2022-09-10T04:32:39.519+0000] {logging_mixin.py:115} INFO - [2022-09-10T04:32:39.519+0000] {dag.py:2981} INFO - Setting next_dagrun for example_time_delta_sensor_async to None, run_after=None
[2022-09-10T04:32:39.535+0000] {processor.py:161} INFO - Processing /home/airflow/.local/lib/python3.7/site-packages/airflow/example_dags/example_time_delta_sensor_async.py took 0.216 seconds
