[2022-09-10T04:17:50.032+0000] {processor.py:153} INFO - Started process (PID=242) to work on /home/airflow/.local/lib/python3.7/site-packages/airflow/example_dags/example_python_operator.py
[2022-09-10T04:17:50.033+0000] {processor.py:640} INFO - Processing file /home/airflow/.local/lib/python3.7/site-packages/airflow/example_dags/example_python_operator.py for tasks to queue
[2022-09-10T04:17:50.033+0000] {logging_mixin.py:115} INFO - [2022-09-10T04:17:50.033+0000] {dagbag.py:508} INFO - Filling up the DagBag from /home/airflow/.local/lib/python3.7/site-packages/airflow/example_dags/example_python_operator.py
[2022-09-10T04:17:50.048+0000] {processor.py:650} INFO - DAG(s) dict_keys(['example_python_operator']) retrieved from /home/airflow/.local/lib/python3.7/site-packages/airflow/example_dags/example_python_operator.py
[2022-09-10T04:17:50.152+0000] {logging_mixin.py:115} INFO - [2022-09-10T04:17:50.152+0000] {manager.py:508} INFO - Created Permission View: can delete on DAG:example_python_operator
[2022-09-10T04:17:50.176+0000] {logging_mixin.py:115} INFO - [2022-09-10T04:17:50.176+0000] {manager.py:508} INFO - Created Permission View: can read on DAG:example_python_operator
[2022-09-10T04:17:50.202+0000] {logging_mixin.py:115} INFO - [2022-09-10T04:17:50.202+0000] {manager.py:508} INFO - Created Permission View: can edit on DAG:example_python_operator
[2022-09-10T04:17:50.202+0000] {logging_mixin.py:115} INFO - [2022-09-10T04:17:50.202+0000] {dag.py:2429} INFO - Sync 1 DAGs
[2022-09-10T04:17:50.213+0000] {logging_mixin.py:115} INFO - [2022-09-10T04:17:50.213+0000] {dag.py:2448} INFO - Creating ORM DAG for example_python_operator
[2022-09-10T04:17:50.232+0000] {logging_mixin.py:115} INFO - [2022-09-10T04:17:50.231+0000] {dag.py:2981} INFO - Setting next_dagrun for example_python_operator to None, run_after=None
[2022-09-10T04:17:50.252+0000] {processor.py:161} INFO - Processing /home/airflow/.local/lib/python3.7/site-packages/airflow/example_dags/example_python_operator.py took 0.222 seconds
[2022-09-10T04:18:20.906+0000] {processor.py:153} INFO - Started process (PID=431) to work on /home/airflow/.local/lib/python3.7/site-packages/airflow/example_dags/example_python_operator.py
[2022-09-10T04:18:20.907+0000] {processor.py:640} INFO - Processing file /home/airflow/.local/lib/python3.7/site-packages/airflow/example_dags/example_python_operator.py for tasks to queue
[2022-09-10T04:18:20.908+0000] {logging_mixin.py:115} INFO - [2022-09-10T04:18:20.908+0000] {dagbag.py:508} INFO - Filling up the DagBag from /home/airflow/.local/lib/python3.7/site-packages/airflow/example_dags/example_python_operator.py
[2022-09-10T04:18:20.922+0000] {processor.py:650} INFO - DAG(s) dict_keys(['example_python_operator']) retrieved from /home/airflow/.local/lib/python3.7/site-packages/airflow/example_dags/example_python_operator.py
[2022-09-10T04:18:20.941+0000] {logging_mixin.py:115} INFO - [2022-09-10T04:18:20.941+0000] {dag.py:2429} INFO - Sync 1 DAGs
[2022-09-10T04:18:20.962+0000] {logging_mixin.py:115} INFO - [2022-09-10T04:18:20.962+0000] {dag.py:2981} INFO - Setting next_dagrun for example_python_operator to None, run_after=None
[2022-09-10T04:18:20.977+0000] {processor.py:161} INFO - Processing /home/airflow/.local/lib/python3.7/site-packages/airflow/example_dags/example_python_operator.py took 0.073 seconds
[2022-09-10T04:18:51.070+0000] {processor.py:153} INFO - Started process (PID=628) to work on /home/airflow/.local/lib/python3.7/site-packages/airflow/example_dags/example_python_operator.py
[2022-09-10T04:18:51.071+0000] {processor.py:640} INFO - Processing file /home/airflow/.local/lib/python3.7/site-packages/airflow/example_dags/example_python_operator.py for tasks to queue
[2022-09-10T04:18:51.071+0000] {logging_mixin.py:115} INFO - [2022-09-10T04:18:51.071+0000] {dagbag.py:508} INFO - Filling up the DagBag from /home/airflow/.local/lib/python3.7/site-packages/airflow/example_dags/example_python_operator.py
[2022-09-10T04:18:51.084+0000] {processor.py:650} INFO - DAG(s) dict_keys(['example_python_operator']) retrieved from /home/airflow/.local/lib/python3.7/site-packages/airflow/example_dags/example_python_operator.py
[2022-09-10T04:18:51.107+0000] {logging_mixin.py:115} INFO - [2022-09-10T04:18:51.107+0000] {dag.py:2429} INFO - Sync 1 DAGs
[2022-09-10T04:18:51.130+0000] {logging_mixin.py:115} INFO - [2022-09-10T04:18:51.130+0000] {dag.py:2981} INFO - Setting next_dagrun for example_python_operator to None, run_after=None
[2022-09-10T04:18:51.147+0000] {processor.py:161} INFO - Processing /home/airflow/.local/lib/python3.7/site-packages/airflow/example_dags/example_python_operator.py took 0.079 seconds
[2022-09-10T04:19:21.327+0000] {processor.py:153} INFO - Started process (PID=823) to work on /home/airflow/.local/lib/python3.7/site-packages/airflow/example_dags/example_python_operator.py
[2022-09-10T04:19:21.328+0000] {processor.py:640} INFO - Processing file /home/airflow/.local/lib/python3.7/site-packages/airflow/example_dags/example_python_operator.py for tasks to queue
[2022-09-10T04:19:21.329+0000] {logging_mixin.py:115} INFO - [2022-09-10T04:19:21.328+0000] {dagbag.py:508} INFO - Filling up the DagBag from /home/airflow/.local/lib/python3.7/site-packages/airflow/example_dags/example_python_operator.py
[2022-09-10T04:19:21.342+0000] {processor.py:650} INFO - DAG(s) dict_keys(['example_python_operator']) retrieved from /home/airflow/.local/lib/python3.7/site-packages/airflow/example_dags/example_python_operator.py
[2022-09-10T04:19:21.367+0000] {logging_mixin.py:115} INFO - [2022-09-10T04:19:21.367+0000] {dag.py:2429} INFO - Sync 1 DAGs
[2022-09-10T04:19:21.395+0000] {logging_mixin.py:115} INFO - [2022-09-10T04:19:21.395+0000] {dag.py:2981} INFO - Setting next_dagrun for example_python_operator to None, run_after=None
[2022-09-10T04:19:21.413+0000] {processor.py:161} INFO - Processing /home/airflow/.local/lib/python3.7/site-packages/airflow/example_dags/example_python_operator.py took 0.088 seconds
[2022-09-10T04:19:51.545+0000] {processor.py:153} INFO - Started process (PID=1013) to work on /home/airflow/.local/lib/python3.7/site-packages/airflow/example_dags/example_python_operator.py
[2022-09-10T04:19:51.546+0000] {processor.py:640} INFO - Processing file /home/airflow/.local/lib/python3.7/site-packages/airflow/example_dags/example_python_operator.py for tasks to queue
[2022-09-10T04:19:51.546+0000] {logging_mixin.py:115} INFO - [2022-09-10T04:19:51.546+0000] {dagbag.py:508} INFO - Filling up the DagBag from /home/airflow/.local/lib/python3.7/site-packages/airflow/example_dags/example_python_operator.py
[2022-09-10T04:19:51.558+0000] {processor.py:650} INFO - DAG(s) dict_keys(['example_python_operator']) retrieved from /home/airflow/.local/lib/python3.7/site-packages/airflow/example_dags/example_python_operator.py
[2022-09-10T04:19:51.579+0000] {logging_mixin.py:115} INFO - [2022-09-10T04:19:51.579+0000] {dag.py:2429} INFO - Sync 1 DAGs
[2022-09-10T04:19:51.599+0000] {logging_mixin.py:115} INFO - [2022-09-10T04:19:51.599+0000] {dag.py:2981} INFO - Setting next_dagrun for example_python_operator to None, run_after=None
[2022-09-10T04:19:51.614+0000] {processor.py:161} INFO - Processing /home/airflow/.local/lib/python3.7/site-packages/airflow/example_dags/example_python_operator.py took 0.071 seconds
[2022-09-10T04:20:21.734+0000] {processor.py:153} INFO - Started process (PID=1210) to work on /home/airflow/.local/lib/python3.7/site-packages/airflow/example_dags/example_python_operator.py
[2022-09-10T04:20:21.735+0000] {processor.py:640} INFO - Processing file /home/airflow/.local/lib/python3.7/site-packages/airflow/example_dags/example_python_operator.py for tasks to queue
[2022-09-10T04:20:21.735+0000] {logging_mixin.py:115} INFO - [2022-09-10T04:20:21.735+0000] {dagbag.py:508} INFO - Filling up the DagBag from /home/airflow/.local/lib/python3.7/site-packages/airflow/example_dags/example_python_operator.py
[2022-09-10T04:20:21.748+0000] {processor.py:650} INFO - DAG(s) dict_keys(['example_python_operator']) retrieved from /home/airflow/.local/lib/python3.7/site-packages/airflow/example_dags/example_python_operator.py
[2022-09-10T04:20:21.769+0000] {logging_mixin.py:115} INFO - [2022-09-10T04:20:21.769+0000] {dag.py:2429} INFO - Sync 1 DAGs
[2022-09-10T04:20:21.794+0000] {logging_mixin.py:115} INFO - [2022-09-10T04:20:21.793+0000] {dag.py:2981} INFO - Setting next_dagrun for example_python_operator to None, run_after=None
[2022-09-10T04:20:21.808+0000] {processor.py:161} INFO - Processing /home/airflow/.local/lib/python3.7/site-packages/airflow/example_dags/example_python_operator.py took 0.076 seconds
[2022-09-10T04:26:38.986+0000] {processor.py:153} INFO - Started process (PID=232) to work on /home/airflow/.local/lib/python3.7/site-packages/airflow/example_dags/example_python_operator.py
[2022-09-10T04:26:38.988+0000] {processor.py:640} INFO - Processing file /home/airflow/.local/lib/python3.7/site-packages/airflow/example_dags/example_python_operator.py for tasks to queue
[2022-09-10T04:26:38.988+0000] {logging_mixin.py:115} INFO - [2022-09-10T04:26:38.988+0000] {dagbag.py:508} INFO - Filling up the DagBag from /home/airflow/.local/lib/python3.7/site-packages/airflow/example_dags/example_python_operator.py
[2022-09-10T04:26:39.013+0000] {processor.py:650} INFO - DAG(s) dict_keys(['example_python_operator']) retrieved from /home/airflow/.local/lib/python3.7/site-packages/airflow/example_dags/example_python_operator.py
[2022-09-10T04:26:39.041+0000] {logging_mixin.py:115} INFO - [2022-09-10T04:26:39.041+0000] {dag.py:2429} INFO - Sync 1 DAGs
[2022-09-10T04:26:39.071+0000] {logging_mixin.py:115} INFO - [2022-09-10T04:26:39.070+0000] {dag.py:2981} INFO - Setting next_dagrun for example_python_operator to None, run_after=None
[2022-09-10T04:26:39.088+0000] {processor.py:161} INFO - Processing /home/airflow/.local/lib/python3.7/site-packages/airflow/example_dags/example_python_operator.py took 0.105 seconds
[2022-09-10T04:27:09.251+0000] {processor.py:153} INFO - Started process (PID=429) to work on /home/airflow/.local/lib/python3.7/site-packages/airflow/example_dags/example_python_operator.py
[2022-09-10T04:27:09.251+0000] {processor.py:640} INFO - Processing file /home/airflow/.local/lib/python3.7/site-packages/airflow/example_dags/example_python_operator.py for tasks to queue
[2022-09-10T04:27:09.252+0000] {logging_mixin.py:115} INFO - [2022-09-10T04:27:09.252+0000] {dagbag.py:508} INFO - Filling up the DagBag from /home/airflow/.local/lib/python3.7/site-packages/airflow/example_dags/example_python_operator.py
[2022-09-10T04:27:09.266+0000] {processor.py:650} INFO - DAG(s) dict_keys(['example_python_operator']) retrieved from /home/airflow/.local/lib/python3.7/site-packages/airflow/example_dags/example_python_operator.py
[2022-09-10T04:27:09.287+0000] {logging_mixin.py:115} INFO - [2022-09-10T04:27:09.286+0000] {dag.py:2429} INFO - Sync 1 DAGs
[2022-09-10T04:27:09.303+0000] {logging_mixin.py:115} INFO - [2022-09-10T04:27:09.303+0000] {dag.py:2981} INFO - Setting next_dagrun for example_python_operator to None, run_after=None
[2022-09-10T04:27:09.318+0000] {processor.py:161} INFO - Processing /home/airflow/.local/lib/python3.7/site-packages/airflow/example_dags/example_python_operator.py took 0.069 seconds
[2022-09-10T04:27:40.238+0000] {processor.py:153} INFO - Started process (PID=618) to work on /home/airflow/.local/lib/python3.7/site-packages/airflow/example_dags/example_python_operator.py
[2022-09-10T04:27:40.240+0000] {processor.py:640} INFO - Processing file /home/airflow/.local/lib/python3.7/site-packages/airflow/example_dags/example_python_operator.py for tasks to queue
[2022-09-10T04:27:40.241+0000] {logging_mixin.py:115} INFO - [2022-09-10T04:27:40.241+0000] {dagbag.py:508} INFO - Filling up the DagBag from /home/airflow/.local/lib/python3.7/site-packages/airflow/example_dags/example_python_operator.py
[2022-09-10T04:27:40.265+0000] {processor.py:650} INFO - DAG(s) dict_keys(['example_python_operator']) retrieved from /home/airflow/.local/lib/python3.7/site-packages/airflow/example_dags/example_python_operator.py
[2022-09-10T04:27:40.290+0000] {logging_mixin.py:115} INFO - [2022-09-10T04:27:40.289+0000] {dag.py:2429} INFO - Sync 1 DAGs
[2022-09-10T04:27:40.311+0000] {logging_mixin.py:115} INFO - [2022-09-10T04:27:40.310+0000] {dag.py:2981} INFO - Setting next_dagrun for example_python_operator to None, run_after=None
[2022-09-10T04:27:40.327+0000] {processor.py:161} INFO - Processing /home/airflow/.local/lib/python3.7/site-packages/airflow/example_dags/example_python_operator.py took 0.092 seconds
[2022-09-10T04:28:11.079+0000] {processor.py:153} INFO - Started process (PID=815) to work on /home/airflow/.local/lib/python3.7/site-packages/airflow/example_dags/example_python_operator.py
[2022-09-10T04:28:11.080+0000] {processor.py:640} INFO - Processing file /home/airflow/.local/lib/python3.7/site-packages/airflow/example_dags/example_python_operator.py for tasks to queue
[2022-09-10T04:28:11.080+0000] {logging_mixin.py:115} INFO - [2022-09-10T04:28:11.080+0000] {dagbag.py:508} INFO - Filling up the DagBag from /home/airflow/.local/lib/python3.7/site-packages/airflow/example_dags/example_python_operator.py
[2022-09-10T04:28:11.097+0000] {processor.py:650} INFO - DAG(s) dict_keys(['example_python_operator']) retrieved from /home/airflow/.local/lib/python3.7/site-packages/airflow/example_dags/example_python_operator.py
[2022-09-10T04:28:11.122+0000] {logging_mixin.py:115} INFO - [2022-09-10T04:28:11.121+0000] {dag.py:2429} INFO - Sync 1 DAGs
[2022-09-10T04:28:11.144+0000] {logging_mixin.py:115} INFO - [2022-09-10T04:28:11.144+0000] {dag.py:2981} INFO - Setting next_dagrun for example_python_operator to None, run_after=None
[2022-09-10T04:28:11.160+0000] {processor.py:161} INFO - Processing /home/airflow/.local/lib/python3.7/site-packages/airflow/example_dags/example_python_operator.py took 0.083 seconds
[2022-09-10T04:28:41.947+0000] {processor.py:153} INFO - Started process (PID=1013) to work on /home/airflow/.local/lib/python3.7/site-packages/airflow/example_dags/example_python_operator.py
[2022-09-10T04:28:41.948+0000] {processor.py:640} INFO - Processing file /home/airflow/.local/lib/python3.7/site-packages/airflow/example_dags/example_python_operator.py for tasks to queue
[2022-09-10T04:28:41.949+0000] {logging_mixin.py:115} INFO - [2022-09-10T04:28:41.949+0000] {dagbag.py:508} INFO - Filling up the DagBag from /home/airflow/.local/lib/python3.7/site-packages/airflow/example_dags/example_python_operator.py
[2022-09-10T04:28:41.969+0000] {processor.py:650} INFO - DAG(s) dict_keys(['example_python_operator']) retrieved from /home/airflow/.local/lib/python3.7/site-packages/airflow/example_dags/example_python_operator.py
[2022-09-10T04:28:41.990+0000] {logging_mixin.py:115} INFO - [2022-09-10T04:28:41.990+0000] {dag.py:2429} INFO - Sync 1 DAGs
[2022-09-10T04:28:42.007+0000] {logging_mixin.py:115} INFO - [2022-09-10T04:28:42.007+0000] {dag.py:2981} INFO - Setting next_dagrun for example_python_operator to None, run_after=None
[2022-09-10T04:28:42.026+0000] {processor.py:161} INFO - Processing /home/airflow/.local/lib/python3.7/site-packages/airflow/example_dags/example_python_operator.py took 0.083 seconds
[2022-09-10T04:30:06.240+0000] {processor.py:153} INFO - Started process (PID=232) to work on /home/airflow/.local/lib/python3.7/site-packages/airflow/example_dags/example_python_operator.py
[2022-09-10T04:30:06.241+0000] {processor.py:640} INFO - Processing file /home/airflow/.local/lib/python3.7/site-packages/airflow/example_dags/example_python_operator.py for tasks to queue
[2022-09-10T04:30:06.241+0000] {logging_mixin.py:115} INFO - [2022-09-10T04:30:06.241+0000] {dagbag.py:508} INFO - Filling up the DagBag from /home/airflow/.local/lib/python3.7/site-packages/airflow/example_dags/example_python_operator.py
[2022-09-10T04:30:06.258+0000] {processor.py:650} INFO - DAG(s) dict_keys(['example_python_operator']) retrieved from /home/airflow/.local/lib/python3.7/site-packages/airflow/example_dags/example_python_operator.py
[2022-09-10T04:30:06.281+0000] {logging_mixin.py:115} INFO - [2022-09-10T04:30:06.281+0000] {dag.py:2429} INFO - Sync 1 DAGs
[2022-09-10T04:30:06.302+0000] {logging_mixin.py:115} INFO - [2022-09-10T04:30:06.302+0000] {dag.py:2981} INFO - Setting next_dagrun for example_python_operator to None, run_after=None
[2022-09-10T04:30:06.316+0000] {processor.py:161} INFO - Processing /home/airflow/.local/lib/python3.7/site-packages/airflow/example_dags/example_python_operator.py took 0.078 seconds
[2022-09-10T04:30:37.197+0000] {processor.py:153} INFO - Started process (PID=429) to work on /home/airflow/.local/lib/python3.7/site-packages/airflow/example_dags/example_python_operator.py
[2022-09-10T04:30:37.199+0000] {processor.py:640} INFO - Processing file /home/airflow/.local/lib/python3.7/site-packages/airflow/example_dags/example_python_operator.py for tasks to queue
[2022-09-10T04:30:37.199+0000] {logging_mixin.py:115} INFO - [2022-09-10T04:30:37.199+0000] {dagbag.py:508} INFO - Filling up the DagBag from /home/airflow/.local/lib/python3.7/site-packages/airflow/example_dags/example_python_operator.py
[2022-09-10T04:30:37.216+0000] {processor.py:650} INFO - DAG(s) dict_keys(['example_python_operator']) retrieved from /home/airflow/.local/lib/python3.7/site-packages/airflow/example_dags/example_python_operator.py
[2022-09-10T04:30:37.239+0000] {logging_mixin.py:115} INFO - [2022-09-10T04:30:37.239+0000] {dag.py:2429} INFO - Sync 1 DAGs
[2022-09-10T04:30:37.258+0000] {logging_mixin.py:115} INFO - [2022-09-10T04:30:37.258+0000] {dag.py:2981} INFO - Setting next_dagrun for example_python_operator to None, run_after=None
[2022-09-10T04:30:37.272+0000] {processor.py:161} INFO - Processing /home/airflow/.local/lib/python3.7/site-packages/airflow/example_dags/example_python_operator.py took 0.078 seconds
[2022-09-10T04:31:08.235+0000] {processor.py:153} INFO - Started process (PID=626) to work on /home/airflow/.local/lib/python3.7/site-packages/airflow/example_dags/example_python_operator.py
[2022-09-10T04:31:08.236+0000] {processor.py:640} INFO - Processing file /home/airflow/.local/lib/python3.7/site-packages/airflow/example_dags/example_python_operator.py for tasks to queue
[2022-09-10T04:31:08.237+0000] {logging_mixin.py:115} INFO - [2022-09-10T04:31:08.236+0000] {dagbag.py:508} INFO - Filling up the DagBag from /home/airflow/.local/lib/python3.7/site-packages/airflow/example_dags/example_python_operator.py
[2022-09-10T04:31:08.255+0000] {processor.py:650} INFO - DAG(s) dict_keys(['example_python_operator']) retrieved from /home/airflow/.local/lib/python3.7/site-packages/airflow/example_dags/example_python_operator.py
[2022-09-10T04:31:08.283+0000] {logging_mixin.py:115} INFO - [2022-09-10T04:31:08.282+0000] {dag.py:2429} INFO - Sync 1 DAGs
[2022-09-10T04:31:08.304+0000] {logging_mixin.py:115} INFO - [2022-09-10T04:31:08.304+0000] {dag.py:2981} INFO - Setting next_dagrun for example_python_operator to None, run_after=None
[2022-09-10T04:31:08.321+0000] {processor.py:161} INFO - Processing /home/airflow/.local/lib/python3.7/site-packages/airflow/example_dags/example_python_operator.py took 0.088 seconds
[2022-09-10T04:31:38.498+0000] {processor.py:153} INFO - Started process (PID=814) to work on /home/airflow/.local/lib/python3.7/site-packages/airflow/example_dags/example_python_operator.py
[2022-09-10T04:31:38.498+0000] {processor.py:640} INFO - Processing file /home/airflow/.local/lib/python3.7/site-packages/airflow/example_dags/example_python_operator.py for tasks to queue
[2022-09-10T04:31:38.499+0000] {logging_mixin.py:115} INFO - [2022-09-10T04:31:38.499+0000] {dagbag.py:508} INFO - Filling up the DagBag from /home/airflow/.local/lib/python3.7/site-packages/airflow/example_dags/example_python_operator.py
[2022-09-10T04:31:38.515+0000] {processor.py:650} INFO - DAG(s) dict_keys(['example_python_operator']) retrieved from /home/airflow/.local/lib/python3.7/site-packages/airflow/example_dags/example_python_operator.py
[2022-09-10T04:31:38.536+0000] {logging_mixin.py:115} INFO - [2022-09-10T04:31:38.536+0000] {dag.py:2429} INFO - Sync 1 DAGs
[2022-09-10T04:31:38.555+0000] {logging_mixin.py:115} INFO - [2022-09-10T04:31:38.555+0000] {dag.py:2981} INFO - Setting next_dagrun for example_python_operator to None, run_after=None
[2022-09-10T04:31:38.571+0000] {processor.py:161} INFO - Processing /home/airflow/.local/lib/python3.7/site-packages/airflow/example_dags/example_python_operator.py took 0.076 seconds
[2022-09-10T04:32:08.795+0000] {processor.py:153} INFO - Started process (PID=1029) to work on /home/airflow/.local/lib/python3.7/site-packages/airflow/example_dags/example_python_operator.py
[2022-09-10T04:32:08.796+0000] {processor.py:640} INFO - Processing file /home/airflow/.local/lib/python3.7/site-packages/airflow/example_dags/example_python_operator.py for tasks to queue
[2022-09-10T04:32:08.796+0000] {logging_mixin.py:115} INFO - [2022-09-10T04:32:08.796+0000] {dagbag.py:508} INFO - Filling up the DagBag from /home/airflow/.local/lib/python3.7/site-packages/airflow/example_dags/example_python_operator.py
[2022-09-10T04:32:08.819+0000] {processor.py:650} INFO - DAG(s) dict_keys(['example_python_operator']) retrieved from /home/airflow/.local/lib/python3.7/site-packages/airflow/example_dags/example_python_operator.py
[2022-09-10T04:32:08.847+0000] {logging_mixin.py:115} INFO - [2022-09-10T04:32:08.846+0000] {dag.py:2429} INFO - Sync 1 DAGs
[2022-09-10T04:32:08.873+0000] {logging_mixin.py:115} INFO - [2022-09-10T04:32:08.873+0000] {dag.py:2981} INFO - Setting next_dagrun for example_python_operator to None, run_after=None
[2022-09-10T04:32:08.890+0000] {processor.py:161} INFO - Processing /home/airflow/.local/lib/python3.7/site-packages/airflow/example_dags/example_python_operator.py took 0.098 seconds
[2022-09-10T04:32:39.832+0000] {processor.py:153} INFO - Started process (PID=1217) to work on /home/airflow/.local/lib/python3.7/site-packages/airflow/example_dags/example_python_operator.py
[2022-09-10T04:32:39.833+0000] {processor.py:640} INFO - Processing file /home/airflow/.local/lib/python3.7/site-packages/airflow/example_dags/example_python_operator.py for tasks to queue
[2022-09-10T04:32:39.833+0000] {logging_mixin.py:115} INFO - [2022-09-10T04:32:39.833+0000] {dagbag.py:508} INFO - Filling up the DagBag from /home/airflow/.local/lib/python3.7/site-packages/airflow/example_dags/example_python_operator.py
[2022-09-10T04:32:39.851+0000] {processor.py:650} INFO - DAG(s) dict_keys(['example_python_operator']) retrieved from /home/airflow/.local/lib/python3.7/site-packages/airflow/example_dags/example_python_operator.py
[2022-09-10T04:32:39.874+0000] {logging_mixin.py:115} INFO - [2022-09-10T04:32:39.874+0000] {dag.py:2429} INFO - Sync 1 DAGs
[2022-09-10T04:32:39.896+0000] {logging_mixin.py:115} INFO - [2022-09-10T04:32:39.896+0000] {dag.py:2981} INFO - Setting next_dagrun for example_python_operator to None, run_after=None
[2022-09-10T04:32:39.912+0000] {processor.py:161} INFO - Processing /home/airflow/.local/lib/python3.7/site-packages/airflow/example_dags/example_python_operator.py took 0.082 seconds
