[2022-09-10T04:17:50.335+0000] {processor.py:153} INFO - Started process (PID=257) to work on /home/airflow/.local/lib/python3.7/site-packages/airflow/example_dags/example_branch_datetime_operator.py
[2022-09-10T04:17:50.336+0000] {processor.py:640} INFO - Processing file /home/airflow/.local/lib/python3.7/site-packages/airflow/example_dags/example_branch_datetime_operator.py for tasks to queue
[2022-09-10T04:17:50.336+0000] {logging_mixin.py:115} INFO - [2022-09-10T04:17:50.336+0000] {dagbag.py:508} INFO - Filling up the DagBag from /home/airflow/.local/lib/python3.7/site-packages/airflow/example_dags/example_branch_datetime_operator.py
[2022-09-10T04:17:50.345+0000] {processor.py:650} INFO - DAG(s) dict_keys(['example_branch_datetime_operator', 'example_branch_datetime_operator_2']) retrieved from /home/airflow/.local/lib/python3.7/site-packages/airflow/example_dags/example_branch_datetime_operator.py
[2022-09-10T04:17:50.448+0000] {logging_mixin.py:115} INFO - [2022-09-10T04:17:50.448+0000] {manager.py:508} INFO - Created Permission View: can delete on DAG:example_branch_datetime_operator
[2022-09-10T04:17:50.463+0000] {logging_mixin.py:115} INFO - [2022-09-10T04:17:50.463+0000] {manager.py:508} INFO - Created Permission View: can read on DAG:example_branch_datetime_operator
[2022-09-10T04:17:50.477+0000] {logging_mixin.py:115} INFO - [2022-09-10T04:17:50.477+0000] {manager.py:508} INFO - Created Permission View: can edit on DAG:example_branch_datetime_operator
[2022-09-10T04:17:50.501+0000] {logging_mixin.py:115} INFO - [2022-09-10T04:17:50.501+0000] {manager.py:508} INFO - Created Permission View: can delete on DAG:example_branch_datetime_operator_2
[2022-09-10T04:17:50.512+0000] {logging_mixin.py:115} INFO - [2022-09-10T04:17:50.511+0000] {manager.py:508} INFO - Created Permission View: can read on DAG:example_branch_datetime_operator_2
[2022-09-10T04:17:50.523+0000] {logging_mixin.py:115} INFO - [2022-09-10T04:17:50.522+0000] {manager.py:508} INFO - Created Permission View: can edit on DAG:example_branch_datetime_operator_2
[2022-09-10T04:17:50.523+0000] {logging_mixin.py:115} INFO - [2022-09-10T04:17:50.523+0000] {dag.py:2429} INFO - Sync 2 DAGs
[2022-09-10T04:17:50.533+0000] {logging_mixin.py:115} INFO - [2022-09-10T04:17:50.533+0000] {dag.py:2448} INFO - Creating ORM DAG for example_branch_datetime_operator_2
[2022-09-10T04:17:50.534+0000] {logging_mixin.py:115} INFO - [2022-09-10T04:17:50.534+0000] {dag.py:2448} INFO - Creating ORM DAG for example_branch_datetime_operator
[2022-09-10T04:17:50.547+0000] {logging_mixin.py:115} INFO - [2022-09-10T04:17:50.547+0000] {dag.py:2981} INFO - Setting next_dagrun for example_branch_datetime_operator to 2022-09-09T00:00:00+00:00, run_after=2022-09-10T00:00:00+00:00
[2022-09-10T04:17:50.549+0000] {logging_mixin.py:115} INFO - [2022-09-10T04:17:50.549+0000] {dag.py:2981} INFO - Setting next_dagrun for example_branch_datetime_operator_2 to 2022-09-09T00:00:00+00:00, run_after=2022-09-10T00:00:00+00:00
[2022-09-10T04:17:50.571+0000] {processor.py:161} INFO - Processing /home/airflow/.local/lib/python3.7/site-packages/airflow/example_dags/example_branch_datetime_operator.py took 0.237 seconds
[2022-09-10T04:18:21.057+0000] {processor.py:153} INFO - Started process (PID=446) to work on /home/airflow/.local/lib/python3.7/site-packages/airflow/example_dags/example_branch_datetime_operator.py
[2022-09-10T04:18:21.058+0000] {processor.py:640} INFO - Processing file /home/airflow/.local/lib/python3.7/site-packages/airflow/example_dags/example_branch_datetime_operator.py for tasks to queue
[2022-09-10T04:18:21.058+0000] {logging_mixin.py:115} INFO - [2022-09-10T04:18:21.058+0000] {dagbag.py:508} INFO - Filling up the DagBag from /home/airflow/.local/lib/python3.7/site-packages/airflow/example_dags/example_branch_datetime_operator.py
[2022-09-10T04:18:21.065+0000] {processor.py:650} INFO - DAG(s) dict_keys(['example_branch_datetime_operator', 'example_branch_datetime_operator_2']) retrieved from /home/airflow/.local/lib/python3.7/site-packages/airflow/example_dags/example_branch_datetime_operator.py
[2022-09-10T04:18:21.087+0000] {logging_mixin.py:115} INFO - [2022-09-10T04:18:21.087+0000] {dag.py:2429} INFO - Sync 2 DAGs
[2022-09-10T04:18:21.111+0000] {logging_mixin.py:115} INFO - [2022-09-10T04:18:21.110+0000] {dag.py:2981} INFO - Setting next_dagrun for example_branch_datetime_operator to 2022-09-09T00:00:00+00:00, run_after=2022-09-10T00:00:00+00:00
[2022-09-10T04:18:21.112+0000] {logging_mixin.py:115} INFO - [2022-09-10T04:18:21.112+0000] {dag.py:2981} INFO - Setting next_dagrun for example_branch_datetime_operator_2 to 2022-09-09T00:00:00+00:00, run_after=2022-09-10T00:00:00+00:00
[2022-09-10T04:18:21.127+0000] {processor.py:161} INFO - Processing /home/airflow/.local/lib/python3.7/site-packages/airflow/example_dags/example_branch_datetime_operator.py took 0.072 seconds
[2022-09-10T04:18:51.250+0000] {processor.py:153} INFO - Started process (PID=643) to work on /home/airflow/.local/lib/python3.7/site-packages/airflow/example_dags/example_branch_datetime_operator.py
[2022-09-10T04:18:51.251+0000] {processor.py:640} INFO - Processing file /home/airflow/.local/lib/python3.7/site-packages/airflow/example_dags/example_branch_datetime_operator.py for tasks to queue
[2022-09-10T04:18:51.252+0000] {logging_mixin.py:115} INFO - [2022-09-10T04:18:51.251+0000] {dagbag.py:508} INFO - Filling up the DagBag from /home/airflow/.local/lib/python3.7/site-packages/airflow/example_dags/example_branch_datetime_operator.py
[2022-09-10T04:18:51.260+0000] {processor.py:650} INFO - DAG(s) dict_keys(['example_branch_datetime_operator', 'example_branch_datetime_operator_2']) retrieved from /home/airflow/.local/lib/python3.7/site-packages/airflow/example_dags/example_branch_datetime_operator.py
[2022-09-10T04:18:51.287+0000] {logging_mixin.py:115} INFO - [2022-09-10T04:18:51.286+0000] {dag.py:2429} INFO - Sync 2 DAGs
[2022-09-10T04:18:51.311+0000] {logging_mixin.py:115} INFO - [2022-09-10T04:18:51.311+0000] {dag.py:2981} INFO - Setting next_dagrun for example_branch_datetime_operator to 2022-09-09T00:00:00+00:00, run_after=2022-09-10T00:00:00+00:00
[2022-09-10T04:18:51.313+0000] {logging_mixin.py:115} INFO - [2022-09-10T04:18:51.313+0000] {dag.py:2981} INFO - Setting next_dagrun for example_branch_datetime_operator_2 to 2022-09-09T00:00:00+00:00, run_after=2022-09-10T00:00:00+00:00
[2022-09-10T04:18:51.327+0000] {processor.py:161} INFO - Processing /home/airflow/.local/lib/python3.7/site-packages/airflow/example_dags/example_branch_datetime_operator.py took 0.079 seconds
[2022-09-10T04:19:21.527+0000] {processor.py:153} INFO - Started process (PID=840) to work on /home/airflow/.local/lib/python3.7/site-packages/airflow/example_dags/example_branch_datetime_operator.py
[2022-09-10T04:19:21.528+0000] {processor.py:640} INFO - Processing file /home/airflow/.local/lib/python3.7/site-packages/airflow/example_dags/example_branch_datetime_operator.py for tasks to queue
[2022-09-10T04:19:21.529+0000] {logging_mixin.py:115} INFO - [2022-09-10T04:19:21.529+0000] {dagbag.py:508} INFO - Filling up the DagBag from /home/airflow/.local/lib/python3.7/site-packages/airflow/example_dags/example_branch_datetime_operator.py
[2022-09-10T04:19:21.541+0000] {processor.py:650} INFO - DAG(s) dict_keys(['example_branch_datetime_operator', 'example_branch_datetime_operator_2']) retrieved from /home/airflow/.local/lib/python3.7/site-packages/airflow/example_dags/example_branch_datetime_operator.py
[2022-09-10T04:19:21.581+0000] {logging_mixin.py:115} INFO - [2022-09-10T04:19:21.581+0000] {dag.py:2429} INFO - Sync 2 DAGs
[2022-09-10T04:19:21.611+0000] {logging_mixin.py:115} INFO - [2022-09-10T04:19:21.610+0000] {dag.py:2981} INFO - Setting next_dagrun for example_branch_datetime_operator to 2022-09-09T00:00:00+00:00, run_after=2022-09-10T00:00:00+00:00
[2022-09-10T04:19:21.613+0000] {logging_mixin.py:115} INFO - [2022-09-10T04:19:21.613+0000] {dag.py:2981} INFO - Setting next_dagrun for example_branch_datetime_operator_2 to 2022-09-09T00:00:00+00:00, run_after=2022-09-10T00:00:00+00:00
[2022-09-10T04:19:21.629+0000] {processor.py:161} INFO - Processing /home/airflow/.local/lib/python3.7/site-packages/airflow/example_dags/example_branch_datetime_operator.py took 0.105 seconds
[2022-09-10T04:19:51.712+0000] {processor.py:153} INFO - Started process (PID=1030) to work on /home/airflow/.local/lib/python3.7/site-packages/airflow/example_dags/example_branch_datetime_operator.py
[2022-09-10T04:19:51.713+0000] {processor.py:640} INFO - Processing file /home/airflow/.local/lib/python3.7/site-packages/airflow/example_dags/example_branch_datetime_operator.py for tasks to queue
[2022-09-10T04:19:51.713+0000] {logging_mixin.py:115} INFO - [2022-09-10T04:19:51.713+0000] {dagbag.py:508} INFO - Filling up the DagBag from /home/airflow/.local/lib/python3.7/site-packages/airflow/example_dags/example_branch_datetime_operator.py
[2022-09-10T04:19:51.719+0000] {processor.py:650} INFO - DAG(s) dict_keys(['example_branch_datetime_operator', 'example_branch_datetime_operator_2']) retrieved from /home/airflow/.local/lib/python3.7/site-packages/airflow/example_dags/example_branch_datetime_operator.py
[2022-09-10T04:19:51.743+0000] {logging_mixin.py:115} INFO - [2022-09-10T04:19:51.742+0000] {dag.py:2429} INFO - Sync 2 DAGs
[2022-09-10T04:19:51.767+0000] {logging_mixin.py:115} INFO - [2022-09-10T04:19:51.766+0000] {dag.py:2981} INFO - Setting next_dagrun for example_branch_datetime_operator to 2022-09-09T00:00:00+00:00, run_after=2022-09-10T00:00:00+00:00
[2022-09-10T04:19:51.768+0000] {logging_mixin.py:115} INFO - [2022-09-10T04:19:51.768+0000] {dag.py:2981} INFO - Setting next_dagrun for example_branch_datetime_operator_2 to 2022-09-09T00:00:00+00:00, run_after=2022-09-10T00:00:00+00:00
[2022-09-10T04:19:51.783+0000] {processor.py:161} INFO - Processing /home/airflow/.local/lib/python3.7/site-packages/airflow/example_dags/example_branch_datetime_operator.py took 0.073 seconds
[2022-09-10T04:20:21.900+0000] {processor.py:153} INFO - Started process (PID=1227) to work on /home/airflow/.local/lib/python3.7/site-packages/airflow/example_dags/example_branch_datetime_operator.py
[2022-09-10T04:20:21.901+0000] {processor.py:640} INFO - Processing file /home/airflow/.local/lib/python3.7/site-packages/airflow/example_dags/example_branch_datetime_operator.py for tasks to queue
[2022-09-10T04:20:21.902+0000] {logging_mixin.py:115} INFO - [2022-09-10T04:20:21.902+0000] {dagbag.py:508} INFO - Filling up the DagBag from /home/airflow/.local/lib/python3.7/site-packages/airflow/example_dags/example_branch_datetime_operator.py
[2022-09-10T04:20:21.908+0000] {processor.py:650} INFO - DAG(s) dict_keys(['example_branch_datetime_operator', 'example_branch_datetime_operator_2']) retrieved from /home/airflow/.local/lib/python3.7/site-packages/airflow/example_dags/example_branch_datetime_operator.py
[2022-09-10T04:20:21.930+0000] {logging_mixin.py:115} INFO - [2022-09-10T04:20:21.930+0000] {dag.py:2429} INFO - Sync 2 DAGs
[2022-09-10T04:20:21.952+0000] {logging_mixin.py:115} INFO - [2022-09-10T04:20:21.952+0000] {dag.py:2981} INFO - Setting next_dagrun for example_branch_datetime_operator to 2022-09-09T00:00:00+00:00, run_after=2022-09-10T00:00:00+00:00
[2022-09-10T04:20:21.953+0000] {logging_mixin.py:115} INFO - [2022-09-10T04:20:21.953+0000] {dag.py:2981} INFO - Setting next_dagrun for example_branch_datetime_operator_2 to 2022-09-09T00:00:00+00:00, run_after=2022-09-10T00:00:00+00:00
[2022-09-10T04:20:21.968+0000] {processor.py:161} INFO - Processing /home/airflow/.local/lib/python3.7/site-packages/airflow/example_dags/example_branch_datetime_operator.py took 0.071 seconds
[2022-09-10T04:26:39.221+0000] {processor.py:153} INFO - Started process (PID=247) to work on /home/airflow/.local/lib/python3.7/site-packages/airflow/example_dags/example_branch_datetime_operator.py
[2022-09-10T04:26:39.222+0000] {processor.py:640} INFO - Processing file /home/airflow/.local/lib/python3.7/site-packages/airflow/example_dags/example_branch_datetime_operator.py for tasks to queue
[2022-09-10T04:26:39.223+0000] {logging_mixin.py:115} INFO - [2022-09-10T04:26:39.223+0000] {dagbag.py:508} INFO - Filling up the DagBag from /home/airflow/.local/lib/python3.7/site-packages/airflow/example_dags/example_branch_datetime_operator.py
[2022-09-10T04:26:39.230+0000] {processor.py:650} INFO - DAG(s) dict_keys(['example_branch_datetime_operator', 'example_branch_datetime_operator_2']) retrieved from /home/airflow/.local/lib/python3.7/site-packages/airflow/example_dags/example_branch_datetime_operator.py
[2022-09-10T04:26:39.264+0000] {logging_mixin.py:115} INFO - [2022-09-10T04:26:39.264+0000] {dag.py:2429} INFO - Sync 2 DAGs
[2022-09-10T04:26:39.287+0000] {logging_mixin.py:115} INFO - [2022-09-10T04:26:39.287+0000] {dag.py:2981} INFO - Setting next_dagrun for example_branch_datetime_operator to 2022-09-09T00:00:00+00:00, run_after=2022-09-10T00:00:00+00:00
[2022-09-10T04:26:39.289+0000] {logging_mixin.py:115} INFO - [2022-09-10T04:26:39.289+0000] {dag.py:2981} INFO - Setting next_dagrun for example_branch_datetime_operator_2 to 2022-09-09T00:00:00+00:00, run_after=2022-09-10T00:00:00+00:00
[2022-09-10T04:26:39.304+0000] {processor.py:161} INFO - Processing /home/airflow/.local/lib/python3.7/site-packages/airflow/example_dags/example_branch_datetime_operator.py took 0.085 seconds
[2022-09-10T04:27:09.421+0000] {processor.py:153} INFO - Started process (PID=445) to work on /home/airflow/.local/lib/python3.7/site-packages/airflow/example_dags/example_branch_datetime_operator.py
[2022-09-10T04:27:09.422+0000] {processor.py:640} INFO - Processing file /home/airflow/.local/lib/python3.7/site-packages/airflow/example_dags/example_branch_datetime_operator.py for tasks to queue
[2022-09-10T04:27:09.422+0000] {logging_mixin.py:115} INFO - [2022-09-10T04:27:09.422+0000] {dagbag.py:508} INFO - Filling up the DagBag from /home/airflow/.local/lib/python3.7/site-packages/airflow/example_dags/example_branch_datetime_operator.py
[2022-09-10T04:27:09.429+0000] {processor.py:650} INFO - DAG(s) dict_keys(['example_branch_datetime_operator', 'example_branch_datetime_operator_2']) retrieved from /home/airflow/.local/lib/python3.7/site-packages/airflow/example_dags/example_branch_datetime_operator.py
[2022-09-10T04:27:09.454+0000] {logging_mixin.py:115} INFO - [2022-09-10T04:27:09.454+0000] {dag.py:2429} INFO - Sync 2 DAGs
[2022-09-10T04:27:09.475+0000] {logging_mixin.py:115} INFO - [2022-09-10T04:27:09.475+0000] {dag.py:2981} INFO - Setting next_dagrun for example_branch_datetime_operator to 2022-09-09T00:00:00+00:00, run_after=2022-09-10T00:00:00+00:00
[2022-09-10T04:27:09.476+0000] {logging_mixin.py:115} INFO - [2022-09-10T04:27:09.476+0000] {dag.py:2981} INFO - Setting next_dagrun for example_branch_datetime_operator_2 to 2022-09-09T00:00:00+00:00, run_after=2022-09-10T00:00:00+00:00
[2022-09-10T04:27:09.492+0000] {processor.py:161} INFO - Processing /home/airflow/.local/lib/python3.7/site-packages/airflow/example_dags/example_branch_datetime_operator.py took 0.073 seconds
[2022-09-10T04:27:40.440+0000] {processor.py:153} INFO - Started process (PID=642) to work on /home/airflow/.local/lib/python3.7/site-packages/airflow/example_dags/example_branch_datetime_operator.py
[2022-09-10T04:27:40.441+0000] {processor.py:640} INFO - Processing file /home/airflow/.local/lib/python3.7/site-packages/airflow/example_dags/example_branch_datetime_operator.py for tasks to queue
[2022-09-10T04:27:40.442+0000] {logging_mixin.py:115} INFO - [2022-09-10T04:27:40.442+0000] {dagbag.py:508} INFO - Filling up the DagBag from /home/airflow/.local/lib/python3.7/site-packages/airflow/example_dags/example_branch_datetime_operator.py
[2022-09-10T04:27:40.451+0000] {processor.py:650} INFO - DAG(s) dict_keys(['example_branch_datetime_operator', 'example_branch_datetime_operator_2']) retrieved from /home/airflow/.local/lib/python3.7/site-packages/airflow/example_dags/example_branch_datetime_operator.py
[2022-09-10T04:27:40.481+0000] {logging_mixin.py:115} INFO - [2022-09-10T04:27:40.481+0000] {dag.py:2429} INFO - Sync 2 DAGs
[2022-09-10T04:27:40.506+0000] {logging_mixin.py:115} INFO - [2022-09-10T04:27:40.506+0000] {dag.py:2981} INFO - Setting next_dagrun for example_branch_datetime_operator to 2022-09-09T00:00:00+00:00, run_after=2022-09-10T00:00:00+00:00
[2022-09-10T04:27:40.508+0000] {logging_mixin.py:115} INFO - [2022-09-10T04:27:40.508+0000] {dag.py:2981} INFO - Setting next_dagrun for example_branch_datetime_operator_2 to 2022-09-09T00:00:00+00:00, run_after=2022-09-10T00:00:00+00:00
[2022-09-10T04:27:40.525+0000] {processor.py:161} INFO - Processing /home/airflow/.local/lib/python3.7/site-packages/airflow/example_dags/example_branch_datetime_operator.py took 0.088 seconds
[2022-09-10T04:28:11.237+0000] {processor.py:153} INFO - Started process (PID=830) to work on /home/airflow/.local/lib/python3.7/site-packages/airflow/example_dags/example_branch_datetime_operator.py
[2022-09-10T04:28:11.238+0000] {processor.py:640} INFO - Processing file /home/airflow/.local/lib/python3.7/site-packages/airflow/example_dags/example_branch_datetime_operator.py for tasks to queue
[2022-09-10T04:28:11.238+0000] {logging_mixin.py:115} INFO - [2022-09-10T04:28:11.238+0000] {dagbag.py:508} INFO - Filling up the DagBag from /home/airflow/.local/lib/python3.7/site-packages/airflow/example_dags/example_branch_datetime_operator.py
[2022-09-10T04:28:11.246+0000] {processor.py:650} INFO - DAG(s) dict_keys(['example_branch_datetime_operator', 'example_branch_datetime_operator_2']) retrieved from /home/airflow/.local/lib/python3.7/site-packages/airflow/example_dags/example_branch_datetime_operator.py
[2022-09-10T04:28:11.274+0000] {logging_mixin.py:115} INFO - [2022-09-10T04:28:11.273+0000] {dag.py:2429} INFO - Sync 2 DAGs
[2022-09-10T04:28:11.294+0000] {logging_mixin.py:115} INFO - [2022-09-10T04:28:11.294+0000] {dag.py:2981} INFO - Setting next_dagrun for example_branch_datetime_operator to 2022-09-09T00:00:00+00:00, run_after=2022-09-10T00:00:00+00:00
[2022-09-10T04:28:11.295+0000] {logging_mixin.py:115} INFO - [2022-09-10T04:28:11.295+0000] {dag.py:2981} INFO - Setting next_dagrun for example_branch_datetime_operator_2 to 2022-09-09T00:00:00+00:00, run_after=2022-09-10T00:00:00+00:00
[2022-09-10T04:28:11.310+0000] {processor.py:161} INFO - Processing /home/airflow/.local/lib/python3.7/site-packages/airflow/example_dags/example_branch_datetime_operator.py took 0.075 seconds
[2022-09-10T04:28:42.121+0000] {processor.py:153} INFO - Started process (PID=1030) to work on /home/airflow/.local/lib/python3.7/site-packages/airflow/example_dags/example_branch_datetime_operator.py
[2022-09-10T04:28:42.121+0000] {processor.py:640} INFO - Processing file /home/airflow/.local/lib/python3.7/site-packages/airflow/example_dags/example_branch_datetime_operator.py for tasks to queue
[2022-09-10T04:28:42.122+0000] {logging_mixin.py:115} INFO - [2022-09-10T04:28:42.122+0000] {dagbag.py:508} INFO - Filling up the DagBag from /home/airflow/.local/lib/python3.7/site-packages/airflow/example_dags/example_branch_datetime_operator.py
[2022-09-10T04:28:42.130+0000] {processor.py:650} INFO - DAG(s) dict_keys(['example_branch_datetime_operator', 'example_branch_datetime_operator_2']) retrieved from /home/airflow/.local/lib/python3.7/site-packages/airflow/example_dags/example_branch_datetime_operator.py
[2022-09-10T04:28:42.156+0000] {logging_mixin.py:115} INFO - [2022-09-10T04:28:42.156+0000] {dag.py:2429} INFO - Sync 2 DAGs
[2022-09-10T04:28:42.179+0000] {logging_mixin.py:115} INFO - [2022-09-10T04:28:42.179+0000] {dag.py:2981} INFO - Setting next_dagrun for example_branch_datetime_operator to 2022-09-09T00:00:00+00:00, run_after=2022-09-10T00:00:00+00:00
[2022-09-10T04:28:42.181+0000] {logging_mixin.py:115} INFO - [2022-09-10T04:28:42.181+0000] {dag.py:2981} INFO - Setting next_dagrun for example_branch_datetime_operator_2 to 2022-09-09T00:00:00+00:00, run_after=2022-09-10T00:00:00+00:00
[2022-09-10T04:28:42.196+0000] {processor.py:161} INFO - Processing /home/airflow/.local/lib/python3.7/site-packages/airflow/example_dags/example_branch_datetime_operator.py took 0.078 seconds
[2022-09-10T04:30:06.421+0000] {processor.py:153} INFO - Started process (PID=248) to work on /home/airflow/.local/lib/python3.7/site-packages/airflow/example_dags/example_branch_datetime_operator.py
[2022-09-10T04:30:06.423+0000] {processor.py:640} INFO - Processing file /home/airflow/.local/lib/python3.7/site-packages/airflow/example_dags/example_branch_datetime_operator.py for tasks to queue
[2022-09-10T04:30:06.423+0000] {logging_mixin.py:115} INFO - [2022-09-10T04:30:06.423+0000] {dagbag.py:508} INFO - Filling up the DagBag from /home/airflow/.local/lib/python3.7/site-packages/airflow/example_dags/example_branch_datetime_operator.py
[2022-09-10T04:30:06.431+0000] {processor.py:650} INFO - DAG(s) dict_keys(['example_branch_datetime_operator', 'example_branch_datetime_operator_2']) retrieved from /home/airflow/.local/lib/python3.7/site-packages/airflow/example_dags/example_branch_datetime_operator.py
[2022-09-10T04:30:06.462+0000] {logging_mixin.py:115} INFO - [2022-09-10T04:30:06.462+0000] {dag.py:2429} INFO - Sync 2 DAGs
[2022-09-10T04:30:06.484+0000] {logging_mixin.py:115} INFO - [2022-09-10T04:30:06.484+0000] {dag.py:2981} INFO - Setting next_dagrun for example_branch_datetime_operator to 2022-09-09T00:00:00+00:00, run_after=2022-09-10T00:00:00+00:00
[2022-09-10T04:30:06.486+0000] {logging_mixin.py:115} INFO - [2022-09-10T04:30:06.485+0000] {dag.py:2981} INFO - Setting next_dagrun for example_branch_datetime_operator_2 to 2022-09-09T00:00:00+00:00, run_after=2022-09-10T00:00:00+00:00
[2022-09-10T04:30:06.499+0000] {processor.py:161} INFO - Processing /home/airflow/.local/lib/python3.7/site-packages/airflow/example_dags/example_branch_datetime_operator.py took 0.080 seconds
[2022-09-10T04:30:37.383+0000] {processor.py:153} INFO - Started process (PID=444) to work on /home/airflow/.local/lib/python3.7/site-packages/airflow/example_dags/example_branch_datetime_operator.py
[2022-09-10T04:30:37.384+0000] {processor.py:640} INFO - Processing file /home/airflow/.local/lib/python3.7/site-packages/airflow/example_dags/example_branch_datetime_operator.py for tasks to queue
[2022-09-10T04:30:37.385+0000] {logging_mixin.py:115} INFO - [2022-09-10T04:30:37.385+0000] {dagbag.py:508} INFO - Filling up the DagBag from /home/airflow/.local/lib/python3.7/site-packages/airflow/example_dags/example_branch_datetime_operator.py
[2022-09-10T04:30:37.393+0000] {processor.py:650} INFO - DAG(s) dict_keys(['example_branch_datetime_operator', 'example_branch_datetime_operator_2']) retrieved from /home/airflow/.local/lib/python3.7/site-packages/airflow/example_dags/example_branch_datetime_operator.py
[2022-09-10T04:30:37.424+0000] {logging_mixin.py:115} INFO - [2022-09-10T04:30:37.424+0000] {dag.py:2429} INFO - Sync 2 DAGs
[2022-09-10T04:30:37.449+0000] {logging_mixin.py:115} INFO - [2022-09-10T04:30:37.449+0000] {dag.py:2981} INFO - Setting next_dagrun for example_branch_datetime_operator to 2022-09-09T00:00:00+00:00, run_after=2022-09-10T00:00:00+00:00
[2022-09-10T04:30:37.451+0000] {logging_mixin.py:115} INFO - [2022-09-10T04:30:37.451+0000] {dag.py:2981} INFO - Setting next_dagrun for example_branch_datetime_operator_2 to 2022-09-09T00:00:00+00:00, run_after=2022-09-10T00:00:00+00:00
[2022-09-10T04:30:37.468+0000] {processor.py:161} INFO - Processing /home/airflow/.local/lib/python3.7/site-packages/airflow/example_dags/example_branch_datetime_operator.py took 0.087 seconds
[2022-09-10T04:31:08.440+0000] {processor.py:153} INFO - Started process (PID=643) to work on /home/airflow/.local/lib/python3.7/site-packages/airflow/example_dags/example_branch_datetime_operator.py
[2022-09-10T04:31:08.442+0000] {processor.py:640} INFO - Processing file /home/airflow/.local/lib/python3.7/site-packages/airflow/example_dags/example_branch_datetime_operator.py for tasks to queue
[2022-09-10T04:31:08.443+0000] {logging_mixin.py:115} INFO - [2022-09-10T04:31:08.443+0000] {dagbag.py:508} INFO - Filling up the DagBag from /home/airflow/.local/lib/python3.7/site-packages/airflow/example_dags/example_branch_datetime_operator.py
[2022-09-10T04:31:08.456+0000] {processor.py:650} INFO - DAG(s) dict_keys(['example_branch_datetime_operator', 'example_branch_datetime_operator_2']) retrieved from /home/airflow/.local/lib/python3.7/site-packages/airflow/example_dags/example_branch_datetime_operator.py
[2022-09-10T04:31:08.508+0000] {logging_mixin.py:115} INFO - [2022-09-10T04:31:08.508+0000] {dag.py:2429} INFO - Sync 2 DAGs
[2022-09-10T04:31:08.575+0000] {logging_mixin.py:115} INFO - [2022-09-10T04:31:08.575+0000] {dag.py:2981} INFO - Setting next_dagrun for example_branch_datetime_operator to 2022-09-09T00:00:00+00:00, run_after=2022-09-10T00:00:00+00:00
[2022-09-10T04:31:08.580+0000] {logging_mixin.py:115} INFO - [2022-09-10T04:31:08.579+0000] {dag.py:2981} INFO - Setting next_dagrun for example_branch_datetime_operator_2 to 2022-09-09T00:00:00+00:00, run_after=2022-09-10T00:00:00+00:00
[2022-09-10T04:31:08.600+0000] {processor.py:161} INFO - Processing /home/airflow/.local/lib/python3.7/site-packages/airflow/example_dags/example_branch_datetime_operator.py took 0.164 seconds
[2022-09-10T04:31:38.683+0000] {processor.py:153} INFO - Started process (PID=829) to work on /home/airflow/.local/lib/python3.7/site-packages/airflow/example_dags/example_branch_datetime_operator.py
[2022-09-10T04:31:38.684+0000] {processor.py:640} INFO - Processing file /home/airflow/.local/lib/python3.7/site-packages/airflow/example_dags/example_branch_datetime_operator.py for tasks to queue
[2022-09-10T04:31:38.685+0000] {logging_mixin.py:115} INFO - [2022-09-10T04:31:38.685+0000] {dagbag.py:508} INFO - Filling up the DagBag from /home/airflow/.local/lib/python3.7/site-packages/airflow/example_dags/example_branch_datetime_operator.py
[2022-09-10T04:31:38.694+0000] {processor.py:650} INFO - DAG(s) dict_keys(['example_branch_datetime_operator', 'example_branch_datetime_operator_2']) retrieved from /home/airflow/.local/lib/python3.7/site-packages/airflow/example_dags/example_branch_datetime_operator.py
[2022-09-10T04:31:38.729+0000] {logging_mixin.py:115} INFO - [2022-09-10T04:31:38.729+0000] {dag.py:2429} INFO - Sync 2 DAGs
[2022-09-10T04:31:38.755+0000] {logging_mixin.py:115} INFO - [2022-09-10T04:31:38.755+0000] {dag.py:2981} INFO - Setting next_dagrun for example_branch_datetime_operator to 2022-09-09T00:00:00+00:00, run_after=2022-09-10T00:00:00+00:00
[2022-09-10T04:31:38.756+0000] {logging_mixin.py:115} INFO - [2022-09-10T04:31:38.756+0000] {dag.py:2981} INFO - Setting next_dagrun for example_branch_datetime_operator_2 to 2022-09-09T00:00:00+00:00, run_after=2022-09-10T00:00:00+00:00
[2022-09-10T04:31:38.771+0000] {processor.py:161} INFO - Processing /home/airflow/.local/lib/python3.7/site-packages/airflow/example_dags/example_branch_datetime_operator.py took 0.091 seconds
[2022-09-10T04:32:09.020+0000] {processor.py:153} INFO - Started process (PID=1044) to work on /home/airflow/.local/lib/python3.7/site-packages/airflow/example_dags/example_branch_datetime_operator.py
[2022-09-10T04:32:09.021+0000] {processor.py:640} INFO - Processing file /home/airflow/.local/lib/python3.7/site-packages/airflow/example_dags/example_branch_datetime_operator.py for tasks to queue
[2022-09-10T04:32:09.021+0000] {logging_mixin.py:115} INFO - [2022-09-10T04:32:09.021+0000] {dagbag.py:508} INFO - Filling up the DagBag from /home/airflow/.local/lib/python3.7/site-packages/airflow/example_dags/example_branch_datetime_operator.py
[2022-09-10T04:32:09.027+0000] {processor.py:650} INFO - DAG(s) dict_keys(['example_branch_datetime_operator', 'example_branch_datetime_operator_2']) retrieved from /home/airflow/.local/lib/python3.7/site-packages/airflow/example_dags/example_branch_datetime_operator.py
[2022-09-10T04:32:09.053+0000] {logging_mixin.py:115} INFO - [2022-09-10T04:32:09.053+0000] {dag.py:2429} INFO - Sync 2 DAGs
[2022-09-10T04:32:09.074+0000] {logging_mixin.py:115} INFO - [2022-09-10T04:32:09.074+0000] {dag.py:2981} INFO - Setting next_dagrun for example_branch_datetime_operator to 2022-09-09T00:00:00+00:00, run_after=2022-09-10T00:00:00+00:00
[2022-09-10T04:32:09.076+0000] {logging_mixin.py:115} INFO - [2022-09-10T04:32:09.076+0000] {dag.py:2981} INFO - Setting next_dagrun for example_branch_datetime_operator_2 to 2022-09-09T00:00:00+00:00, run_after=2022-09-10T00:00:00+00:00
[2022-09-10T04:32:09.091+0000] {processor.py:161} INFO - Processing /home/airflow/.local/lib/python3.7/site-packages/airflow/example_dags/example_branch_datetime_operator.py took 0.073 seconds
[2022-09-10T04:32:39.968+0000] {processor.py:153} INFO - Started process (PID=1232) to work on /home/airflow/.local/lib/python3.7/site-packages/airflow/example_dags/example_branch_datetime_operator.py
[2022-09-10T04:32:39.968+0000] {processor.py:640} INFO - Processing file /home/airflow/.local/lib/python3.7/site-packages/airflow/example_dags/example_branch_datetime_operator.py for tasks to queue
[2022-09-10T04:32:39.969+0000] {logging_mixin.py:115} INFO - [2022-09-10T04:32:39.968+0000] {dagbag.py:508} INFO - Filling up the DagBag from /home/airflow/.local/lib/python3.7/site-packages/airflow/example_dags/example_branch_datetime_operator.py
[2022-09-10T04:32:39.978+0000] {processor.py:650} INFO - DAG(s) dict_keys(['example_branch_datetime_operator', 'example_branch_datetime_operator_2']) retrieved from /home/airflow/.local/lib/python3.7/site-packages/airflow/example_dags/example_branch_datetime_operator.py
[2022-09-10T04:32:40.006+0000] {logging_mixin.py:115} INFO - [2022-09-10T04:32:40.005+0000] {dag.py:2429} INFO - Sync 2 DAGs
[2022-09-10T04:32:40.027+0000] {logging_mixin.py:115} INFO - [2022-09-10T04:32:40.027+0000] {dag.py:2981} INFO - Setting next_dagrun for example_branch_datetime_operator to 2022-09-09T00:00:00+00:00, run_after=2022-09-10T00:00:00+00:00
[2022-09-10T04:32:40.029+0000] {logging_mixin.py:115} INFO - [2022-09-10T04:32:40.029+0000] {dag.py:2981} INFO - Setting next_dagrun for example_branch_datetime_operator_2 to 2022-09-09T00:00:00+00:00, run_after=2022-09-10T00:00:00+00:00
[2022-09-10T04:32:40.045+0000] {processor.py:161} INFO - Processing /home/airflow/.local/lib/python3.7/site-packages/airflow/example_dags/example_branch_datetime_operator.py took 0.080 seconds
