[2022-09-10T04:17:48.933+0000] {processor.py:153} INFO - Started process (PID=200) to work on /home/airflow/.local/lib/python3.7/site-packages/airflow/example_dags/example_latest_only.py
[2022-09-10T04:17:48.933+0000] {processor.py:640} INFO - Processing file /home/airflow/.local/lib/python3.7/site-packages/airflow/example_dags/example_latest_only.py for tasks to queue
[2022-09-10T04:17:48.934+0000] {logging_mixin.py:115} INFO - [2022-09-10T04:17:48.933+0000] {dagbag.py:508} INFO - Filling up the DagBag from /home/airflow/.local/lib/python3.7/site-packages/airflow/example_dags/example_latest_only.py
[2022-09-10T04:17:48.938+0000] {processor.py:650} INFO - DAG(s) dict_keys(['latest_only']) retrieved from /home/airflow/.local/lib/python3.7/site-packages/airflow/example_dags/example_latest_only.py
[2022-09-10T04:17:49.031+0000] {logging_mixin.py:115} INFO - [2022-09-10T04:17:49.031+0000] {manager.py:508} INFO - Created Permission View: can delete on DAG:latest_only
[2022-09-10T04:17:49.045+0000] {logging_mixin.py:115} INFO - [2022-09-10T04:17:49.045+0000] {manager.py:508} INFO - Created Permission View: can read on DAG:latest_only
[2022-09-10T04:17:49.055+0000] {logging_mixin.py:115} INFO - [2022-09-10T04:17:49.055+0000] {manager.py:508} INFO - Created Permission View: can edit on DAG:latest_only
[2022-09-10T04:17:49.056+0000] {logging_mixin.py:115} INFO - [2022-09-10T04:17:49.056+0000] {dag.py:2429} INFO - Sync 1 DAGs
[2022-09-10T04:17:49.067+0000] {logging_mixin.py:115} INFO - [2022-09-10T04:17:49.067+0000] {dag.py:2448} INFO - Creating ORM DAG for latest_only
[2022-09-10T04:17:49.081+0000] {logging_mixin.py:115} INFO - [2022-09-10T04:17:49.081+0000] {dag.py:2981} INFO - Setting next_dagrun for latest_only to 2022-09-10T00:17:49.080757+00:00, run_after=2022-09-10T04:17:49.080757+00:00
[2022-09-10T04:17:49.103+0000] {processor.py:161} INFO - Processing /home/airflow/.local/lib/python3.7/site-packages/airflow/example_dags/example_latest_only.py took 0.173 seconds
[2022-09-10T04:18:19.442+0000] {processor.py:153} INFO - Started process (PID=391) to work on /home/airflow/.local/lib/python3.7/site-packages/airflow/example_dags/example_latest_only.py
[2022-09-10T04:18:19.443+0000] {processor.py:640} INFO - Processing file /home/airflow/.local/lib/python3.7/site-packages/airflow/example_dags/example_latest_only.py for tasks to queue
[2022-09-10T04:18:19.444+0000] {logging_mixin.py:115} INFO - [2022-09-10T04:18:19.443+0000] {dagbag.py:508} INFO - Filling up the DagBag from /home/airflow/.local/lib/python3.7/site-packages/airflow/example_dags/example_latest_only.py
[2022-09-10T04:18:19.447+0000] {processor.py:650} INFO - DAG(s) dict_keys(['latest_only']) retrieved from /home/airflow/.local/lib/python3.7/site-packages/airflow/example_dags/example_latest_only.py
[2022-09-10T04:18:19.467+0000] {logging_mixin.py:115} INFO - [2022-09-10T04:18:19.466+0000] {dag.py:2429} INFO - Sync 1 DAGs
[2022-09-10T04:18:19.487+0000] {logging_mixin.py:115} INFO - [2022-09-10T04:18:19.487+0000] {dag.py:2981} INFO - Setting next_dagrun for latest_only to 2022-09-10T00:18:19.487400+00:00, run_after=2022-09-10T04:18:19.487400+00:00
[2022-09-10T04:18:19.502+0000] {processor.py:161} INFO - Processing /home/airflow/.local/lib/python3.7/site-packages/airflow/example_dags/example_latest_only.py took 0.062 seconds
[2022-09-10T04:18:49.555+0000] {processor.py:153} INFO - Started process (PID=583) to work on /home/airflow/.local/lib/python3.7/site-packages/airflow/example_dags/example_latest_only.py
[2022-09-10T04:18:49.556+0000] {processor.py:640} INFO - Processing file /home/airflow/.local/lib/python3.7/site-packages/airflow/example_dags/example_latest_only.py for tasks to queue
[2022-09-10T04:18:49.557+0000] {logging_mixin.py:115} INFO - [2022-09-10T04:18:49.556+0000] {dagbag.py:508} INFO - Filling up the DagBag from /home/airflow/.local/lib/python3.7/site-packages/airflow/example_dags/example_latest_only.py
[2022-09-10T04:18:49.561+0000] {processor.py:650} INFO - DAG(s) dict_keys(['latest_only']) retrieved from /home/airflow/.local/lib/python3.7/site-packages/airflow/example_dags/example_latest_only.py
[2022-09-10T04:18:49.583+0000] {logging_mixin.py:115} INFO - [2022-09-10T04:18:49.583+0000] {dag.py:2429} INFO - Sync 1 DAGs
[2022-09-10T04:18:49.608+0000] {logging_mixin.py:115} INFO - [2022-09-10T04:18:49.607+0000] {dag.py:2981} INFO - Setting next_dagrun for latest_only to 2022-09-10T00:18:49.607298+00:00, run_after=2022-09-10T04:18:49.607298+00:00
[2022-09-10T04:18:49.624+0000] {processor.py:161} INFO - Processing /home/airflow/.local/lib/python3.7/site-packages/airflow/example_dags/example_latest_only.py took 0.071 seconds
[2022-09-10T04:19:19.664+0000] {processor.py:153} INFO - Started process (PID=771) to work on /home/airflow/.local/lib/python3.7/site-packages/airflow/example_dags/example_latest_only.py
[2022-09-10T04:19:19.665+0000] {processor.py:640} INFO - Processing file /home/airflow/.local/lib/python3.7/site-packages/airflow/example_dags/example_latest_only.py for tasks to queue
[2022-09-10T04:19:19.665+0000] {logging_mixin.py:115} INFO - [2022-09-10T04:19:19.665+0000] {dagbag.py:508} INFO - Filling up the DagBag from /home/airflow/.local/lib/python3.7/site-packages/airflow/example_dags/example_latest_only.py
[2022-09-10T04:19:19.669+0000] {processor.py:650} INFO - DAG(s) dict_keys(['latest_only']) retrieved from /home/airflow/.local/lib/python3.7/site-packages/airflow/example_dags/example_latest_only.py
[2022-09-10T04:19:19.689+0000] {logging_mixin.py:115} INFO - [2022-09-10T04:19:19.689+0000] {dag.py:2429} INFO - Sync 1 DAGs
[2022-09-10T04:19:19.707+0000] {logging_mixin.py:115} INFO - [2022-09-10T04:19:19.707+0000] {dag.py:2981} INFO - Setting next_dagrun for latest_only to 2022-09-10T00:19:19.707154+00:00, run_after=2022-09-10T04:19:19.707154+00:00
[2022-09-10T04:19:19.725+0000] {processor.py:161} INFO - Processing /home/airflow/.local/lib/python3.7/site-packages/airflow/example_dags/example_latest_only.py took 0.063 seconds
[2022-09-10T04:19:50.007+0000] {processor.py:153} INFO - Started process (PID=970) to work on /home/airflow/.local/lib/python3.7/site-packages/airflow/example_dags/example_latest_only.py
[2022-09-10T04:19:50.007+0000] {processor.py:640} INFO - Processing file /home/airflow/.local/lib/python3.7/site-packages/airflow/example_dags/example_latest_only.py for tasks to queue
[2022-09-10T04:19:50.008+0000] {logging_mixin.py:115} INFO - [2022-09-10T04:19:50.008+0000] {dagbag.py:508} INFO - Filling up the DagBag from /home/airflow/.local/lib/python3.7/site-packages/airflow/example_dags/example_latest_only.py
[2022-09-10T04:19:50.011+0000] {processor.py:650} INFO - DAG(s) dict_keys(['latest_only']) retrieved from /home/airflow/.local/lib/python3.7/site-packages/airflow/example_dags/example_latest_only.py
[2022-09-10T04:19:50.032+0000] {logging_mixin.py:115} INFO - [2022-09-10T04:19:50.031+0000] {dag.py:2429} INFO - Sync 1 DAGs
[2022-09-10T04:19:50.051+0000] {logging_mixin.py:115} INFO - [2022-09-10T04:19:50.051+0000] {dag.py:2981} INFO - Setting next_dagrun for latest_only to 2022-09-10T00:19:50.050881+00:00, run_after=2022-09-10T04:19:50.050881+00:00
[2022-09-10T04:19:50.065+0000] {processor.py:161} INFO - Processing /home/airflow/.local/lib/python3.7/site-packages/airflow/example_dags/example_latest_only.py took 0.060 seconds
[2022-09-10T04:20:20.199+0000] {processor.py:153} INFO - Started process (PID=1165) to work on /home/airflow/.local/lib/python3.7/site-packages/airflow/example_dags/example_latest_only.py
[2022-09-10T04:20:20.200+0000] {processor.py:640} INFO - Processing file /home/airflow/.local/lib/python3.7/site-packages/airflow/example_dags/example_latest_only.py for tasks to queue
[2022-09-10T04:20:20.201+0000] {logging_mixin.py:115} INFO - [2022-09-10T04:20:20.201+0000] {dagbag.py:508} INFO - Filling up the DagBag from /home/airflow/.local/lib/python3.7/site-packages/airflow/example_dags/example_latest_only.py
[2022-09-10T04:20:20.205+0000] {processor.py:650} INFO - DAG(s) dict_keys(['latest_only']) retrieved from /home/airflow/.local/lib/python3.7/site-packages/airflow/example_dags/example_latest_only.py
[2022-09-10T04:20:20.232+0000] {logging_mixin.py:115} INFO - [2022-09-10T04:20:20.232+0000] {dag.py:2429} INFO - Sync 1 DAGs
[2022-09-10T04:20:20.261+0000] {logging_mixin.py:115} INFO - [2022-09-10T04:20:20.260+0000] {dag.py:2981} INFO - Setting next_dagrun for latest_only to 2022-09-10T00:20:20.260731+00:00, run_after=2022-09-10T04:20:20.260731+00:00
[2022-09-10T04:20:20.284+0000] {processor.py:161} INFO - Processing /home/airflow/.local/lib/python3.7/site-packages/airflow/example_dags/example_latest_only.py took 0.088 seconds
[2022-09-10T04:26:38.353+0000] {processor.py:153} INFO - Started process (PID=192) to work on /home/airflow/.local/lib/python3.7/site-packages/airflow/example_dags/example_latest_only.py
[2022-09-10T04:26:38.354+0000] {processor.py:640} INFO - Processing file /home/airflow/.local/lib/python3.7/site-packages/airflow/example_dags/example_latest_only.py for tasks to queue
[2022-09-10T04:26:38.355+0000] {logging_mixin.py:115} INFO - [2022-09-10T04:26:38.355+0000] {dagbag.py:508} INFO - Filling up the DagBag from /home/airflow/.local/lib/python3.7/site-packages/airflow/example_dags/example_latest_only.py
[2022-09-10T04:26:38.360+0000] {processor.py:650} INFO - DAG(s) dict_keys(['latest_only']) retrieved from /home/airflow/.local/lib/python3.7/site-packages/airflow/example_dags/example_latest_only.py
[2022-09-10T04:26:38.396+0000] {logging_mixin.py:115} INFO - [2022-09-10T04:26:38.396+0000] {dag.py:2429} INFO - Sync 1 DAGs
[2022-09-10T04:26:38.426+0000] {logging_mixin.py:115} INFO - [2022-09-10T04:26:38.425+0000] {dag.py:2981} INFO - Setting next_dagrun for latest_only to 2022-09-10T00:26:38.425743+00:00, run_after=2022-09-10T04:26:38.425743+00:00
[2022-09-10T04:26:38.442+0000] {processor.py:161} INFO - Processing /home/airflow/.local/lib/python3.7/site-packages/airflow/example_dags/example_latest_only.py took 0.092 seconds
[2022-09-10T04:27:08.759+0000] {processor.py:153} INFO - Started process (PID=390) to work on /home/airflow/.local/lib/python3.7/site-packages/airflow/example_dags/example_latest_only.py
[2022-09-10T04:27:08.760+0000] {processor.py:640} INFO - Processing file /home/airflow/.local/lib/python3.7/site-packages/airflow/example_dags/example_latest_only.py for tasks to queue
[2022-09-10T04:27:08.760+0000] {logging_mixin.py:115} INFO - [2022-09-10T04:27:08.760+0000] {dagbag.py:508} INFO - Filling up the DagBag from /home/airflow/.local/lib/python3.7/site-packages/airflow/example_dags/example_latest_only.py
[2022-09-10T04:27:08.764+0000] {processor.py:650} INFO - DAG(s) dict_keys(['latest_only']) retrieved from /home/airflow/.local/lib/python3.7/site-packages/airflow/example_dags/example_latest_only.py
[2022-09-10T04:27:08.790+0000] {logging_mixin.py:115} INFO - [2022-09-10T04:27:08.789+0000] {dag.py:2429} INFO - Sync 1 DAGs
[2022-09-10T04:27:08.810+0000] {logging_mixin.py:115} INFO - [2022-09-10T04:27:08.810+0000] {dag.py:2981} INFO - Setting next_dagrun for latest_only to 2022-09-10T00:27:08.810277+00:00, run_after=2022-09-10T04:27:08.810277+00:00
[2022-09-10T04:27:08.826+0000] {processor.py:161} INFO - Processing /home/airflow/.local/lib/python3.7/site-packages/airflow/example_dags/example_latest_only.py took 0.070 seconds
[2022-09-10T04:27:39.768+0000] {processor.py:153} INFO - Started process (PID=578) to work on /home/airflow/.local/lib/python3.7/site-packages/airflow/example_dags/example_latest_only.py
[2022-09-10T04:27:39.769+0000] {processor.py:640} INFO - Processing file /home/airflow/.local/lib/python3.7/site-packages/airflow/example_dags/example_latest_only.py for tasks to queue
[2022-09-10T04:27:39.770+0000] {logging_mixin.py:115} INFO - [2022-09-10T04:27:39.769+0000] {dagbag.py:508} INFO - Filling up the DagBag from /home/airflow/.local/lib/python3.7/site-packages/airflow/example_dags/example_latest_only.py
[2022-09-10T04:27:39.773+0000] {processor.py:650} INFO - DAG(s) dict_keys(['latest_only']) retrieved from /home/airflow/.local/lib/python3.7/site-packages/airflow/example_dags/example_latest_only.py
[2022-09-10T04:27:39.793+0000] {logging_mixin.py:115} INFO - [2022-09-10T04:27:39.793+0000] {dag.py:2429} INFO - Sync 1 DAGs
[2022-09-10T04:27:39.811+0000] {logging_mixin.py:115} INFO - [2022-09-10T04:27:39.811+0000] {dag.py:2981} INFO - Setting next_dagrun for latest_only to 2022-09-10T00:27:39.811202+00:00, run_after=2022-09-10T04:27:39.811202+00:00
[2022-09-10T04:27:39.825+0000] {processor.py:161} INFO - Processing /home/airflow/.local/lib/python3.7/site-packages/airflow/example_dags/example_latest_only.py took 0.059 seconds
[2022-09-10T04:28:10.658+0000] {processor.py:153} INFO - Started process (PID=775) to work on /home/airflow/.local/lib/python3.7/site-packages/airflow/example_dags/example_latest_only.py
[2022-09-10T04:28:10.659+0000] {processor.py:640} INFO - Processing file /home/airflow/.local/lib/python3.7/site-packages/airflow/example_dags/example_latest_only.py for tasks to queue
[2022-09-10T04:28:10.659+0000] {logging_mixin.py:115} INFO - [2022-09-10T04:28:10.659+0000] {dagbag.py:508} INFO - Filling up the DagBag from /home/airflow/.local/lib/python3.7/site-packages/airflow/example_dags/example_latest_only.py
[2022-09-10T04:28:10.662+0000] {processor.py:650} INFO - DAG(s) dict_keys(['latest_only']) retrieved from /home/airflow/.local/lib/python3.7/site-packages/airflow/example_dags/example_latest_only.py
[2022-09-10T04:28:10.683+0000] {logging_mixin.py:115} INFO - [2022-09-10T04:28:10.682+0000] {dag.py:2429} INFO - Sync 1 DAGs
[2022-09-10T04:28:10.701+0000] {logging_mixin.py:115} INFO - [2022-09-10T04:28:10.701+0000] {dag.py:2981} INFO - Setting next_dagrun for latest_only to 2022-09-10T00:28:10.701624+00:00, run_after=2022-09-10T04:28:10.701624+00:00
[2022-09-10T04:28:10.715+0000] {processor.py:161} INFO - Processing /home/airflow/.local/lib/python3.7/site-packages/airflow/example_dags/example_latest_only.py took 0.059 seconds
[2022-09-10T04:28:41.432+0000] {processor.py:153} INFO - Started process (PID=973) to work on /home/airflow/.local/lib/python3.7/site-packages/airflow/example_dags/example_latest_only.py
[2022-09-10T04:28:41.433+0000] {processor.py:640} INFO - Processing file /home/airflow/.local/lib/python3.7/site-packages/airflow/example_dags/example_latest_only.py for tasks to queue
[2022-09-10T04:28:41.433+0000] {logging_mixin.py:115} INFO - [2022-09-10T04:28:41.433+0000] {dagbag.py:508} INFO - Filling up the DagBag from /home/airflow/.local/lib/python3.7/site-packages/airflow/example_dags/example_latest_only.py
[2022-09-10T04:28:41.437+0000] {processor.py:650} INFO - DAG(s) dict_keys(['latest_only']) retrieved from /home/airflow/.local/lib/python3.7/site-packages/airflow/example_dags/example_latest_only.py
[2022-09-10T04:28:41.458+0000] {logging_mixin.py:115} INFO - [2022-09-10T04:28:41.458+0000] {dag.py:2429} INFO - Sync 1 DAGs
[2022-09-10T04:28:41.482+0000] {logging_mixin.py:115} INFO - [2022-09-10T04:28:41.482+0000] {dag.py:2981} INFO - Setting next_dagrun for latest_only to 2022-09-10T00:28:41.481639+00:00, run_after=2022-09-10T04:28:41.481639+00:00
[2022-09-10T04:28:41.508+0000] {processor.py:161} INFO - Processing /home/airflow/.local/lib/python3.7/site-packages/airflow/example_dags/example_latest_only.py took 0.078 seconds
[2022-09-10T04:30:05.791+0000] {processor.py:153} INFO - Started process (PID=192) to work on /home/airflow/.local/lib/python3.7/site-packages/airflow/example_dags/example_latest_only.py
[2022-09-10T04:30:05.792+0000] {processor.py:640} INFO - Processing file /home/airflow/.local/lib/python3.7/site-packages/airflow/example_dags/example_latest_only.py for tasks to queue
[2022-09-10T04:30:05.792+0000] {logging_mixin.py:115} INFO - [2022-09-10T04:30:05.792+0000] {dagbag.py:508} INFO - Filling up the DagBag from /home/airflow/.local/lib/python3.7/site-packages/airflow/example_dags/example_latest_only.py
[2022-09-10T04:30:05.795+0000] {processor.py:650} INFO - DAG(s) dict_keys(['latest_only']) retrieved from /home/airflow/.local/lib/python3.7/site-packages/airflow/example_dags/example_latest_only.py
[2022-09-10T04:30:05.818+0000] {logging_mixin.py:115} INFO - [2022-09-10T04:30:05.817+0000] {dag.py:2429} INFO - Sync 1 DAGs
[2022-09-10T04:30:05.838+0000] {logging_mixin.py:115} INFO - [2022-09-10T04:30:05.838+0000] {dag.py:2981} INFO - Setting next_dagrun for latest_only to 2022-09-10T00:30:05.838149+00:00, run_after=2022-09-10T04:30:05.838149+00:00
[2022-09-10T04:30:05.850+0000] {processor.py:161} INFO - Processing /home/airflow/.local/lib/python3.7/site-packages/airflow/example_dags/example_latest_only.py took 0.061 seconds
[2022-09-10T04:30:36.756+0000] {processor.py:153} INFO - Started process (PID=389) to work on /home/airflow/.local/lib/python3.7/site-packages/airflow/example_dags/example_latest_only.py
[2022-09-10T04:30:36.757+0000] {processor.py:640} INFO - Processing file /home/airflow/.local/lib/python3.7/site-packages/airflow/example_dags/example_latest_only.py for tasks to queue
[2022-09-10T04:30:36.758+0000] {logging_mixin.py:115} INFO - [2022-09-10T04:30:36.757+0000] {dagbag.py:508} INFO - Filling up the DagBag from /home/airflow/.local/lib/python3.7/site-packages/airflow/example_dags/example_latest_only.py
[2022-09-10T04:30:36.761+0000] {processor.py:650} INFO - DAG(s) dict_keys(['latest_only']) retrieved from /home/airflow/.local/lib/python3.7/site-packages/airflow/example_dags/example_latest_only.py
[2022-09-10T04:30:36.784+0000] {logging_mixin.py:115} INFO - [2022-09-10T04:30:36.783+0000] {dag.py:2429} INFO - Sync 1 DAGs
[2022-09-10T04:30:36.803+0000] {logging_mixin.py:115} INFO - [2022-09-10T04:30:36.803+0000] {dag.py:2981} INFO - Setting next_dagrun for latest_only to 2022-09-10T00:30:36.803287+00:00, run_after=2022-09-10T04:30:36.803287+00:00
[2022-09-10T04:30:36.818+0000] {processor.py:161} INFO - Processing /home/airflow/.local/lib/python3.7/site-packages/airflow/example_dags/example_latest_only.py took 0.063 seconds
[2022-09-10T04:31:07.707+0000] {processor.py:153} INFO - Started process (PID=586) to work on /home/airflow/.local/lib/python3.7/site-packages/airflow/example_dags/example_latest_only.py
[2022-09-10T04:31:07.707+0000] {processor.py:640} INFO - Processing file /home/airflow/.local/lib/python3.7/site-packages/airflow/example_dags/example_latest_only.py for tasks to queue
[2022-09-10T04:31:07.708+0000] {logging_mixin.py:115} INFO - [2022-09-10T04:31:07.708+0000] {dagbag.py:508} INFO - Filling up the DagBag from /home/airflow/.local/lib/python3.7/site-packages/airflow/example_dags/example_latest_only.py
[2022-09-10T04:31:07.712+0000] {processor.py:650} INFO - DAG(s) dict_keys(['latest_only']) retrieved from /home/airflow/.local/lib/python3.7/site-packages/airflow/example_dags/example_latest_only.py
[2022-09-10T04:31:07.741+0000] {logging_mixin.py:115} INFO - [2022-09-10T04:31:07.741+0000] {dag.py:2429} INFO - Sync 1 DAGs
[2022-09-10T04:31:07.765+0000] {logging_mixin.py:115} INFO - [2022-09-10T04:31:07.765+0000] {dag.py:2981} INFO - Setting next_dagrun for latest_only to 2022-09-10T00:31:07.764819+00:00, run_after=2022-09-10T04:31:07.764819+00:00
[2022-09-10T04:31:07.784+0000] {processor.py:161} INFO - Processing /home/airflow/.local/lib/python3.7/site-packages/airflow/example_dags/example_latest_only.py took 0.080 seconds
[2022-09-10T04:31:37.862+0000] {processor.py:153} INFO - Started process (PID=771) to work on /home/airflow/.local/lib/python3.7/site-packages/airflow/example_dags/example_latest_only.py
[2022-09-10T04:31:37.862+0000] {processor.py:640} INFO - Processing file /home/airflow/.local/lib/python3.7/site-packages/airflow/example_dags/example_latest_only.py for tasks to queue
[2022-09-10T04:31:37.863+0000] {logging_mixin.py:115} INFO - [2022-09-10T04:31:37.863+0000] {dagbag.py:508} INFO - Filling up the DagBag from /home/airflow/.local/lib/python3.7/site-packages/airflow/example_dags/example_latest_only.py
[2022-09-10T04:31:37.866+0000] {processor.py:650} INFO - DAG(s) dict_keys(['latest_only']) retrieved from /home/airflow/.local/lib/python3.7/site-packages/airflow/example_dags/example_latest_only.py
[2022-09-10T04:31:37.887+0000] {logging_mixin.py:115} INFO - [2022-09-10T04:31:37.887+0000] {dag.py:2429} INFO - Sync 1 DAGs
[2022-09-10T04:31:37.905+0000] {logging_mixin.py:115} INFO - [2022-09-10T04:31:37.905+0000] {dag.py:2981} INFO - Setting next_dagrun for latest_only to 2022-09-10T00:31:37.905217+00:00, run_after=2022-09-10T04:31:37.905217+00:00
[2022-09-10T04:31:37.919+0000] {processor.py:161} INFO - Processing /home/airflow/.local/lib/python3.7/site-packages/airflow/example_dags/example_latest_only.py took 0.059 seconds
[2022-09-10T04:32:08.076+0000] {processor.py:153} INFO - Started process (PID=984) to work on /home/airflow/.local/lib/python3.7/site-packages/airflow/example_dags/example_latest_only.py
[2022-09-10T04:32:08.076+0000] {processor.py:640} INFO - Processing file /home/airflow/.local/lib/python3.7/site-packages/airflow/example_dags/example_latest_only.py for tasks to queue
[2022-09-10T04:32:08.077+0000] {logging_mixin.py:115} INFO - [2022-09-10T04:32:08.077+0000] {dagbag.py:508} INFO - Filling up the DagBag from /home/airflow/.local/lib/python3.7/site-packages/airflow/example_dags/example_latest_only.py
[2022-09-10T04:32:08.080+0000] {processor.py:650} INFO - DAG(s) dict_keys(['latest_only']) retrieved from /home/airflow/.local/lib/python3.7/site-packages/airflow/example_dags/example_latest_only.py
[2022-09-10T04:32:08.105+0000] {logging_mixin.py:115} INFO - [2022-09-10T04:32:08.105+0000] {dag.py:2429} INFO - Sync 1 DAGs
[2022-09-10T04:32:08.125+0000] {logging_mixin.py:115} INFO - [2022-09-10T04:32:08.125+0000] {dag.py:2981} INFO - Setting next_dagrun for latest_only to 2022-09-10T00:32:08.125188+00:00, run_after=2022-09-10T04:32:08.125188+00:00
[2022-09-10T04:32:08.141+0000] {processor.py:161} INFO - Processing /home/airflow/.local/lib/python3.7/site-packages/airflow/example_dags/example_latest_only.py took 0.067 seconds
[2022-09-10T04:32:38.235+0000] {processor.py:153} INFO - Started process (PID=1172) to work on /home/airflow/.local/lib/python3.7/site-packages/airflow/example_dags/example_latest_only.py
[2022-09-10T04:32:38.237+0000] {processor.py:640} INFO - Processing file /home/airflow/.local/lib/python3.7/site-packages/airflow/example_dags/example_latest_only.py for tasks to queue
[2022-09-10T04:32:38.237+0000] {logging_mixin.py:115} INFO - [2022-09-10T04:32:38.237+0000] {dagbag.py:508} INFO - Filling up the DagBag from /home/airflow/.local/lib/python3.7/site-packages/airflow/example_dags/example_latest_only.py
[2022-09-10T04:32:38.241+0000] {processor.py:650} INFO - DAG(s) dict_keys(['latest_only']) retrieved from /home/airflow/.local/lib/python3.7/site-packages/airflow/example_dags/example_latest_only.py
[2022-09-10T04:32:38.268+0000] {logging_mixin.py:115} INFO - [2022-09-10T04:32:38.268+0000] {dag.py:2429} INFO - Sync 1 DAGs
[2022-09-10T04:32:38.291+0000] {logging_mixin.py:115} INFO - [2022-09-10T04:32:38.291+0000] {dag.py:2981} INFO - Setting next_dagrun for latest_only to 2022-09-10T00:32:38.291193+00:00, run_after=2022-09-10T04:32:38.291193+00:00
[2022-09-10T04:32:38.307+0000] {processor.py:161} INFO - Processing /home/airflow/.local/lib/python3.7/site-packages/airflow/example_dags/example_latest_only.py took 0.074 seconds
