[2022-09-10T04:17:48.706+0000] {processor.py:153} INFO - Started process (PID=194) to work on /home/airflow/.local/lib/python3.7/site-packages/airflow/example_dags/example_latest_only_with_trigger.py
[2022-09-10T04:17:48.706+0000] {processor.py:640} INFO - Processing file /home/airflow/.local/lib/python3.7/site-packages/airflow/example_dags/example_latest_only_with_trigger.py for tasks to queue
[2022-09-10T04:17:48.707+0000] {logging_mixin.py:115} INFO - [2022-09-10T04:17:48.707+0000] {dagbag.py:508} INFO - Filling up the DagBag from /home/airflow/.local/lib/python3.7/site-packages/airflow/example_dags/example_latest_only_with_trigger.py
[2022-09-10T04:17:48.720+0000] {processor.py:650} INFO - DAG(s) dict_keys(['latest_only_with_trigger']) retrieved from /home/airflow/.local/lib/python3.7/site-packages/airflow/example_dags/example_latest_only_with_trigger.py
[2022-09-10T04:17:48.836+0000] {logging_mixin.py:115} INFO - [2022-09-10T04:17:48.836+0000] {manager.py:508} INFO - Created Permission View: can delete on DAG:latest_only_with_trigger
[2022-09-10T04:17:48.852+0000] {logging_mixin.py:115} INFO - [2022-09-10T04:17:48.852+0000] {manager.py:508} INFO - Created Permission View: can read on DAG:latest_only_with_trigger
[2022-09-10T04:17:48.864+0000] {logging_mixin.py:115} INFO - [2022-09-10T04:17:48.864+0000] {manager.py:508} INFO - Created Permission View: can edit on DAG:latest_only_with_trigger
[2022-09-10T04:17:48.864+0000] {logging_mixin.py:115} INFO - [2022-09-10T04:17:48.864+0000] {dag.py:2429} INFO - Sync 1 DAGs
[2022-09-10T04:17:48.876+0000] {logging_mixin.py:115} INFO - [2022-09-10T04:17:48.876+0000] {dag.py:2448} INFO - Creating ORM DAG for latest_only_with_trigger
[2022-09-10T04:17:48.892+0000] {logging_mixin.py:115} INFO - [2022-09-10T04:17:48.892+0000] {dag.py:2981} INFO - Setting next_dagrun for latest_only_with_trigger to 2022-09-10T00:17:48.892301+00:00, run_after=2022-09-10T04:17:48.892301+00:00
[2022-09-10T04:17:48.912+0000] {processor.py:161} INFO - Processing /home/airflow/.local/lib/python3.7/site-packages/airflow/example_dags/example_latest_only_with_trigger.py took 0.210 seconds
[2022-09-10T04:18:19.364+0000] {processor.py:153} INFO - Started process (PID=386) to work on /home/airflow/.local/lib/python3.7/site-packages/airflow/example_dags/example_latest_only_with_trigger.py
[2022-09-10T04:18:19.365+0000] {processor.py:640} INFO - Processing file /home/airflow/.local/lib/python3.7/site-packages/airflow/example_dags/example_latest_only_with_trigger.py for tasks to queue
[2022-09-10T04:18:19.365+0000] {logging_mixin.py:115} INFO - [2022-09-10T04:18:19.365+0000] {dagbag.py:508} INFO - Filling up the DagBag from /home/airflow/.local/lib/python3.7/site-packages/airflow/example_dags/example_latest_only_with_trigger.py
[2022-09-10T04:18:19.369+0000] {processor.py:650} INFO - DAG(s) dict_keys(['latest_only_with_trigger']) retrieved from /home/airflow/.local/lib/python3.7/site-packages/airflow/example_dags/example_latest_only_with_trigger.py
[2022-09-10T04:18:19.391+0000] {logging_mixin.py:115} INFO - [2022-09-10T04:18:19.390+0000] {dag.py:2429} INFO - Sync 1 DAGs
[2022-09-10T04:18:19.412+0000] {logging_mixin.py:115} INFO - [2022-09-10T04:18:19.412+0000] {dag.py:2981} INFO - Setting next_dagrun for latest_only_with_trigger to 2022-09-10T00:18:19.412080+00:00, run_after=2022-09-10T04:18:19.412080+00:00
[2022-09-10T04:18:19.426+0000] {processor.py:161} INFO - Processing /home/airflow/.local/lib/python3.7/site-packages/airflow/example_dags/example_latest_only_with_trigger.py took 0.065 seconds
[2022-09-10T04:18:49.546+0000] {processor.py:153} INFO - Started process (PID=580) to work on /home/airflow/.local/lib/python3.7/site-packages/airflow/example_dags/example_latest_only_with_trigger.py
[2022-09-10T04:18:49.547+0000] {processor.py:640} INFO - Processing file /home/airflow/.local/lib/python3.7/site-packages/airflow/example_dags/example_latest_only_with_trigger.py for tasks to queue
[2022-09-10T04:18:49.547+0000] {logging_mixin.py:115} INFO - [2022-09-10T04:18:49.547+0000] {dagbag.py:508} INFO - Filling up the DagBag from /home/airflow/.local/lib/python3.7/site-packages/airflow/example_dags/example_latest_only_with_trigger.py
[2022-09-10T04:18:49.552+0000] {processor.py:650} INFO - DAG(s) dict_keys(['latest_only_with_trigger']) retrieved from /home/airflow/.local/lib/python3.7/site-packages/airflow/example_dags/example_latest_only_with_trigger.py
[2022-09-10T04:18:49.577+0000] {logging_mixin.py:115} INFO - [2022-09-10T04:18:49.577+0000] {dag.py:2429} INFO - Sync 1 DAGs
[2022-09-10T04:18:49.598+0000] {logging_mixin.py:115} INFO - [2022-09-10T04:18:49.598+0000] {dag.py:2981} INFO - Setting next_dagrun for latest_only_with_trigger to 2022-09-10T00:18:49.598511+00:00, run_after=2022-09-10T04:18:49.598511+00:00
[2022-09-10T04:18:49.613+0000] {processor.py:161} INFO - Processing /home/airflow/.local/lib/python3.7/site-packages/airflow/example_dags/example_latest_only_with_trigger.py took 0.070 seconds
[2022-09-10T04:19:19.656+0000] {processor.py:153} INFO - Started process (PID=768) to work on /home/airflow/.local/lib/python3.7/site-packages/airflow/example_dags/example_latest_only_with_trigger.py
[2022-09-10T04:19:19.656+0000] {processor.py:640} INFO - Processing file /home/airflow/.local/lib/python3.7/site-packages/airflow/example_dags/example_latest_only_with_trigger.py for tasks to queue
[2022-09-10T04:19:19.657+0000] {logging_mixin.py:115} INFO - [2022-09-10T04:19:19.657+0000] {dagbag.py:508} INFO - Filling up the DagBag from /home/airflow/.local/lib/python3.7/site-packages/airflow/example_dags/example_latest_only_with_trigger.py
[2022-09-10T04:19:19.661+0000] {processor.py:650} INFO - DAG(s) dict_keys(['latest_only_with_trigger']) retrieved from /home/airflow/.local/lib/python3.7/site-packages/airflow/example_dags/example_latest_only_with_trigger.py
[2022-09-10T04:19:19.682+0000] {logging_mixin.py:115} INFO - [2022-09-10T04:19:19.682+0000] {dag.py:2429} INFO - Sync 1 DAGs
[2022-09-10T04:19:19.704+0000] {logging_mixin.py:115} INFO - [2022-09-10T04:19:19.704+0000] {dag.py:2981} INFO - Setting next_dagrun for latest_only_with_trigger to 2022-09-10T00:19:19.704049+00:00, run_after=2022-09-10T04:19:19.704049+00:00
[2022-09-10T04:19:19.722+0000] {processor.py:161} INFO - Processing /home/airflow/.local/lib/python3.7/site-packages/airflow/example_dags/example_latest_only_with_trigger.py took 0.068 seconds
[2022-09-10T04:19:49.928+0000] {processor.py:153} INFO - Started process (PID=965) to work on /home/airflow/.local/lib/python3.7/site-packages/airflow/example_dags/example_latest_only_with_trigger.py
[2022-09-10T04:19:49.928+0000] {processor.py:640} INFO - Processing file /home/airflow/.local/lib/python3.7/site-packages/airflow/example_dags/example_latest_only_with_trigger.py for tasks to queue
[2022-09-10T04:19:49.929+0000] {logging_mixin.py:115} INFO - [2022-09-10T04:19:49.929+0000] {dagbag.py:508} INFO - Filling up the DagBag from /home/airflow/.local/lib/python3.7/site-packages/airflow/example_dags/example_latest_only_with_trigger.py
[2022-09-10T04:19:49.932+0000] {processor.py:650} INFO - DAG(s) dict_keys(['latest_only_with_trigger']) retrieved from /home/airflow/.local/lib/python3.7/site-packages/airflow/example_dags/example_latest_only_with_trigger.py
[2022-09-10T04:19:49.955+0000] {logging_mixin.py:115} INFO - [2022-09-10T04:19:49.955+0000] {dag.py:2429} INFO - Sync 1 DAGs
[2022-09-10T04:19:49.977+0000] {logging_mixin.py:115} INFO - [2022-09-10T04:19:49.977+0000] {dag.py:2981} INFO - Setting next_dagrun for latest_only_with_trigger to 2022-09-10T00:19:49.977175+00:00, run_after=2022-09-10T04:19:49.977175+00:00
[2022-09-10T04:19:49.990+0000] {processor.py:161} INFO - Processing /home/airflow/.local/lib/python3.7/site-packages/airflow/example_dags/example_latest_only_with_trigger.py took 0.065 seconds
[2022-09-10T04:20:20.185+0000] {processor.py:153} INFO - Started process (PID=1162) to work on /home/airflow/.local/lib/python3.7/site-packages/airflow/example_dags/example_latest_only_with_trigger.py
[2022-09-10T04:20:20.186+0000] {processor.py:640} INFO - Processing file /home/airflow/.local/lib/python3.7/site-packages/airflow/example_dags/example_latest_only_with_trigger.py for tasks to queue
[2022-09-10T04:20:20.187+0000] {logging_mixin.py:115} INFO - [2022-09-10T04:20:20.187+0000] {dagbag.py:508} INFO - Filling up the DagBag from /home/airflow/.local/lib/python3.7/site-packages/airflow/example_dags/example_latest_only_with_trigger.py
[2022-09-10T04:20:20.192+0000] {processor.py:650} INFO - DAG(s) dict_keys(['latest_only_with_trigger']) retrieved from /home/airflow/.local/lib/python3.7/site-packages/airflow/example_dags/example_latest_only_with_trigger.py
[2022-09-10T04:20:20.227+0000] {logging_mixin.py:115} INFO - [2022-09-10T04:20:20.226+0000] {dag.py:2429} INFO - Sync 1 DAGs
[2022-09-10T04:20:20.258+0000] {logging_mixin.py:115} INFO - [2022-09-10T04:20:20.258+0000] {dag.py:2981} INFO - Setting next_dagrun for latest_only_with_trigger to 2022-09-10T00:20:20.258522+00:00, run_after=2022-09-10T04:20:20.258522+00:00
[2022-09-10T04:20:20.276+0000] {processor.py:161} INFO - Processing /home/airflow/.local/lib/python3.7/site-packages/airflow/example_dags/example_latest_only_with_trigger.py took 0.094 seconds
[2022-09-10T04:26:38.237+0000] {processor.py:153} INFO - Started process (PID=187) to work on /home/airflow/.local/lib/python3.7/site-packages/airflow/example_dags/example_latest_only_with_trigger.py
[2022-09-10T04:26:38.238+0000] {processor.py:640} INFO - Processing file /home/airflow/.local/lib/python3.7/site-packages/airflow/example_dags/example_latest_only_with_trigger.py for tasks to queue
[2022-09-10T04:26:38.239+0000] {logging_mixin.py:115} INFO - [2022-09-10T04:26:38.239+0000] {dagbag.py:508} INFO - Filling up the DagBag from /home/airflow/.local/lib/python3.7/site-packages/airflow/example_dags/example_latest_only_with_trigger.py
[2022-09-10T04:26:38.245+0000] {processor.py:650} INFO - DAG(s) dict_keys(['latest_only_with_trigger']) retrieved from /home/airflow/.local/lib/python3.7/site-packages/airflow/example_dags/example_latest_only_with_trigger.py
[2022-09-10T04:26:38.277+0000] {logging_mixin.py:115} INFO - [2022-09-10T04:26:38.276+0000] {dag.py:2429} INFO - Sync 1 DAGs
[2022-09-10T04:26:38.307+0000] {logging_mixin.py:115} INFO - [2022-09-10T04:26:38.306+0000] {dag.py:2981} INFO - Setting next_dagrun for latest_only_with_trigger to 2022-09-10T00:26:38.306386+00:00, run_after=2022-09-10T04:26:38.306386+00:00
[2022-09-10T04:26:38.327+0000] {processor.py:161} INFO - Processing /home/airflow/.local/lib/python3.7/site-packages/airflow/example_dags/example_latest_only_with_trigger.py took 0.093 seconds
[2022-09-10T04:27:08.677+0000] {processor.py:153} INFO - Started process (PID=385) to work on /home/airflow/.local/lib/python3.7/site-packages/airflow/example_dags/example_latest_only_with_trigger.py
[2022-09-10T04:27:08.678+0000] {processor.py:640} INFO - Processing file /home/airflow/.local/lib/python3.7/site-packages/airflow/example_dags/example_latest_only_with_trigger.py for tasks to queue
[2022-09-10T04:27:08.678+0000] {logging_mixin.py:115} INFO - [2022-09-10T04:27:08.678+0000] {dagbag.py:508} INFO - Filling up the DagBag from /home/airflow/.local/lib/python3.7/site-packages/airflow/example_dags/example_latest_only_with_trigger.py
[2022-09-10T04:27:08.683+0000] {processor.py:650} INFO - DAG(s) dict_keys(['latest_only_with_trigger']) retrieved from /home/airflow/.local/lib/python3.7/site-packages/airflow/example_dags/example_latest_only_with_trigger.py
[2022-09-10T04:27:08.705+0000] {logging_mixin.py:115} INFO - [2022-09-10T04:27:08.704+0000] {dag.py:2429} INFO - Sync 1 DAGs
[2022-09-10T04:27:08.726+0000] {logging_mixin.py:115} INFO - [2022-09-10T04:27:08.726+0000] {dag.py:2981} INFO - Setting next_dagrun for latest_only_with_trigger to 2022-09-10T00:27:08.725882+00:00, run_after=2022-09-10T04:27:08.725882+00:00
[2022-09-10T04:27:08.741+0000] {processor.py:161} INFO - Processing /home/airflow/.local/lib/python3.7/site-packages/airflow/example_dags/example_latest_only_with_trigger.py took 0.066 seconds
[2022-09-10T04:27:39.694+0000] {processor.py:153} INFO - Started process (PID=573) to work on /home/airflow/.local/lib/python3.7/site-packages/airflow/example_dags/example_latest_only_with_trigger.py
[2022-09-10T04:27:39.695+0000] {processor.py:640} INFO - Processing file /home/airflow/.local/lib/python3.7/site-packages/airflow/example_dags/example_latest_only_with_trigger.py for tasks to queue
[2022-09-10T04:27:39.695+0000] {logging_mixin.py:115} INFO - [2022-09-10T04:27:39.695+0000] {dagbag.py:508} INFO - Filling up the DagBag from /home/airflow/.local/lib/python3.7/site-packages/airflow/example_dags/example_latest_only_with_trigger.py
[2022-09-10T04:27:39.699+0000] {processor.py:650} INFO - DAG(s) dict_keys(['latest_only_with_trigger']) retrieved from /home/airflow/.local/lib/python3.7/site-packages/airflow/example_dags/example_latest_only_with_trigger.py
[2022-09-10T04:27:39.720+0000] {logging_mixin.py:115} INFO - [2022-09-10T04:27:39.720+0000] {dag.py:2429} INFO - Sync 1 DAGs
[2022-09-10T04:27:39.739+0000] {logging_mixin.py:115} INFO - [2022-09-10T04:27:39.739+0000] {dag.py:2981} INFO - Setting next_dagrun for latest_only_with_trigger to 2022-09-10T00:27:39.738858+00:00, run_after=2022-09-10T04:27:39.738858+00:00
[2022-09-10T04:27:39.752+0000] {processor.py:161} INFO - Processing /home/airflow/.local/lib/python3.7/site-packages/airflow/example_dags/example_latest_only_with_trigger.py took 0.060 seconds
[2022-09-10T04:28:10.585+0000] {processor.py:153} INFO - Started process (PID=770) to work on /home/airflow/.local/lib/python3.7/site-packages/airflow/example_dags/example_latest_only_with_trigger.py
[2022-09-10T04:28:10.585+0000] {processor.py:640} INFO - Processing file /home/airflow/.local/lib/python3.7/site-packages/airflow/example_dags/example_latest_only_with_trigger.py for tasks to queue
[2022-09-10T04:28:10.586+0000] {logging_mixin.py:115} INFO - [2022-09-10T04:28:10.586+0000] {dagbag.py:508} INFO - Filling up the DagBag from /home/airflow/.local/lib/python3.7/site-packages/airflow/example_dags/example_latest_only_with_trigger.py
[2022-09-10T04:28:10.590+0000] {processor.py:650} INFO - DAG(s) dict_keys(['latest_only_with_trigger']) retrieved from /home/airflow/.local/lib/python3.7/site-packages/airflow/example_dags/example_latest_only_with_trigger.py
[2022-09-10T04:28:10.611+0000] {logging_mixin.py:115} INFO - [2022-09-10T04:28:10.610+0000] {dag.py:2429} INFO - Sync 1 DAGs
[2022-09-10T04:28:10.628+0000] {logging_mixin.py:115} INFO - [2022-09-10T04:28:10.628+0000] {dag.py:2981} INFO - Setting next_dagrun for latest_only_with_trigger to 2022-09-10T00:28:10.628513+00:00, run_after=2022-09-10T04:28:10.628513+00:00
[2022-09-10T04:28:10.642+0000] {processor.py:161} INFO - Processing /home/airflow/.local/lib/python3.7/site-packages/airflow/example_dags/example_latest_only_with_trigger.py took 0.059 seconds
[2022-09-10T04:28:41.355+0000] {processor.py:153} INFO - Started process (PID=968) to work on /home/airflow/.local/lib/python3.7/site-packages/airflow/example_dags/example_latest_only_with_trigger.py
[2022-09-10T04:28:41.356+0000] {processor.py:640} INFO - Processing file /home/airflow/.local/lib/python3.7/site-packages/airflow/example_dags/example_latest_only_with_trigger.py for tasks to queue
[2022-09-10T04:28:41.357+0000] {logging_mixin.py:115} INFO - [2022-09-10T04:28:41.357+0000] {dagbag.py:508} INFO - Filling up the DagBag from /home/airflow/.local/lib/python3.7/site-packages/airflow/example_dags/example_latest_only_with_trigger.py
[2022-09-10T04:28:41.362+0000] {processor.py:650} INFO - DAG(s) dict_keys(['latest_only_with_trigger']) retrieved from /home/airflow/.local/lib/python3.7/site-packages/airflow/example_dags/example_latest_only_with_trigger.py
[2022-09-10T04:28:41.385+0000] {logging_mixin.py:115} INFO - [2022-09-10T04:28:41.385+0000] {dag.py:2429} INFO - Sync 1 DAGs
[2022-09-10T04:28:41.402+0000] {logging_mixin.py:115} INFO - [2022-09-10T04:28:41.402+0000] {dag.py:2981} INFO - Setting next_dagrun for latest_only_with_trigger to 2022-09-10T00:28:41.402195+00:00, run_after=2022-09-10T04:28:41.402195+00:00
[2022-09-10T04:28:41.416+0000] {processor.py:161} INFO - Processing /home/airflow/.local/lib/python3.7/site-packages/airflow/example_dags/example_latest_only_with_trigger.py took 0.062 seconds
[2022-09-10T04:30:05.708+0000] {processor.py:153} INFO - Started process (PID=187) to work on /home/airflow/.local/lib/python3.7/site-packages/airflow/example_dags/example_latest_only_with_trigger.py
[2022-09-10T04:30:05.709+0000] {processor.py:640} INFO - Processing file /home/airflow/.local/lib/python3.7/site-packages/airflow/example_dags/example_latest_only_with_trigger.py for tasks to queue
[2022-09-10T04:30:05.710+0000] {logging_mixin.py:115} INFO - [2022-09-10T04:30:05.710+0000] {dagbag.py:508} INFO - Filling up the DagBag from /home/airflow/.local/lib/python3.7/site-packages/airflow/example_dags/example_latest_only_with_trigger.py
[2022-09-10T04:30:05.715+0000] {processor.py:650} INFO - DAG(s) dict_keys(['latest_only_with_trigger']) retrieved from /home/airflow/.local/lib/python3.7/site-packages/airflow/example_dags/example_latest_only_with_trigger.py
[2022-09-10T04:30:05.738+0000] {logging_mixin.py:115} INFO - [2022-09-10T04:30:05.738+0000] {dag.py:2429} INFO - Sync 1 DAGs
[2022-09-10T04:30:05.761+0000] {logging_mixin.py:115} INFO - [2022-09-10T04:30:05.761+0000] {dag.py:2981} INFO - Setting next_dagrun for latest_only_with_trigger to 2022-09-10T00:30:05.760943+00:00, run_after=2022-09-10T04:30:05.760943+00:00
[2022-09-10T04:30:05.774+0000] {processor.py:161} INFO - Processing /home/airflow/.local/lib/python3.7/site-packages/airflow/example_dags/example_latest_only_with_trigger.py took 0.068 seconds
[2022-09-10T04:30:36.676+0000] {processor.py:153} INFO - Started process (PID=384) to work on /home/airflow/.local/lib/python3.7/site-packages/airflow/example_dags/example_latest_only_with_trigger.py
[2022-09-10T04:30:36.677+0000] {processor.py:640} INFO - Processing file /home/airflow/.local/lib/python3.7/site-packages/airflow/example_dags/example_latest_only_with_trigger.py for tasks to queue
[2022-09-10T04:30:36.677+0000] {logging_mixin.py:115} INFO - [2022-09-10T04:30:36.677+0000] {dagbag.py:508} INFO - Filling up the DagBag from /home/airflow/.local/lib/python3.7/site-packages/airflow/example_dags/example_latest_only_with_trigger.py
[2022-09-10T04:30:36.682+0000] {processor.py:650} INFO - DAG(s) dict_keys(['latest_only_with_trigger']) retrieved from /home/airflow/.local/lib/python3.7/site-packages/airflow/example_dags/example_latest_only_with_trigger.py
[2022-09-10T04:30:36.705+0000] {logging_mixin.py:115} INFO - [2022-09-10T04:30:36.705+0000] {dag.py:2429} INFO - Sync 1 DAGs
[2022-09-10T04:30:36.726+0000] {logging_mixin.py:115} INFO - [2022-09-10T04:30:36.726+0000] {dag.py:2981} INFO - Setting next_dagrun for latest_only_with_trigger to 2022-09-10T00:30:36.726125+00:00, run_after=2022-09-10T04:30:36.726125+00:00
[2022-09-10T04:30:36.740+0000] {processor.py:161} INFO - Processing /home/airflow/.local/lib/python3.7/site-packages/airflow/example_dags/example_latest_only_with_trigger.py took 0.066 seconds
[2022-09-10T04:31:07.607+0000] {processor.py:153} INFO - Started process (PID=581) to work on /home/airflow/.local/lib/python3.7/site-packages/airflow/example_dags/example_latest_only_with_trigger.py
[2022-09-10T04:31:07.607+0000] {processor.py:640} INFO - Processing file /home/airflow/.local/lib/python3.7/site-packages/airflow/example_dags/example_latest_only_with_trigger.py for tasks to queue
[2022-09-10T04:31:07.608+0000] {logging_mixin.py:115} INFO - [2022-09-10T04:31:07.607+0000] {dagbag.py:508} INFO - Filling up the DagBag from /home/airflow/.local/lib/python3.7/site-packages/airflow/example_dags/example_latest_only_with_trigger.py
[2022-09-10T04:31:07.613+0000] {processor.py:650} INFO - DAG(s) dict_keys(['latest_only_with_trigger']) retrieved from /home/airflow/.local/lib/python3.7/site-packages/airflow/example_dags/example_latest_only_with_trigger.py
[2022-09-10T04:31:07.643+0000] {logging_mixin.py:115} INFO - [2022-09-10T04:31:07.643+0000] {dag.py:2429} INFO - Sync 1 DAGs
[2022-09-10T04:31:07.669+0000] {logging_mixin.py:115} INFO - [2022-09-10T04:31:07.669+0000] {dag.py:2981} INFO - Setting next_dagrun for latest_only_with_trigger to 2022-09-10T00:31:07.669050+00:00, run_after=2022-09-10T04:31:07.669050+00:00
[2022-09-10T04:31:07.688+0000] {processor.py:161} INFO - Processing /home/airflow/.local/lib/python3.7/site-packages/airflow/example_dags/example_latest_only_with_trigger.py took 0.085 seconds
[2022-09-10T04:31:37.782+0000] {processor.py:153} INFO - Started process (PID=766) to work on /home/airflow/.local/lib/python3.7/site-packages/airflow/example_dags/example_latest_only_with_trigger.py
[2022-09-10T04:31:37.783+0000] {processor.py:640} INFO - Processing file /home/airflow/.local/lib/python3.7/site-packages/airflow/example_dags/example_latest_only_with_trigger.py for tasks to queue
[2022-09-10T04:31:37.783+0000] {logging_mixin.py:115} INFO - [2022-09-10T04:31:37.783+0000] {dagbag.py:508} INFO - Filling up the DagBag from /home/airflow/.local/lib/python3.7/site-packages/airflow/example_dags/example_latest_only_with_trigger.py
[2022-09-10T04:31:37.787+0000] {processor.py:650} INFO - DAG(s) dict_keys(['latest_only_with_trigger']) retrieved from /home/airflow/.local/lib/python3.7/site-packages/airflow/example_dags/example_latest_only_with_trigger.py
[2022-09-10T04:31:37.811+0000] {logging_mixin.py:115} INFO - [2022-09-10T04:31:37.811+0000] {dag.py:2429} INFO - Sync 1 DAGs
[2022-09-10T04:31:37.829+0000] {logging_mixin.py:115} INFO - [2022-09-10T04:31:37.829+0000] {dag.py:2981} INFO - Setting next_dagrun for latest_only_with_trigger to 2022-09-10T00:31:37.829340+00:00, run_after=2022-09-10T04:31:37.829340+00:00
[2022-09-10T04:31:37.844+0000] {processor.py:161} INFO - Processing /home/airflow/.local/lib/python3.7/site-packages/airflow/example_dags/example_latest_only_with_trigger.py took 0.065 seconds
[2022-09-10T04:32:08.067+0000] {processor.py:153} INFO - Started process (PID=981) to work on /home/airflow/.local/lib/python3.7/site-packages/airflow/example_dags/example_latest_only_with_trigger.py
[2022-09-10T04:32:08.068+0000] {processor.py:640} INFO - Processing file /home/airflow/.local/lib/python3.7/site-packages/airflow/example_dags/example_latest_only_with_trigger.py for tasks to queue
[2022-09-10T04:32:08.068+0000] {logging_mixin.py:115} INFO - [2022-09-10T04:32:08.068+0000] {dagbag.py:508} INFO - Filling up the DagBag from /home/airflow/.local/lib/python3.7/site-packages/airflow/example_dags/example_latest_only_with_trigger.py
[2022-09-10T04:32:08.073+0000] {processor.py:650} INFO - DAG(s) dict_keys(['latest_only_with_trigger']) retrieved from /home/airflow/.local/lib/python3.7/site-packages/airflow/example_dags/example_latest_only_with_trigger.py
[2022-09-10T04:32:08.099+0000] {logging_mixin.py:115} INFO - [2022-09-10T04:32:08.099+0000] {dag.py:2429} INFO - Sync 1 DAGs
[2022-09-10T04:32:08.116+0000] {logging_mixin.py:115} INFO - [2022-09-10T04:32:08.116+0000] {dag.py:2981} INFO - Setting next_dagrun for latest_only_with_trigger to 2022-09-10T00:32:08.115867+00:00, run_after=2022-09-10T04:32:08.115867+00:00
[2022-09-10T04:32:08.131+0000] {processor.py:161} INFO - Processing /home/airflow/.local/lib/python3.7/site-packages/airflow/example_dags/example_latest_only_with_trigger.py took 0.066 seconds
[2022-09-10T04:32:38.226+0000] {processor.py:153} INFO - Started process (PID=1169) to work on /home/airflow/.local/lib/python3.7/site-packages/airflow/example_dags/example_latest_only_with_trigger.py
[2022-09-10T04:32:38.227+0000] {processor.py:640} INFO - Processing file /home/airflow/.local/lib/python3.7/site-packages/airflow/example_dags/example_latest_only_with_trigger.py for tasks to queue
[2022-09-10T04:32:38.227+0000] {logging_mixin.py:115} INFO - [2022-09-10T04:32:38.227+0000] {dagbag.py:508} INFO - Filling up the DagBag from /home/airflow/.local/lib/python3.7/site-packages/airflow/example_dags/example_latest_only_with_trigger.py
[2022-09-10T04:32:38.231+0000] {processor.py:650} INFO - DAG(s) dict_keys(['latest_only_with_trigger']) retrieved from /home/airflow/.local/lib/python3.7/site-packages/airflow/example_dags/example_latest_only_with_trigger.py
[2022-09-10T04:32:38.261+0000] {logging_mixin.py:115} INFO - [2022-09-10T04:32:38.260+0000] {dag.py:2429} INFO - Sync 1 DAGs
[2022-09-10T04:32:38.284+0000] {logging_mixin.py:115} INFO - [2022-09-10T04:32:38.283+0000] {dag.py:2981} INFO - Setting next_dagrun for latest_only_with_trigger to 2022-09-10T00:32:38.283739+00:00, run_after=2022-09-10T04:32:38.283739+00:00
[2022-09-10T04:32:38.300+0000] {processor.py:161} INFO - Processing /home/airflow/.local/lib/python3.7/site-packages/airflow/example_dags/example_latest_only_with_trigger.py took 0.076 seconds
