[2022-09-10T04:17:50.274+0000] {processor.py:153} INFO - Started process (PID=252) to work on /home/airflow/.local/lib/python3.7/site-packages/airflow/example_dags/example_trigger_controller_dag.py
[2022-09-10T04:17:50.275+0000] {processor.py:640} INFO - Processing file /home/airflow/.local/lib/python3.7/site-packages/airflow/example_dags/example_trigger_controller_dag.py for tasks to queue
[2022-09-10T04:17:50.275+0000] {logging_mixin.py:115} INFO - [2022-09-10T04:17:50.275+0000] {dagbag.py:508} INFO - Filling up the DagBag from /home/airflow/.local/lib/python3.7/site-packages/airflow/example_dags/example_trigger_controller_dag.py
[2022-09-10T04:17:50.278+0000] {processor.py:650} INFO - DAG(s) dict_keys(['example_trigger_controller_dag']) retrieved from /home/airflow/.local/lib/python3.7/site-packages/airflow/example_dags/example_trigger_controller_dag.py
[2022-09-10T04:17:50.371+0000] {logging_mixin.py:115} INFO - [2022-09-10T04:17:50.371+0000] {manager.py:508} INFO - Created Permission View: can delete on DAG:example_trigger_controller_dag
[2022-09-10T04:17:50.386+0000] {logging_mixin.py:115} INFO - [2022-09-10T04:17:50.386+0000] {manager.py:508} INFO - Created Permission View: can read on DAG:example_trigger_controller_dag
[2022-09-10T04:17:50.399+0000] {logging_mixin.py:115} INFO - [2022-09-10T04:17:50.398+0000] {manager.py:508} INFO - Created Permission View: can edit on DAG:example_trigger_controller_dag
[2022-09-10T04:17:50.399+0000] {logging_mixin.py:115} INFO - [2022-09-10T04:17:50.399+0000] {dag.py:2429} INFO - Sync 1 DAGs
[2022-09-10T04:17:50.408+0000] {logging_mixin.py:115} INFO - [2022-09-10T04:17:50.408+0000] {dag.py:2448} INFO - Creating ORM DAG for example_trigger_controller_dag
[2022-09-10T04:17:50.424+0000] {logging_mixin.py:115} INFO - [2022-09-10T04:17:50.424+0000] {dag.py:2981} INFO - Setting next_dagrun for example_trigger_controller_dag to 2021-01-01T00:00:00+00:00, run_after=2021-01-01T00:00:00+00:00
[2022-09-10T04:17:50.448+0000] {processor.py:161} INFO - Processing /home/airflow/.local/lib/python3.7/site-packages/airflow/example_dags/example_trigger_controller_dag.py took 0.177 seconds
[2022-09-10T04:18:20.994+0000] {processor.py:153} INFO - Started process (PID=441) to work on /home/airflow/.local/lib/python3.7/site-packages/airflow/example_dags/example_trigger_controller_dag.py
[2022-09-10T04:18:20.995+0000] {processor.py:640} INFO - Processing file /home/airflow/.local/lib/python3.7/site-packages/airflow/example_dags/example_trigger_controller_dag.py for tasks to queue
[2022-09-10T04:18:20.996+0000] {logging_mixin.py:115} INFO - [2022-09-10T04:18:20.995+0000] {dagbag.py:508} INFO - Filling up the DagBag from /home/airflow/.local/lib/python3.7/site-packages/airflow/example_dags/example_trigger_controller_dag.py
[2022-09-10T04:18:20.997+0000] {processor.py:650} INFO - DAG(s) dict_keys(['example_trigger_controller_dag']) retrieved from /home/airflow/.local/lib/python3.7/site-packages/airflow/example_dags/example_trigger_controller_dag.py
[2022-09-10T04:18:21.020+0000] {logging_mixin.py:115} INFO - [2022-09-10T04:18:21.020+0000] {dag.py:2429} INFO - Sync 1 DAGs
[2022-09-10T04:18:21.040+0000] {logging_mixin.py:115} INFO - [2022-09-10T04:18:21.040+0000] {dag.py:2981} INFO - Setting next_dagrun for example_trigger_controller_dag to 2021-01-01T00:00:00+00:00, run_after=2021-01-01T00:00:00+00:00
[2022-09-10T04:18:21.056+0000] {processor.py:161} INFO - Processing /home/airflow/.local/lib/python3.7/site-packages/airflow/example_dags/example_trigger_controller_dag.py took 0.064 seconds
[2022-09-10T04:18:51.227+0000] {processor.py:153} INFO - Started process (PID=638) to work on /home/airflow/.local/lib/python3.7/site-packages/airflow/example_dags/example_trigger_controller_dag.py
[2022-09-10T04:18:51.228+0000] {processor.py:640} INFO - Processing file /home/airflow/.local/lib/python3.7/site-packages/airflow/example_dags/example_trigger_controller_dag.py for tasks to queue
[2022-09-10T04:18:51.228+0000] {logging_mixin.py:115} INFO - [2022-09-10T04:18:51.228+0000] {dagbag.py:508} INFO - Filling up the DagBag from /home/airflow/.local/lib/python3.7/site-packages/airflow/example_dags/example_trigger_controller_dag.py
[2022-09-10T04:18:51.230+0000] {processor.py:650} INFO - DAG(s) dict_keys(['example_trigger_controller_dag']) retrieved from /home/airflow/.local/lib/python3.7/site-packages/airflow/example_dags/example_trigger_controller_dag.py
[2022-09-10T04:18:51.255+0000] {logging_mixin.py:115} INFO - [2022-09-10T04:18:51.255+0000] {dag.py:2429} INFO - Sync 1 DAGs
[2022-09-10T04:18:51.278+0000] {logging_mixin.py:115} INFO - [2022-09-10T04:18:51.278+0000] {dag.py:2981} INFO - Setting next_dagrun for example_trigger_controller_dag to 2021-01-01T00:00:00+00:00, run_after=2021-01-01T00:00:00+00:00
[2022-09-10T04:18:51.293+0000] {processor.py:161} INFO - Processing /home/airflow/.local/lib/python3.7/site-packages/airflow/example_dags/example_trigger_controller_dag.py took 0.069 seconds
[2022-09-10T04:19:21.433+0000] {processor.py:153} INFO - Started process (PID=835) to work on /home/airflow/.local/lib/python3.7/site-packages/airflow/example_dags/example_trigger_controller_dag.py
[2022-09-10T04:19:21.433+0000] {processor.py:640} INFO - Processing file /home/airflow/.local/lib/python3.7/site-packages/airflow/example_dags/example_trigger_controller_dag.py for tasks to queue
[2022-09-10T04:19:21.434+0000] {logging_mixin.py:115} INFO - [2022-09-10T04:19:21.434+0000] {dagbag.py:508} INFO - Filling up the DagBag from /home/airflow/.local/lib/python3.7/site-packages/airflow/example_dags/example_trigger_controller_dag.py
[2022-09-10T04:19:21.436+0000] {processor.py:650} INFO - DAG(s) dict_keys(['example_trigger_controller_dag']) retrieved from /home/airflow/.local/lib/python3.7/site-packages/airflow/example_dags/example_trigger_controller_dag.py
[2022-09-10T04:19:21.464+0000] {logging_mixin.py:115} INFO - [2022-09-10T04:19:21.463+0000] {dag.py:2429} INFO - Sync 1 DAGs
[2022-09-10T04:19:21.509+0000] {logging_mixin.py:115} INFO - [2022-09-10T04:19:21.509+0000] {dag.py:2981} INFO - Setting next_dagrun for example_trigger_controller_dag to 2021-01-01T00:00:00+00:00, run_after=2021-01-01T00:00:00+00:00
[2022-09-10T04:19:21.530+0000] {processor.py:161} INFO - Processing /home/airflow/.local/lib/python3.7/site-packages/airflow/example_dags/example_trigger_controller_dag.py took 0.100 seconds
[2022-09-10T04:19:51.635+0000] {processor.py:153} INFO - Started process (PID=1023) to work on /home/airflow/.local/lib/python3.7/site-packages/airflow/example_dags/example_trigger_controller_dag.py
[2022-09-10T04:19:51.636+0000] {processor.py:640} INFO - Processing file /home/airflow/.local/lib/python3.7/site-packages/airflow/example_dags/example_trigger_controller_dag.py for tasks to queue
[2022-09-10T04:19:51.636+0000] {logging_mixin.py:115} INFO - [2022-09-10T04:19:51.636+0000] {dagbag.py:508} INFO - Filling up the DagBag from /home/airflow/.local/lib/python3.7/site-packages/airflow/example_dags/example_trigger_controller_dag.py
[2022-09-10T04:19:51.638+0000] {processor.py:650} INFO - DAG(s) dict_keys(['example_trigger_controller_dag']) retrieved from /home/airflow/.local/lib/python3.7/site-packages/airflow/example_dags/example_trigger_controller_dag.py
[2022-09-10T04:19:51.658+0000] {logging_mixin.py:115} INFO - [2022-09-10T04:19:51.658+0000] {dag.py:2429} INFO - Sync 1 DAGs
[2022-09-10T04:19:51.682+0000] {logging_mixin.py:115} INFO - [2022-09-10T04:19:51.681+0000] {dag.py:2981} INFO - Setting next_dagrun for example_trigger_controller_dag to 2021-01-01T00:00:00+00:00, run_after=2021-01-01T00:00:00+00:00
[2022-09-10T04:19:51.700+0000] {processor.py:161} INFO - Processing /home/airflow/.local/lib/python3.7/site-packages/airflow/example_dags/example_trigger_controller_dag.py took 0.066 seconds
[2022-09-10T04:20:21.825+0000] {processor.py:153} INFO - Started process (PID=1220) to work on /home/airflow/.local/lib/python3.7/site-packages/airflow/example_dags/example_trigger_controller_dag.py
[2022-09-10T04:20:21.826+0000] {processor.py:640} INFO - Processing file /home/airflow/.local/lib/python3.7/site-packages/airflow/example_dags/example_trigger_controller_dag.py for tasks to queue
[2022-09-10T04:20:21.827+0000] {logging_mixin.py:115} INFO - [2022-09-10T04:20:21.826+0000] {dagbag.py:508} INFO - Filling up the DagBag from /home/airflow/.local/lib/python3.7/site-packages/airflow/example_dags/example_trigger_controller_dag.py
[2022-09-10T04:20:21.828+0000] {processor.py:650} INFO - DAG(s) dict_keys(['example_trigger_controller_dag']) retrieved from /home/airflow/.local/lib/python3.7/site-packages/airflow/example_dags/example_trigger_controller_dag.py
[2022-09-10T04:20:21.847+0000] {logging_mixin.py:115} INFO - [2022-09-10T04:20:21.847+0000] {dag.py:2429} INFO - Sync 1 DAGs
[2022-09-10T04:20:21.867+0000] {logging_mixin.py:115} INFO - [2022-09-10T04:20:21.867+0000] {dag.py:2981} INFO - Setting next_dagrun for example_trigger_controller_dag to 2021-01-01T00:00:00+00:00, run_after=2021-01-01T00:00:00+00:00
[2022-09-10T04:20:21.881+0000] {processor.py:161} INFO - Processing /home/airflow/.local/lib/python3.7/site-packages/airflow/example_dags/example_trigger_controller_dag.py took 0.059 seconds
[2022-09-10T04:26:39.140+0000] {processor.py:153} INFO - Started process (PID=242) to work on /home/airflow/.local/lib/python3.7/site-packages/airflow/example_dags/example_trigger_controller_dag.py
[2022-09-10T04:26:39.142+0000] {processor.py:640} INFO - Processing file /home/airflow/.local/lib/python3.7/site-packages/airflow/example_dags/example_trigger_controller_dag.py for tasks to queue
[2022-09-10T04:26:39.143+0000] {logging_mixin.py:115} INFO - [2022-09-10T04:26:39.143+0000] {dagbag.py:508} INFO - Filling up the DagBag from /home/airflow/.local/lib/python3.7/site-packages/airflow/example_dags/example_trigger_controller_dag.py
[2022-09-10T04:26:39.145+0000] {processor.py:650} INFO - DAG(s) dict_keys(['example_trigger_controller_dag']) retrieved from /home/airflow/.local/lib/python3.7/site-packages/airflow/example_dags/example_trigger_controller_dag.py
[2022-09-10T04:26:39.175+0000] {logging_mixin.py:115} INFO - [2022-09-10T04:26:39.174+0000] {dag.py:2429} INFO - Sync 1 DAGs
[2022-09-10T04:26:39.206+0000] {logging_mixin.py:115} INFO - [2022-09-10T04:26:39.206+0000] {dag.py:2981} INFO - Setting next_dagrun for example_trigger_controller_dag to 2021-01-01T00:00:00+00:00, run_after=2021-01-01T00:00:00+00:00
[2022-09-10T04:26:39.222+0000] {processor.py:161} INFO - Processing /home/airflow/.local/lib/python3.7/site-packages/airflow/example_dags/example_trigger_controller_dag.py took 0.084 seconds
[2022-09-10T04:27:09.391+0000] {processor.py:153} INFO - Started process (PID=440) to work on /home/airflow/.local/lib/python3.7/site-packages/airflow/example_dags/example_trigger_controller_dag.py
[2022-09-10T04:27:09.394+0000] {processor.py:640} INFO - Processing file /home/airflow/.local/lib/python3.7/site-packages/airflow/example_dags/example_trigger_controller_dag.py for tasks to queue
[2022-09-10T04:27:09.394+0000] {logging_mixin.py:115} INFO - [2022-09-10T04:27:09.394+0000] {dagbag.py:508} INFO - Filling up the DagBag from /home/airflow/.local/lib/python3.7/site-packages/airflow/example_dags/example_trigger_controller_dag.py
[2022-09-10T04:27:09.397+0000] {processor.py:650} INFO - DAG(s) dict_keys(['example_trigger_controller_dag']) retrieved from /home/airflow/.local/lib/python3.7/site-packages/airflow/example_dags/example_trigger_controller_dag.py
[2022-09-10T04:27:09.420+0000] {logging_mixin.py:115} INFO - [2022-09-10T04:27:09.419+0000] {dag.py:2429} INFO - Sync 1 DAGs
[2022-09-10T04:27:09.438+0000] {logging_mixin.py:115} INFO - [2022-09-10T04:27:09.438+0000] {dag.py:2981} INFO - Setting next_dagrun for example_trigger_controller_dag to 2021-01-01T00:00:00+00:00, run_after=2021-01-01T00:00:00+00:00
[2022-09-10T04:27:09.453+0000] {processor.py:161} INFO - Processing /home/airflow/.local/lib/python3.7/site-packages/airflow/example_dags/example_trigger_controller_dag.py took 0.065 seconds
[2022-09-10T04:27:40.359+0000] {processor.py:153} INFO - Started process (PID=635) to work on /home/airflow/.local/lib/python3.7/site-packages/airflow/example_dags/example_trigger_controller_dag.py
[2022-09-10T04:27:40.360+0000] {processor.py:640} INFO - Processing file /home/airflow/.local/lib/python3.7/site-packages/airflow/example_dags/example_trigger_controller_dag.py for tasks to queue
[2022-09-10T04:27:40.361+0000] {logging_mixin.py:115} INFO - [2022-09-10T04:27:40.361+0000] {dagbag.py:508} INFO - Filling up the DagBag from /home/airflow/.local/lib/python3.7/site-packages/airflow/example_dags/example_trigger_controller_dag.py
[2022-09-10T04:27:40.364+0000] {processor.py:650} INFO - DAG(s) dict_keys(['example_trigger_controller_dag']) retrieved from /home/airflow/.local/lib/python3.7/site-packages/airflow/example_dags/example_trigger_controller_dag.py
[2022-09-10T04:27:40.390+0000] {logging_mixin.py:115} INFO - [2022-09-10T04:27:40.389+0000] {dag.py:2429} INFO - Sync 1 DAGs
[2022-09-10T04:27:40.410+0000] {logging_mixin.py:115} INFO - [2022-09-10T04:27:40.410+0000] {dag.py:2981} INFO - Setting next_dagrun for example_trigger_controller_dag to 2021-01-01T00:00:00+00:00, run_after=2021-01-01T00:00:00+00:00
[2022-09-10T04:27:40.426+0000] {processor.py:161} INFO - Processing /home/airflow/.local/lib/python3.7/site-packages/airflow/example_dags/example_trigger_controller_dag.py took 0.069 seconds
[2022-09-10T04:28:11.179+0000] {processor.py:153} INFO - Started process (PID=825) to work on /home/airflow/.local/lib/python3.7/site-packages/airflow/example_dags/example_trigger_controller_dag.py
[2022-09-10T04:28:11.181+0000] {processor.py:640} INFO - Processing file /home/airflow/.local/lib/python3.7/site-packages/airflow/example_dags/example_trigger_controller_dag.py for tasks to queue
[2022-09-10T04:28:11.181+0000] {logging_mixin.py:115} INFO - [2022-09-10T04:28:11.181+0000] {dagbag.py:508} INFO - Filling up the DagBag from /home/airflow/.local/lib/python3.7/site-packages/airflow/example_dags/example_trigger_controller_dag.py
[2022-09-10T04:28:11.183+0000] {processor.py:650} INFO - DAG(s) dict_keys(['example_trigger_controller_dag']) retrieved from /home/airflow/.local/lib/python3.7/site-packages/airflow/example_dags/example_trigger_controller_dag.py
[2022-09-10T04:28:11.212+0000] {logging_mixin.py:115} INFO - [2022-09-10T04:28:11.212+0000] {dag.py:2429} INFO - Sync 1 DAGs
[2022-09-10T04:28:11.235+0000] {logging_mixin.py:115} INFO - [2022-09-10T04:28:11.235+0000] {dag.py:2981} INFO - Setting next_dagrun for example_trigger_controller_dag to 2021-01-01T00:00:00+00:00, run_after=2021-01-01T00:00:00+00:00
[2022-09-10T04:28:11.251+0000] {processor.py:161} INFO - Processing /home/airflow/.local/lib/python3.7/site-packages/airflow/example_dags/example_trigger_controller_dag.py took 0.074 seconds
[2022-09-10T04:28:42.046+0000] {processor.py:153} INFO - Started process (PID=1023) to work on /home/airflow/.local/lib/python3.7/site-packages/airflow/example_dags/example_trigger_controller_dag.py
[2022-09-10T04:28:42.047+0000] {processor.py:640} INFO - Processing file /home/airflow/.local/lib/python3.7/site-packages/airflow/example_dags/example_trigger_controller_dag.py for tasks to queue
[2022-09-10T04:28:42.048+0000] {logging_mixin.py:115} INFO - [2022-09-10T04:28:42.048+0000] {dagbag.py:508} INFO - Filling up the DagBag from /home/airflow/.local/lib/python3.7/site-packages/airflow/example_dags/example_trigger_controller_dag.py
[2022-09-10T04:28:42.051+0000] {processor.py:650} INFO - DAG(s) dict_keys(['example_trigger_controller_dag']) retrieved from /home/airflow/.local/lib/python3.7/site-packages/airflow/example_dags/example_trigger_controller_dag.py
[2022-09-10T04:28:42.075+0000] {logging_mixin.py:115} INFO - [2022-09-10T04:28:42.075+0000] {dag.py:2429} INFO - Sync 1 DAGs
[2022-09-10T04:28:42.091+0000] {logging_mixin.py:115} INFO - [2022-09-10T04:28:42.091+0000] {dag.py:2981} INFO - Setting next_dagrun for example_trigger_controller_dag to 2021-01-01T00:00:00+00:00, run_after=2021-01-01T00:00:00+00:00
[2022-09-10T04:28:42.108+0000] {processor.py:161} INFO - Processing /home/airflow/.local/lib/python3.7/site-packages/airflow/example_dags/example_trigger_controller_dag.py took 0.064 seconds
[2022-09-10T04:30:06.353+0000] {processor.py:153} INFO - Started process (PID=242) to work on /home/airflow/.local/lib/python3.7/site-packages/airflow/example_dags/example_trigger_controller_dag.py
[2022-09-10T04:30:06.354+0000] {processor.py:640} INFO - Processing file /home/airflow/.local/lib/python3.7/site-packages/airflow/example_dags/example_trigger_controller_dag.py for tasks to queue
[2022-09-10T04:30:06.354+0000] {logging_mixin.py:115} INFO - [2022-09-10T04:30:06.354+0000] {dagbag.py:508} INFO - Filling up the DagBag from /home/airflow/.local/lib/python3.7/site-packages/airflow/example_dags/example_trigger_controller_dag.py
[2022-09-10T04:30:06.356+0000] {processor.py:650} INFO - DAG(s) dict_keys(['example_trigger_controller_dag']) retrieved from /home/airflow/.local/lib/python3.7/site-packages/airflow/example_dags/example_trigger_controller_dag.py
[2022-09-10T04:30:06.379+0000] {logging_mixin.py:115} INFO - [2022-09-10T04:30:06.379+0000] {dag.py:2429} INFO - Sync 1 DAGs
[2022-09-10T04:30:06.399+0000] {logging_mixin.py:115} INFO - [2022-09-10T04:30:06.398+0000] {dag.py:2981} INFO - Setting next_dagrun for example_trigger_controller_dag to 2021-01-01T00:00:00+00:00, run_after=2021-01-01T00:00:00+00:00
[2022-09-10T04:30:06.413+0000] {processor.py:161} INFO - Processing /home/airflow/.local/lib/python3.7/site-packages/airflow/example_dags/example_trigger_controller_dag.py took 0.062 seconds
[2022-09-10T04:30:37.380+0000] {processor.py:153} INFO - Started process (PID=441) to work on /home/airflow/.local/lib/python3.7/site-packages/airflow/example_dags/example_trigger_controller_dag.py
[2022-09-10T04:30:37.381+0000] {processor.py:640} INFO - Processing file /home/airflow/.local/lib/python3.7/site-packages/airflow/example_dags/example_trigger_controller_dag.py for tasks to queue
[2022-09-10T04:30:37.381+0000] {logging_mixin.py:115} INFO - [2022-09-10T04:30:37.381+0000] {dagbag.py:508} INFO - Filling up the DagBag from /home/airflow/.local/lib/python3.7/site-packages/airflow/example_dags/example_trigger_controller_dag.py
[2022-09-10T04:30:37.383+0000] {processor.py:650} INFO - DAG(s) dict_keys(['example_trigger_controller_dag']) retrieved from /home/airflow/.local/lib/python3.7/site-packages/airflow/example_dags/example_trigger_controller_dag.py
[2022-09-10T04:30:37.409+0000] {logging_mixin.py:115} INFO - [2022-09-10T04:30:37.409+0000] {dag.py:2429} INFO - Sync 1 DAGs
[2022-09-10T04:30:37.430+0000] {logging_mixin.py:115} INFO - [2022-09-10T04:30:37.430+0000] {dag.py:2981} INFO - Setting next_dagrun for example_trigger_controller_dag to 2021-01-01T00:00:00+00:00, run_after=2021-01-01T00:00:00+00:00
[2022-09-10T04:30:37.445+0000] {processor.py:161} INFO - Processing /home/airflow/.local/lib/python3.7/site-packages/airflow/example_dags/example_trigger_controller_dag.py took 0.067 seconds
[2022-09-10T04:31:08.351+0000] {processor.py:153} INFO - Started process (PID=636) to work on /home/airflow/.local/lib/python3.7/site-packages/airflow/example_dags/example_trigger_controller_dag.py
[2022-09-10T04:31:08.352+0000] {processor.py:640} INFO - Processing file /home/airflow/.local/lib/python3.7/site-packages/airflow/example_dags/example_trigger_controller_dag.py for tasks to queue
[2022-09-10T04:31:08.353+0000] {logging_mixin.py:115} INFO - [2022-09-10T04:31:08.352+0000] {dagbag.py:508} INFO - Filling up the DagBag from /home/airflow/.local/lib/python3.7/site-packages/airflow/example_dags/example_trigger_controller_dag.py
[2022-09-10T04:31:08.355+0000] {processor.py:650} INFO - DAG(s) dict_keys(['example_trigger_controller_dag']) retrieved from /home/airflow/.local/lib/python3.7/site-packages/airflow/example_dags/example_trigger_controller_dag.py
[2022-09-10T04:31:08.381+0000] {logging_mixin.py:115} INFO - [2022-09-10T04:31:08.380+0000] {dag.py:2429} INFO - Sync 1 DAGs
[2022-09-10T04:31:08.401+0000] {logging_mixin.py:115} INFO - [2022-09-10T04:31:08.401+0000] {dag.py:2981} INFO - Setting next_dagrun for example_trigger_controller_dag to 2021-01-01T00:00:00+00:00, run_after=2021-01-01T00:00:00+00:00
[2022-09-10T04:31:08.416+0000] {processor.py:161} INFO - Processing /home/airflow/.local/lib/python3.7/site-packages/airflow/example_dags/example_trigger_controller_dag.py took 0.068 seconds
[2022-09-10T04:31:38.632+0000] {processor.py:153} INFO - Started process (PID=824) to work on /home/airflow/.local/lib/python3.7/site-packages/airflow/example_dags/example_trigger_controller_dag.py
[2022-09-10T04:31:38.632+0000] {processor.py:640} INFO - Processing file /home/airflow/.local/lib/python3.7/site-packages/airflow/example_dags/example_trigger_controller_dag.py for tasks to queue
[2022-09-10T04:31:38.632+0000] {logging_mixin.py:115} INFO - [2022-09-10T04:31:38.632+0000] {dagbag.py:508} INFO - Filling up the DagBag from /home/airflow/.local/lib/python3.7/site-packages/airflow/example_dags/example_trigger_controller_dag.py
[2022-09-10T04:31:38.634+0000] {processor.py:650} INFO - DAG(s) dict_keys(['example_trigger_controller_dag']) retrieved from /home/airflow/.local/lib/python3.7/site-packages/airflow/example_dags/example_trigger_controller_dag.py
[2022-09-10T04:31:38.661+0000] {logging_mixin.py:115} INFO - [2022-09-10T04:31:38.660+0000] {dag.py:2429} INFO - Sync 1 DAGs
[2022-09-10T04:31:38.683+0000] {logging_mixin.py:115} INFO - [2022-09-10T04:31:38.683+0000] {dag.py:2981} INFO - Setting next_dagrun for example_trigger_controller_dag to 2021-01-01T00:00:00+00:00, run_after=2021-01-01T00:00:00+00:00
[2022-09-10T04:31:38.700+0000] {processor.py:161} INFO - Processing /home/airflow/.local/lib/python3.7/site-packages/airflow/example_dags/example_trigger_controller_dag.py took 0.071 seconds
[2022-09-10T04:32:08.966+0000] {processor.py:153} INFO - Started process (PID=1039) to work on /home/airflow/.local/lib/python3.7/site-packages/airflow/example_dags/example_trigger_controller_dag.py
[2022-09-10T04:32:08.968+0000] {processor.py:640} INFO - Processing file /home/airflow/.local/lib/python3.7/site-packages/airflow/example_dags/example_trigger_controller_dag.py for tasks to queue
[2022-09-10T04:32:08.969+0000] {logging_mixin.py:115} INFO - [2022-09-10T04:32:08.968+0000] {dagbag.py:508} INFO - Filling up the DagBag from /home/airflow/.local/lib/python3.7/site-packages/airflow/example_dags/example_trigger_controller_dag.py
[2022-09-10T04:32:08.972+0000] {processor.py:650} INFO - DAG(s) dict_keys(['example_trigger_controller_dag']) retrieved from /home/airflow/.local/lib/python3.7/site-packages/airflow/example_dags/example_trigger_controller_dag.py
[2022-09-10T04:32:08.997+0000] {logging_mixin.py:115} INFO - [2022-09-10T04:32:08.997+0000] {dag.py:2429} INFO - Sync 1 DAGs
[2022-09-10T04:32:09.016+0000] {logging_mixin.py:115} INFO - [2022-09-10T04:32:09.016+0000] {dag.py:2981} INFO - Setting next_dagrun for example_trigger_controller_dag to 2021-01-01T00:00:00+00:00, run_after=2021-01-01T00:00:00+00:00
[2022-09-10T04:32:09.031+0000] {processor.py:161} INFO - Processing /home/airflow/.local/lib/python3.7/site-packages/airflow/example_dags/example_trigger_controller_dag.py took 0.068 seconds
[2022-09-10T04:32:39.931+0000] {processor.py:153} INFO - Started process (PID=1227) to work on /home/airflow/.local/lib/python3.7/site-packages/airflow/example_dags/example_trigger_controller_dag.py
[2022-09-10T04:32:39.932+0000] {processor.py:640} INFO - Processing file /home/airflow/.local/lib/python3.7/site-packages/airflow/example_dags/example_trigger_controller_dag.py for tasks to queue
[2022-09-10T04:32:39.933+0000] {logging_mixin.py:115} INFO - [2022-09-10T04:32:39.932+0000] {dagbag.py:508} INFO - Filling up the DagBag from /home/airflow/.local/lib/python3.7/site-packages/airflow/example_dags/example_trigger_controller_dag.py
[2022-09-10T04:32:39.935+0000] {processor.py:650} INFO - DAG(s) dict_keys(['example_trigger_controller_dag']) retrieved from /home/airflow/.local/lib/python3.7/site-packages/airflow/example_dags/example_trigger_controller_dag.py
[2022-09-10T04:32:39.961+0000] {logging_mixin.py:115} INFO - [2022-09-10T04:32:39.961+0000] {dag.py:2429} INFO - Sync 1 DAGs
[2022-09-10T04:32:39.984+0000] {logging_mixin.py:115} INFO - [2022-09-10T04:32:39.983+0000] {dag.py:2981} INFO - Setting next_dagrun for example_trigger_controller_dag to 2021-01-01T00:00:00+00:00, run_after=2021-01-01T00:00:00+00:00
[2022-09-10T04:32:40.001+0000] {processor.py:161} INFO - Processing /home/airflow/.local/lib/python3.7/site-packages/airflow/example_dags/example_trigger_controller_dag.py took 0.072 seconds
