[2022-09-10T04:17:49.360+0000] {processor.py:153} INFO - Started process (PID=214) to work on /home/airflow/.local/lib/python3.7/site-packages/airflow/example_dags/example_sla_dag.py
[2022-09-10T04:17:49.361+0000] {processor.py:640} INFO - Processing file /home/airflow/.local/lib/python3.7/site-packages/airflow/example_dags/example_sla_dag.py for tasks to queue
[2022-09-10T04:17:49.361+0000] {logging_mixin.py:115} INFO - [2022-09-10T04:17:49.361+0000] {dagbag.py:508} INFO - Filling up the DagBag from /home/airflow/.local/lib/python3.7/site-packages/airflow/example_dags/example_sla_dag.py
[2022-09-10T04:17:49.379+0000] {processor.py:650} INFO - DAG(s) dict_keys(['example_sla_dag']) retrieved from /home/airflow/.local/lib/python3.7/site-packages/airflow/example_dags/example_sla_dag.py
[2022-09-10T04:17:49.497+0000] {logging_mixin.py:115} INFO - [2022-09-10T04:17:49.497+0000] {manager.py:508} INFO - Created Permission View: can delete on DAG:example_sla_dag
[2022-09-10T04:17:49.511+0000] {logging_mixin.py:115} INFO - [2022-09-10T04:17:49.511+0000] {manager.py:508} INFO - Created Permission View: can read on DAG:example_sla_dag
[2022-09-10T04:17:49.522+0000] {logging_mixin.py:115} INFO - [2022-09-10T04:17:49.522+0000] {manager.py:508} INFO - Created Permission View: can edit on DAG:example_sla_dag
[2022-09-10T04:17:49.523+0000] {logging_mixin.py:115} INFO - [2022-09-10T04:17:49.523+0000] {dag.py:2429} INFO - Sync 1 DAGs
[2022-09-10T04:17:49.536+0000] {logging_mixin.py:115} INFO - [2022-09-10T04:17:49.536+0000] {dag.py:2448} INFO - Creating ORM DAG for example_sla_dag
[2022-09-10T04:17:49.557+0000] {logging_mixin.py:115} INFO - [2022-09-10T04:17:49.556+0000] {dag.py:2981} INFO - Setting next_dagrun for example_sla_dag to 2022-09-10T04:14:00+00:00, run_after=2022-09-10T04:16:00+00:00
[2022-09-10T04:17:49.575+0000] {processor.py:161} INFO - Processing /home/airflow/.local/lib/python3.7/site-packages/airflow/example_dags/example_sla_dag.py took 0.218 seconds
[2022-09-10T04:18:19.641+0000] {processor.py:153} INFO - Started process (PID=403) to work on /home/airflow/.local/lib/python3.7/site-packages/airflow/example_dags/example_sla_dag.py
[2022-09-10T04:18:19.642+0000] {processor.py:640} INFO - Processing file /home/airflow/.local/lib/python3.7/site-packages/airflow/example_dags/example_sla_dag.py for tasks to queue
[2022-09-10T04:18:19.643+0000] {logging_mixin.py:115} INFO - [2022-09-10T04:18:19.643+0000] {dagbag.py:508} INFO - Filling up the DagBag from /home/airflow/.local/lib/python3.7/site-packages/airflow/example_dags/example_sla_dag.py
[2022-09-10T04:18:19.655+0000] {processor.py:650} INFO - DAG(s) dict_keys(['example_sla_dag']) retrieved from /home/airflow/.local/lib/python3.7/site-packages/airflow/example_dags/example_sla_dag.py
[2022-09-10T04:18:19.675+0000] {logging_mixin.py:115} INFO - [2022-09-10T04:18:19.675+0000] {dag.py:2429} INFO - Sync 1 DAGs
[2022-09-10T04:18:19.699+0000] {logging_mixin.py:115} INFO - [2022-09-10T04:18:19.699+0000] {dag.py:2981} INFO - Setting next_dagrun for example_sla_dag to 2022-09-10T04:16:00+00:00, run_after=2022-09-10T04:18:00+00:00
[2022-09-10T04:18:19.714+0000] {processor.py:161} INFO - Processing /home/airflow/.local/lib/python3.7/site-packages/airflow/example_dags/example_sla_dag.py took 0.075 seconds
[2022-09-10T04:18:49.776+0000] {processor.py:153} INFO - Started process (PID=598) to work on /home/airflow/.local/lib/python3.7/site-packages/airflow/example_dags/example_sla_dag.py
[2022-09-10T04:18:49.777+0000] {processor.py:640} INFO - Processing file /home/airflow/.local/lib/python3.7/site-packages/airflow/example_dags/example_sla_dag.py for tasks to queue
[2022-09-10T04:18:49.778+0000] {logging_mixin.py:115} INFO - [2022-09-10T04:18:49.778+0000] {dagbag.py:508} INFO - Filling up the DagBag from /home/airflow/.local/lib/python3.7/site-packages/airflow/example_dags/example_sla_dag.py
[2022-09-10T04:18:49.791+0000] {processor.py:650} INFO - DAG(s) dict_keys(['example_sla_dag']) retrieved from /home/airflow/.local/lib/python3.7/site-packages/airflow/example_dags/example_sla_dag.py
[2022-09-10T04:18:49.813+0000] {logging_mixin.py:115} INFO - [2022-09-10T04:18:49.812+0000] {dag.py:2429} INFO - Sync 1 DAGs
[2022-09-10T04:18:49.835+0000] {logging_mixin.py:115} INFO - [2022-09-10T04:18:49.835+0000] {dag.py:2981} INFO - Setting next_dagrun for example_sla_dag to 2022-09-10T04:16:00+00:00, run_after=2022-09-10T04:18:00+00:00
[2022-09-10T04:18:49.849+0000] {processor.py:161} INFO - Processing /home/airflow/.local/lib/python3.7/site-packages/airflow/example_dags/example_sla_dag.py took 0.075 seconds
[2022-09-10T04:19:20.872+0000] {processor.py:153} INFO - Started process (PID=786) to work on /home/airflow/.local/lib/python3.7/site-packages/airflow/example_dags/example_sla_dag.py
[2022-09-10T04:19:20.873+0000] {processor.py:640} INFO - Processing file /home/airflow/.local/lib/python3.7/site-packages/airflow/example_dags/example_sla_dag.py for tasks to queue
[2022-09-10T04:19:20.874+0000] {logging_mixin.py:115} INFO - [2022-09-10T04:19:20.874+0000] {dagbag.py:508} INFO - Filling up the DagBag from /home/airflow/.local/lib/python3.7/site-packages/airflow/example_dags/example_sla_dag.py
[2022-09-10T04:19:20.886+0000] {processor.py:650} INFO - DAG(s) dict_keys(['example_sla_dag']) retrieved from /home/airflow/.local/lib/python3.7/site-packages/airflow/example_dags/example_sla_dag.py
[2022-09-10T04:19:20.907+0000] {logging_mixin.py:115} INFO - [2022-09-10T04:19:20.906+0000] {dag.py:2429} INFO - Sync 1 DAGs
[2022-09-10T04:19:20.930+0000] {logging_mixin.py:115} INFO - [2022-09-10T04:19:20.930+0000] {dag.py:2981} INFO - Setting next_dagrun for example_sla_dag to 2022-09-10T04:16:00+00:00, run_after=2022-09-10T04:18:00+00:00
[2022-09-10T04:19:20.949+0000] {processor.py:161} INFO - Processing /home/airflow/.local/lib/python3.7/site-packages/airflow/example_dags/example_sla_dag.py took 0.079 seconds
[2022-09-10T04:19:51.180+0000] {processor.py:153} INFO - Started process (PID=983) to work on /home/airflow/.local/lib/python3.7/site-packages/airflow/example_dags/example_sla_dag.py
[2022-09-10T04:19:51.181+0000] {processor.py:640} INFO - Processing file /home/airflow/.local/lib/python3.7/site-packages/airflow/example_dags/example_sla_dag.py for tasks to queue
[2022-09-10T04:19:51.182+0000] {logging_mixin.py:115} INFO - [2022-09-10T04:19:51.182+0000] {dagbag.py:508} INFO - Filling up the DagBag from /home/airflow/.local/lib/python3.7/site-packages/airflow/example_dags/example_sla_dag.py
[2022-09-10T04:19:51.198+0000] {processor.py:650} INFO - DAG(s) dict_keys(['example_sla_dag']) retrieved from /home/airflow/.local/lib/python3.7/site-packages/airflow/example_dags/example_sla_dag.py
[2022-09-10T04:19:51.222+0000] {logging_mixin.py:115} INFO - [2022-09-10T04:19:51.222+0000] {dag.py:2429} INFO - Sync 1 DAGs
[2022-09-10T04:19:51.254+0000] {logging_mixin.py:115} INFO - [2022-09-10T04:19:51.254+0000] {dag.py:2981} INFO - Setting next_dagrun for example_sla_dag to 2022-09-10T04:16:00+00:00, run_after=2022-09-10T04:18:00+00:00
[2022-09-10T04:19:51.271+0000] {processor.py:161} INFO - Processing /home/airflow/.local/lib/python3.7/site-packages/airflow/example_dags/example_sla_dag.py took 0.094 seconds
[2022-09-10T04:20:21.425+0000] {processor.py:153} INFO - Started process (PID=1180) to work on /home/airflow/.local/lib/python3.7/site-packages/airflow/example_dags/example_sla_dag.py
[2022-09-10T04:20:21.426+0000] {processor.py:640} INFO - Processing file /home/airflow/.local/lib/python3.7/site-packages/airflow/example_dags/example_sla_dag.py for tasks to queue
[2022-09-10T04:20:21.426+0000] {logging_mixin.py:115} INFO - [2022-09-10T04:20:21.426+0000] {dagbag.py:508} INFO - Filling up the DagBag from /home/airflow/.local/lib/python3.7/site-packages/airflow/example_dags/example_sla_dag.py
[2022-09-10T04:20:21.438+0000] {processor.py:650} INFO - DAG(s) dict_keys(['example_sla_dag']) retrieved from /home/airflow/.local/lib/python3.7/site-packages/airflow/example_dags/example_sla_dag.py
[2022-09-10T04:20:21.457+0000] {logging_mixin.py:115} INFO - [2022-09-10T04:20:21.457+0000] {dag.py:2429} INFO - Sync 1 DAGs
[2022-09-10T04:20:21.484+0000] {logging_mixin.py:115} INFO - [2022-09-10T04:20:21.483+0000] {dag.py:2981} INFO - Setting next_dagrun for example_sla_dag to 2022-09-10T04:18:00+00:00, run_after=2022-09-10T04:20:00+00:00
[2022-09-10T04:20:21.497+0000] {processor.py:161} INFO - Processing /home/airflow/.local/lib/python3.7/site-packages/airflow/example_dags/example_sla_dag.py took 0.075 seconds
[2022-09-10T04:26:38.563+0000] {processor.py:153} INFO - Started process (PID=202) to work on /home/airflow/.local/lib/python3.7/site-packages/airflow/example_dags/example_sla_dag.py
[2022-09-10T04:26:38.565+0000] {processor.py:640} INFO - Processing file /home/airflow/.local/lib/python3.7/site-packages/airflow/example_dags/example_sla_dag.py for tasks to queue
[2022-09-10T04:26:38.566+0000] {logging_mixin.py:115} INFO - [2022-09-10T04:26:38.566+0000] {dagbag.py:508} INFO - Filling up the DagBag from /home/airflow/.local/lib/python3.7/site-packages/airflow/example_dags/example_sla_dag.py
[2022-09-10T04:26:38.590+0000] {processor.py:650} INFO - DAG(s) dict_keys(['example_sla_dag']) retrieved from /home/airflow/.local/lib/python3.7/site-packages/airflow/example_dags/example_sla_dag.py
[2022-09-10T04:26:38.621+0000] {logging_mixin.py:115} INFO - [2022-09-10T04:26:38.621+0000] {dag.py:2429} INFO - Sync 1 DAGs
[2022-09-10T04:26:38.657+0000] {logging_mixin.py:115} INFO - [2022-09-10T04:26:38.657+0000] {dag.py:2981} INFO - Setting next_dagrun for example_sla_dag to 2022-09-10T04:24:00+00:00, run_after=2022-09-10T04:26:00+00:00
[2022-09-10T04:26:38.673+0000] {processor.py:161} INFO - Processing /home/airflow/.local/lib/python3.7/site-packages/airflow/example_dags/example_sla_dag.py took 0.113 seconds
[2022-09-10T04:27:08.910+0000] {processor.py:153} INFO - Started process (PID=400) to work on /home/airflow/.local/lib/python3.7/site-packages/airflow/example_dags/example_sla_dag.py
[2022-09-10T04:27:08.911+0000] {processor.py:640} INFO - Processing file /home/airflow/.local/lib/python3.7/site-packages/airflow/example_dags/example_sla_dag.py for tasks to queue
[2022-09-10T04:27:08.911+0000] {logging_mixin.py:115} INFO - [2022-09-10T04:27:08.911+0000] {dagbag.py:508} INFO - Filling up the DagBag from /home/airflow/.local/lib/python3.7/site-packages/airflow/example_dags/example_sla_dag.py
[2022-09-10T04:27:08.929+0000] {processor.py:650} INFO - DAG(s) dict_keys(['example_sla_dag']) retrieved from /home/airflow/.local/lib/python3.7/site-packages/airflow/example_dags/example_sla_dag.py
[2022-09-10T04:27:08.952+0000] {logging_mixin.py:115} INFO - [2022-09-10T04:27:08.952+0000] {dag.py:2429} INFO - Sync 1 DAGs
[2022-09-10T04:27:08.977+0000] {logging_mixin.py:115} INFO - [2022-09-10T04:27:08.977+0000] {dag.py:2981} INFO - Setting next_dagrun for example_sla_dag to 2022-09-10T04:24:00+00:00, run_after=2022-09-10T04:26:00+00:00
[2022-09-10T04:27:08.994+0000] {processor.py:161} INFO - Processing /home/airflow/.local/lib/python3.7/site-packages/airflow/example_dags/example_sla_dag.py took 0.086 seconds
[2022-09-10T04:27:39.916+0000] {processor.py:153} INFO - Started process (PID=588) to work on /home/airflow/.local/lib/python3.7/site-packages/airflow/example_dags/example_sla_dag.py
[2022-09-10T04:27:39.917+0000] {processor.py:640} INFO - Processing file /home/airflow/.local/lib/python3.7/site-packages/airflow/example_dags/example_sla_dag.py for tasks to queue
[2022-09-10T04:27:39.918+0000] {logging_mixin.py:115} INFO - [2022-09-10T04:27:39.918+0000] {dagbag.py:508} INFO - Filling up the DagBag from /home/airflow/.local/lib/python3.7/site-packages/airflow/example_dags/example_sla_dag.py
[2022-09-10T04:27:39.933+0000] {processor.py:650} INFO - DAG(s) dict_keys(['example_sla_dag']) retrieved from /home/airflow/.local/lib/python3.7/site-packages/airflow/example_dags/example_sla_dag.py
[2022-09-10T04:27:39.951+0000] {logging_mixin.py:115} INFO - [2022-09-10T04:27:39.951+0000] {dag.py:2429} INFO - Sync 1 DAGs
[2022-09-10T04:27:39.975+0000] {logging_mixin.py:115} INFO - [2022-09-10T04:27:39.975+0000] {dag.py:2981} INFO - Setting next_dagrun for example_sla_dag to 2022-09-10T04:24:00+00:00, run_after=2022-09-10T04:26:00+00:00
[2022-09-10T04:27:39.991+0000] {processor.py:161} INFO - Processing /home/airflow/.local/lib/python3.7/site-packages/airflow/example_dags/example_sla_dag.py took 0.076 seconds
[2022-09-10T04:28:10.795+0000] {processor.py:153} INFO - Started process (PID=785) to work on /home/airflow/.local/lib/python3.7/site-packages/airflow/example_dags/example_sla_dag.py
[2022-09-10T04:28:10.796+0000] {processor.py:640} INFO - Processing file /home/airflow/.local/lib/python3.7/site-packages/airflow/example_dags/example_sla_dag.py for tasks to queue
[2022-09-10T04:28:10.797+0000] {logging_mixin.py:115} INFO - [2022-09-10T04:28:10.797+0000] {dagbag.py:508} INFO - Filling up the DagBag from /home/airflow/.local/lib/python3.7/site-packages/airflow/example_dags/example_sla_dag.py
[2022-09-10T04:28:10.812+0000] {processor.py:650} INFO - DAG(s) dict_keys(['example_sla_dag']) retrieved from /home/airflow/.local/lib/python3.7/site-packages/airflow/example_dags/example_sla_dag.py
[2022-09-10T04:28:10.831+0000] {logging_mixin.py:115} INFO - [2022-09-10T04:28:10.831+0000] {dag.py:2429} INFO - Sync 1 DAGs
[2022-09-10T04:28:10.856+0000] {logging_mixin.py:115} INFO - [2022-09-10T04:28:10.856+0000] {dag.py:2981} INFO - Setting next_dagrun for example_sla_dag to 2022-09-10T04:26:00+00:00, run_after=2022-09-10T04:28:00+00:00
[2022-09-10T04:28:10.872+0000] {processor.py:161} INFO - Processing /home/airflow/.local/lib/python3.7/site-packages/airflow/example_dags/example_sla_dag.py took 0.079 seconds
[2022-09-10T04:28:41.595+0000] {processor.py:153} INFO - Started process (PID=983) to work on /home/airflow/.local/lib/python3.7/site-packages/airflow/example_dags/example_sla_dag.py
[2022-09-10T04:28:41.596+0000] {processor.py:640} INFO - Processing file /home/airflow/.local/lib/python3.7/site-packages/airflow/example_dags/example_sla_dag.py for tasks to queue
[2022-09-10T04:28:41.597+0000] {logging_mixin.py:115} INFO - [2022-09-10T04:28:41.597+0000] {dagbag.py:508} INFO - Filling up the DagBag from /home/airflow/.local/lib/python3.7/site-packages/airflow/example_dags/example_sla_dag.py
[2022-09-10T04:28:41.614+0000] {processor.py:650} INFO - DAG(s) dict_keys(['example_sla_dag']) retrieved from /home/airflow/.local/lib/python3.7/site-packages/airflow/example_dags/example_sla_dag.py
[2022-09-10T04:28:41.633+0000] {logging_mixin.py:115} INFO - [2022-09-10T04:28:41.633+0000] {dag.py:2429} INFO - Sync 1 DAGs
[2022-09-10T04:28:41.653+0000] {logging_mixin.py:115} INFO - [2022-09-10T04:28:41.652+0000] {dag.py:2981} INFO - Setting next_dagrun for example_sla_dag to 2022-09-10T04:26:00+00:00, run_after=2022-09-10T04:28:00+00:00
[2022-09-10T04:28:41.668+0000] {processor.py:161} INFO - Processing /home/airflow/.local/lib/python3.7/site-packages/airflow/example_dags/example_sla_dag.py took 0.075 seconds
[2022-09-10T04:30:05.926+0000] {processor.py:153} INFO - Started process (PID=202) to work on /home/airflow/.local/lib/python3.7/site-packages/airflow/example_dags/example_sla_dag.py
[2022-09-10T04:30:05.927+0000] {processor.py:640} INFO - Processing file /home/airflow/.local/lib/python3.7/site-packages/airflow/example_dags/example_sla_dag.py for tasks to queue
[2022-09-10T04:30:05.927+0000] {logging_mixin.py:115} INFO - [2022-09-10T04:30:05.927+0000] {dagbag.py:508} INFO - Filling up the DagBag from /home/airflow/.local/lib/python3.7/site-packages/airflow/example_dags/example_sla_dag.py
[2022-09-10T04:30:05.945+0000] {processor.py:650} INFO - DAG(s) dict_keys(['example_sla_dag']) retrieved from /home/airflow/.local/lib/python3.7/site-packages/airflow/example_dags/example_sla_dag.py
[2022-09-10T04:30:05.965+0000] {logging_mixin.py:115} INFO - [2022-09-10T04:30:05.965+0000] {dag.py:2429} INFO - Sync 1 DAGs
[2022-09-10T04:30:05.990+0000] {logging_mixin.py:115} INFO - [2022-09-10T04:30:05.989+0000] {dag.py:2981} INFO - Setting next_dagrun for example_sla_dag to 2022-09-10T04:28:00+00:00, run_after=2022-09-10T04:30:00+00:00
[2022-09-10T04:30:06.004+0000] {processor.py:161} INFO - Processing /home/airflow/.local/lib/python3.7/site-packages/airflow/example_dags/example_sla_dag.py took 0.080 seconds
[2022-09-10T04:30:36.897+0000] {processor.py:153} INFO - Started process (PID=399) to work on /home/airflow/.local/lib/python3.7/site-packages/airflow/example_dags/example_sla_dag.py
[2022-09-10T04:30:36.898+0000] {processor.py:640} INFO - Processing file /home/airflow/.local/lib/python3.7/site-packages/airflow/example_dags/example_sla_dag.py for tasks to queue
[2022-09-10T04:30:36.898+0000] {logging_mixin.py:115} INFO - [2022-09-10T04:30:36.898+0000] {dagbag.py:508} INFO - Filling up the DagBag from /home/airflow/.local/lib/python3.7/site-packages/airflow/example_dags/example_sla_dag.py
[2022-09-10T04:30:36.912+0000] {processor.py:650} INFO - DAG(s) dict_keys(['example_sla_dag']) retrieved from /home/airflow/.local/lib/python3.7/site-packages/airflow/example_dags/example_sla_dag.py
[2022-09-10T04:30:36.932+0000] {logging_mixin.py:115} INFO - [2022-09-10T04:30:36.932+0000] {dag.py:2429} INFO - Sync 1 DAGs
[2022-09-10T04:30:36.954+0000] {logging_mixin.py:115} INFO - [2022-09-10T04:30:36.954+0000] {dag.py:2981} INFO - Setting next_dagrun for example_sla_dag to 2022-09-10T04:28:00+00:00, run_after=2022-09-10T04:30:00+00:00
[2022-09-10T04:30:36.972+0000] {processor.py:161} INFO - Processing /home/airflow/.local/lib/python3.7/site-packages/airflow/example_dags/example_sla_dag.py took 0.077 seconds
[2022-09-10T04:31:07.877+0000] {processor.py:153} INFO - Started process (PID=596) to work on /home/airflow/.local/lib/python3.7/site-packages/airflow/example_dags/example_sla_dag.py
[2022-09-10T04:31:07.878+0000] {processor.py:640} INFO - Processing file /home/airflow/.local/lib/python3.7/site-packages/airflow/example_dags/example_sla_dag.py for tasks to queue
[2022-09-10T04:31:07.879+0000] {logging_mixin.py:115} INFO - [2022-09-10T04:31:07.878+0000] {dagbag.py:508} INFO - Filling up the DagBag from /home/airflow/.local/lib/python3.7/site-packages/airflow/example_dags/example_sla_dag.py
[2022-09-10T04:31:07.897+0000] {processor.py:650} INFO - DAG(s) dict_keys(['example_sla_dag']) retrieved from /home/airflow/.local/lib/python3.7/site-packages/airflow/example_dags/example_sla_dag.py
[2022-09-10T04:31:07.919+0000] {logging_mixin.py:115} INFO - [2022-09-10T04:31:07.919+0000] {dag.py:2429} INFO - Sync 1 DAGs
[2022-09-10T04:31:07.948+0000] {logging_mixin.py:115} INFO - [2022-09-10T04:31:07.948+0000] {dag.py:2981} INFO - Setting next_dagrun for example_sla_dag to 2022-09-10T04:28:00+00:00, run_after=2022-09-10T04:30:00+00:00
[2022-09-10T04:31:07.965+0000] {processor.py:161} INFO - Processing /home/airflow/.local/lib/python3.7/site-packages/airflow/example_dags/example_sla_dag.py took 0.091 seconds
[2022-09-10T04:31:38.162+0000] {processor.py:153} INFO - Started process (PID=784) to work on /home/airflow/.local/lib/python3.7/site-packages/airflow/example_dags/example_sla_dag.py
[2022-09-10T04:31:38.163+0000] {processor.py:640} INFO - Processing file /home/airflow/.local/lib/python3.7/site-packages/airflow/example_dags/example_sla_dag.py for tasks to queue
[2022-09-10T04:31:38.163+0000] {logging_mixin.py:115} INFO - [2022-09-10T04:31:38.163+0000] {dagbag.py:508} INFO - Filling up the DagBag from /home/airflow/.local/lib/python3.7/site-packages/airflow/example_dags/example_sla_dag.py
[2022-09-10T04:31:38.184+0000] {processor.py:650} INFO - DAG(s) dict_keys(['example_sla_dag']) retrieved from /home/airflow/.local/lib/python3.7/site-packages/airflow/example_dags/example_sla_dag.py
[2022-09-10T04:31:38.207+0000] {logging_mixin.py:115} INFO - [2022-09-10T04:31:38.207+0000] {dag.py:2429} INFO - Sync 1 DAGs
[2022-09-10T04:31:38.230+0000] {logging_mixin.py:115} INFO - [2022-09-10T04:31:38.230+0000] {dag.py:2981} INFO - Setting next_dagrun for example_sla_dag to 2022-09-10T04:28:00+00:00, run_after=2022-09-10T04:30:00+00:00
[2022-09-10T04:31:38.245+0000] {processor.py:161} INFO - Processing /home/airflow/.local/lib/python3.7/site-packages/airflow/example_dags/example_sla_dag.py took 0.086 seconds
[2022-09-10T04:32:08.416+0000] {processor.py:153} INFO - Started process (PID=999) to work on /home/airflow/.local/lib/python3.7/site-packages/airflow/example_dags/example_sla_dag.py
[2022-09-10T04:32:08.417+0000] {processor.py:640} INFO - Processing file /home/airflow/.local/lib/python3.7/site-packages/airflow/example_dags/example_sla_dag.py for tasks to queue
[2022-09-10T04:32:08.417+0000] {logging_mixin.py:115} INFO - [2022-09-10T04:32:08.417+0000] {dagbag.py:508} INFO - Filling up the DagBag from /home/airflow/.local/lib/python3.7/site-packages/airflow/example_dags/example_sla_dag.py
[2022-09-10T04:32:08.435+0000] {processor.py:650} INFO - DAG(s) dict_keys(['example_sla_dag']) retrieved from /home/airflow/.local/lib/python3.7/site-packages/airflow/example_dags/example_sla_dag.py
[2022-09-10T04:32:08.459+0000] {logging_mixin.py:115} INFO - [2022-09-10T04:32:08.458+0000] {dag.py:2429} INFO - Sync 1 DAGs
[2022-09-10T04:32:08.483+0000] {logging_mixin.py:115} INFO - [2022-09-10T04:32:08.483+0000] {dag.py:2981} INFO - Setting next_dagrun for example_sla_dag to 2022-09-10T04:30:00+00:00, run_after=2022-09-10T04:32:00+00:00
[2022-09-10T04:32:08.500+0000] {processor.py:161} INFO - Processing /home/airflow/.local/lib/python3.7/site-packages/airflow/example_dags/example_sla_dag.py took 0.086 seconds
[2022-09-10T04:32:39.473+0000] {processor.py:153} INFO - Started process (PID=1187) to work on /home/airflow/.local/lib/python3.7/site-packages/airflow/example_dags/example_sla_dag.py
[2022-09-10T04:32:39.474+0000] {processor.py:640} INFO - Processing file /home/airflow/.local/lib/python3.7/site-packages/airflow/example_dags/example_sla_dag.py for tasks to queue
[2022-09-10T04:32:39.475+0000] {logging_mixin.py:115} INFO - [2022-09-10T04:32:39.475+0000] {dagbag.py:508} INFO - Filling up the DagBag from /home/airflow/.local/lib/python3.7/site-packages/airflow/example_dags/example_sla_dag.py
[2022-09-10T04:32:39.493+0000] {processor.py:650} INFO - DAG(s) dict_keys(['example_sla_dag']) retrieved from /home/airflow/.local/lib/python3.7/site-packages/airflow/example_dags/example_sla_dag.py
[2022-09-10T04:32:39.516+0000] {logging_mixin.py:115} INFO - [2022-09-10T04:32:39.516+0000] {dag.py:2429} INFO - Sync 1 DAGs
[2022-09-10T04:32:39.540+0000] {logging_mixin.py:115} INFO - [2022-09-10T04:32:39.540+0000] {dag.py:2981} INFO - Setting next_dagrun for example_sla_dag to 2022-09-10T04:30:00+00:00, run_after=2022-09-10T04:32:00+00:00
[2022-09-10T04:32:39.555+0000] {processor.py:161} INFO - Processing /home/airflow/.local/lib/python3.7/site-packages/airflow/example_dags/example_sla_dag.py took 0.084 seconds
