[2022-09-10T04:17:51.602+0000] {processor.py:153} INFO - Started process (PID=312) to work on /home/airflow/.local/lib/python3.7/site-packages/airflow/example_dags/example_local_kubernetes_executor.py
[2022-09-10T04:17:51.602+0000] {processor.py:640} INFO - Processing file /home/airflow/.local/lib/python3.7/site-packages/airflow/example_dags/example_local_kubernetes_executor.py for tasks to queue
[2022-09-10T04:17:51.602+0000] {logging_mixin.py:115} INFO - [2022-09-10T04:17:51.602+0000] {dagbag.py:508} INFO - Filling up the DagBag from /home/airflow/.local/lib/python3.7/site-packages/airflow/example_dags/example_local_kubernetes_executor.py
[2022-09-10T04:17:51.617+0000] {processor.py:650} INFO - DAG(s) dict_keys(['example_local_kubernetes_executor']) retrieved from /home/airflow/.local/lib/python3.7/site-packages/airflow/example_dags/example_local_kubernetes_executor.py
[2022-09-10T04:17:51.705+0000] {logging_mixin.py:115} INFO - [2022-09-10T04:17:51.704+0000] {manager.py:508} INFO - Created Permission View: can delete on DAG:example_local_kubernetes_executor
[2022-09-10T04:17:51.717+0000] {logging_mixin.py:115} INFO - [2022-09-10T04:17:51.717+0000] {manager.py:508} INFO - Created Permission View: can read on DAG:example_local_kubernetes_executor
[2022-09-10T04:17:51.726+0000] {logging_mixin.py:115} INFO - [2022-09-10T04:17:51.726+0000] {manager.py:508} INFO - Created Permission View: can edit on DAG:example_local_kubernetes_executor
[2022-09-10T04:17:51.726+0000] {logging_mixin.py:115} INFO - [2022-09-10T04:17:51.726+0000] {dag.py:2429} INFO - Sync 1 DAGs
[2022-09-10T04:17:51.734+0000] {logging_mixin.py:115} INFO - [2022-09-10T04:17:51.734+0000] {dag.py:2448} INFO - Creating ORM DAG for example_local_kubernetes_executor
[2022-09-10T04:17:51.746+0000] {logging_mixin.py:115} INFO - [2022-09-10T04:17:51.746+0000] {dag.py:2981} INFO - Setting next_dagrun for example_local_kubernetes_executor to None, run_after=None
[2022-09-10T04:17:51.766+0000] {processor.py:161} INFO - Processing /home/airflow/.local/lib/python3.7/site-packages/airflow/example_dags/example_local_kubernetes_executor.py took 0.166 seconds
[2022-09-10T04:18:21.793+0000] {processor.py:153} INFO - Started process (PID=503) to work on /home/airflow/.local/lib/python3.7/site-packages/airflow/example_dags/example_local_kubernetes_executor.py
[2022-09-10T04:18:21.794+0000] {processor.py:640} INFO - Processing file /home/airflow/.local/lib/python3.7/site-packages/airflow/example_dags/example_local_kubernetes_executor.py for tasks to queue
[2022-09-10T04:18:21.794+0000] {logging_mixin.py:115} INFO - [2022-09-10T04:18:21.794+0000] {dagbag.py:508} INFO - Filling up the DagBag from /home/airflow/.local/lib/python3.7/site-packages/airflow/example_dags/example_local_kubernetes_executor.py
[2022-09-10T04:18:21.806+0000] {processor.py:650} INFO - DAG(s) dict_keys(['example_local_kubernetes_executor']) retrieved from /home/airflow/.local/lib/python3.7/site-packages/airflow/example_dags/example_local_kubernetes_executor.py
[2022-09-10T04:18:21.824+0000] {logging_mixin.py:115} INFO - [2022-09-10T04:18:21.824+0000] {dag.py:2429} INFO - Sync 1 DAGs
[2022-09-10T04:18:21.843+0000] {logging_mixin.py:115} INFO - [2022-09-10T04:18:21.843+0000] {dag.py:2981} INFO - Setting next_dagrun for example_local_kubernetes_executor to None, run_after=None
[2022-09-10T04:18:21.856+0000] {processor.py:161} INFO - Processing /home/airflow/.local/lib/python3.7/site-packages/airflow/example_dags/example_local_kubernetes_executor.py took 0.065 seconds
[2022-09-10T04:18:52.067+0000] {processor.py:153} INFO - Started process (PID=698) to work on /home/airflow/.local/lib/python3.7/site-packages/airflow/example_dags/example_local_kubernetes_executor.py
[2022-09-10T04:18:52.068+0000] {processor.py:640} INFO - Processing file /home/airflow/.local/lib/python3.7/site-packages/airflow/example_dags/example_local_kubernetes_executor.py for tasks to queue
[2022-09-10T04:18:52.068+0000] {logging_mixin.py:115} INFO - [2022-09-10T04:18:52.068+0000] {dagbag.py:508} INFO - Filling up the DagBag from /home/airflow/.local/lib/python3.7/site-packages/airflow/example_dags/example_local_kubernetes_executor.py
[2022-09-10T04:18:52.083+0000] {processor.py:650} INFO - DAG(s) dict_keys(['example_local_kubernetes_executor']) retrieved from /home/airflow/.local/lib/python3.7/site-packages/airflow/example_dags/example_local_kubernetes_executor.py
[2022-09-10T04:18:52.105+0000] {logging_mixin.py:115} INFO - [2022-09-10T04:18:52.105+0000] {dag.py:2429} INFO - Sync 1 DAGs
[2022-09-10T04:18:52.127+0000] {logging_mixin.py:115} INFO - [2022-09-10T04:18:52.127+0000] {dag.py:2981} INFO - Setting next_dagrun for example_local_kubernetes_executor to None, run_after=None
[2022-09-10T04:18:52.143+0000] {processor.py:161} INFO - Processing /home/airflow/.local/lib/python3.7/site-packages/airflow/example_dags/example_local_kubernetes_executor.py took 0.078 seconds
[2022-09-10T04:19:22.245+0000] {processor.py:153} INFO - Started process (PID=895) to work on /home/airflow/.local/lib/python3.7/site-packages/airflow/example_dags/example_local_kubernetes_executor.py
[2022-09-10T04:19:22.246+0000] {processor.py:640} INFO - Processing file /home/airflow/.local/lib/python3.7/site-packages/airflow/example_dags/example_local_kubernetes_executor.py for tasks to queue
[2022-09-10T04:19:22.246+0000] {logging_mixin.py:115} INFO - [2022-09-10T04:19:22.246+0000] {dagbag.py:508} INFO - Filling up the DagBag from /home/airflow/.local/lib/python3.7/site-packages/airflow/example_dags/example_local_kubernetes_executor.py
[2022-09-10T04:19:22.260+0000] {processor.py:650} INFO - DAG(s) dict_keys(['example_local_kubernetes_executor']) retrieved from /home/airflow/.local/lib/python3.7/site-packages/airflow/example_dags/example_local_kubernetes_executor.py
[2022-09-10T04:19:22.284+0000] {logging_mixin.py:115} INFO - [2022-09-10T04:19:22.284+0000] {dag.py:2429} INFO - Sync 1 DAGs
[2022-09-10T04:19:22.314+0000] {logging_mixin.py:115} INFO - [2022-09-10T04:19:22.314+0000] {dag.py:2981} INFO - Setting next_dagrun for example_local_kubernetes_executor to None, run_after=None
[2022-09-10T04:19:22.335+0000] {processor.py:161} INFO - Processing /home/airflow/.local/lib/python3.7/site-packages/airflow/example_dags/example_local_kubernetes_executor.py took 0.092 seconds
[2022-09-10T04:19:52.402+0000] {processor.py:153} INFO - Started process (PID=1078) to work on /home/airflow/.local/lib/python3.7/site-packages/airflow/example_dags/example_local_kubernetes_executor.py
[2022-09-10T04:19:52.403+0000] {processor.py:640} INFO - Processing file /home/airflow/.local/lib/python3.7/site-packages/airflow/example_dags/example_local_kubernetes_executor.py for tasks to queue
[2022-09-10T04:19:52.404+0000] {logging_mixin.py:115} INFO - [2022-09-10T04:19:52.404+0000] {dagbag.py:508} INFO - Filling up the DagBag from /home/airflow/.local/lib/python3.7/site-packages/airflow/example_dags/example_local_kubernetes_executor.py
[2022-09-10T04:19:52.420+0000] {processor.py:650} INFO - DAG(s) dict_keys(['example_local_kubernetes_executor']) retrieved from /home/airflow/.local/lib/python3.7/site-packages/airflow/example_dags/example_local_kubernetes_executor.py
[2022-09-10T04:19:52.443+0000] {logging_mixin.py:115} INFO - [2022-09-10T04:19:52.443+0000] {dag.py:2429} INFO - Sync 1 DAGs
[2022-09-10T04:19:52.467+0000] {logging_mixin.py:115} INFO - [2022-09-10T04:19:52.467+0000] {dag.py:2981} INFO - Setting next_dagrun for example_local_kubernetes_executor to None, run_after=None
[2022-09-10T04:19:52.484+0000] {processor.py:161} INFO - Processing /home/airflow/.local/lib/python3.7/site-packages/airflow/example_dags/example_local_kubernetes_executor.py took 0.084 seconds
[2022-09-10T04:20:22.579+0000] {processor.py:153} INFO - Started process (PID=1275) to work on /home/airflow/.local/lib/python3.7/site-packages/airflow/example_dags/example_local_kubernetes_executor.py
[2022-09-10T04:20:22.580+0000] {processor.py:640} INFO - Processing file /home/airflow/.local/lib/python3.7/site-packages/airflow/example_dags/example_local_kubernetes_executor.py for tasks to queue
[2022-09-10T04:20:22.581+0000] {logging_mixin.py:115} INFO - [2022-09-10T04:20:22.581+0000] {dagbag.py:508} INFO - Filling up the DagBag from /home/airflow/.local/lib/python3.7/site-packages/airflow/example_dags/example_local_kubernetes_executor.py
[2022-09-10T04:20:22.595+0000] {processor.py:650} INFO - DAG(s) dict_keys(['example_local_kubernetes_executor']) retrieved from /home/airflow/.local/lib/python3.7/site-packages/airflow/example_dags/example_local_kubernetes_executor.py
[2022-09-10T04:20:22.617+0000] {logging_mixin.py:115} INFO - [2022-09-10T04:20:22.616+0000] {dag.py:2429} INFO - Sync 1 DAGs
[2022-09-10T04:20:22.640+0000] {logging_mixin.py:115} INFO - [2022-09-10T04:20:22.640+0000] {dag.py:2981} INFO - Setting next_dagrun for example_local_kubernetes_executor to None, run_after=None
[2022-09-10T04:20:22.655+0000] {processor.py:161} INFO - Processing /home/airflow/.local/lib/python3.7/site-packages/airflow/example_dags/example_local_kubernetes_executor.py took 0.078 seconds
[2022-09-10T04:26:40.104+0000] {processor.py:153} INFO - Started process (PID=302) to work on /home/airflow/.local/lib/python3.7/site-packages/airflow/example_dags/example_local_kubernetes_executor.py
[2022-09-10T04:26:40.105+0000] {processor.py:640} INFO - Processing file /home/airflow/.local/lib/python3.7/site-packages/airflow/example_dags/example_local_kubernetes_executor.py for tasks to queue
[2022-09-10T04:26:40.105+0000] {logging_mixin.py:115} INFO - [2022-09-10T04:26:40.105+0000] {dagbag.py:508} INFO - Filling up the DagBag from /home/airflow/.local/lib/python3.7/site-packages/airflow/example_dags/example_local_kubernetes_executor.py
[2022-09-10T04:26:40.122+0000] {processor.py:650} INFO - DAG(s) dict_keys(['example_local_kubernetes_executor']) retrieved from /home/airflow/.local/lib/python3.7/site-packages/airflow/example_dags/example_local_kubernetes_executor.py
[2022-09-10T04:26:40.144+0000] {logging_mixin.py:115} INFO - [2022-09-10T04:26:40.144+0000] {dag.py:2429} INFO - Sync 1 DAGs
[2022-09-10T04:26:40.165+0000] {logging_mixin.py:115} INFO - [2022-09-10T04:26:40.164+0000] {dag.py:2981} INFO - Setting next_dagrun for example_local_kubernetes_executor to None, run_after=None
[2022-09-10T04:26:40.177+0000] {processor.py:161} INFO - Processing /home/airflow/.local/lib/python3.7/site-packages/airflow/example_dags/example_local_kubernetes_executor.py took 0.076 seconds
[2022-09-10T04:27:11.144+0000] {processor.py:153} INFO - Started process (PID=500) to work on /home/airflow/.local/lib/python3.7/site-packages/airflow/example_dags/example_local_kubernetes_executor.py
[2022-09-10T04:27:11.146+0000] {processor.py:640} INFO - Processing file /home/airflow/.local/lib/python3.7/site-packages/airflow/example_dags/example_local_kubernetes_executor.py for tasks to queue
[2022-09-10T04:27:11.146+0000] {logging_mixin.py:115} INFO - [2022-09-10T04:27:11.146+0000] {dagbag.py:508} INFO - Filling up the DagBag from /home/airflow/.local/lib/python3.7/site-packages/airflow/example_dags/example_local_kubernetes_executor.py
[2022-09-10T04:27:11.165+0000] {processor.py:650} INFO - DAG(s) dict_keys(['example_local_kubernetes_executor']) retrieved from /home/airflow/.local/lib/python3.7/site-packages/airflow/example_dags/example_local_kubernetes_executor.py
[2022-09-10T04:27:11.189+0000] {logging_mixin.py:115} INFO - [2022-09-10T04:27:11.189+0000] {dag.py:2429} INFO - Sync 1 DAGs
[2022-09-10T04:27:11.213+0000] {logging_mixin.py:115} INFO - [2022-09-10T04:27:11.213+0000] {dag.py:2981} INFO - Setting next_dagrun for example_local_kubernetes_executor to None, run_after=None
[2022-09-10T04:27:11.230+0000] {processor.py:161} INFO - Processing /home/airflow/.local/lib/python3.7/site-packages/airflow/example_dags/example_local_kubernetes_executor.py took 0.088 seconds
[2022-09-10T04:27:42.105+0000] {processor.py:153} INFO - Started process (PID=697) to work on /home/airflow/.local/lib/python3.7/site-packages/airflow/example_dags/example_local_kubernetes_executor.py
[2022-09-10T04:27:42.105+0000] {processor.py:640} INFO - Processing file /home/airflow/.local/lib/python3.7/site-packages/airflow/example_dags/example_local_kubernetes_executor.py for tasks to queue
[2022-09-10T04:27:42.106+0000] {logging_mixin.py:115} INFO - [2022-09-10T04:27:42.106+0000] {dagbag.py:508} INFO - Filling up the DagBag from /home/airflow/.local/lib/python3.7/site-packages/airflow/example_dags/example_local_kubernetes_executor.py
[2022-09-10T04:27:42.122+0000] {processor.py:650} INFO - DAG(s) dict_keys(['example_local_kubernetes_executor']) retrieved from /home/airflow/.local/lib/python3.7/site-packages/airflow/example_dags/example_local_kubernetes_executor.py
[2022-09-10T04:27:42.141+0000] {logging_mixin.py:115} INFO - [2022-09-10T04:27:42.141+0000] {dag.py:2429} INFO - Sync 1 DAGs
[2022-09-10T04:27:42.159+0000] {logging_mixin.py:115} INFO - [2022-09-10T04:27:42.158+0000] {dag.py:2981} INFO - Setting next_dagrun for example_local_kubernetes_executor to None, run_after=None
[2022-09-10T04:27:42.173+0000] {processor.py:161} INFO - Processing /home/airflow/.local/lib/python3.7/site-packages/airflow/example_dags/example_local_kubernetes_executor.py took 0.070 seconds
[2022-09-10T04:28:12.895+0000] {processor.py:153} INFO - Started process (PID=887) to work on /home/airflow/.local/lib/python3.7/site-packages/airflow/example_dags/example_local_kubernetes_executor.py
[2022-09-10T04:28:12.896+0000] {processor.py:640} INFO - Processing file /home/airflow/.local/lib/python3.7/site-packages/airflow/example_dags/example_local_kubernetes_executor.py for tasks to queue
[2022-09-10T04:28:12.897+0000] {logging_mixin.py:115} INFO - [2022-09-10T04:28:12.897+0000] {dagbag.py:508} INFO - Filling up the DagBag from /home/airflow/.local/lib/python3.7/site-packages/airflow/example_dags/example_local_kubernetes_executor.py
[2022-09-10T04:28:12.912+0000] {processor.py:650} INFO - DAG(s) dict_keys(['example_local_kubernetes_executor']) retrieved from /home/airflow/.local/lib/python3.7/site-packages/airflow/example_dags/example_local_kubernetes_executor.py
[2022-09-10T04:28:12.930+0000] {logging_mixin.py:115} INFO - [2022-09-10T04:28:12.930+0000] {dag.py:2429} INFO - Sync 1 DAGs
[2022-09-10T04:28:12.948+0000] {logging_mixin.py:115} INFO - [2022-09-10T04:28:12.947+0000] {dag.py:2981} INFO - Setting next_dagrun for example_local_kubernetes_executor to None, run_after=None
[2022-09-10T04:28:12.962+0000] {processor.py:161} INFO - Processing /home/airflow/.local/lib/python3.7/site-packages/airflow/example_dags/example_local_kubernetes_executor.py took 0.068 seconds
[2022-09-10T04:28:43.802+0000] {processor.py:153} INFO - Started process (PID=1083) to work on /home/airflow/.local/lib/python3.7/site-packages/airflow/example_dags/example_local_kubernetes_executor.py
[2022-09-10T04:28:43.806+0000] {processor.py:640} INFO - Processing file /home/airflow/.local/lib/python3.7/site-packages/airflow/example_dags/example_local_kubernetes_executor.py for tasks to queue
[2022-09-10T04:28:43.806+0000] {logging_mixin.py:115} INFO - [2022-09-10T04:28:43.806+0000] {dagbag.py:508} INFO - Filling up the DagBag from /home/airflow/.local/lib/python3.7/site-packages/airflow/example_dags/example_local_kubernetes_executor.py
[2022-09-10T04:28:43.823+0000] {processor.py:650} INFO - DAG(s) dict_keys(['example_local_kubernetes_executor']) retrieved from /home/airflow/.local/lib/python3.7/site-packages/airflow/example_dags/example_local_kubernetes_executor.py
[2022-09-10T04:28:43.844+0000] {logging_mixin.py:115} INFO - [2022-09-10T04:28:43.844+0000] {dag.py:2429} INFO - Sync 1 DAGs
[2022-09-10T04:28:43.866+0000] {logging_mixin.py:115} INFO - [2022-09-10T04:28:43.866+0000] {dag.py:2981} INFO - Setting next_dagrun for example_local_kubernetes_executor to None, run_after=None
[2022-09-10T04:28:43.884+0000] {processor.py:161} INFO - Processing /home/airflow/.local/lib/python3.7/site-packages/airflow/example_dags/example_local_kubernetes_executor.py took 0.086 seconds
[2022-09-10T04:30:07.095+0000] {processor.py:153} INFO - Started process (PID=302) to work on /home/airflow/.local/lib/python3.7/site-packages/airflow/example_dags/example_local_kubernetes_executor.py
[2022-09-10T04:30:07.096+0000] {processor.py:640} INFO - Processing file /home/airflow/.local/lib/python3.7/site-packages/airflow/example_dags/example_local_kubernetes_executor.py for tasks to queue
[2022-09-10T04:30:07.097+0000] {logging_mixin.py:115} INFO - [2022-09-10T04:30:07.097+0000] {dagbag.py:508} INFO - Filling up the DagBag from /home/airflow/.local/lib/python3.7/site-packages/airflow/example_dags/example_local_kubernetes_executor.py
[2022-09-10T04:30:07.116+0000] {processor.py:650} INFO - DAG(s) dict_keys(['example_local_kubernetes_executor']) retrieved from /home/airflow/.local/lib/python3.7/site-packages/airflow/example_dags/example_local_kubernetes_executor.py
[2022-09-10T04:30:07.137+0000] {logging_mixin.py:115} INFO - [2022-09-10T04:30:07.137+0000] {dag.py:2429} INFO - Sync 1 DAGs
[2022-09-10T04:30:07.159+0000] {logging_mixin.py:115} INFO - [2022-09-10T04:30:07.159+0000] {dag.py:2981} INFO - Setting next_dagrun for example_local_kubernetes_executor to None, run_after=None
[2022-09-10T04:30:07.171+0000] {processor.py:161} INFO - Processing /home/airflow/.local/lib/python3.7/site-packages/airflow/example_dags/example_local_kubernetes_executor.py took 0.078 seconds
[2022-09-10T04:30:38.097+0000] {processor.py:153} INFO - Started process (PID=501) to work on /home/airflow/.local/lib/python3.7/site-packages/airflow/example_dags/example_local_kubernetes_executor.py
[2022-09-10T04:30:38.098+0000] {processor.py:640} INFO - Processing file /home/airflow/.local/lib/python3.7/site-packages/airflow/example_dags/example_local_kubernetes_executor.py for tasks to queue
[2022-09-10T04:30:38.099+0000] {logging_mixin.py:115} INFO - [2022-09-10T04:30:38.099+0000] {dagbag.py:508} INFO - Filling up the DagBag from /home/airflow/.local/lib/python3.7/site-packages/airflow/example_dags/example_local_kubernetes_executor.py
[2022-09-10T04:30:38.112+0000] {processor.py:650} INFO - DAG(s) dict_keys(['example_local_kubernetes_executor']) retrieved from /home/airflow/.local/lib/python3.7/site-packages/airflow/example_dags/example_local_kubernetes_executor.py
[2022-09-10T04:30:38.132+0000] {logging_mixin.py:115} INFO - [2022-09-10T04:30:38.132+0000] {dag.py:2429} INFO - Sync 1 DAGs
[2022-09-10T04:30:38.149+0000] {logging_mixin.py:115} INFO - [2022-09-10T04:30:38.149+0000] {dag.py:2981} INFO - Setting next_dagrun for example_local_kubernetes_executor to None, run_after=None
[2022-09-10T04:30:38.163+0000] {processor.py:161} INFO - Processing /home/airflow/.local/lib/python3.7/site-packages/airflow/example_dags/example_local_kubernetes_executor.py took 0.068 seconds
[2022-09-10T04:31:09.310+0000] {processor.py:153} INFO - Started process (PID=696) to work on /home/airflow/.local/lib/python3.7/site-packages/airflow/example_dags/example_local_kubernetes_executor.py
[2022-09-10T04:31:09.311+0000] {processor.py:640} INFO - Processing file /home/airflow/.local/lib/python3.7/site-packages/airflow/example_dags/example_local_kubernetes_executor.py for tasks to queue
[2022-09-10T04:31:09.311+0000] {logging_mixin.py:115} INFO - [2022-09-10T04:31:09.311+0000] {dagbag.py:508} INFO - Filling up the DagBag from /home/airflow/.local/lib/python3.7/site-packages/airflow/example_dags/example_local_kubernetes_executor.py
[2022-09-10T04:31:09.327+0000] {processor.py:650} INFO - DAG(s) dict_keys(['example_local_kubernetes_executor']) retrieved from /home/airflow/.local/lib/python3.7/site-packages/airflow/example_dags/example_local_kubernetes_executor.py
[2022-09-10T04:31:09.346+0000] {logging_mixin.py:115} INFO - [2022-09-10T04:31:09.346+0000] {dag.py:2429} INFO - Sync 1 DAGs
[2022-09-10T04:31:09.367+0000] {logging_mixin.py:115} INFO - [2022-09-10T04:31:09.367+0000] {dag.py:2981} INFO - Setting next_dagrun for example_local_kubernetes_executor to None, run_after=None
[2022-09-10T04:31:09.381+0000] {processor.py:161} INFO - Processing /home/airflow/.local/lib/python3.7/site-packages/airflow/example_dags/example_local_kubernetes_executor.py took 0.073 seconds
[2022-09-10T04:31:40.481+0000] {processor.py:153} INFO - Started process (PID=886) to work on /home/airflow/.local/lib/python3.7/site-packages/airflow/example_dags/example_local_kubernetes_executor.py
[2022-09-10T04:31:40.482+0000] {processor.py:640} INFO - Processing file /home/airflow/.local/lib/python3.7/site-packages/airflow/example_dags/example_local_kubernetes_executor.py for tasks to queue
[2022-09-10T04:31:40.482+0000] {logging_mixin.py:115} INFO - [2022-09-10T04:31:40.482+0000] {dagbag.py:508} INFO - Filling up the DagBag from /home/airflow/.local/lib/python3.7/site-packages/airflow/example_dags/example_local_kubernetes_executor.py
[2022-09-10T04:31:40.498+0000] {processor.py:650} INFO - DAG(s) dict_keys(['example_local_kubernetes_executor']) retrieved from /home/airflow/.local/lib/python3.7/site-packages/airflow/example_dags/example_local_kubernetes_executor.py
[2022-09-10T04:31:40.523+0000] {logging_mixin.py:115} INFO - [2022-09-10T04:31:40.523+0000] {dag.py:2429} INFO - Sync 1 DAGs
[2022-09-10T04:31:40.550+0000] {logging_mixin.py:115} INFO - [2022-09-10T04:31:40.549+0000] {dag.py:2981} INFO - Setting next_dagrun for example_local_kubernetes_executor to None, run_after=None
[2022-09-10T04:31:40.565+0000] {processor.py:161} INFO - Processing /home/airflow/.local/lib/python3.7/site-packages/airflow/example_dags/example_local_kubernetes_executor.py took 0.086 seconds
[2022-09-10T04:32:10.716+0000] {processor.py:153} INFO - Started process (PID=1099) to work on /home/airflow/.local/lib/python3.7/site-packages/airflow/example_dags/example_local_kubernetes_executor.py
[2022-09-10T04:32:10.717+0000] {processor.py:640} INFO - Processing file /home/airflow/.local/lib/python3.7/site-packages/airflow/example_dags/example_local_kubernetes_executor.py for tasks to queue
[2022-09-10T04:32:10.717+0000] {logging_mixin.py:115} INFO - [2022-09-10T04:32:10.717+0000] {dagbag.py:508} INFO - Filling up the DagBag from /home/airflow/.local/lib/python3.7/site-packages/airflow/example_dags/example_local_kubernetes_executor.py
[2022-09-10T04:32:10.734+0000] {processor.py:650} INFO - DAG(s) dict_keys(['example_local_kubernetes_executor']) retrieved from /home/airflow/.local/lib/python3.7/site-packages/airflow/example_dags/example_local_kubernetes_executor.py
[2022-09-10T04:32:10.758+0000] {logging_mixin.py:115} INFO - [2022-09-10T04:32:10.757+0000] {dag.py:2429} INFO - Sync 1 DAGs
[2022-09-10T04:32:10.777+0000] {logging_mixin.py:115} INFO - [2022-09-10T04:32:10.777+0000] {dag.py:2981} INFO - Setting next_dagrun for example_local_kubernetes_executor to None, run_after=None
[2022-09-10T04:32:10.794+0000] {processor.py:161} INFO - Processing /home/airflow/.local/lib/python3.7/site-packages/airflow/example_dags/example_local_kubernetes_executor.py took 0.080 seconds
[2022-09-10T04:32:41.864+0000] {processor.py:153} INFO - Started process (PID=1296) to work on /home/airflow/.local/lib/python3.7/site-packages/airflow/example_dags/example_local_kubernetes_executor.py
[2022-09-10T04:32:41.867+0000] {processor.py:640} INFO - Processing file /home/airflow/.local/lib/python3.7/site-packages/airflow/example_dags/example_local_kubernetes_executor.py for tasks to queue
[2022-09-10T04:32:41.867+0000] {logging_mixin.py:115} INFO - [2022-09-10T04:32:41.867+0000] {dagbag.py:508} INFO - Filling up the DagBag from /home/airflow/.local/lib/python3.7/site-packages/airflow/example_dags/example_local_kubernetes_executor.py
[2022-09-10T04:32:41.886+0000] {processor.py:650} INFO - DAG(s) dict_keys(['example_local_kubernetes_executor']) retrieved from /home/airflow/.local/lib/python3.7/site-packages/airflow/example_dags/example_local_kubernetes_executor.py
[2022-09-10T04:32:41.908+0000] {logging_mixin.py:115} INFO - [2022-09-10T04:32:41.908+0000] {dag.py:2429} INFO - Sync 1 DAGs
[2022-09-10T04:32:41.928+0000] {logging_mixin.py:115} INFO - [2022-09-10T04:32:41.928+0000] {dag.py:2981} INFO - Setting next_dagrun for example_local_kubernetes_executor to None, run_after=None
[2022-09-10T04:32:41.949+0000] {processor.py:161} INFO - Processing /home/airflow/.local/lib/python3.7/site-packages/airflow/example_dags/example_local_kubernetes_executor.py took 0.088 seconds
