[2022-09-10T04:17:50.847+0000] {processor.py:153} INFO - Started process (PID=282) to work on /home/airflow/.local/lib/python3.7/site-packages/airflow/example_dags/example_external_task_marker_dag.py
[2022-09-10T04:17:50.847+0000] {processor.py:640} INFO - Processing file /home/airflow/.local/lib/python3.7/site-packages/airflow/example_dags/example_external_task_marker_dag.py for tasks to queue
[2022-09-10T04:17:50.848+0000] {logging_mixin.py:115} INFO - [2022-09-10T04:17:50.848+0000] {dagbag.py:508} INFO - Filling up the DagBag from /home/airflow/.local/lib/python3.7/site-packages/airflow/example_dags/example_external_task_marker_dag.py
[2022-09-10T04:17:50.852+0000] {processor.py:650} INFO - DAG(s) dict_keys(['example_external_task_marker_parent', 'example_external_task_marker_child']) retrieved from /home/airflow/.local/lib/python3.7/site-packages/airflow/example_dags/example_external_task_marker_dag.py
[2022-09-10T04:17:50.947+0000] {logging_mixin.py:115} INFO - [2022-09-10T04:17:50.946+0000] {manager.py:508} INFO - Created Permission View: can delete on DAG:example_external_task_marker_parent
[2022-09-10T04:17:50.962+0000] {logging_mixin.py:115} INFO - [2022-09-10T04:17:50.962+0000] {manager.py:508} INFO - Created Permission View: can read on DAG:example_external_task_marker_parent
[2022-09-10T04:17:50.973+0000] {logging_mixin.py:115} INFO - [2022-09-10T04:17:50.972+0000] {manager.py:508} INFO - Created Permission View: can edit on DAG:example_external_task_marker_parent
[2022-09-10T04:17:51.148+0000] {logging_mixin.py:115} INFO - [2022-09-10T04:17:51.147+0000] {manager.py:508} INFO - Created Permission View: can delete on DAG:example_external_task_marker_child
[2022-09-10T04:17:51.158+0000] {logging_mixin.py:115} INFO - [2022-09-10T04:17:51.158+0000] {manager.py:508} INFO - Created Permission View: can read on DAG:example_external_task_marker_child
[2022-09-10T04:17:51.168+0000] {logging_mixin.py:115} INFO - [2022-09-10T04:17:51.167+0000] {manager.py:508} INFO - Created Permission View: can edit on DAG:example_external_task_marker_child
[2022-09-10T04:17:51.168+0000] {logging_mixin.py:115} INFO - [2022-09-10T04:17:51.168+0000] {dag.py:2429} INFO - Sync 2 DAGs
[2022-09-10T04:17:51.176+0000] {logging_mixin.py:115} INFO - [2022-09-10T04:17:51.176+0000] {dag.py:2448} INFO - Creating ORM DAG for example_external_task_marker_child
[2022-09-10T04:17:51.176+0000] {logging_mixin.py:115} INFO - [2022-09-10T04:17:51.176+0000] {dag.py:2448} INFO - Creating ORM DAG for example_external_task_marker_parent
[2022-09-10T04:17:51.188+0000] {logging_mixin.py:115} INFO - [2022-09-10T04:17:51.188+0000] {dag.py:2981} INFO - Setting next_dagrun for example_external_task_marker_child to None, run_after=None
[2022-09-10T04:17:51.189+0000] {logging_mixin.py:115} INFO - [2022-09-10T04:17:51.189+0000] {dag.py:2981} INFO - Setting next_dagrun for example_external_task_marker_parent to None, run_after=None
[2022-09-10T04:17:51.204+0000] {processor.py:161} INFO - Processing /home/airflow/.local/lib/python3.7/site-packages/airflow/example_dags/example_external_task_marker_dag.py took 0.360 seconds
[2022-09-10T04:18:21.312+0000] {processor.py:153} INFO - Started process (PID=476) to work on /home/airflow/.local/lib/python3.7/site-packages/airflow/example_dags/example_external_task_marker_dag.py
[2022-09-10T04:18:21.313+0000] {processor.py:640} INFO - Processing file /home/airflow/.local/lib/python3.7/site-packages/airflow/example_dags/example_external_task_marker_dag.py for tasks to queue
[2022-09-10T04:18:21.313+0000] {logging_mixin.py:115} INFO - [2022-09-10T04:18:21.313+0000] {dagbag.py:508} INFO - Filling up the DagBag from /home/airflow/.local/lib/python3.7/site-packages/airflow/example_dags/example_external_task_marker_dag.py
[2022-09-10T04:18:21.315+0000] {processor.py:650} INFO - DAG(s) dict_keys(['example_external_task_marker_parent', 'example_external_task_marker_child']) retrieved from /home/airflow/.local/lib/python3.7/site-packages/airflow/example_dags/example_external_task_marker_dag.py
[2022-09-10T04:18:21.464+0000] {logging_mixin.py:115} INFO - [2022-09-10T04:18:21.464+0000] {dag.py:2429} INFO - Sync 2 DAGs
[2022-09-10T04:18:21.480+0000] {logging_mixin.py:115} INFO - [2022-09-10T04:18:21.480+0000] {dag.py:2981} INFO - Setting next_dagrun for example_external_task_marker_child to None, run_after=None
[2022-09-10T04:18:21.481+0000] {logging_mixin.py:115} INFO - [2022-09-10T04:18:21.481+0000] {dag.py:2981} INFO - Setting next_dagrun for example_external_task_marker_parent to None, run_after=None
[2022-09-10T04:18:21.494+0000] {processor.py:161} INFO - Processing /home/airflow/.local/lib/python3.7/site-packages/airflow/example_dags/example_external_task_marker_dag.py took 0.184 seconds
[2022-09-10T04:18:51.565+0000] {processor.py:153} INFO - Started process (PID=675) to work on /home/airflow/.local/lib/python3.7/site-packages/airflow/example_dags/example_external_task_marker_dag.py
[2022-09-10T04:18:51.566+0000] {processor.py:640} INFO - Processing file /home/airflow/.local/lib/python3.7/site-packages/airflow/example_dags/example_external_task_marker_dag.py for tasks to queue
[2022-09-10T04:18:51.567+0000] {logging_mixin.py:115} INFO - [2022-09-10T04:18:51.567+0000] {dagbag.py:508} INFO - Filling up the DagBag from /home/airflow/.local/lib/python3.7/site-packages/airflow/example_dags/example_external_task_marker_dag.py
[2022-09-10T04:18:51.571+0000] {processor.py:650} INFO - DAG(s) dict_keys(['example_external_task_marker_parent', 'example_external_task_marker_child']) retrieved from /home/airflow/.local/lib/python3.7/site-packages/airflow/example_dags/example_external_task_marker_dag.py
[2022-09-10T04:18:51.751+0000] {logging_mixin.py:115} INFO - [2022-09-10T04:18:51.751+0000] {dag.py:2429} INFO - Sync 2 DAGs
[2022-09-10T04:18:51.768+0000] {logging_mixin.py:115} INFO - [2022-09-10T04:18:51.768+0000] {dag.py:2981} INFO - Setting next_dagrun for example_external_task_marker_child to None, run_after=None
[2022-09-10T04:18:51.768+0000] {logging_mixin.py:115} INFO - [2022-09-10T04:18:51.768+0000] {dag.py:2981} INFO - Setting next_dagrun for example_external_task_marker_parent to None, run_after=None
[2022-09-10T04:18:51.783+0000] {processor.py:161} INFO - Processing /home/airflow/.local/lib/python3.7/site-packages/airflow/example_dags/example_external_task_marker_dag.py took 0.220 seconds
[2022-09-10T04:19:21.839+0000] {processor.py:153} INFO - Started process (PID=870) to work on /home/airflow/.local/lib/python3.7/site-packages/airflow/example_dags/example_external_task_marker_dag.py
[2022-09-10T04:19:21.840+0000] {processor.py:640} INFO - Processing file /home/airflow/.local/lib/python3.7/site-packages/airflow/example_dags/example_external_task_marker_dag.py for tasks to queue
[2022-09-10T04:19:21.840+0000] {logging_mixin.py:115} INFO - [2022-09-10T04:19:21.840+0000] {dagbag.py:508} INFO - Filling up the DagBag from /home/airflow/.local/lib/python3.7/site-packages/airflow/example_dags/example_external_task_marker_dag.py
[2022-09-10T04:19:21.844+0000] {processor.py:650} INFO - DAG(s) dict_keys(['example_external_task_marker_parent', 'example_external_task_marker_child']) retrieved from /home/airflow/.local/lib/python3.7/site-packages/airflow/example_dags/example_external_task_marker_dag.py
[2022-09-10T04:19:22.049+0000] {logging_mixin.py:115} INFO - [2022-09-10T04:19:22.048+0000] {dag.py:2429} INFO - Sync 2 DAGs
[2022-09-10T04:19:22.074+0000] {logging_mixin.py:115} INFO - [2022-09-10T04:19:22.074+0000] {dag.py:2981} INFO - Setting next_dagrun for example_external_task_marker_child to None, run_after=None
[2022-09-10T04:19:22.074+0000] {logging_mixin.py:115} INFO - [2022-09-10T04:19:22.074+0000] {dag.py:2981} INFO - Setting next_dagrun for example_external_task_marker_parent to None, run_after=None
[2022-09-10T04:19:22.091+0000] {processor.py:161} INFO - Processing /home/airflow/.local/lib/python3.7/site-packages/airflow/example_dags/example_external_task_marker_dag.py took 0.254 seconds
[2022-09-10T04:19:52.148+0000] {processor.py:153} INFO - Started process (PID=1063) to work on /home/airflow/.local/lib/python3.7/site-packages/airflow/example_dags/example_external_task_marker_dag.py
[2022-09-10T04:19:52.149+0000] {processor.py:640} INFO - Processing file /home/airflow/.local/lib/python3.7/site-packages/airflow/example_dags/example_external_task_marker_dag.py for tasks to queue
[2022-09-10T04:19:52.149+0000] {logging_mixin.py:115} INFO - [2022-09-10T04:19:52.149+0000] {dagbag.py:508} INFO - Filling up the DagBag from /home/airflow/.local/lib/python3.7/site-packages/airflow/example_dags/example_external_task_marker_dag.py
[2022-09-10T04:19:52.152+0000] {processor.py:650} INFO - DAG(s) dict_keys(['example_external_task_marker_parent', 'example_external_task_marker_child']) retrieved from /home/airflow/.local/lib/python3.7/site-packages/airflow/example_dags/example_external_task_marker_dag.py
[2022-09-10T04:19:52.338+0000] {logging_mixin.py:115} INFO - [2022-09-10T04:19:52.338+0000] {dag.py:2429} INFO - Sync 2 DAGs
[2022-09-10T04:19:52.363+0000] {logging_mixin.py:115} INFO - [2022-09-10T04:19:52.362+0000] {dag.py:2981} INFO - Setting next_dagrun for example_external_task_marker_child to None, run_after=None
[2022-09-10T04:19:52.363+0000] {logging_mixin.py:115} INFO - [2022-09-10T04:19:52.363+0000] {dag.py:2981} INFO - Setting next_dagrun for example_external_task_marker_parent to None, run_after=None
[2022-09-10T04:19:52.381+0000] {processor.py:161} INFO - Processing /home/airflow/.local/lib/python3.7/site-packages/airflow/example_dags/example_external_task_marker_dag.py took 0.236 seconds
[2022-09-10T04:20:22.461+0000] {processor.py:153} INFO - Started process (PID=1267) to work on /home/airflow/.local/lib/python3.7/site-packages/airflow/example_dags/example_external_task_marker_dag.py
[2022-09-10T04:20:22.462+0000] {processor.py:640} INFO - Processing file /home/airflow/.local/lib/python3.7/site-packages/airflow/example_dags/example_external_task_marker_dag.py for tasks to queue
[2022-09-10T04:20:22.463+0000] {logging_mixin.py:115} INFO - [2022-09-10T04:20:22.463+0000] {dagbag.py:508} INFO - Filling up the DagBag from /home/airflow/.local/lib/python3.7/site-packages/airflow/example_dags/example_external_task_marker_dag.py
[2022-09-10T04:20:22.466+0000] {processor.py:650} INFO - DAG(s) dict_keys(['example_external_task_marker_parent', 'example_external_task_marker_child']) retrieved from /home/airflow/.local/lib/python3.7/site-packages/airflow/example_dags/example_external_task_marker_dag.py
[2022-09-10T04:20:22.656+0000] {logging_mixin.py:115} INFO - [2022-09-10T04:20:22.656+0000] {dag.py:2429} INFO - Sync 2 DAGs
[2022-09-10T04:20:22.674+0000] {logging_mixin.py:115} INFO - [2022-09-10T04:20:22.674+0000] {dag.py:2981} INFO - Setting next_dagrun for example_external_task_marker_child to None, run_after=None
[2022-09-10T04:20:22.674+0000] {logging_mixin.py:115} INFO - [2022-09-10T04:20:22.674+0000] {dag.py:2981} INFO - Setting next_dagrun for example_external_task_marker_parent to None, run_after=None
[2022-09-10T04:20:22.688+0000] {processor.py:161} INFO - Processing /home/airflow/.local/lib/python3.7/site-packages/airflow/example_dags/example_external_task_marker_dag.py took 0.229 seconds
[2022-09-10T04:26:39.566+0000] {processor.py:153} INFO - Started process (PID=274) to work on /home/airflow/.local/lib/python3.7/site-packages/airflow/example_dags/example_external_task_marker_dag.py
[2022-09-10T04:26:39.567+0000] {processor.py:640} INFO - Processing file /home/airflow/.local/lib/python3.7/site-packages/airflow/example_dags/example_external_task_marker_dag.py for tasks to queue
[2022-09-10T04:26:39.567+0000] {logging_mixin.py:115} INFO - [2022-09-10T04:26:39.567+0000] {dagbag.py:508} INFO - Filling up the DagBag from /home/airflow/.local/lib/python3.7/site-packages/airflow/example_dags/example_external_task_marker_dag.py
[2022-09-10T04:26:39.569+0000] {processor.py:650} INFO - DAG(s) dict_keys(['example_external_task_marker_parent', 'example_external_task_marker_child']) retrieved from /home/airflow/.local/lib/python3.7/site-packages/airflow/example_dags/example_external_task_marker_dag.py
[2022-09-10T04:26:39.752+0000] {logging_mixin.py:115} INFO - [2022-09-10T04:26:39.752+0000] {dag.py:2429} INFO - Sync 2 DAGs
[2022-09-10T04:26:39.772+0000] {logging_mixin.py:115} INFO - [2022-09-10T04:26:39.772+0000] {dag.py:2981} INFO - Setting next_dagrun for example_external_task_marker_child to None, run_after=None
[2022-09-10T04:26:39.772+0000] {logging_mixin.py:115} INFO - [2022-09-10T04:26:39.772+0000] {dag.py:2981} INFO - Setting next_dagrun for example_external_task_marker_parent to None, run_after=None
[2022-09-10T04:26:39.786+0000] {processor.py:161} INFO - Processing /home/airflow/.local/lib/python3.7/site-packages/airflow/example_dags/example_external_task_marker_dag.py took 0.222 seconds
[2022-09-10T04:27:10.682+0000] {processor.py:153} INFO - Started process (PID=472) to work on /home/airflow/.local/lib/python3.7/site-packages/airflow/example_dags/example_external_task_marker_dag.py
[2022-09-10T04:27:10.683+0000] {processor.py:640} INFO - Processing file /home/airflow/.local/lib/python3.7/site-packages/airflow/example_dags/example_external_task_marker_dag.py for tasks to queue
[2022-09-10T04:27:10.683+0000] {logging_mixin.py:115} INFO - [2022-09-10T04:27:10.683+0000] {dagbag.py:508} INFO - Filling up the DagBag from /home/airflow/.local/lib/python3.7/site-packages/airflow/example_dags/example_external_task_marker_dag.py
[2022-09-10T04:27:10.686+0000] {processor.py:650} INFO - DAG(s) dict_keys(['example_external_task_marker_parent', 'example_external_task_marker_child']) retrieved from /home/airflow/.local/lib/python3.7/site-packages/airflow/example_dags/example_external_task_marker_dag.py
[2022-09-10T04:27:10.863+0000] {logging_mixin.py:115} INFO - [2022-09-10T04:27:10.863+0000] {dag.py:2429} INFO - Sync 2 DAGs
[2022-09-10T04:27:10.886+0000] {logging_mixin.py:115} INFO - [2022-09-10T04:27:10.886+0000] {dag.py:2981} INFO - Setting next_dagrun for example_external_task_marker_child to None, run_after=None
[2022-09-10T04:27:10.887+0000] {logging_mixin.py:115} INFO - [2022-09-10T04:27:10.887+0000] {dag.py:2981} INFO - Setting next_dagrun for example_external_task_marker_parent to None, run_after=None
[2022-09-10T04:27:10.903+0000] {processor.py:161} INFO - Processing /home/airflow/.local/lib/python3.7/site-packages/airflow/example_dags/example_external_task_marker_dag.py took 0.224 seconds
[2022-09-10T04:27:41.697+0000] {processor.py:153} INFO - Started process (PID=669) to work on /home/airflow/.local/lib/python3.7/site-packages/airflow/example_dags/example_external_task_marker_dag.py
[2022-09-10T04:27:41.697+0000] {processor.py:640} INFO - Processing file /home/airflow/.local/lib/python3.7/site-packages/airflow/example_dags/example_external_task_marker_dag.py for tasks to queue
[2022-09-10T04:27:41.698+0000] {logging_mixin.py:115} INFO - [2022-09-10T04:27:41.698+0000] {dagbag.py:508} INFO - Filling up the DagBag from /home/airflow/.local/lib/python3.7/site-packages/airflow/example_dags/example_external_task_marker_dag.py
[2022-09-10T04:27:41.700+0000] {processor.py:650} INFO - DAG(s) dict_keys(['example_external_task_marker_parent', 'example_external_task_marker_child']) retrieved from /home/airflow/.local/lib/python3.7/site-packages/airflow/example_dags/example_external_task_marker_dag.py
[2022-09-10T04:27:41.872+0000] {logging_mixin.py:115} INFO - [2022-09-10T04:27:41.872+0000] {dag.py:2429} INFO - Sync 2 DAGs
[2022-09-10T04:27:41.892+0000] {logging_mixin.py:115} INFO - [2022-09-10T04:27:41.892+0000] {dag.py:2981} INFO - Setting next_dagrun for example_external_task_marker_child to None, run_after=None
[2022-09-10T04:27:41.892+0000] {logging_mixin.py:115} INFO - [2022-09-10T04:27:41.892+0000] {dag.py:2981} INFO - Setting next_dagrun for example_external_task_marker_parent to None, run_after=None
[2022-09-10T04:27:41.908+0000] {processor.py:161} INFO - Processing /home/airflow/.local/lib/python3.7/site-packages/airflow/example_dags/example_external_task_marker_dag.py took 0.213 seconds
[2022-09-10T04:28:12.481+0000] {processor.py:153} INFO - Started process (PID=857) to work on /home/airflow/.local/lib/python3.7/site-packages/airflow/example_dags/example_external_task_marker_dag.py
[2022-09-10T04:28:12.482+0000] {processor.py:640} INFO - Processing file /home/airflow/.local/lib/python3.7/site-packages/airflow/example_dags/example_external_task_marker_dag.py for tasks to queue
[2022-09-10T04:28:12.483+0000] {logging_mixin.py:115} INFO - [2022-09-10T04:28:12.483+0000] {dagbag.py:508} INFO - Filling up the DagBag from /home/airflow/.local/lib/python3.7/site-packages/airflow/example_dags/example_external_task_marker_dag.py
[2022-09-10T04:28:12.486+0000] {processor.py:650} INFO - DAG(s) dict_keys(['example_external_task_marker_parent', 'example_external_task_marker_child']) retrieved from /home/airflow/.local/lib/python3.7/site-packages/airflow/example_dags/example_external_task_marker_dag.py
[2022-09-10T04:28:12.668+0000] {logging_mixin.py:115} INFO - [2022-09-10T04:28:12.668+0000] {dag.py:2429} INFO - Sync 2 DAGs
[2022-09-10T04:28:12.689+0000] {logging_mixin.py:115} INFO - [2022-09-10T04:28:12.689+0000] {dag.py:2981} INFO - Setting next_dagrun for example_external_task_marker_child to None, run_after=None
[2022-09-10T04:28:12.689+0000] {logging_mixin.py:115} INFO - [2022-09-10T04:28:12.689+0000] {dag.py:2981} INFO - Setting next_dagrun for example_external_task_marker_parent to None, run_after=None
[2022-09-10T04:28:12.704+0000] {processor.py:161} INFO - Processing /home/airflow/.local/lib/python3.7/site-packages/airflow/example_dags/example_external_task_marker_dag.py took 0.225 seconds
[2022-09-10T04:28:43.355+0000] {processor.py:153} INFO - Started process (PID=1055) to work on /home/airflow/.local/lib/python3.7/site-packages/airflow/example_dags/example_external_task_marker_dag.py
[2022-09-10T04:28:43.356+0000] {processor.py:640} INFO - Processing file /home/airflow/.local/lib/python3.7/site-packages/airflow/example_dags/example_external_task_marker_dag.py for tasks to queue
[2022-09-10T04:28:43.357+0000] {logging_mixin.py:115} INFO - [2022-09-10T04:28:43.357+0000] {dagbag.py:508} INFO - Filling up the DagBag from /home/airflow/.local/lib/python3.7/site-packages/airflow/example_dags/example_external_task_marker_dag.py
[2022-09-10T04:28:43.359+0000] {processor.py:650} INFO - DAG(s) dict_keys(['example_external_task_marker_parent', 'example_external_task_marker_child']) retrieved from /home/airflow/.local/lib/python3.7/site-packages/airflow/example_dags/example_external_task_marker_dag.py
[2022-09-10T04:28:43.553+0000] {logging_mixin.py:115} INFO - [2022-09-10T04:28:43.553+0000] {dag.py:2429} INFO - Sync 2 DAGs
[2022-09-10T04:28:43.575+0000] {logging_mixin.py:115} INFO - [2022-09-10T04:28:43.574+0000] {dag.py:2981} INFO - Setting next_dagrun for example_external_task_marker_child to None, run_after=None
[2022-09-10T04:28:43.575+0000] {logging_mixin.py:115} INFO - [2022-09-10T04:28:43.575+0000] {dag.py:2981} INFO - Setting next_dagrun for example_external_task_marker_parent to None, run_after=None
[2022-09-10T04:28:43.590+0000] {processor.py:161} INFO - Processing /home/airflow/.local/lib/python3.7/site-packages/airflow/example_dags/example_external_task_marker_dag.py took 0.237 seconds
[2022-09-10T04:30:06.652+0000] {processor.py:153} INFO - Started process (PID=272) to work on /home/airflow/.local/lib/python3.7/site-packages/airflow/example_dags/example_external_task_marker_dag.py
[2022-09-10T04:30:06.653+0000] {processor.py:640} INFO - Processing file /home/airflow/.local/lib/python3.7/site-packages/airflow/example_dags/example_external_task_marker_dag.py for tasks to queue
[2022-09-10T04:30:06.654+0000] {logging_mixin.py:115} INFO - [2022-09-10T04:30:06.654+0000] {dagbag.py:508} INFO - Filling up the DagBag from /home/airflow/.local/lib/python3.7/site-packages/airflow/example_dags/example_external_task_marker_dag.py
[2022-09-10T04:30:06.657+0000] {processor.py:650} INFO - DAG(s) dict_keys(['example_external_task_marker_parent', 'example_external_task_marker_child']) retrieved from /home/airflow/.local/lib/python3.7/site-packages/airflow/example_dags/example_external_task_marker_dag.py
[2022-09-10T04:30:06.849+0000] {logging_mixin.py:115} INFO - [2022-09-10T04:30:06.849+0000] {dag.py:2429} INFO - Sync 2 DAGs
[2022-09-10T04:30:06.870+0000] {logging_mixin.py:115} INFO - [2022-09-10T04:30:06.869+0000] {dag.py:2981} INFO - Setting next_dagrun for example_external_task_marker_child to None, run_after=None
[2022-09-10T04:30:06.870+0000] {logging_mixin.py:115} INFO - [2022-09-10T04:30:06.870+0000] {dag.py:2981} INFO - Setting next_dagrun for example_external_task_marker_parent to None, run_after=None
[2022-09-10T04:30:06.884+0000] {processor.py:161} INFO - Processing /home/airflow/.local/lib/python3.7/site-packages/airflow/example_dags/example_external_task_marker_dag.py took 0.234 seconds
[2022-09-10T04:30:37.682+0000] {processor.py:153} INFO - Started process (PID=471) to work on /home/airflow/.local/lib/python3.7/site-packages/airflow/example_dags/example_external_task_marker_dag.py
[2022-09-10T04:30:37.683+0000] {processor.py:640} INFO - Processing file /home/airflow/.local/lib/python3.7/site-packages/airflow/example_dags/example_external_task_marker_dag.py for tasks to queue
[2022-09-10T04:30:37.683+0000] {logging_mixin.py:115} INFO - [2022-09-10T04:30:37.683+0000] {dagbag.py:508} INFO - Filling up the DagBag from /home/airflow/.local/lib/python3.7/site-packages/airflow/example_dags/example_external_task_marker_dag.py
[2022-09-10T04:30:37.686+0000] {processor.py:650} INFO - DAG(s) dict_keys(['example_external_task_marker_parent', 'example_external_task_marker_child']) retrieved from /home/airflow/.local/lib/python3.7/site-packages/airflow/example_dags/example_external_task_marker_dag.py
[2022-09-10T04:30:37.858+0000] {logging_mixin.py:115} INFO - [2022-09-10T04:30:37.858+0000] {dag.py:2429} INFO - Sync 2 DAGs
[2022-09-10T04:30:37.876+0000] {logging_mixin.py:115} INFO - [2022-09-10T04:30:37.876+0000] {dag.py:2981} INFO - Setting next_dagrun for example_external_task_marker_child to None, run_after=None
[2022-09-10T04:30:37.877+0000] {logging_mixin.py:115} INFO - [2022-09-10T04:30:37.877+0000] {dag.py:2981} INFO - Setting next_dagrun for example_external_task_marker_parent to None, run_after=None
[2022-09-10T04:30:37.892+0000] {processor.py:161} INFO - Processing /home/airflow/.local/lib/python3.7/site-packages/airflow/example_dags/example_external_task_marker_dag.py took 0.212 seconds
[2022-09-10T04:31:08.835+0000] {processor.py:153} INFO - Started process (PID=666) to work on /home/airflow/.local/lib/python3.7/site-packages/airflow/example_dags/example_external_task_marker_dag.py
[2022-09-10T04:31:08.836+0000] {processor.py:640} INFO - Processing file /home/airflow/.local/lib/python3.7/site-packages/airflow/example_dags/example_external_task_marker_dag.py for tasks to queue
[2022-09-10T04:31:08.837+0000] {logging_mixin.py:115} INFO - [2022-09-10T04:31:08.837+0000] {dagbag.py:508} INFO - Filling up the DagBag from /home/airflow/.local/lib/python3.7/site-packages/airflow/example_dags/example_external_task_marker_dag.py
[2022-09-10T04:31:08.840+0000] {processor.py:650} INFO - DAG(s) dict_keys(['example_external_task_marker_parent', 'example_external_task_marker_child']) retrieved from /home/airflow/.local/lib/python3.7/site-packages/airflow/example_dags/example_external_task_marker_dag.py
[2022-09-10T04:31:09.062+0000] {logging_mixin.py:115} INFO - [2022-09-10T04:31:09.062+0000] {dag.py:2429} INFO - Sync 2 DAGs
[2022-09-10T04:31:09.080+0000] {logging_mixin.py:115} INFO - [2022-09-10T04:31:09.079+0000] {dag.py:2981} INFO - Setting next_dagrun for example_external_task_marker_child to None, run_after=None
[2022-09-10T04:31:09.080+0000] {logging_mixin.py:115} INFO - [2022-09-10T04:31:09.080+0000] {dag.py:2981} INFO - Setting next_dagrun for example_external_task_marker_parent to None, run_after=None
[2022-09-10T04:31:09.095+0000] {processor.py:161} INFO - Processing /home/airflow/.local/lib/python3.7/site-packages/airflow/example_dags/example_external_task_marker_dag.py took 0.263 seconds
[2022-09-10T04:31:39.971+0000] {processor.py:153} INFO - Started process (PID=856) to work on /home/airflow/.local/lib/python3.7/site-packages/airflow/example_dags/example_external_task_marker_dag.py
[2022-09-10T04:31:39.972+0000] {processor.py:640} INFO - Processing file /home/airflow/.local/lib/python3.7/site-packages/airflow/example_dags/example_external_task_marker_dag.py for tasks to queue
[2022-09-10T04:31:39.972+0000] {logging_mixin.py:115} INFO - [2022-09-10T04:31:39.972+0000] {dagbag.py:508} INFO - Filling up the DagBag from /home/airflow/.local/lib/python3.7/site-packages/airflow/example_dags/example_external_task_marker_dag.py
[2022-09-10T04:31:39.975+0000] {processor.py:650} INFO - DAG(s) dict_keys(['example_external_task_marker_parent', 'example_external_task_marker_child']) retrieved from /home/airflow/.local/lib/python3.7/site-packages/airflow/example_dags/example_external_task_marker_dag.py
[2022-09-10T04:31:40.177+0000] {logging_mixin.py:115} INFO - [2022-09-10T04:31:40.177+0000] {dag.py:2429} INFO - Sync 2 DAGs
[2022-09-10T04:31:40.195+0000] {logging_mixin.py:115} INFO - [2022-09-10T04:31:40.195+0000] {dag.py:2981} INFO - Setting next_dagrun for example_external_task_marker_child to None, run_after=None
[2022-09-10T04:31:40.196+0000] {logging_mixin.py:115} INFO - [2022-09-10T04:31:40.196+0000] {dag.py:2981} INFO - Setting next_dagrun for example_external_task_marker_parent to None, run_after=None
[2022-09-10T04:31:40.211+0000] {processor.py:161} INFO - Processing /home/airflow/.local/lib/python3.7/site-packages/airflow/example_dags/example_external_task_marker_dag.py took 0.243 seconds
[2022-09-10T04:32:10.277+0000] {processor.py:153} INFO - Started process (PID=1071) to work on /home/airflow/.local/lib/python3.7/site-packages/airflow/example_dags/example_external_task_marker_dag.py
[2022-09-10T04:32:10.279+0000] {processor.py:640} INFO - Processing file /home/airflow/.local/lib/python3.7/site-packages/airflow/example_dags/example_external_task_marker_dag.py for tasks to queue
[2022-09-10T04:32:10.280+0000] {logging_mixin.py:115} INFO - [2022-09-10T04:32:10.279+0000] {dagbag.py:508} INFO - Filling up the DagBag from /home/airflow/.local/lib/python3.7/site-packages/airflow/example_dags/example_external_task_marker_dag.py
[2022-09-10T04:32:10.282+0000] {processor.py:650} INFO - DAG(s) dict_keys(['example_external_task_marker_parent', 'example_external_task_marker_child']) retrieved from /home/airflow/.local/lib/python3.7/site-packages/airflow/example_dags/example_external_task_marker_dag.py
[2022-09-10T04:32:10.448+0000] {logging_mixin.py:115} INFO - [2022-09-10T04:32:10.448+0000] {dag.py:2429} INFO - Sync 2 DAGs
[2022-09-10T04:32:10.468+0000] {logging_mixin.py:115} INFO - [2022-09-10T04:32:10.467+0000] {dag.py:2981} INFO - Setting next_dagrun for example_external_task_marker_child to None, run_after=None
[2022-09-10T04:32:10.468+0000] {logging_mixin.py:115} INFO - [2022-09-10T04:32:10.468+0000] {dag.py:2981} INFO - Setting next_dagrun for example_external_task_marker_parent to None, run_after=None
[2022-09-10T04:32:10.483+0000] {processor.py:161} INFO - Processing /home/airflow/.local/lib/python3.7/site-packages/airflow/example_dags/example_external_task_marker_dag.py took 0.209 seconds
[2022-09-10T04:32:41.249+0000] {processor.py:153} INFO - Started process (PID=1268) to work on /home/airflow/.local/lib/python3.7/site-packages/airflow/example_dags/example_external_task_marker_dag.py
[2022-09-10T04:32:41.249+0000] {processor.py:640} INFO - Processing file /home/airflow/.local/lib/python3.7/site-packages/airflow/example_dags/example_external_task_marker_dag.py for tasks to queue
[2022-09-10T04:32:41.250+0000] {logging_mixin.py:115} INFO - [2022-09-10T04:32:41.250+0000] {dagbag.py:508} INFO - Filling up the DagBag from /home/airflow/.local/lib/python3.7/site-packages/airflow/example_dags/example_external_task_marker_dag.py
[2022-09-10T04:32:41.253+0000] {processor.py:650} INFO - DAG(s) dict_keys(['example_external_task_marker_parent', 'example_external_task_marker_child']) retrieved from /home/airflow/.local/lib/python3.7/site-packages/airflow/example_dags/example_external_task_marker_dag.py
[2022-09-10T04:32:41.507+0000] {logging_mixin.py:115} INFO - [2022-09-10T04:32:41.506+0000] {dag.py:2429} INFO - Sync 2 DAGs
[2022-09-10T04:32:41.535+0000] {logging_mixin.py:115} INFO - [2022-09-10T04:32:41.535+0000] {dag.py:2981} INFO - Setting next_dagrun for example_external_task_marker_child to None, run_after=None
[2022-09-10T04:32:41.536+0000] {logging_mixin.py:115} INFO - [2022-09-10T04:32:41.536+0000] {dag.py:2981} INFO - Setting next_dagrun for example_external_task_marker_parent to None, run_after=None
[2022-09-10T04:32:41.557+0000] {processor.py:161} INFO - Processing /home/airflow/.local/lib/python3.7/site-packages/airflow/example_dags/example_external_task_marker_dag.py took 0.311 seconds
