[2022-09-10T04:17:52.026+0000] {processor.py:153} INFO - Started process (PID=337) to work on /home/airflow/.local/lib/python3.7/site-packages/airflow/example_dags/example_short_circuit_operator.py
[2022-09-10T04:17:52.027+0000] {processor.py:640} INFO - Processing file /home/airflow/.local/lib/python3.7/site-packages/airflow/example_dags/example_short_circuit_operator.py for tasks to queue
[2022-09-10T04:17:52.027+0000] {logging_mixin.py:115} INFO - [2022-09-10T04:17:52.027+0000] {dagbag.py:508} INFO - Filling up the DagBag from /home/airflow/.local/lib/python3.7/site-packages/airflow/example_dags/example_short_circuit_operator.py
[2022-09-10T04:17:52.036+0000] {processor.py:650} INFO - DAG(s) dict_keys(['example_short_circuit_operator']) retrieved from /home/airflow/.local/lib/python3.7/site-packages/airflow/example_dags/example_short_circuit_operator.py
[2022-09-10T04:17:52.123+0000] {logging_mixin.py:115} INFO - [2022-09-10T04:17:52.123+0000] {manager.py:508} INFO - Created Permission View: can delete on DAG:example_short_circuit_operator
[2022-09-10T04:17:52.137+0000] {logging_mixin.py:115} INFO - [2022-09-10T04:17:52.137+0000] {manager.py:508} INFO - Created Permission View: can read on DAG:example_short_circuit_operator
[2022-09-10T04:17:52.147+0000] {logging_mixin.py:115} INFO - [2022-09-10T04:17:52.147+0000] {manager.py:508} INFO - Created Permission View: can edit on DAG:example_short_circuit_operator
[2022-09-10T04:17:52.147+0000] {logging_mixin.py:115} INFO - [2022-09-10T04:17:52.147+0000] {dag.py:2429} INFO - Sync 1 DAGs
[2022-09-10T04:17:52.157+0000] {logging_mixin.py:115} INFO - [2022-09-10T04:17:52.156+0000] {dag.py:2448} INFO - Creating ORM DAG for example_short_circuit_operator
[2022-09-10T04:17:52.168+0000] {logging_mixin.py:115} INFO - [2022-09-10T04:17:52.168+0000] {dag.py:2981} INFO - Setting next_dagrun for example_short_circuit_operator to 2022-09-09T04:17:52.168099+00:00, run_after=2022-09-10T04:17:52.168099+00:00
[2022-09-10T04:17:52.185+0000] {processor.py:161} INFO - Processing /home/airflow/.local/lib/python3.7/site-packages/airflow/example_dags/example_short_circuit_operator.py took 0.161 seconds
[2022-09-10T04:18:22.214+0000] {processor.py:153} INFO - Started process (PID=526) to work on /home/airflow/.local/lib/python3.7/site-packages/airflow/example_dags/example_short_circuit_operator.py
[2022-09-10T04:18:22.215+0000] {processor.py:640} INFO - Processing file /home/airflow/.local/lib/python3.7/site-packages/airflow/example_dags/example_short_circuit_operator.py for tasks to queue
[2022-09-10T04:18:22.216+0000] {logging_mixin.py:115} INFO - [2022-09-10T04:18:22.216+0000] {dagbag.py:508} INFO - Filling up the DagBag from /home/airflow/.local/lib/python3.7/site-packages/airflow/example_dags/example_short_circuit_operator.py
[2022-09-10T04:18:22.224+0000] {processor.py:650} INFO - DAG(s) dict_keys(['example_short_circuit_operator']) retrieved from /home/airflow/.local/lib/python3.7/site-packages/airflow/example_dags/example_short_circuit_operator.py
[2022-09-10T04:18:22.247+0000] {logging_mixin.py:115} INFO - [2022-09-10T04:18:22.247+0000] {dag.py:2429} INFO - Sync 1 DAGs
[2022-09-10T04:18:22.268+0000] {logging_mixin.py:115} INFO - [2022-09-10T04:18:22.268+0000] {dag.py:2981} INFO - Setting next_dagrun for example_short_circuit_operator to 2022-09-09T04:18:22.267999+00:00, run_after=2022-09-10T04:18:22.267999+00:00
[2022-09-10T04:18:22.285+0000] {processor.py:161} INFO - Processing /home/airflow/.local/lib/python3.7/site-packages/airflow/example_dags/example_short_circuit_operator.py took 0.072 seconds
[2022-09-10T04:18:52.358+0000] {processor.py:153} INFO - Started process (PID=723) to work on /home/airflow/.local/lib/python3.7/site-packages/airflow/example_dags/example_short_circuit_operator.py
[2022-09-10T04:18:52.359+0000] {processor.py:640} INFO - Processing file /home/airflow/.local/lib/python3.7/site-packages/airflow/example_dags/example_short_circuit_operator.py for tasks to queue
[2022-09-10T04:18:52.360+0000] {logging_mixin.py:115} INFO - [2022-09-10T04:18:52.360+0000] {dagbag.py:508} INFO - Filling up the DagBag from /home/airflow/.local/lib/python3.7/site-packages/airflow/example_dags/example_short_circuit_operator.py
[2022-09-10T04:18:52.367+0000] {processor.py:650} INFO - DAG(s) dict_keys(['example_short_circuit_operator']) retrieved from /home/airflow/.local/lib/python3.7/site-packages/airflow/example_dags/example_short_circuit_operator.py
[2022-09-10T04:18:52.398+0000] {logging_mixin.py:115} INFO - [2022-09-10T04:18:52.397+0000] {dag.py:2429} INFO - Sync 1 DAGs
[2022-09-10T04:18:52.427+0000] {logging_mixin.py:115} INFO - [2022-09-10T04:18:52.427+0000] {dag.py:2981} INFO - Setting next_dagrun for example_short_circuit_operator to 2022-09-09T04:18:52.426869+00:00, run_after=2022-09-10T04:18:52.426869+00:00
[2022-09-10T04:18:52.443+0000] {processor.py:161} INFO - Processing /home/airflow/.local/lib/python3.7/site-packages/airflow/example_dags/example_short_circuit_operator.py took 0.088 seconds
[2022-09-10T04:19:22.645+0000] {processor.py:153} INFO - Started process (PID=920) to work on /home/airflow/.local/lib/python3.7/site-packages/airflow/example_dags/example_short_circuit_operator.py
[2022-09-10T04:19:22.645+0000] {processor.py:640} INFO - Processing file /home/airflow/.local/lib/python3.7/site-packages/airflow/example_dags/example_short_circuit_operator.py for tasks to queue
[2022-09-10T04:19:22.646+0000] {logging_mixin.py:115} INFO - [2022-09-10T04:19:22.646+0000] {dagbag.py:508} INFO - Filling up the DagBag from /home/airflow/.local/lib/python3.7/site-packages/airflow/example_dags/example_short_circuit_operator.py
[2022-09-10T04:19:22.655+0000] {processor.py:650} INFO - DAG(s) dict_keys(['example_short_circuit_operator']) retrieved from /home/airflow/.local/lib/python3.7/site-packages/airflow/example_dags/example_short_circuit_operator.py
[2022-09-10T04:19:22.687+0000] {logging_mixin.py:115} INFO - [2022-09-10T04:19:22.687+0000] {dag.py:2429} INFO - Sync 1 DAGs
[2022-09-10T04:19:22.718+0000] {logging_mixin.py:115} INFO - [2022-09-10T04:19:22.717+0000] {dag.py:2981} INFO - Setting next_dagrun for example_short_circuit_operator to 2022-09-09T04:19:22.717572+00:00, run_after=2022-09-10T04:19:22.717572+00:00
[2022-09-10T04:19:22.735+0000] {processor.py:161} INFO - Processing /home/airflow/.local/lib/python3.7/site-packages/airflow/example_dags/example_short_circuit_operator.py took 0.093 seconds
[2022-09-10T04:19:52.919+0000] {processor.py:153} INFO - Started process (PID=1108) to work on /home/airflow/.local/lib/python3.7/site-packages/airflow/example_dags/example_short_circuit_operator.py
[2022-09-10T04:19:52.920+0000] {processor.py:640} INFO - Processing file /home/airflow/.local/lib/python3.7/site-packages/airflow/example_dags/example_short_circuit_operator.py for tasks to queue
[2022-09-10T04:19:52.920+0000] {logging_mixin.py:115} INFO - [2022-09-10T04:19:52.920+0000] {dagbag.py:508} INFO - Filling up the DagBag from /home/airflow/.local/lib/python3.7/site-packages/airflow/example_dags/example_short_circuit_operator.py
[2022-09-10T04:19:52.928+0000] {processor.py:650} INFO - DAG(s) dict_keys(['example_short_circuit_operator']) retrieved from /home/airflow/.local/lib/python3.7/site-packages/airflow/example_dags/example_short_circuit_operator.py
[2022-09-10T04:19:52.952+0000] {logging_mixin.py:115} INFO - [2022-09-10T04:19:52.952+0000] {dag.py:2429} INFO - Sync 1 DAGs
[2022-09-10T04:19:52.977+0000] {logging_mixin.py:115} INFO - [2022-09-10T04:19:52.977+0000] {dag.py:2981} INFO - Setting next_dagrun for example_short_circuit_operator to 2022-09-09T04:19:52.976999+00:00, run_after=2022-09-10T04:19:52.976999+00:00
[2022-09-10T04:19:52.993+0000] {processor.py:161} INFO - Processing /home/airflow/.local/lib/python3.7/site-packages/airflow/example_dags/example_short_circuit_operator.py took 0.077 seconds
[2022-09-10T04:20:24.070+0000] {processor.py:153} INFO - Started process (PID=1305) to work on /home/airflow/.local/lib/python3.7/site-packages/airflow/example_dags/example_short_circuit_operator.py
[2022-09-10T04:20:24.071+0000] {processor.py:640} INFO - Processing file /home/airflow/.local/lib/python3.7/site-packages/airflow/example_dags/example_short_circuit_operator.py for tasks to queue
[2022-09-10T04:20:24.071+0000] {logging_mixin.py:115} INFO - [2022-09-10T04:20:24.071+0000] {dagbag.py:508} INFO - Filling up the DagBag from /home/airflow/.local/lib/python3.7/site-packages/airflow/example_dags/example_short_circuit_operator.py
[2022-09-10T04:20:24.082+0000] {processor.py:650} INFO - DAG(s) dict_keys(['example_short_circuit_operator']) retrieved from /home/airflow/.local/lib/python3.7/site-packages/airflow/example_dags/example_short_circuit_operator.py
[2022-09-10T04:20:24.134+0000] {logging_mixin.py:115} INFO - [2022-09-10T04:20:24.134+0000] {dag.py:2429} INFO - Sync 1 DAGs
[2022-09-10T04:20:24.159+0000] {logging_mixin.py:115} INFO - [2022-09-10T04:20:24.159+0000] {dag.py:2981} INFO - Setting next_dagrun for example_short_circuit_operator to 2022-09-09T04:20:24.159411+00:00, run_after=2022-09-10T04:20:24.159411+00:00
[2022-09-10T04:20:24.174+0000] {processor.py:161} INFO - Processing /home/airflow/.local/lib/python3.7/site-packages/airflow/example_dags/example_short_circuit_operator.py took 0.107 seconds
[2022-09-10T04:26:40.401+0000] {processor.py:153} INFO - Started process (PID=327) to work on /home/airflow/.local/lib/python3.7/site-packages/airflow/example_dags/example_short_circuit_operator.py
[2022-09-10T04:26:40.402+0000] {processor.py:640} INFO - Processing file /home/airflow/.local/lib/python3.7/site-packages/airflow/example_dags/example_short_circuit_operator.py for tasks to queue
[2022-09-10T04:26:40.402+0000] {logging_mixin.py:115} INFO - [2022-09-10T04:26:40.402+0000] {dagbag.py:508} INFO - Filling up the DagBag from /home/airflow/.local/lib/python3.7/site-packages/airflow/example_dags/example_short_circuit_operator.py
[2022-09-10T04:26:40.410+0000] {processor.py:650} INFO - DAG(s) dict_keys(['example_short_circuit_operator']) retrieved from /home/airflow/.local/lib/python3.7/site-packages/airflow/example_dags/example_short_circuit_operator.py
[2022-09-10T04:26:40.438+0000] {logging_mixin.py:115} INFO - [2022-09-10T04:26:40.438+0000] {dag.py:2429} INFO - Sync 1 DAGs
[2022-09-10T04:26:40.458+0000] {logging_mixin.py:115} INFO - [2022-09-10T04:26:40.458+0000] {dag.py:2981} INFO - Setting next_dagrun for example_short_circuit_operator to 2022-09-09T04:26:40.458144+00:00, run_after=2022-09-10T04:26:40.458144+00:00
[2022-09-10T04:26:40.473+0000] {processor.py:161} INFO - Processing /home/airflow/.local/lib/python3.7/site-packages/airflow/example_dags/example_short_circuit_operator.py took 0.075 seconds
[2022-09-10T04:27:11.395+0000] {processor.py:153} INFO - Started process (PID=525) to work on /home/airflow/.local/lib/python3.7/site-packages/airflow/example_dags/example_short_circuit_operator.py
[2022-09-10T04:27:11.396+0000] {processor.py:640} INFO - Processing file /home/airflow/.local/lib/python3.7/site-packages/airflow/example_dags/example_short_circuit_operator.py for tasks to queue
[2022-09-10T04:27:11.397+0000] {logging_mixin.py:115} INFO - [2022-09-10T04:27:11.397+0000] {dagbag.py:508} INFO - Filling up the DagBag from /home/airflow/.local/lib/python3.7/site-packages/airflow/example_dags/example_short_circuit_operator.py
[2022-09-10T04:27:11.404+0000] {processor.py:650} INFO - DAG(s) dict_keys(['example_short_circuit_operator']) retrieved from /home/airflow/.local/lib/python3.7/site-packages/airflow/example_dags/example_short_circuit_operator.py
[2022-09-10T04:27:11.433+0000] {logging_mixin.py:115} INFO - [2022-09-10T04:27:11.433+0000] {dag.py:2429} INFO - Sync 1 DAGs
[2022-09-10T04:27:11.454+0000] {logging_mixin.py:115} INFO - [2022-09-10T04:27:11.454+0000] {dag.py:2981} INFO - Setting next_dagrun for example_short_circuit_operator to 2022-09-09T04:27:11.454251+00:00, run_after=2022-09-10T04:27:11.454251+00:00
[2022-09-10T04:27:11.473+0000] {processor.py:161} INFO - Processing /home/airflow/.local/lib/python3.7/site-packages/airflow/example_dags/example_short_circuit_operator.py took 0.080 seconds
[2022-09-10T04:27:42.299+0000] {processor.py:153} INFO - Started process (PID=722) to work on /home/airflow/.local/lib/python3.7/site-packages/airflow/example_dags/example_short_circuit_operator.py
[2022-09-10T04:27:42.300+0000] {processor.py:640} INFO - Processing file /home/airflow/.local/lib/python3.7/site-packages/airflow/example_dags/example_short_circuit_operator.py for tasks to queue
[2022-09-10T04:27:42.301+0000] {logging_mixin.py:115} INFO - [2022-09-10T04:27:42.300+0000] {dagbag.py:508} INFO - Filling up the DagBag from /home/airflow/.local/lib/python3.7/site-packages/airflow/example_dags/example_short_circuit_operator.py
[2022-09-10T04:27:42.309+0000] {processor.py:650} INFO - DAG(s) dict_keys(['example_short_circuit_operator']) retrieved from /home/airflow/.local/lib/python3.7/site-packages/airflow/example_dags/example_short_circuit_operator.py
[2022-09-10T04:27:42.335+0000] {logging_mixin.py:115} INFO - [2022-09-10T04:27:42.335+0000] {dag.py:2429} INFO - Sync 1 DAGs
[2022-09-10T04:27:42.357+0000] {logging_mixin.py:115} INFO - [2022-09-10T04:27:42.357+0000] {dag.py:2981} INFO - Setting next_dagrun for example_short_circuit_operator to 2022-09-09T04:27:42.357091+00:00, run_after=2022-09-10T04:27:42.357091+00:00
[2022-09-10T04:27:42.374+0000] {processor.py:161} INFO - Processing /home/airflow/.local/lib/python3.7/site-packages/airflow/example_dags/example_short_circuit_operator.py took 0.077 seconds
[2022-09-10T04:28:13.068+0000] {processor.py:153} INFO - Started process (PID=910) to work on /home/airflow/.local/lib/python3.7/site-packages/airflow/example_dags/example_short_circuit_operator.py
[2022-09-10T04:28:13.069+0000] {processor.py:640} INFO - Processing file /home/airflow/.local/lib/python3.7/site-packages/airflow/example_dags/example_short_circuit_operator.py for tasks to queue
[2022-09-10T04:28:13.070+0000] {logging_mixin.py:115} INFO - [2022-09-10T04:28:13.069+0000] {dagbag.py:508} INFO - Filling up the DagBag from /home/airflow/.local/lib/python3.7/site-packages/airflow/example_dags/example_short_circuit_operator.py
[2022-09-10T04:28:13.077+0000] {processor.py:650} INFO - DAG(s) dict_keys(['example_short_circuit_operator']) retrieved from /home/airflow/.local/lib/python3.7/site-packages/airflow/example_dags/example_short_circuit_operator.py
[2022-09-10T04:28:13.100+0000] {logging_mixin.py:115} INFO - [2022-09-10T04:28:13.100+0000] {dag.py:2429} INFO - Sync 1 DAGs
[2022-09-10T04:28:13.119+0000] {logging_mixin.py:115} INFO - [2022-09-10T04:28:13.119+0000] {dag.py:2981} INFO - Setting next_dagrun for example_short_circuit_operator to 2022-09-09T04:28:13.119550+00:00, run_after=2022-09-10T04:28:13.119550+00:00
[2022-09-10T04:28:13.133+0000] {processor.py:161} INFO - Processing /home/airflow/.local/lib/python3.7/site-packages/airflow/example_dags/example_short_circuit_operator.py took 0.067 seconds
[2022-09-10T04:28:44.007+0000] {processor.py:153} INFO - Started process (PID=1108) to work on /home/airflow/.local/lib/python3.7/site-packages/airflow/example_dags/example_short_circuit_operator.py
[2022-09-10T04:28:44.008+0000] {processor.py:640} INFO - Processing file /home/airflow/.local/lib/python3.7/site-packages/airflow/example_dags/example_short_circuit_operator.py for tasks to queue
[2022-09-10T04:28:44.009+0000] {logging_mixin.py:115} INFO - [2022-09-10T04:28:44.009+0000] {dagbag.py:508} INFO - Filling up the DagBag from /home/airflow/.local/lib/python3.7/site-packages/airflow/example_dags/example_short_circuit_operator.py
[2022-09-10T04:28:44.017+0000] {processor.py:650} INFO - DAG(s) dict_keys(['example_short_circuit_operator']) retrieved from /home/airflow/.local/lib/python3.7/site-packages/airflow/example_dags/example_short_circuit_operator.py
[2022-09-10T04:28:44.046+0000] {logging_mixin.py:115} INFO - [2022-09-10T04:28:44.046+0000] {dag.py:2429} INFO - Sync 1 DAGs
[2022-09-10T04:28:44.067+0000] {logging_mixin.py:115} INFO - [2022-09-10T04:28:44.067+0000] {dag.py:2981} INFO - Setting next_dagrun for example_short_circuit_operator to 2022-09-09T04:28:44.067221+00:00, run_after=2022-09-10T04:28:44.067221+00:00
[2022-09-10T04:28:44.082+0000] {processor.py:161} INFO - Processing /home/airflow/.local/lib/python3.7/site-packages/airflow/example_dags/example_short_circuit_operator.py took 0.077 seconds
[2022-09-10T04:30:07.360+0000] {processor.py:153} INFO - Started process (PID=327) to work on /home/airflow/.local/lib/python3.7/site-packages/airflow/example_dags/example_short_circuit_operator.py
[2022-09-10T04:30:07.361+0000] {processor.py:640} INFO - Processing file /home/airflow/.local/lib/python3.7/site-packages/airflow/example_dags/example_short_circuit_operator.py for tasks to queue
[2022-09-10T04:30:07.361+0000] {logging_mixin.py:115} INFO - [2022-09-10T04:30:07.361+0000] {dagbag.py:508} INFO - Filling up the DagBag from /home/airflow/.local/lib/python3.7/site-packages/airflow/example_dags/example_short_circuit_operator.py
[2022-09-10T04:30:07.369+0000] {processor.py:650} INFO - DAG(s) dict_keys(['example_short_circuit_operator']) retrieved from /home/airflow/.local/lib/python3.7/site-packages/airflow/example_dags/example_short_circuit_operator.py
[2022-09-10T04:30:07.403+0000] {logging_mixin.py:115} INFO - [2022-09-10T04:30:07.403+0000] {dag.py:2429} INFO - Sync 1 DAGs
[2022-09-10T04:30:07.428+0000] {logging_mixin.py:115} INFO - [2022-09-10T04:30:07.428+0000] {dag.py:2981} INFO - Setting next_dagrun for example_short_circuit_operator to 2022-09-09T04:30:07.428031+00:00, run_after=2022-09-10T04:30:07.428031+00:00
[2022-09-10T04:30:07.445+0000] {processor.py:161} INFO - Processing /home/airflow/.local/lib/python3.7/site-packages/airflow/example_dags/example_short_circuit_operator.py took 0.087 seconds
[2022-09-10T04:30:38.300+0000] {processor.py:153} INFO - Started process (PID=524) to work on /home/airflow/.local/lib/python3.7/site-packages/airflow/example_dags/example_short_circuit_operator.py
[2022-09-10T04:30:38.301+0000] {processor.py:640} INFO - Processing file /home/airflow/.local/lib/python3.7/site-packages/airflow/example_dags/example_short_circuit_operator.py for tasks to queue
[2022-09-10T04:30:38.301+0000] {logging_mixin.py:115} INFO - [2022-09-10T04:30:38.301+0000] {dagbag.py:508} INFO - Filling up the DagBag from /home/airflow/.local/lib/python3.7/site-packages/airflow/example_dags/example_short_circuit_operator.py
[2022-09-10T04:30:38.310+0000] {processor.py:650} INFO - DAG(s) dict_keys(['example_short_circuit_operator']) retrieved from /home/airflow/.local/lib/python3.7/site-packages/airflow/example_dags/example_short_circuit_operator.py
[2022-09-10T04:30:38.336+0000] {logging_mixin.py:115} INFO - [2022-09-10T04:30:38.336+0000] {dag.py:2429} INFO - Sync 1 DAGs
[2022-09-10T04:30:38.355+0000] {logging_mixin.py:115} INFO - [2022-09-10T04:30:38.355+0000] {dag.py:2981} INFO - Setting next_dagrun for example_short_circuit_operator to 2022-09-09T04:30:38.355626+00:00, run_after=2022-09-10T04:30:38.355626+00:00
[2022-09-10T04:30:38.369+0000] {processor.py:161} INFO - Processing /home/airflow/.local/lib/python3.7/site-packages/airflow/example_dags/example_short_circuit_operator.py took 0.072 seconds
[2022-09-10T04:31:09.512+0000] {processor.py:153} INFO - Started process (PID=721) to work on /home/airflow/.local/lib/python3.7/site-packages/airflow/example_dags/example_short_circuit_operator.py
[2022-09-10T04:31:09.513+0000] {processor.py:640} INFO - Processing file /home/airflow/.local/lib/python3.7/site-packages/airflow/example_dags/example_short_circuit_operator.py for tasks to queue
[2022-09-10T04:31:09.513+0000] {logging_mixin.py:115} INFO - [2022-09-10T04:31:09.513+0000] {dagbag.py:508} INFO - Filling up the DagBag from /home/airflow/.local/lib/python3.7/site-packages/airflow/example_dags/example_short_circuit_operator.py
[2022-09-10T04:31:09.520+0000] {processor.py:650} INFO - DAG(s) dict_keys(['example_short_circuit_operator']) retrieved from /home/airflow/.local/lib/python3.7/site-packages/airflow/example_dags/example_short_circuit_operator.py
[2022-09-10T04:31:09.544+0000] {logging_mixin.py:115} INFO - [2022-09-10T04:31:09.543+0000] {dag.py:2429} INFO - Sync 1 DAGs
[2022-09-10T04:31:09.561+0000] {logging_mixin.py:115} INFO - [2022-09-10T04:31:09.561+0000] {dag.py:2981} INFO - Setting next_dagrun for example_short_circuit_operator to 2022-09-09T04:31:09.561011+00:00, run_after=2022-09-10T04:31:09.561011+00:00
[2022-09-10T04:31:09.577+0000] {processor.py:161} INFO - Processing /home/airflow/.local/lib/python3.7/site-packages/airflow/example_dags/example_short_circuit_operator.py took 0.067 seconds
[2022-09-10T04:31:40.795+0000] {processor.py:153} INFO - Started process (PID=909) to work on /home/airflow/.local/lib/python3.7/site-packages/airflow/example_dags/example_short_circuit_operator.py
[2022-09-10T04:31:40.796+0000] {processor.py:640} INFO - Processing file /home/airflow/.local/lib/python3.7/site-packages/airflow/example_dags/example_short_circuit_operator.py for tasks to queue
[2022-09-10T04:31:40.797+0000] {logging_mixin.py:115} INFO - [2022-09-10T04:31:40.797+0000] {dagbag.py:508} INFO - Filling up the DagBag from /home/airflow/.local/lib/python3.7/site-packages/airflow/example_dags/example_short_circuit_operator.py
[2022-09-10T04:31:40.806+0000] {processor.py:650} INFO - DAG(s) dict_keys(['example_short_circuit_operator']) retrieved from /home/airflow/.local/lib/python3.7/site-packages/airflow/example_dags/example_short_circuit_operator.py
[2022-09-10T04:31:40.833+0000] {logging_mixin.py:115} INFO - [2022-09-10T04:31:40.833+0000] {dag.py:2429} INFO - Sync 1 DAGs
[2022-09-10T04:31:40.857+0000] {logging_mixin.py:115} INFO - [2022-09-10T04:31:40.857+0000] {dag.py:2981} INFO - Setting next_dagrun for example_short_circuit_operator to 2022-09-09T04:31:40.857318+00:00, run_after=2022-09-10T04:31:40.857318+00:00
[2022-09-10T04:31:40.875+0000] {processor.py:161} INFO - Processing /home/airflow/.local/lib/python3.7/site-packages/airflow/example_dags/example_short_circuit_operator.py took 0.082 seconds
[2022-09-10T04:32:10.960+0000] {processor.py:153} INFO - Started process (PID=1124) to work on /home/airflow/.local/lib/python3.7/site-packages/airflow/example_dags/example_short_circuit_operator.py
[2022-09-10T04:32:10.961+0000] {processor.py:640} INFO - Processing file /home/airflow/.local/lib/python3.7/site-packages/airflow/example_dags/example_short_circuit_operator.py for tasks to queue
[2022-09-10T04:32:10.961+0000] {logging_mixin.py:115} INFO - [2022-09-10T04:32:10.961+0000] {dagbag.py:508} INFO - Filling up the DagBag from /home/airflow/.local/lib/python3.7/site-packages/airflow/example_dags/example_short_circuit_operator.py
[2022-09-10T04:32:10.969+0000] {processor.py:650} INFO - DAG(s) dict_keys(['example_short_circuit_operator']) retrieved from /home/airflow/.local/lib/python3.7/site-packages/airflow/example_dags/example_short_circuit_operator.py
[2022-09-10T04:32:10.995+0000] {logging_mixin.py:115} INFO - [2022-09-10T04:32:10.995+0000] {dag.py:2429} INFO - Sync 1 DAGs
[2022-09-10T04:32:11.017+0000] {logging_mixin.py:115} INFO - [2022-09-10T04:32:11.017+0000] {dag.py:2981} INFO - Setting next_dagrun for example_short_circuit_operator to 2022-09-09T04:32:11.017291+00:00, run_after=2022-09-10T04:32:11.017291+00:00
[2022-09-10T04:32:11.034+0000] {processor.py:161} INFO - Processing /home/airflow/.local/lib/python3.7/site-packages/airflow/example_dags/example_short_circuit_operator.py took 0.076 seconds
[2022-09-10T04:32:42.261+0000] {processor.py:153} INFO - Started process (PID=1321) to work on /home/airflow/.local/lib/python3.7/site-packages/airflow/example_dags/example_short_circuit_operator.py
[2022-09-10T04:32:42.262+0000] {processor.py:640} INFO - Processing file /home/airflow/.local/lib/python3.7/site-packages/airflow/example_dags/example_short_circuit_operator.py for tasks to queue
[2022-09-10T04:32:42.263+0000] {logging_mixin.py:115} INFO - [2022-09-10T04:32:42.263+0000] {dagbag.py:508} INFO - Filling up the DagBag from /home/airflow/.local/lib/python3.7/site-packages/airflow/example_dags/example_short_circuit_operator.py
[2022-09-10T04:32:42.272+0000] {processor.py:650} INFO - DAG(s) dict_keys(['example_short_circuit_operator']) retrieved from /home/airflow/.local/lib/python3.7/site-packages/airflow/example_dags/example_short_circuit_operator.py
[2022-09-10T04:32:42.312+0000] {logging_mixin.py:115} INFO - [2022-09-10T04:32:42.312+0000] {dag.py:2429} INFO - Sync 1 DAGs
[2022-09-10T04:32:42.345+0000] {logging_mixin.py:115} INFO - [2022-09-10T04:32:42.345+0000] {dag.py:2981} INFO - Setting next_dagrun for example_short_circuit_operator to 2022-09-09T04:32:42.345038+00:00, run_after=2022-09-10T04:32:42.345038+00:00
[2022-09-10T04:32:42.368+0000] {processor.py:161} INFO - Processing /home/airflow/.local/lib/python3.7/site-packages/airflow/example_dags/example_short_circuit_operator.py took 0.109 seconds
