[2022-09-10T04:17:51.847+0000] {processor.py:153} INFO - Started process (PID=327) to work on /home/airflow/.local/lib/python3.7/site-packages/airflow/example_dags/example_skip_dag.py
[2022-09-10T04:17:51.847+0000] {processor.py:640} INFO - Processing file /home/airflow/.local/lib/python3.7/site-packages/airflow/example_dags/example_skip_dag.py for tasks to queue
[2022-09-10T04:17:51.847+0000] {logging_mixin.py:115} INFO - [2022-09-10T04:17:51.847+0000] {dagbag.py:508} INFO - Filling up the DagBag from /home/airflow/.local/lib/python3.7/site-packages/airflow/example_dags/example_skip_dag.py
[2022-09-10T04:17:51.851+0000] {processor.py:650} INFO - DAG(s) dict_keys(['example_skip_dag']) retrieved from /home/airflow/.local/lib/python3.7/site-packages/airflow/example_dags/example_skip_dag.py
[2022-09-10T04:17:51.940+0000] {logging_mixin.py:115} INFO - [2022-09-10T04:17:51.940+0000] {manager.py:508} INFO - Created Permission View: can delete on DAG:example_skip_dag
[2022-09-10T04:17:51.953+0000] {logging_mixin.py:115} INFO - [2022-09-10T04:17:51.953+0000] {manager.py:508} INFO - Created Permission View: can read on DAG:example_skip_dag
[2022-09-10T04:17:51.965+0000] {logging_mixin.py:115} INFO - [2022-09-10T04:17:51.965+0000] {manager.py:508} INFO - Created Permission View: can edit on DAG:example_skip_dag
[2022-09-10T04:17:51.965+0000] {logging_mixin.py:115} INFO - [2022-09-10T04:17:51.965+0000] {dag.py:2429} INFO - Sync 1 DAGs
[2022-09-10T04:17:51.975+0000] {logging_mixin.py:115} INFO - [2022-09-10T04:17:51.975+0000] {dag.py:2448} INFO - Creating ORM DAG for example_skip_dag
[2022-09-10T04:17:51.990+0000] {logging_mixin.py:115} INFO - [2022-09-10T04:17:51.990+0000] {dag.py:2981} INFO - Setting next_dagrun for example_skip_dag to 2022-09-09T04:17:51.989787+00:00, run_after=2022-09-10T04:17:51.989787+00:00
[2022-09-10T04:17:52.007+0000] {processor.py:161} INFO - Processing /home/airflow/.local/lib/python3.7/site-packages/airflow/example_dags/example_skip_dag.py took 0.162 seconds
[2022-09-10T04:18:22.133+0000] {processor.py:153} INFO - Started process (PID=518) to work on /home/airflow/.local/lib/python3.7/site-packages/airflow/example_dags/example_skip_dag.py
[2022-09-10T04:18:22.134+0000] {processor.py:640} INFO - Processing file /home/airflow/.local/lib/python3.7/site-packages/airflow/example_dags/example_skip_dag.py for tasks to queue
[2022-09-10T04:18:22.135+0000] {logging_mixin.py:115} INFO - [2022-09-10T04:18:22.135+0000] {dagbag.py:508} INFO - Filling up the DagBag from /home/airflow/.local/lib/python3.7/site-packages/airflow/example_dags/example_skip_dag.py
[2022-09-10T04:18:22.138+0000] {processor.py:650} INFO - DAG(s) dict_keys(['example_skip_dag']) retrieved from /home/airflow/.local/lib/python3.7/site-packages/airflow/example_dags/example_skip_dag.py
[2022-09-10T04:18:22.159+0000] {logging_mixin.py:115} INFO - [2022-09-10T04:18:22.159+0000] {dag.py:2429} INFO - Sync 1 DAGs
[2022-09-10T04:18:22.180+0000] {logging_mixin.py:115} INFO - [2022-09-10T04:18:22.180+0000] {dag.py:2981} INFO - Setting next_dagrun for example_skip_dag to 2022-09-09T04:18:22.180256+00:00, run_after=2022-09-10T04:18:22.180256+00:00
[2022-09-10T04:18:22.194+0000] {processor.py:161} INFO - Processing /home/airflow/.local/lib/python3.7/site-packages/airflow/example_dags/example_skip_dag.py took 0.063 seconds
[2022-09-10T04:18:52.245+0000] {processor.py:153} INFO - Started process (PID=713) to work on /home/airflow/.local/lib/python3.7/site-packages/airflow/example_dags/example_skip_dag.py
[2022-09-10T04:18:52.246+0000] {processor.py:640} INFO - Processing file /home/airflow/.local/lib/python3.7/site-packages/airflow/example_dags/example_skip_dag.py for tasks to queue
[2022-09-10T04:18:52.247+0000] {logging_mixin.py:115} INFO - [2022-09-10T04:18:52.247+0000] {dagbag.py:508} INFO - Filling up the DagBag from /home/airflow/.local/lib/python3.7/site-packages/airflow/example_dags/example_skip_dag.py
[2022-09-10T04:18:52.250+0000] {processor.py:650} INFO - DAG(s) dict_keys(['example_skip_dag']) retrieved from /home/airflow/.local/lib/python3.7/site-packages/airflow/example_dags/example_skip_dag.py
[2022-09-10T04:18:52.274+0000] {logging_mixin.py:115} INFO - [2022-09-10T04:18:52.273+0000] {dag.py:2429} INFO - Sync 1 DAGs
[2022-09-10T04:18:52.311+0000] {logging_mixin.py:115} INFO - [2022-09-10T04:18:52.311+0000] {dag.py:2981} INFO - Setting next_dagrun for example_skip_dag to 2022-09-09T04:18:52.310655+00:00, run_after=2022-09-10T04:18:52.310655+00:00
[2022-09-10T04:18:52.333+0000] {processor.py:161} INFO - Processing /home/airflow/.local/lib/python3.7/site-packages/airflow/example_dags/example_skip_dag.py took 0.090 seconds
[2022-09-10T04:19:22.530+0000] {processor.py:153} INFO - Started process (PID=910) to work on /home/airflow/.local/lib/python3.7/site-packages/airflow/example_dags/example_skip_dag.py
[2022-09-10T04:19:22.531+0000] {processor.py:640} INFO - Processing file /home/airflow/.local/lib/python3.7/site-packages/airflow/example_dags/example_skip_dag.py for tasks to queue
[2022-09-10T04:19:22.531+0000] {logging_mixin.py:115} INFO - [2022-09-10T04:19:22.531+0000] {dagbag.py:508} INFO - Filling up the DagBag from /home/airflow/.local/lib/python3.7/site-packages/airflow/example_dags/example_skip_dag.py
[2022-09-10T04:19:22.537+0000] {processor.py:650} INFO - DAG(s) dict_keys(['example_skip_dag']) retrieved from /home/airflow/.local/lib/python3.7/site-packages/airflow/example_dags/example_skip_dag.py
[2022-09-10T04:19:22.567+0000] {logging_mixin.py:115} INFO - [2022-09-10T04:19:22.567+0000] {dag.py:2429} INFO - Sync 1 DAGs
[2022-09-10T04:19:22.598+0000] {logging_mixin.py:115} INFO - [2022-09-10T04:19:22.597+0000] {dag.py:2981} INFO - Setting next_dagrun for example_skip_dag to 2022-09-09T04:19:22.597312+00:00, run_after=2022-09-10T04:19:22.597312+00:00
[2022-09-10T04:19:22.619+0000] {processor.py:161} INFO - Processing /home/airflow/.local/lib/python3.7/site-packages/airflow/example_dags/example_skip_dag.py took 0.091 seconds
[2022-09-10T04:19:52.835+0000] {processor.py:153} INFO - Started process (PID=1100) to work on /home/airflow/.local/lib/python3.7/site-packages/airflow/example_dags/example_skip_dag.py
[2022-09-10T04:19:52.836+0000] {processor.py:640} INFO - Processing file /home/airflow/.local/lib/python3.7/site-packages/airflow/example_dags/example_skip_dag.py for tasks to queue
[2022-09-10T04:19:52.837+0000] {logging_mixin.py:115} INFO - [2022-09-10T04:19:52.836+0000] {dagbag.py:508} INFO - Filling up the DagBag from /home/airflow/.local/lib/python3.7/site-packages/airflow/example_dags/example_skip_dag.py
[2022-09-10T04:19:52.841+0000] {processor.py:650} INFO - DAG(s) dict_keys(['example_skip_dag']) retrieved from /home/airflow/.local/lib/python3.7/site-packages/airflow/example_dags/example_skip_dag.py
[2022-09-10T04:19:52.862+0000] {logging_mixin.py:115} INFO - [2022-09-10T04:19:52.862+0000] {dag.py:2429} INFO - Sync 1 DAGs
[2022-09-10T04:19:52.885+0000] {logging_mixin.py:115} INFO - [2022-09-10T04:19:52.885+0000] {dag.py:2981} INFO - Setting next_dagrun for example_skip_dag to 2022-09-09T04:19:52.885274+00:00, run_after=2022-09-10T04:19:52.885274+00:00
[2022-09-10T04:19:52.901+0000] {processor.py:161} INFO - Processing /home/airflow/.local/lib/python3.7/site-packages/airflow/example_dags/example_skip_dag.py took 0.068 seconds
[2022-09-10T04:20:23.966+0000] {processor.py:153} INFO - Started process (PID=1295) to work on /home/airflow/.local/lib/python3.7/site-packages/airflow/example_dags/example_skip_dag.py
[2022-09-10T04:20:23.967+0000] {processor.py:640} INFO - Processing file /home/airflow/.local/lib/python3.7/site-packages/airflow/example_dags/example_skip_dag.py for tasks to queue
[2022-09-10T04:20:23.968+0000] {logging_mixin.py:115} INFO - [2022-09-10T04:20:23.968+0000] {dagbag.py:508} INFO - Filling up the DagBag from /home/airflow/.local/lib/python3.7/site-packages/airflow/example_dags/example_skip_dag.py
[2022-09-10T04:20:23.973+0000] {processor.py:650} INFO - DAG(s) dict_keys(['example_skip_dag']) retrieved from /home/airflow/.local/lib/python3.7/site-packages/airflow/example_dags/example_skip_dag.py
[2022-09-10T04:20:24.003+0000] {logging_mixin.py:115} INFO - [2022-09-10T04:20:24.003+0000] {dag.py:2429} INFO - Sync 1 DAGs
[2022-09-10T04:20:24.036+0000] {logging_mixin.py:115} INFO - [2022-09-10T04:20:24.036+0000] {dag.py:2981} INFO - Setting next_dagrun for example_skip_dag to 2022-09-09T04:20:24.036172+00:00, run_after=2022-09-10T04:20:24.036172+00:00
[2022-09-10T04:20:24.052+0000] {processor.py:161} INFO - Processing /home/airflow/.local/lib/python3.7/site-packages/airflow/example_dags/example_skip_dag.py took 0.089 seconds
[2022-09-10T04:26:40.312+0000] {processor.py:153} INFO - Started process (PID=317) to work on /home/airflow/.local/lib/python3.7/site-packages/airflow/example_dags/example_skip_dag.py
[2022-09-10T04:26:40.313+0000] {processor.py:640} INFO - Processing file /home/airflow/.local/lib/python3.7/site-packages/airflow/example_dags/example_skip_dag.py for tasks to queue
[2022-09-10T04:26:40.314+0000] {logging_mixin.py:115} INFO - [2022-09-10T04:26:40.314+0000] {dagbag.py:508} INFO - Filling up the DagBag from /home/airflow/.local/lib/python3.7/site-packages/airflow/example_dags/example_skip_dag.py
[2022-09-10T04:26:40.319+0000] {processor.py:650} INFO - DAG(s) dict_keys(['example_skip_dag']) retrieved from /home/airflow/.local/lib/python3.7/site-packages/airflow/example_dags/example_skip_dag.py
[2022-09-10T04:26:40.347+0000] {logging_mixin.py:115} INFO - [2022-09-10T04:26:40.347+0000] {dag.py:2429} INFO - Sync 1 DAGs
[2022-09-10T04:26:40.366+0000] {logging_mixin.py:115} INFO - [2022-09-10T04:26:40.366+0000] {dag.py:2981} INFO - Setting next_dagrun for example_skip_dag to 2022-09-09T04:26:40.366386+00:00, run_after=2022-09-10T04:26:40.366386+00:00
[2022-09-10T04:26:40.380+0000] {processor.py:161} INFO - Processing /home/airflow/.local/lib/python3.7/site-packages/airflow/example_dags/example_skip_dag.py took 0.070 seconds
[2022-09-10T04:27:11.263+0000] {processor.py:153} INFO - Started process (PID=515) to work on /home/airflow/.local/lib/python3.7/site-packages/airflow/example_dags/example_skip_dag.py
[2022-09-10T04:27:11.265+0000] {processor.py:640} INFO - Processing file /home/airflow/.local/lib/python3.7/site-packages/airflow/example_dags/example_skip_dag.py for tasks to queue
[2022-09-10T04:27:11.265+0000] {logging_mixin.py:115} INFO - [2022-09-10T04:27:11.265+0000] {dagbag.py:508} INFO - Filling up the DagBag from /home/airflow/.local/lib/python3.7/site-packages/airflow/example_dags/example_skip_dag.py
[2022-09-10T04:27:11.269+0000] {processor.py:650} INFO - DAG(s) dict_keys(['example_skip_dag']) retrieved from /home/airflow/.local/lib/python3.7/site-packages/airflow/example_dags/example_skip_dag.py
[2022-09-10T04:27:11.293+0000] {logging_mixin.py:115} INFO - [2022-09-10T04:27:11.292+0000] {dag.py:2429} INFO - Sync 1 DAGs
[2022-09-10T04:27:11.313+0000] {logging_mixin.py:115} INFO - [2022-09-10T04:27:11.313+0000] {dag.py:2981} INFO - Setting next_dagrun for example_skip_dag to 2022-09-09T04:27:11.313571+00:00, run_after=2022-09-10T04:27:11.313571+00:00
[2022-09-10T04:27:11.329+0000] {processor.py:161} INFO - Processing /home/airflow/.local/lib/python3.7/site-packages/airflow/example_dags/example_skip_dag.py took 0.068 seconds
[2022-09-10T04:27:42.218+0000] {processor.py:153} INFO - Started process (PID=712) to work on /home/airflow/.local/lib/python3.7/site-packages/airflow/example_dags/example_skip_dag.py
[2022-09-10T04:27:42.218+0000] {processor.py:640} INFO - Processing file /home/airflow/.local/lib/python3.7/site-packages/airflow/example_dags/example_skip_dag.py for tasks to queue
[2022-09-10T04:27:42.218+0000] {logging_mixin.py:115} INFO - [2022-09-10T04:27:42.218+0000] {dagbag.py:508} INFO - Filling up the DagBag from /home/airflow/.local/lib/python3.7/site-packages/airflow/example_dags/example_skip_dag.py
[2022-09-10T04:27:42.222+0000] {processor.py:650} INFO - DAG(s) dict_keys(['example_skip_dag']) retrieved from /home/airflow/.local/lib/python3.7/site-packages/airflow/example_dags/example_skip_dag.py
[2022-09-10T04:27:42.244+0000] {logging_mixin.py:115} INFO - [2022-09-10T04:27:42.243+0000] {dag.py:2429} INFO - Sync 1 DAGs
[2022-09-10T04:27:42.264+0000] {logging_mixin.py:115} INFO - [2022-09-10T04:27:42.264+0000] {dag.py:2981} INFO - Setting next_dagrun for example_skip_dag to 2022-09-09T04:27:42.263983+00:00, run_after=2022-09-10T04:27:42.263983+00:00
[2022-09-10T04:27:42.279+0000] {processor.py:161} INFO - Processing /home/airflow/.local/lib/python3.7/site-packages/airflow/example_dags/example_skip_dag.py took 0.064 seconds
[2022-09-10T04:28:12.985+0000] {processor.py:153} INFO - Started process (PID=900) to work on /home/airflow/.local/lib/python3.7/site-packages/airflow/example_dags/example_skip_dag.py
[2022-09-10T04:28:12.986+0000] {processor.py:640} INFO - Processing file /home/airflow/.local/lib/python3.7/site-packages/airflow/example_dags/example_skip_dag.py for tasks to queue
[2022-09-10T04:28:12.987+0000] {logging_mixin.py:115} INFO - [2022-09-10T04:28:12.986+0000] {dagbag.py:508} INFO - Filling up the DagBag from /home/airflow/.local/lib/python3.7/site-packages/airflow/example_dags/example_skip_dag.py
[2022-09-10T04:28:12.991+0000] {processor.py:650} INFO - DAG(s) dict_keys(['example_skip_dag']) retrieved from /home/airflow/.local/lib/python3.7/site-packages/airflow/example_dags/example_skip_dag.py
[2022-09-10T04:28:13.017+0000] {logging_mixin.py:115} INFO - [2022-09-10T04:28:13.017+0000] {dag.py:2429} INFO - Sync 1 DAGs
[2022-09-10T04:28:13.035+0000] {logging_mixin.py:115} INFO - [2022-09-10T04:28:13.035+0000] {dag.py:2981} INFO - Setting next_dagrun for example_skip_dag to 2022-09-09T04:28:13.034969+00:00, run_after=2022-09-10T04:28:13.034969+00:00
[2022-09-10T04:28:13.048+0000] {processor.py:161} INFO - Processing /home/airflow/.local/lib/python3.7/site-packages/airflow/example_dags/example_skip_dag.py took 0.064 seconds
[2022-09-10T04:28:43.927+0000] {processor.py:153} INFO - Started process (PID=1098) to work on /home/airflow/.local/lib/python3.7/site-packages/airflow/example_dags/example_skip_dag.py
[2022-09-10T04:28:43.928+0000] {processor.py:640} INFO - Processing file /home/airflow/.local/lib/python3.7/site-packages/airflow/example_dags/example_skip_dag.py for tasks to queue
[2022-09-10T04:28:43.929+0000] {logging_mixin.py:115} INFO - [2022-09-10T04:28:43.929+0000] {dagbag.py:508} INFO - Filling up the DagBag from /home/airflow/.local/lib/python3.7/site-packages/airflow/example_dags/example_skip_dag.py
[2022-09-10T04:28:43.932+0000] {processor.py:650} INFO - DAG(s) dict_keys(['example_skip_dag']) retrieved from /home/airflow/.local/lib/python3.7/site-packages/airflow/example_dags/example_skip_dag.py
[2022-09-10T04:28:43.955+0000] {logging_mixin.py:115} INFO - [2022-09-10T04:28:43.955+0000] {dag.py:2429} INFO - Sync 1 DAGs
[2022-09-10T04:28:43.972+0000] {logging_mixin.py:115} INFO - [2022-09-10T04:28:43.972+0000] {dag.py:2981} INFO - Setting next_dagrun for example_skip_dag to 2022-09-09T04:28:43.971894+00:00, run_after=2022-09-10T04:28:43.971894+00:00
[2022-09-10T04:28:43.988+0000] {processor.py:161} INFO - Processing /home/airflow/.local/lib/python3.7/site-packages/airflow/example_dags/example_skip_dag.py took 0.063 seconds
[2022-09-10T04:30:07.262+0000] {processor.py:153} INFO - Started process (PID=317) to work on /home/airflow/.local/lib/python3.7/site-packages/airflow/example_dags/example_skip_dag.py
[2022-09-10T04:30:07.263+0000] {processor.py:640} INFO - Processing file /home/airflow/.local/lib/python3.7/site-packages/airflow/example_dags/example_skip_dag.py for tasks to queue
[2022-09-10T04:30:07.264+0000] {logging_mixin.py:115} INFO - [2022-09-10T04:30:07.264+0000] {dagbag.py:508} INFO - Filling up the DagBag from /home/airflow/.local/lib/python3.7/site-packages/airflow/example_dags/example_skip_dag.py
[2022-09-10T04:30:07.269+0000] {processor.py:650} INFO - DAG(s) dict_keys(['example_skip_dag']) retrieved from /home/airflow/.local/lib/python3.7/site-packages/airflow/example_dags/example_skip_dag.py
[2022-09-10T04:30:07.298+0000] {logging_mixin.py:115} INFO - [2022-09-10T04:30:07.298+0000] {dag.py:2429} INFO - Sync 1 DAGs
[2022-09-10T04:30:07.323+0000] {logging_mixin.py:115} INFO - [2022-09-10T04:30:07.323+0000] {dag.py:2981} INFO - Setting next_dagrun for example_skip_dag to 2022-09-09T04:30:07.322826+00:00, run_after=2022-09-10T04:30:07.322826+00:00
[2022-09-10T04:30:07.339+0000] {processor.py:161} INFO - Processing /home/airflow/.local/lib/python3.7/site-packages/airflow/example_dags/example_skip_dag.py took 0.079 seconds
[2022-09-10T04:30:38.185+0000] {processor.py:153} INFO - Started process (PID=514) to work on /home/airflow/.local/lib/python3.7/site-packages/airflow/example_dags/example_skip_dag.py
[2022-09-10T04:30:38.185+0000] {processor.py:640} INFO - Processing file /home/airflow/.local/lib/python3.7/site-packages/airflow/example_dags/example_skip_dag.py for tasks to queue
[2022-09-10T04:30:38.186+0000] {logging_mixin.py:115} INFO - [2022-09-10T04:30:38.186+0000] {dagbag.py:508} INFO - Filling up the DagBag from /home/airflow/.local/lib/python3.7/site-packages/airflow/example_dags/example_skip_dag.py
[2022-09-10T04:30:38.189+0000] {processor.py:650} INFO - DAG(s) dict_keys(['example_skip_dag']) retrieved from /home/airflow/.local/lib/python3.7/site-packages/airflow/example_dags/example_skip_dag.py
[2022-09-10T04:30:38.214+0000] {logging_mixin.py:115} INFO - [2022-09-10T04:30:38.214+0000] {dag.py:2429} INFO - Sync 1 DAGs
[2022-09-10T04:30:38.231+0000] {logging_mixin.py:115} INFO - [2022-09-10T04:30:38.231+0000] {dag.py:2981} INFO - Setting next_dagrun for example_skip_dag to 2022-09-09T04:30:38.231526+00:00, run_after=2022-09-10T04:30:38.231526+00:00
[2022-09-10T04:30:38.245+0000] {processor.py:161} INFO - Processing /home/airflow/.local/lib/python3.7/site-packages/airflow/example_dags/example_skip_dag.py took 0.063 seconds
[2022-09-10T04:31:09.432+0000] {processor.py:153} INFO - Started process (PID=711) to work on /home/airflow/.local/lib/python3.7/site-packages/airflow/example_dags/example_skip_dag.py
[2022-09-10T04:31:09.433+0000] {processor.py:640} INFO - Processing file /home/airflow/.local/lib/python3.7/site-packages/airflow/example_dags/example_skip_dag.py for tasks to queue
[2022-09-10T04:31:09.433+0000] {logging_mixin.py:115} INFO - [2022-09-10T04:31:09.433+0000] {dagbag.py:508} INFO - Filling up the DagBag from /home/airflow/.local/lib/python3.7/site-packages/airflow/example_dags/example_skip_dag.py
[2022-09-10T04:31:09.437+0000] {processor.py:650} INFO - DAG(s) dict_keys(['example_skip_dag']) retrieved from /home/airflow/.local/lib/python3.7/site-packages/airflow/example_dags/example_skip_dag.py
[2022-09-10T04:31:09.459+0000] {logging_mixin.py:115} INFO - [2022-09-10T04:31:09.459+0000] {dag.py:2429} INFO - Sync 1 DAGs
[2022-09-10T04:31:09.480+0000] {logging_mixin.py:115} INFO - [2022-09-10T04:31:09.480+0000] {dag.py:2981} INFO - Setting next_dagrun for example_skip_dag to 2022-09-09T04:31:09.479820+00:00, run_after=2022-09-10T04:31:09.479820+00:00
[2022-09-10T04:31:09.493+0000] {processor.py:161} INFO - Processing /home/airflow/.local/lib/python3.7/site-packages/airflow/example_dags/example_skip_dag.py took 0.063 seconds
[2022-09-10T04:31:40.634+0000] {processor.py:153} INFO - Started process (PID=899) to work on /home/airflow/.local/lib/python3.7/site-packages/airflow/example_dags/example_skip_dag.py
[2022-09-10T04:31:40.635+0000] {processor.py:640} INFO - Processing file /home/airflow/.local/lib/python3.7/site-packages/airflow/example_dags/example_skip_dag.py for tasks to queue
[2022-09-10T04:31:40.636+0000] {logging_mixin.py:115} INFO - [2022-09-10T04:31:40.636+0000] {dagbag.py:508} INFO - Filling up the DagBag from /home/airflow/.local/lib/python3.7/site-packages/airflow/example_dags/example_skip_dag.py
[2022-09-10T04:31:40.641+0000] {processor.py:650} INFO - DAG(s) dict_keys(['example_skip_dag']) retrieved from /home/airflow/.local/lib/python3.7/site-packages/airflow/example_dags/example_skip_dag.py
[2022-09-10T04:31:40.676+0000] {logging_mixin.py:115} INFO - [2022-09-10T04:31:40.676+0000] {dag.py:2429} INFO - Sync 1 DAGs
[2022-09-10T04:31:40.698+0000] {logging_mixin.py:115} INFO - [2022-09-10T04:31:40.698+0000] {dag.py:2981} INFO - Setting next_dagrun for example_skip_dag to 2022-09-09T04:31:40.698597+00:00, run_after=2022-09-10T04:31:40.698597+00:00
[2022-09-10T04:31:40.716+0000] {processor.py:161} INFO - Processing /home/airflow/.local/lib/python3.7/site-packages/airflow/example_dags/example_skip_dag.py took 0.085 seconds
[2022-09-10T04:32:10.836+0000] {processor.py:153} INFO - Started process (PID=1114) to work on /home/airflow/.local/lib/python3.7/site-packages/airflow/example_dags/example_skip_dag.py
[2022-09-10T04:32:10.836+0000] {processor.py:640} INFO - Processing file /home/airflow/.local/lib/python3.7/site-packages/airflow/example_dags/example_skip_dag.py for tasks to queue
[2022-09-10T04:32:10.837+0000] {logging_mixin.py:115} INFO - [2022-09-10T04:32:10.837+0000] {dagbag.py:508} INFO - Filling up the DagBag from /home/airflow/.local/lib/python3.7/site-packages/airflow/example_dags/example_skip_dag.py
[2022-09-10T04:32:10.842+0000] {processor.py:650} INFO - DAG(s) dict_keys(['example_skip_dag']) retrieved from /home/airflow/.local/lib/python3.7/site-packages/airflow/example_dags/example_skip_dag.py
[2022-09-10T04:32:10.871+0000] {logging_mixin.py:115} INFO - [2022-09-10T04:32:10.871+0000] {dag.py:2429} INFO - Sync 1 DAGs
[2022-09-10T04:32:10.888+0000] {logging_mixin.py:115} INFO - [2022-09-10T04:32:10.888+0000] {dag.py:2981} INFO - Setting next_dagrun for example_skip_dag to 2022-09-09T04:32:10.888285+00:00, run_after=2022-09-10T04:32:10.888285+00:00
[2022-09-10T04:32:10.904+0000] {processor.py:161} INFO - Processing /home/airflow/.local/lib/python3.7/site-packages/airflow/example_dags/example_skip_dag.py took 0.071 seconds
[2022-09-10T04:32:42.143+0000] {processor.py:153} INFO - Started process (PID=1313) to work on /home/airflow/.local/lib/python3.7/site-packages/airflow/example_dags/example_skip_dag.py
[2022-09-10T04:32:42.145+0000] {processor.py:640} INFO - Processing file /home/airflow/.local/lib/python3.7/site-packages/airflow/example_dags/example_skip_dag.py for tasks to queue
[2022-09-10T04:32:42.149+0000] {logging_mixin.py:115} INFO - [2022-09-10T04:32:42.147+0000] {dagbag.py:508} INFO - Filling up the DagBag from /home/airflow/.local/lib/python3.7/site-packages/airflow/example_dags/example_skip_dag.py
[2022-09-10T04:32:42.156+0000] {processor.py:650} INFO - DAG(s) dict_keys(['example_skip_dag']) retrieved from /home/airflow/.local/lib/python3.7/site-packages/airflow/example_dags/example_skip_dag.py
[2022-09-10T04:32:42.194+0000] {logging_mixin.py:115} INFO - [2022-09-10T04:32:42.193+0000] {dag.py:2429} INFO - Sync 1 DAGs
[2022-09-10T04:32:42.221+0000] {logging_mixin.py:115} INFO - [2022-09-10T04:32:42.221+0000] {dag.py:2981} INFO - Setting next_dagrun for example_skip_dag to 2022-09-09T04:32:42.221225+00:00, run_after=2022-09-10T04:32:42.221225+00:00
[2022-09-10T04:32:42.238+0000] {processor.py:161} INFO - Processing /home/airflow/.local/lib/python3.7/site-packages/airflow/example_dags/example_skip_dag.py took 0.099 seconds
