[2022-09-10T04:17:49.854+0000] {processor.py:153} INFO - Started process (PID=237) to work on /home/airflow/.local/lib/python3.7/site-packages/airflow/example_dags/example_task_group_decorator.py
[2022-09-10T04:17:49.854+0000] {processor.py:640} INFO - Processing file /home/airflow/.local/lib/python3.7/site-packages/airflow/example_dags/example_task_group_decorator.py for tasks to queue
[2022-09-10T04:17:49.855+0000] {logging_mixin.py:115} INFO - [2022-09-10T04:17:49.855+0000] {dagbag.py:508} INFO - Filling up the DagBag from /home/airflow/.local/lib/python3.7/site-packages/airflow/example_dags/example_task_group_decorator.py
[2022-09-10T04:17:49.884+0000] {processor.py:650} INFO - DAG(s) dict_keys(['example_task_group_decorator']) retrieved from /home/airflow/.local/lib/python3.7/site-packages/airflow/example_dags/example_task_group_decorator.py
[2022-09-10T04:17:49.993+0000] {logging_mixin.py:115} INFO - [2022-09-10T04:17:49.993+0000] {manager.py:508} INFO - Created Permission View: can delete on DAG:example_task_group_decorator
[2022-09-10T04:17:50.009+0000] {logging_mixin.py:115} INFO - [2022-09-10T04:17:50.009+0000] {manager.py:508} INFO - Created Permission View: can read on DAG:example_task_group_decorator
[2022-09-10T04:17:50.022+0000] {logging_mixin.py:115} INFO - [2022-09-10T04:17:50.021+0000] {manager.py:508} INFO - Created Permission View: can edit on DAG:example_task_group_decorator
[2022-09-10T04:17:50.022+0000] {logging_mixin.py:115} INFO - [2022-09-10T04:17:50.022+0000] {dag.py:2429} INFO - Sync 1 DAGs
[2022-09-10T04:17:50.036+0000] {logging_mixin.py:115} INFO - [2022-09-10T04:17:50.035+0000] {dag.py:2448} INFO - Creating ORM DAG for example_task_group_decorator
[2022-09-10T04:17:50.050+0000] {logging_mixin.py:115} INFO - [2022-09-10T04:17:50.049+0000] {dag.py:2981} INFO - Setting next_dagrun for example_task_group_decorator to 2022-09-09T04:17:50.049667+00:00, run_after=2022-09-10T04:17:50.049667+00:00
[2022-09-10T04:17:50.069+0000] {processor.py:161} INFO - Processing /home/airflow/.local/lib/python3.7/site-packages/airflow/example_dags/example_task_group_decorator.py took 0.218 seconds
[2022-09-10T04:18:20.818+0000] {processor.py:153} INFO - Started process (PID=426) to work on /home/airflow/.local/lib/python3.7/site-packages/airflow/example_dags/example_task_group_decorator.py
[2022-09-10T04:18:20.819+0000] {processor.py:640} INFO - Processing file /home/airflow/.local/lib/python3.7/site-packages/airflow/example_dags/example_task_group_decorator.py for tasks to queue
[2022-09-10T04:18:20.819+0000] {logging_mixin.py:115} INFO - [2022-09-10T04:18:20.819+0000] {dagbag.py:508} INFO - Filling up the DagBag from /home/airflow/.local/lib/python3.7/site-packages/airflow/example_dags/example_task_group_decorator.py
[2022-09-10T04:18:20.846+0000] {processor.py:650} INFO - DAG(s) dict_keys(['example_task_group_decorator']) retrieved from /home/airflow/.local/lib/python3.7/site-packages/airflow/example_dags/example_task_group_decorator.py
[2022-09-10T04:18:20.911+0000] {logging_mixin.py:115} INFO - [2022-09-10T04:18:20.911+0000] {dag.py:2429} INFO - Sync 1 DAGs
[2022-09-10T04:18:20.929+0000] {logging_mixin.py:115} INFO - [2022-09-10T04:18:20.929+0000] {dag.py:2981} INFO - Setting next_dagrun for example_task_group_decorator to 2022-09-09T04:18:20.929308+00:00, run_after=2022-09-10T04:18:20.929308+00:00
[2022-09-10T04:18:20.952+0000] {processor.py:161} INFO - Processing /home/airflow/.local/lib/python3.7/site-packages/airflow/example_dags/example_task_group_decorator.py took 0.136 seconds
[2022-09-10T04:18:51.068+0000] {processor.py:153} INFO - Started process (PID=625) to work on /home/airflow/.local/lib/python3.7/site-packages/airflow/example_dags/example_task_group_decorator.py
[2022-09-10T04:18:51.069+0000] {processor.py:640} INFO - Processing file /home/airflow/.local/lib/python3.7/site-packages/airflow/example_dags/example_task_group_decorator.py for tasks to queue
[2022-09-10T04:18:51.070+0000] {logging_mixin.py:115} INFO - [2022-09-10T04:18:51.070+0000] {dagbag.py:508} INFO - Filling up the DagBag from /home/airflow/.local/lib/python3.7/site-packages/airflow/example_dags/example_task_group_decorator.py
[2022-09-10T04:18:51.099+0000] {processor.py:650} INFO - DAG(s) dict_keys(['example_task_group_decorator']) retrieved from /home/airflow/.local/lib/python3.7/site-packages/airflow/example_dags/example_task_group_decorator.py
[2022-09-10T04:18:51.168+0000] {logging_mixin.py:115} INFO - [2022-09-10T04:18:51.168+0000] {dag.py:2429} INFO - Sync 1 DAGs
[2022-09-10T04:18:51.187+0000] {logging_mixin.py:115} INFO - [2022-09-10T04:18:51.187+0000] {dag.py:2981} INFO - Setting next_dagrun for example_task_group_decorator to 2022-09-09T04:18:51.186860+00:00, run_after=2022-09-10T04:18:51.186860+00:00
[2022-09-10T04:18:51.207+0000] {processor.py:161} INFO - Processing /home/airflow/.local/lib/python3.7/site-packages/airflow/example_dags/example_task_group_decorator.py took 0.141 seconds
[2022-09-10T04:19:21.236+0000] {processor.py:153} INFO - Started process (PID=818) to work on /home/airflow/.local/lib/python3.7/site-packages/airflow/example_dags/example_task_group_decorator.py
[2022-09-10T04:19:21.236+0000] {processor.py:640} INFO - Processing file /home/airflow/.local/lib/python3.7/site-packages/airflow/example_dags/example_task_group_decorator.py for tasks to queue
[2022-09-10T04:19:21.237+0000] {logging_mixin.py:115} INFO - [2022-09-10T04:19:21.237+0000] {dagbag.py:508} INFO - Filling up the DagBag from /home/airflow/.local/lib/python3.7/site-packages/airflow/example_dags/example_task_group_decorator.py
[2022-09-10T04:19:21.266+0000] {processor.py:650} INFO - DAG(s) dict_keys(['example_task_group_decorator']) retrieved from /home/airflow/.local/lib/python3.7/site-packages/airflow/example_dags/example_task_group_decorator.py
[2022-09-10T04:19:21.344+0000] {logging_mixin.py:115} INFO - [2022-09-10T04:19:21.344+0000] {dag.py:2429} INFO - Sync 1 DAGs
[2022-09-10T04:19:21.367+0000] {logging_mixin.py:115} INFO - [2022-09-10T04:19:21.367+0000] {dag.py:2981} INFO - Setting next_dagrun for example_task_group_decorator to 2022-09-09T04:19:21.367359+00:00, run_after=2022-09-10T04:19:21.367359+00:00
[2022-09-10T04:19:21.386+0000] {processor.py:161} INFO - Processing /home/airflow/.local/lib/python3.7/site-packages/airflow/example_dags/example_task_group_decorator.py took 0.153 seconds
[2022-09-10T04:19:51.495+0000] {processor.py:153} INFO - Started process (PID=1008) to work on /home/airflow/.local/lib/python3.7/site-packages/airflow/example_dags/example_task_group_decorator.py
[2022-09-10T04:19:51.496+0000] {processor.py:640} INFO - Processing file /home/airflow/.local/lib/python3.7/site-packages/airflow/example_dags/example_task_group_decorator.py for tasks to queue
[2022-09-10T04:19:51.497+0000] {logging_mixin.py:115} INFO - [2022-09-10T04:19:51.497+0000] {dagbag.py:508} INFO - Filling up the DagBag from /home/airflow/.local/lib/python3.7/site-packages/airflow/example_dags/example_task_group_decorator.py
[2022-09-10T04:19:51.519+0000] {processor.py:650} INFO - DAG(s) dict_keys(['example_task_group_decorator']) retrieved from /home/airflow/.local/lib/python3.7/site-packages/airflow/example_dags/example_task_group_decorator.py
[2022-09-10T04:19:51.583+0000] {logging_mixin.py:115} INFO - [2022-09-10T04:19:51.583+0000] {dag.py:2429} INFO - Sync 1 DAGs
[2022-09-10T04:19:51.600+0000] {logging_mixin.py:115} INFO - [2022-09-10T04:19:51.600+0000] {dag.py:2981} INFO - Setting next_dagrun for example_task_group_decorator to 2022-09-09T04:19:51.600619+00:00, run_after=2022-09-10T04:19:51.600619+00:00
[2022-09-10T04:19:51.619+0000] {processor.py:161} INFO - Processing /home/airflow/.local/lib/python3.7/site-packages/airflow/example_dags/example_task_group_decorator.py took 0.126 seconds
[2022-09-10T04:20:21.679+0000] {processor.py:153} INFO - Started process (PID=1205) to work on /home/airflow/.local/lib/python3.7/site-packages/airflow/example_dags/example_task_group_decorator.py
[2022-09-10T04:20:21.680+0000] {processor.py:640} INFO - Processing file /home/airflow/.local/lib/python3.7/site-packages/airflow/example_dags/example_task_group_decorator.py for tasks to queue
[2022-09-10T04:20:21.680+0000] {logging_mixin.py:115} INFO - [2022-09-10T04:20:21.680+0000] {dagbag.py:508} INFO - Filling up the DagBag from /home/airflow/.local/lib/python3.7/site-packages/airflow/example_dags/example_task_group_decorator.py
[2022-09-10T04:20:21.702+0000] {processor.py:650} INFO - DAG(s) dict_keys(['example_task_group_decorator']) retrieved from /home/airflow/.local/lib/python3.7/site-packages/airflow/example_dags/example_task_group_decorator.py
[2022-09-10T04:20:21.766+0000] {logging_mixin.py:115} INFO - [2022-09-10T04:20:21.765+0000] {dag.py:2429} INFO - Sync 1 DAGs
[2022-09-10T04:20:21.783+0000] {logging_mixin.py:115} INFO - [2022-09-10T04:20:21.783+0000] {dag.py:2981} INFO - Setting next_dagrun for example_task_group_decorator to 2022-09-09T04:20:21.783296+00:00, run_after=2022-09-10T04:20:21.783296+00:00
[2022-09-10T04:20:21.801+0000] {processor.py:161} INFO - Processing /home/airflow/.local/lib/python3.7/site-packages/airflow/example_dags/example_task_group_decorator.py took 0.124 seconds
[2022-09-10T04:26:38.935+0000] {processor.py:153} INFO - Started process (PID=227) to work on /home/airflow/.local/lib/python3.7/site-packages/airflow/example_dags/example_task_group_decorator.py
[2022-09-10T04:26:38.937+0000] {processor.py:640} INFO - Processing file /home/airflow/.local/lib/python3.7/site-packages/airflow/example_dags/example_task_group_decorator.py for tasks to queue
[2022-09-10T04:26:38.937+0000] {logging_mixin.py:115} INFO - [2022-09-10T04:26:38.937+0000] {dagbag.py:508} INFO - Filling up the DagBag from /home/airflow/.local/lib/python3.7/site-packages/airflow/example_dags/example_task_group_decorator.py
[2022-09-10T04:26:38.975+0000] {processor.py:650} INFO - DAG(s) dict_keys(['example_task_group_decorator']) retrieved from /home/airflow/.local/lib/python3.7/site-packages/airflow/example_dags/example_task_group_decorator.py
[2022-09-10T04:26:39.064+0000] {logging_mixin.py:115} INFO - [2022-09-10T04:26:39.063+0000] {dag.py:2429} INFO - Sync 1 DAGs
[2022-09-10T04:26:39.092+0000] {logging_mixin.py:115} INFO - [2022-09-10T04:26:39.092+0000] {dag.py:2981} INFO - Setting next_dagrun for example_task_group_decorator to 2022-09-09T04:26:39.092241+00:00, run_after=2022-09-10T04:26:39.092241+00:00
[2022-09-10T04:26:39.115+0000] {processor.py:161} INFO - Processing /home/airflow/.local/lib/python3.7/site-packages/airflow/example_dags/example_task_group_decorator.py took 0.183 seconds
[2022-09-10T04:27:09.248+0000] {processor.py:153} INFO - Started process (PID=427) to work on /home/airflow/.local/lib/python3.7/site-packages/airflow/example_dags/example_task_group_decorator.py
[2022-09-10T04:27:09.249+0000] {processor.py:640} INFO - Processing file /home/airflow/.local/lib/python3.7/site-packages/airflow/example_dags/example_task_group_decorator.py for tasks to queue
[2022-09-10T04:27:09.250+0000] {logging_mixin.py:115} INFO - [2022-09-10T04:27:09.250+0000] {dagbag.py:508} INFO - Filling up the DagBag from /home/airflow/.local/lib/python3.7/site-packages/airflow/example_dags/example_task_group_decorator.py
[2022-09-10T04:27:09.276+0000] {processor.py:650} INFO - DAG(s) dict_keys(['example_task_group_decorator']) retrieved from /home/airflow/.local/lib/python3.7/site-packages/airflow/example_dags/example_task_group_decorator.py
[2022-09-10T04:27:09.338+0000] {logging_mixin.py:115} INFO - [2022-09-10T04:27:09.337+0000] {dag.py:2429} INFO - Sync 1 DAGs
[2022-09-10T04:27:09.354+0000] {logging_mixin.py:115} INFO - [2022-09-10T04:27:09.354+0000] {dag.py:2981} INFO - Setting next_dagrun for example_task_group_decorator to 2022-09-09T04:27:09.354601+00:00, run_after=2022-09-10T04:27:09.354601+00:00
[2022-09-10T04:27:09.372+0000] {processor.py:161} INFO - Processing /home/airflow/.local/lib/python3.7/site-packages/airflow/example_dags/example_task_group_decorator.py took 0.126 seconds
[2022-09-10T04:27:40.163+0000] {processor.py:153} INFO - Started process (PID=613) to work on /home/airflow/.local/lib/python3.7/site-packages/airflow/example_dags/example_task_group_decorator.py
[2022-09-10T04:27:40.164+0000] {processor.py:640} INFO - Processing file /home/airflow/.local/lib/python3.7/site-packages/airflow/example_dags/example_task_group_decorator.py for tasks to queue
[2022-09-10T04:27:40.165+0000] {logging_mixin.py:115} INFO - [2022-09-10T04:27:40.165+0000] {dagbag.py:508} INFO - Filling up the DagBag from /home/airflow/.local/lib/python3.7/site-packages/airflow/example_dags/example_task_group_decorator.py
[2022-09-10T04:27:40.191+0000] {processor.py:650} INFO - DAG(s) dict_keys(['example_task_group_decorator']) retrieved from /home/airflow/.local/lib/python3.7/site-packages/airflow/example_dags/example_task_group_decorator.py
[2022-09-10T04:27:40.298+0000] {logging_mixin.py:115} INFO - [2022-09-10T04:27:40.298+0000] {dag.py:2429} INFO - Sync 1 DAGs
[2022-09-10T04:27:40.319+0000] {logging_mixin.py:115} INFO - [2022-09-10T04:27:40.319+0000] {dag.py:2981} INFO - Setting next_dagrun for example_task_group_decorator to 2022-09-09T04:27:40.319394+00:00, run_after=2022-09-10T04:27:40.319394+00:00
[2022-09-10T04:27:40.341+0000] {processor.py:161} INFO - Processing /home/airflow/.local/lib/python3.7/site-packages/airflow/example_dags/example_task_group_decorator.py took 0.181 seconds
[2022-09-10T04:28:11.043+0000] {processor.py:153} INFO - Started process (PID=810) to work on /home/airflow/.local/lib/python3.7/site-packages/airflow/example_dags/example_task_group_decorator.py
[2022-09-10T04:28:11.044+0000] {processor.py:640} INFO - Processing file /home/airflow/.local/lib/python3.7/site-packages/airflow/example_dags/example_task_group_decorator.py for tasks to queue
[2022-09-10T04:28:11.044+0000] {logging_mixin.py:115} INFO - [2022-09-10T04:28:11.044+0000] {dagbag.py:508} INFO - Filling up the DagBag from /home/airflow/.local/lib/python3.7/site-packages/airflow/example_dags/example_task_group_decorator.py
[2022-09-10T04:28:11.065+0000] {processor.py:650} INFO - DAG(s) dict_keys(['example_task_group_decorator']) retrieved from /home/airflow/.local/lib/python3.7/site-packages/airflow/example_dags/example_task_group_decorator.py
[2022-09-10T04:28:11.089+0000] {logging_mixin.py:115} INFO - [2022-09-10T04:28:11.089+0000] {dag.py:2429} INFO - Sync 1 DAGs
[2022-09-10T04:28:11.109+0000] {logging_mixin.py:115} INFO - [2022-09-10T04:28:11.109+0000] {dag.py:2981} INFO - Setting next_dagrun for example_task_group_decorator to 2022-09-09T04:28:11.109378+00:00, run_after=2022-09-10T04:28:11.109378+00:00
[2022-09-10T04:28:11.126+0000] {processor.py:161} INFO - Processing /home/airflow/.local/lib/python3.7/site-packages/airflow/example_dags/example_task_group_decorator.py took 0.085 seconds
[2022-09-10T04:28:41.864+0000] {processor.py:153} INFO - Started process (PID=1008) to work on /home/airflow/.local/lib/python3.7/site-packages/airflow/example_dags/example_task_group_decorator.py
[2022-09-10T04:28:41.865+0000] {processor.py:640} INFO - Processing file /home/airflow/.local/lib/python3.7/site-packages/airflow/example_dags/example_task_group_decorator.py for tasks to queue
[2022-09-10T04:28:41.866+0000] {logging_mixin.py:115} INFO - [2022-09-10T04:28:41.866+0000] {dagbag.py:508} INFO - Filling up the DagBag from /home/airflow/.local/lib/python3.7/site-packages/airflow/example_dags/example_task_group_decorator.py
[2022-09-10T04:28:41.905+0000] {processor.py:650} INFO - DAG(s) dict_keys(['example_task_group_decorator']) retrieved from /home/airflow/.local/lib/python3.7/site-packages/airflow/example_dags/example_task_group_decorator.py
[2022-09-10T04:28:41.981+0000] {logging_mixin.py:115} INFO - [2022-09-10T04:28:41.981+0000] {dag.py:2429} INFO - Sync 1 DAGs
[2022-09-10T04:28:42.002+0000] {logging_mixin.py:115} INFO - [2022-09-10T04:28:42.002+0000] {dag.py:2981} INFO - Setting next_dagrun for example_task_group_decorator to 2022-09-09T04:28:42.001926+00:00, run_after=2022-09-10T04:28:42.001926+00:00
[2022-09-10T04:28:42.020+0000] {processor.py:161} INFO - Processing /home/airflow/.local/lib/python3.7/site-packages/airflow/example_dags/example_task_group_decorator.py took 0.160 seconds
[2022-09-10T04:30:06.200+0000] {processor.py:153} INFO - Started process (PID=227) to work on /home/airflow/.local/lib/python3.7/site-packages/airflow/example_dags/example_task_group_decorator.py
[2022-09-10T04:30:06.201+0000] {processor.py:640} INFO - Processing file /home/airflow/.local/lib/python3.7/site-packages/airflow/example_dags/example_task_group_decorator.py for tasks to queue
[2022-09-10T04:30:06.202+0000] {logging_mixin.py:115} INFO - [2022-09-10T04:30:06.202+0000] {dagbag.py:508} INFO - Filling up the DagBag from /home/airflow/.local/lib/python3.7/site-packages/airflow/example_dags/example_task_group_decorator.py
[2022-09-10T04:30:06.228+0000] {processor.py:650} INFO - DAG(s) dict_keys(['example_task_group_decorator']) retrieved from /home/airflow/.local/lib/python3.7/site-packages/airflow/example_dags/example_task_group_decorator.py
[2022-09-10T04:30:06.296+0000] {logging_mixin.py:115} INFO - [2022-09-10T04:30:06.296+0000] {dag.py:2429} INFO - Sync 1 DAGs
[2022-09-10T04:30:06.316+0000] {logging_mixin.py:115} INFO - [2022-09-10T04:30:06.315+0000] {dag.py:2981} INFO - Setting next_dagrun for example_task_group_decorator to 2022-09-09T04:30:06.315639+00:00, run_after=2022-09-10T04:30:06.315639+00:00
[2022-09-10T04:30:06.334+0000] {processor.py:161} INFO - Processing /home/airflow/.local/lib/python3.7/site-packages/airflow/example_dags/example_task_group_decorator.py took 0.136 seconds
[2022-09-10T04:30:37.144+0000] {processor.py:153} INFO - Started process (PID=424) to work on /home/airflow/.local/lib/python3.7/site-packages/airflow/example_dags/example_task_group_decorator.py
[2022-09-10T04:30:37.145+0000] {processor.py:640} INFO - Processing file /home/airflow/.local/lib/python3.7/site-packages/airflow/example_dags/example_task_group_decorator.py for tasks to queue
[2022-09-10T04:30:37.145+0000] {logging_mixin.py:115} INFO - [2022-09-10T04:30:37.145+0000] {dagbag.py:508} INFO - Filling up the DagBag from /home/airflow/.local/lib/python3.7/site-packages/airflow/example_dags/example_task_group_decorator.py
[2022-09-10T04:30:37.169+0000] {processor.py:650} INFO - DAG(s) dict_keys(['example_task_group_decorator']) retrieved from /home/airflow/.local/lib/python3.7/site-packages/airflow/example_dags/example_task_group_decorator.py
[2022-09-10T04:30:37.237+0000] {logging_mixin.py:115} INFO - [2022-09-10T04:30:37.237+0000] {dag.py:2429} INFO - Sync 1 DAGs
[2022-09-10T04:30:37.258+0000] {logging_mixin.py:115} INFO - [2022-09-10T04:30:37.257+0000] {dag.py:2981} INFO - Setting next_dagrun for example_task_group_decorator to 2022-09-09T04:30:37.257652+00:00, run_after=2022-09-10T04:30:37.257652+00:00
[2022-09-10T04:30:37.278+0000] {processor.py:161} INFO - Processing /home/airflow/.local/lib/python3.7/site-packages/airflow/example_dags/example_task_group_decorator.py took 0.136 seconds
[2022-09-10T04:31:08.182+0000] {processor.py:153} INFO - Started process (PID=621) to work on /home/airflow/.local/lib/python3.7/site-packages/airflow/example_dags/example_task_group_decorator.py
[2022-09-10T04:31:08.183+0000] {processor.py:640} INFO - Processing file /home/airflow/.local/lib/python3.7/site-packages/airflow/example_dags/example_task_group_decorator.py for tasks to queue
[2022-09-10T04:31:08.184+0000] {logging_mixin.py:115} INFO - [2022-09-10T04:31:08.184+0000] {dagbag.py:508} INFO - Filling up the DagBag from /home/airflow/.local/lib/python3.7/site-packages/airflow/example_dags/example_task_group_decorator.py
[2022-09-10T04:31:08.211+0000] {processor.py:650} INFO - DAG(s) dict_keys(['example_task_group_decorator']) retrieved from /home/airflow/.local/lib/python3.7/site-packages/airflow/example_dags/example_task_group_decorator.py
[2022-09-10T04:31:08.288+0000] {logging_mixin.py:115} INFO - [2022-09-10T04:31:08.288+0000] {dag.py:2429} INFO - Sync 1 DAGs
[2022-09-10T04:31:08.310+0000] {logging_mixin.py:115} INFO - [2022-09-10T04:31:08.310+0000] {dag.py:2981} INFO - Setting next_dagrun for example_task_group_decorator to 2022-09-09T04:31:08.309822+00:00, run_after=2022-09-10T04:31:08.309822+00:00
[2022-09-10T04:31:08.330+0000] {processor.py:161} INFO - Processing /home/airflow/.local/lib/python3.7/site-packages/airflow/example_dags/example_task_group_decorator.py took 0.150 seconds
[2022-09-10T04:31:38.466+0000] {processor.py:153} INFO - Started process (PID=809) to work on /home/airflow/.local/lib/python3.7/site-packages/airflow/example_dags/example_task_group_decorator.py
[2022-09-10T04:31:38.467+0000] {processor.py:640} INFO - Processing file /home/airflow/.local/lib/python3.7/site-packages/airflow/example_dags/example_task_group_decorator.py for tasks to queue
[2022-09-10T04:31:38.467+0000] {logging_mixin.py:115} INFO - [2022-09-10T04:31:38.467+0000] {dagbag.py:508} INFO - Filling up the DagBag from /home/airflow/.local/lib/python3.7/site-packages/airflow/example_dags/example_task_group_decorator.py
[2022-09-10T04:31:38.500+0000] {processor.py:650} INFO - DAG(s) dict_keys(['example_task_group_decorator']) retrieved from /home/airflow/.local/lib/python3.7/site-packages/airflow/example_dags/example_task_group_decorator.py
[2022-09-10T04:31:38.569+0000] {logging_mixin.py:115} INFO - [2022-09-10T04:31:38.569+0000] {dag.py:2429} INFO - Sync 1 DAGs
[2022-09-10T04:31:38.592+0000] {logging_mixin.py:115} INFO - [2022-09-10T04:31:38.591+0000] {dag.py:2981} INFO - Setting next_dagrun for example_task_group_decorator to 2022-09-09T04:31:38.591588+00:00, run_after=2022-09-10T04:31:38.591588+00:00
[2022-09-10T04:31:38.611+0000] {processor.py:161} INFO - Processing /home/airflow/.local/lib/python3.7/site-packages/airflow/example_dags/example_task_group_decorator.py took 0.148 seconds
[2022-09-10T04:32:08.774+0000] {processor.py:153} INFO - Started process (PID=1024) to work on /home/airflow/.local/lib/python3.7/site-packages/airflow/example_dags/example_task_group_decorator.py
[2022-09-10T04:32:08.775+0000] {processor.py:640} INFO - Processing file /home/airflow/.local/lib/python3.7/site-packages/airflow/example_dags/example_task_group_decorator.py for tasks to queue
[2022-09-10T04:32:08.775+0000] {logging_mixin.py:115} INFO - [2022-09-10T04:32:08.775+0000] {dagbag.py:508} INFO - Filling up the DagBag from /home/airflow/.local/lib/python3.7/site-packages/airflow/example_dags/example_task_group_decorator.py
[2022-09-10T04:32:08.806+0000] {processor.py:650} INFO - DAG(s) dict_keys(['example_task_group_decorator']) retrieved from /home/airflow/.local/lib/python3.7/site-packages/airflow/example_dags/example_task_group_decorator.py
[2022-09-10T04:32:08.888+0000] {logging_mixin.py:115} INFO - [2022-09-10T04:32:08.888+0000] {dag.py:2429} INFO - Sync 1 DAGs
[2022-09-10T04:32:08.912+0000] {logging_mixin.py:115} INFO - [2022-09-10T04:32:08.912+0000] {dag.py:2981} INFO - Setting next_dagrun for example_task_group_decorator to 2022-09-09T04:32:08.912018+00:00, run_after=2022-09-10T04:32:08.912018+00:00
[2022-09-10T04:32:08.935+0000] {processor.py:161} INFO - Processing /home/airflow/.local/lib/python3.7/site-packages/airflow/example_dags/example_task_group_decorator.py took 0.163 seconds
[2022-09-10T04:32:39.773+0000] {processor.py:153} INFO - Started process (PID=1212) to work on /home/airflow/.local/lib/python3.7/site-packages/airflow/example_dags/example_task_group_decorator.py
[2022-09-10T04:32:39.774+0000] {processor.py:640} INFO - Processing file /home/airflow/.local/lib/python3.7/site-packages/airflow/example_dags/example_task_group_decorator.py for tasks to queue
[2022-09-10T04:32:39.775+0000] {logging_mixin.py:115} INFO - [2022-09-10T04:32:39.775+0000] {dagbag.py:508} INFO - Filling up the DagBag from /home/airflow/.local/lib/python3.7/site-packages/airflow/example_dags/example_task_group_decorator.py
[2022-09-10T04:32:39.803+0000] {processor.py:650} INFO - DAG(s) dict_keys(['example_task_group_decorator']) retrieved from /home/airflow/.local/lib/python3.7/site-packages/airflow/example_dags/example_task_group_decorator.py
[2022-09-10T04:32:39.828+0000] {logging_mixin.py:115} INFO - [2022-09-10T04:32:39.827+0000] {dag.py:2429} INFO - Sync 1 DAGs
[2022-09-10T04:32:39.848+0000] {logging_mixin.py:115} INFO - [2022-09-10T04:32:39.848+0000] {dag.py:2981} INFO - Setting next_dagrun for example_task_group_decorator to 2022-09-09T04:32:39.848000+00:00, run_after=2022-09-10T04:32:39.848000+00:00
[2022-09-10T04:32:39.864+0000] {processor.py:161} INFO - Processing /home/airflow/.local/lib/python3.7/site-packages/airflow/example_dags/example_task_group_decorator.py took 0.093 seconds
