[2022-09-10T04:17:49.627+0000] {processor.py:153} INFO - Started process (PID=227) to work on /home/airflow/.local/lib/python3.7/site-packages/airflow/example_dags/tutorial.py
[2022-09-10T04:17:49.628+0000] {processor.py:640} INFO - Processing file /home/airflow/.local/lib/python3.7/site-packages/airflow/example_dags/tutorial.py for tasks to queue
[2022-09-10T04:17:49.629+0000] {logging_mixin.py:115} INFO - [2022-09-10T04:17:49.628+0000] {dagbag.py:508} INFO - Filling up the DagBag from /home/airflow/.local/lib/python3.7/site-packages/airflow/example_dags/tutorial.py
[2022-09-10T04:17:49.635+0000] {processor.py:650} INFO - DAG(s) dict_keys(['tutorial']) retrieved from /home/airflow/.local/lib/python3.7/site-packages/airflow/example_dags/tutorial.py
[2022-09-10T04:17:49.751+0000] {logging_mixin.py:115} INFO - [2022-09-10T04:17:49.751+0000] {manager.py:508} INFO - Created Permission View: can delete on DAG:tutorial
[2022-09-10T04:17:49.767+0000] {logging_mixin.py:115} INFO - [2022-09-10T04:17:49.767+0000] {manager.py:508} INFO - Created Permission View: can read on DAG:tutorial
[2022-09-10T04:17:49.780+0000] {logging_mixin.py:115} INFO - [2022-09-10T04:17:49.779+0000] {manager.py:508} INFO - Created Permission View: can edit on DAG:tutorial
[2022-09-10T04:17:49.780+0000] {logging_mixin.py:115} INFO - [2022-09-10T04:17:49.780+0000] {dag.py:2429} INFO - Sync 1 DAGs
[2022-09-10T04:17:49.793+0000] {logging_mixin.py:115} INFO - [2022-09-10T04:17:49.793+0000] {dag.py:2448} INFO - Creating ORM DAG for tutorial
[2022-09-10T04:17:49.810+0000] {logging_mixin.py:115} INFO - [2022-09-10T04:17:49.810+0000] {dag.py:2981} INFO - Setting next_dagrun for tutorial to 2022-09-09T04:17:49.809931+00:00, run_after=2022-09-10T04:17:49.809931+00:00
[2022-09-10T04:17:49.832+0000] {processor.py:161} INFO - Processing /home/airflow/.local/lib/python3.7/site-packages/airflow/example_dags/tutorial.py took 0.208 seconds
[2022-09-10T04:18:20.737+0000] {processor.py:153} INFO - Started process (PID=416) to work on /home/airflow/.local/lib/python3.7/site-packages/airflow/example_dags/tutorial.py
[2022-09-10T04:18:20.738+0000] {processor.py:640} INFO - Processing file /home/airflow/.local/lib/python3.7/site-packages/airflow/example_dags/tutorial.py for tasks to queue
[2022-09-10T04:18:20.738+0000] {logging_mixin.py:115} INFO - [2022-09-10T04:18:20.738+0000] {dagbag.py:508} INFO - Filling up the DagBag from /home/airflow/.local/lib/python3.7/site-packages/airflow/example_dags/tutorial.py
[2022-09-10T04:18:20.741+0000] {processor.py:650} INFO - DAG(s) dict_keys(['tutorial']) retrieved from /home/airflow/.local/lib/python3.7/site-packages/airflow/example_dags/tutorial.py
[2022-09-10T04:18:20.761+0000] {logging_mixin.py:115} INFO - [2022-09-10T04:18:20.761+0000] {dag.py:2429} INFO - Sync 1 DAGs
[2022-09-10T04:18:20.783+0000] {logging_mixin.py:115} INFO - [2022-09-10T04:18:20.783+0000] {dag.py:2981} INFO - Setting next_dagrun for tutorial to 2022-09-09T04:18:20.783297+00:00, run_after=2022-09-10T04:18:20.783297+00:00
[2022-09-10T04:18:20.801+0000] {processor.py:161} INFO - Processing /home/airflow/.local/lib/python3.7/site-packages/airflow/example_dags/tutorial.py took 0.066 seconds
[2022-09-10T04:18:50.875+0000] {processor.py:153} INFO - Started process (PID=613) to work on /home/airflow/.local/lib/python3.7/site-packages/airflow/example_dags/tutorial.py
[2022-09-10T04:18:50.876+0000] {processor.py:640} INFO - Processing file /home/airflow/.local/lib/python3.7/site-packages/airflow/example_dags/tutorial.py for tasks to queue
[2022-09-10T04:18:50.877+0000] {logging_mixin.py:115} INFO - [2022-09-10T04:18:50.877+0000] {dagbag.py:508} INFO - Filling up the DagBag from /home/airflow/.local/lib/python3.7/site-packages/airflow/example_dags/tutorial.py
[2022-09-10T04:18:50.880+0000] {processor.py:650} INFO - DAG(s) dict_keys(['tutorial']) retrieved from /home/airflow/.local/lib/python3.7/site-packages/airflow/example_dags/tutorial.py
[2022-09-10T04:18:50.906+0000] {logging_mixin.py:115} INFO - [2022-09-10T04:18:50.906+0000] {dag.py:2429} INFO - Sync 1 DAGs
[2022-09-10T04:18:50.931+0000] {logging_mixin.py:115} INFO - [2022-09-10T04:18:50.931+0000] {dag.py:2981} INFO - Setting next_dagrun for tutorial to 2022-09-09T04:18:50.931144+00:00, run_after=2022-09-10T04:18:50.931144+00:00
[2022-09-10T04:18:50.950+0000] {processor.py:161} INFO - Processing /home/airflow/.local/lib/python3.7/site-packages/airflow/example_dags/tutorial.py took 0.077 seconds
[2022-09-10T04:19:21.131+0000] {processor.py:153} INFO - Started process (PID=808) to work on /home/airflow/.local/lib/python3.7/site-packages/airflow/example_dags/tutorial.py
[2022-09-10T04:19:21.132+0000] {processor.py:640} INFO - Processing file /home/airflow/.local/lib/python3.7/site-packages/airflow/example_dags/tutorial.py for tasks to queue
[2022-09-10T04:19:21.132+0000] {logging_mixin.py:115} INFO - [2022-09-10T04:19:21.132+0000] {dagbag.py:508} INFO - Filling up the DagBag from /home/airflow/.local/lib/python3.7/site-packages/airflow/example_dags/tutorial.py
[2022-09-10T04:19:21.139+0000] {processor.py:650} INFO - DAG(s) dict_keys(['tutorial']) retrieved from /home/airflow/.local/lib/python3.7/site-packages/airflow/example_dags/tutorial.py
[2022-09-10T04:19:21.172+0000] {logging_mixin.py:115} INFO - [2022-09-10T04:19:21.172+0000] {dag.py:2429} INFO - Sync 1 DAGs
[2022-09-10T04:19:21.197+0000] {logging_mixin.py:115} INFO - [2022-09-10T04:19:21.196+0000] {dag.py:2981} INFO - Setting next_dagrun for tutorial to 2022-09-09T04:19:21.196661+00:00, run_after=2022-09-10T04:19:21.196661+00:00
[2022-09-10T04:19:21.214+0000] {processor.py:161} INFO - Processing /home/airflow/.local/lib/python3.7/site-packages/airflow/example_dags/tutorial.py took 0.086 seconds
[2022-09-10T04:19:51.401+0000] {processor.py:153} INFO - Started process (PID=998) to work on /home/airflow/.local/lib/python3.7/site-packages/airflow/example_dags/tutorial.py
[2022-09-10T04:19:51.402+0000] {processor.py:640} INFO - Processing file /home/airflow/.local/lib/python3.7/site-packages/airflow/example_dags/tutorial.py for tasks to queue
[2022-09-10T04:19:51.403+0000] {logging_mixin.py:115} INFO - [2022-09-10T04:19:51.403+0000] {dagbag.py:508} INFO - Filling up the DagBag from /home/airflow/.local/lib/python3.7/site-packages/airflow/example_dags/tutorial.py
[2022-09-10T04:19:51.408+0000] {processor.py:650} INFO - DAG(s) dict_keys(['tutorial']) retrieved from /home/airflow/.local/lib/python3.7/site-packages/airflow/example_dags/tutorial.py
[2022-09-10T04:19:51.431+0000] {logging_mixin.py:115} INFO - [2022-09-10T04:19:51.431+0000] {dag.py:2429} INFO - Sync 1 DAGs
[2022-09-10T04:19:51.456+0000] {logging_mixin.py:115} INFO - [2022-09-10T04:19:51.456+0000] {dag.py:2981} INFO - Setting next_dagrun for tutorial to 2022-09-09T04:19:51.456418+00:00, run_after=2022-09-10T04:19:51.456418+00:00
[2022-09-10T04:19:51.477+0000] {processor.py:161} INFO - Processing /home/airflow/.local/lib/python3.7/site-packages/airflow/example_dags/tutorial.py took 0.079 seconds
[2022-09-10T04:20:21.602+0000] {processor.py:153} INFO - Started process (PID=1195) to work on /home/airflow/.local/lib/python3.7/site-packages/airflow/example_dags/tutorial.py
[2022-09-10T04:20:21.602+0000] {processor.py:640} INFO - Processing file /home/airflow/.local/lib/python3.7/site-packages/airflow/example_dags/tutorial.py for tasks to queue
[2022-09-10T04:20:21.603+0000] {logging_mixin.py:115} INFO - [2022-09-10T04:20:21.603+0000] {dagbag.py:508} INFO - Filling up the DagBag from /home/airflow/.local/lib/python3.7/site-packages/airflow/example_dags/tutorial.py
[2022-09-10T04:20:21.607+0000] {processor.py:650} INFO - DAG(s) dict_keys(['tutorial']) retrieved from /home/airflow/.local/lib/python3.7/site-packages/airflow/example_dags/tutorial.py
[2022-09-10T04:20:21.626+0000] {logging_mixin.py:115} INFO - [2022-09-10T04:20:21.626+0000] {dag.py:2429} INFO - Sync 1 DAGs
[2022-09-10T04:20:21.647+0000] {logging_mixin.py:115} INFO - [2022-09-10T04:20:21.647+0000] {dag.py:2981} INFO - Setting next_dagrun for tutorial to 2022-09-09T04:20:21.647543+00:00, run_after=2022-09-10T04:20:21.647543+00:00
[2022-09-10T04:20:21.662+0000] {processor.py:161} INFO - Processing /home/airflow/.local/lib/python3.7/site-packages/airflow/example_dags/tutorial.py took 0.064 seconds
[2022-09-10T04:26:38.800+0000] {processor.py:153} INFO - Started process (PID=217) to work on /home/airflow/.local/lib/python3.7/site-packages/airflow/example_dags/tutorial.py
[2022-09-10T04:26:38.801+0000] {processor.py:640} INFO - Processing file /home/airflow/.local/lib/python3.7/site-packages/airflow/example_dags/tutorial.py for tasks to queue
[2022-09-10T04:26:38.802+0000] {logging_mixin.py:115} INFO - [2022-09-10T04:26:38.802+0000] {dagbag.py:508} INFO - Filling up the DagBag from /home/airflow/.local/lib/python3.7/site-packages/airflow/example_dags/tutorial.py
[2022-09-10T04:26:38.806+0000] {processor.py:650} INFO - DAG(s) dict_keys(['tutorial']) retrieved from /home/airflow/.local/lib/python3.7/site-packages/airflow/example_dags/tutorial.py
[2022-09-10T04:26:38.836+0000] {logging_mixin.py:115} INFO - [2022-09-10T04:26:38.836+0000] {dag.py:2429} INFO - Sync 1 DAGs
[2022-09-10T04:26:38.875+0000] {logging_mixin.py:115} INFO - [2022-09-10T04:26:38.875+0000] {dag.py:2981} INFO - Setting next_dagrun for tutorial to 2022-09-09T04:26:38.874719+00:00, run_after=2022-09-10T04:26:38.874719+00:00
[2022-09-10T04:26:38.906+0000] {processor.py:161} INFO - Processing /home/airflow/.local/lib/python3.7/site-packages/airflow/example_dags/tutorial.py took 0.108 seconds
[2022-09-10T04:27:09.095+0000] {processor.py:153} INFO - Started process (PID=417) to work on /home/airflow/.local/lib/python3.7/site-packages/airflow/example_dags/tutorial.py
[2022-09-10T04:27:09.096+0000] {processor.py:640} INFO - Processing file /home/airflow/.local/lib/python3.7/site-packages/airflow/example_dags/tutorial.py for tasks to queue
[2022-09-10T04:27:09.096+0000] {logging_mixin.py:115} INFO - [2022-09-10T04:27:09.096+0000] {dagbag.py:508} INFO - Filling up the DagBag from /home/airflow/.local/lib/python3.7/site-packages/airflow/example_dags/tutorial.py
[2022-09-10T04:27:09.100+0000] {processor.py:650} INFO - DAG(s) dict_keys(['tutorial']) retrieved from /home/airflow/.local/lib/python3.7/site-packages/airflow/example_dags/tutorial.py
[2022-09-10T04:27:09.123+0000] {logging_mixin.py:115} INFO - [2022-09-10T04:27:09.123+0000] {dag.py:2429} INFO - Sync 1 DAGs
[2022-09-10T04:27:09.140+0000] {logging_mixin.py:115} INFO - [2022-09-10T04:27:09.140+0000] {dag.py:2981} INFO - Setting next_dagrun for tutorial to 2022-09-09T04:27:09.140346+00:00, run_after=2022-09-10T04:27:09.140346+00:00
[2022-09-10T04:27:09.155+0000] {processor.py:161} INFO - Processing /home/airflow/.local/lib/python3.7/site-packages/airflow/example_dags/tutorial.py took 0.062 seconds
[2022-09-10T04:27:40.086+0000] {processor.py:153} INFO - Started process (PID=603) to work on /home/airflow/.local/lib/python3.7/site-packages/airflow/example_dags/tutorial.py
[2022-09-10T04:27:40.087+0000] {processor.py:640} INFO - Processing file /home/airflow/.local/lib/python3.7/site-packages/airflow/example_dags/tutorial.py for tasks to queue
[2022-09-10T04:27:40.088+0000] {logging_mixin.py:115} INFO - [2022-09-10T04:27:40.088+0000] {dagbag.py:508} INFO - Filling up the DagBag from /home/airflow/.local/lib/python3.7/site-packages/airflow/example_dags/tutorial.py
[2022-09-10T04:27:40.091+0000] {processor.py:650} INFO - DAG(s) dict_keys(['tutorial']) retrieved from /home/airflow/.local/lib/python3.7/site-packages/airflow/example_dags/tutorial.py
[2022-09-10T04:27:40.115+0000] {logging_mixin.py:115} INFO - [2022-09-10T04:27:40.115+0000] {dag.py:2429} INFO - Sync 1 DAGs
[2022-09-10T04:27:40.131+0000] {logging_mixin.py:115} INFO - [2022-09-10T04:27:40.131+0000] {dag.py:2981} INFO - Setting next_dagrun for tutorial to 2022-09-09T04:27:40.131566+00:00, run_after=2022-09-10T04:27:40.131566+00:00
[2022-09-10T04:27:40.145+0000] {processor.py:161} INFO - Processing /home/airflow/.local/lib/python3.7/site-packages/airflow/example_dags/tutorial.py took 0.061 seconds
[2022-09-10T04:28:10.968+0000] {processor.py:153} INFO - Started process (PID=800) to work on /home/airflow/.local/lib/python3.7/site-packages/airflow/example_dags/tutorial.py
[2022-09-10T04:28:10.969+0000] {processor.py:640} INFO - Processing file /home/airflow/.local/lib/python3.7/site-packages/airflow/example_dags/tutorial.py for tasks to queue
[2022-09-10T04:28:10.969+0000] {logging_mixin.py:115} INFO - [2022-09-10T04:28:10.969+0000] {dagbag.py:508} INFO - Filling up the DagBag from /home/airflow/.local/lib/python3.7/site-packages/airflow/example_dags/tutorial.py
[2022-09-10T04:28:10.972+0000] {processor.py:650} INFO - DAG(s) dict_keys(['tutorial']) retrieved from /home/airflow/.local/lib/python3.7/site-packages/airflow/example_dags/tutorial.py
[2022-09-10T04:28:10.996+0000] {logging_mixin.py:115} INFO - [2022-09-10T04:28:10.996+0000] {dag.py:2429} INFO - Sync 1 DAGs
[2022-09-10T04:28:11.013+0000] {logging_mixin.py:115} INFO - [2022-09-10T04:28:11.013+0000] {dag.py:2981} INFO - Setting next_dagrun for tutorial to 2022-09-09T04:28:11.013077+00:00, run_after=2022-09-10T04:28:11.013077+00:00
[2022-09-10T04:28:11.027+0000] {processor.py:161} INFO - Processing /home/airflow/.local/lib/python3.7/site-packages/airflow/example_dags/tutorial.py took 0.061 seconds
[2022-09-10T04:28:41.761+0000] {processor.py:153} INFO - Started process (PID=998) to work on /home/airflow/.local/lib/python3.7/site-packages/airflow/example_dags/tutorial.py
[2022-09-10T04:28:41.762+0000] {processor.py:640} INFO - Processing file /home/airflow/.local/lib/python3.7/site-packages/airflow/example_dags/tutorial.py for tasks to queue
[2022-09-10T04:28:41.763+0000] {logging_mixin.py:115} INFO - [2022-09-10T04:28:41.763+0000] {dagbag.py:508} INFO - Filling up the DagBag from /home/airflow/.local/lib/python3.7/site-packages/airflow/example_dags/tutorial.py
[2022-09-10T04:28:41.767+0000] {processor.py:650} INFO - DAG(s) dict_keys(['tutorial']) retrieved from /home/airflow/.local/lib/python3.7/site-packages/airflow/example_dags/tutorial.py
[2022-09-10T04:28:41.790+0000] {logging_mixin.py:115} INFO - [2022-09-10T04:28:41.790+0000] {dag.py:2429} INFO - Sync 1 DAGs
[2022-09-10T04:28:41.817+0000] {logging_mixin.py:115} INFO - [2022-09-10T04:28:41.817+0000] {dag.py:2981} INFO - Setting next_dagrun for tutorial to 2022-09-09T04:28:41.817557+00:00, run_after=2022-09-10T04:28:41.817557+00:00
[2022-09-10T04:28:41.837+0000] {processor.py:161} INFO - Processing /home/airflow/.local/lib/python3.7/site-packages/airflow/example_dags/tutorial.py took 0.077 seconds
[2022-09-10T04:30:06.110+0000] {processor.py:153} INFO - Started process (PID=217) to work on /home/airflow/.local/lib/python3.7/site-packages/airflow/example_dags/tutorial.py
[2022-09-10T04:30:06.111+0000] {processor.py:640} INFO - Processing file /home/airflow/.local/lib/python3.7/site-packages/airflow/example_dags/tutorial.py for tasks to queue
[2022-09-10T04:30:06.111+0000] {logging_mixin.py:115} INFO - [2022-09-10T04:30:06.111+0000] {dagbag.py:508} INFO - Filling up the DagBag from /home/airflow/.local/lib/python3.7/site-packages/airflow/example_dags/tutorial.py
[2022-09-10T04:30:06.116+0000] {processor.py:650} INFO - DAG(s) dict_keys(['tutorial']) retrieved from /home/airflow/.local/lib/python3.7/site-packages/airflow/example_dags/tutorial.py
[2022-09-10T04:30:06.146+0000] {logging_mixin.py:115} INFO - [2022-09-10T04:30:06.145+0000] {dag.py:2429} INFO - Sync 1 DAGs
[2022-09-10T04:30:06.168+0000] {logging_mixin.py:115} INFO - [2022-09-10T04:30:06.168+0000] {dag.py:2981} INFO - Setting next_dagrun for tutorial to 2022-09-09T04:30:06.168551+00:00, run_after=2022-09-10T04:30:06.168551+00:00
[2022-09-10T04:30:06.182+0000] {processor.py:161} INFO - Processing /home/airflow/.local/lib/python3.7/site-packages/airflow/example_dags/tutorial.py took 0.074 seconds
[2022-09-10T04:30:37.062+0000] {processor.py:153} INFO - Started process (PID=414) to work on /home/airflow/.local/lib/python3.7/site-packages/airflow/example_dags/tutorial.py
[2022-09-10T04:30:37.063+0000] {processor.py:640} INFO - Processing file /home/airflow/.local/lib/python3.7/site-packages/airflow/example_dags/tutorial.py for tasks to queue
[2022-09-10T04:30:37.064+0000] {logging_mixin.py:115} INFO - [2022-09-10T04:30:37.064+0000] {dagbag.py:508} INFO - Filling up the DagBag from /home/airflow/.local/lib/python3.7/site-packages/airflow/example_dags/tutorial.py
[2022-09-10T04:30:37.068+0000] {processor.py:650} INFO - DAG(s) dict_keys(['tutorial']) retrieved from /home/airflow/.local/lib/python3.7/site-packages/airflow/example_dags/tutorial.py
[2022-09-10T04:30:37.092+0000] {logging_mixin.py:115} INFO - [2022-09-10T04:30:37.092+0000] {dag.py:2429} INFO - Sync 1 DAGs
[2022-09-10T04:30:37.111+0000] {logging_mixin.py:115} INFO - [2022-09-10T04:30:37.111+0000] {dag.py:2981} INFO - Setting next_dagrun for tutorial to 2022-09-09T04:30:37.111063+00:00, run_after=2022-09-10T04:30:37.111063+00:00
[2022-09-10T04:30:37.126+0000] {processor.py:161} INFO - Processing /home/airflow/.local/lib/python3.7/site-packages/airflow/example_dags/tutorial.py took 0.066 seconds
[2022-09-10T04:31:08.092+0000] {processor.py:153} INFO - Started process (PID=611) to work on /home/airflow/.local/lib/python3.7/site-packages/airflow/example_dags/tutorial.py
[2022-09-10T04:31:08.093+0000] {processor.py:640} INFO - Processing file /home/airflow/.local/lib/python3.7/site-packages/airflow/example_dags/tutorial.py for tasks to queue
[2022-09-10T04:31:08.093+0000] {logging_mixin.py:115} INFO - [2022-09-10T04:31:08.093+0000] {dagbag.py:508} INFO - Filling up the DagBag from /home/airflow/.local/lib/python3.7/site-packages/airflow/example_dags/tutorial.py
[2022-09-10T04:31:08.097+0000] {processor.py:650} INFO - DAG(s) dict_keys(['tutorial']) retrieved from /home/airflow/.local/lib/python3.7/site-packages/airflow/example_dags/tutorial.py
[2022-09-10T04:31:08.124+0000] {logging_mixin.py:115} INFO - [2022-09-10T04:31:08.123+0000] {dag.py:2429} INFO - Sync 1 DAGs
[2022-09-10T04:31:08.145+0000] {logging_mixin.py:115} INFO - [2022-09-10T04:31:08.145+0000] {dag.py:2981} INFO - Setting next_dagrun for tutorial to 2022-09-09T04:31:08.145140+00:00, run_after=2022-09-10T04:31:08.145140+00:00
[2022-09-10T04:31:08.162+0000] {processor.py:161} INFO - Processing /home/airflow/.local/lib/python3.7/site-packages/airflow/example_dags/tutorial.py took 0.073 seconds
[2022-09-10T04:31:38.381+0000] {processor.py:153} INFO - Started process (PID=799) to work on /home/airflow/.local/lib/python3.7/site-packages/airflow/example_dags/tutorial.py
[2022-09-10T04:31:38.382+0000] {processor.py:640} INFO - Processing file /home/airflow/.local/lib/python3.7/site-packages/airflow/example_dags/tutorial.py for tasks to queue
[2022-09-10T04:31:38.383+0000] {logging_mixin.py:115} INFO - [2022-09-10T04:31:38.383+0000] {dagbag.py:508} INFO - Filling up the DagBag from /home/airflow/.local/lib/python3.7/site-packages/airflow/example_dags/tutorial.py
[2022-09-10T04:31:38.387+0000] {processor.py:650} INFO - DAG(s) dict_keys(['tutorial']) retrieved from /home/airflow/.local/lib/python3.7/site-packages/airflow/example_dags/tutorial.py
[2022-09-10T04:31:38.412+0000] {logging_mixin.py:115} INFO - [2022-09-10T04:31:38.412+0000] {dag.py:2429} INFO - Sync 1 DAGs
[2022-09-10T04:31:38.434+0000] {logging_mixin.py:115} INFO - [2022-09-10T04:31:38.434+0000] {dag.py:2981} INFO - Setting next_dagrun for tutorial to 2022-09-09T04:31:38.434471+00:00, run_after=2022-09-10T04:31:38.434471+00:00
[2022-09-10T04:31:38.449+0000] {processor.py:161} INFO - Processing /home/airflow/.local/lib/python3.7/site-packages/airflow/example_dags/tutorial.py took 0.069 seconds
[2022-09-10T04:32:08.668+0000] {processor.py:153} INFO - Started process (PID=1016) to work on /home/airflow/.local/lib/python3.7/site-packages/airflow/example_dags/tutorial.py
[2022-09-10T04:32:08.669+0000] {processor.py:640} INFO - Processing file /home/airflow/.local/lib/python3.7/site-packages/airflow/example_dags/tutorial.py for tasks to queue
[2022-09-10T04:32:08.670+0000] {logging_mixin.py:115} INFO - [2022-09-10T04:32:08.669+0000] {dagbag.py:508} INFO - Filling up the DagBag from /home/airflow/.local/lib/python3.7/site-packages/airflow/example_dags/tutorial.py
[2022-09-10T04:32:08.675+0000] {processor.py:650} INFO - DAG(s) dict_keys(['tutorial']) retrieved from /home/airflow/.local/lib/python3.7/site-packages/airflow/example_dags/tutorial.py
[2022-09-10T04:32:08.705+0000] {logging_mixin.py:115} INFO - [2022-09-10T04:32:08.705+0000] {dag.py:2429} INFO - Sync 1 DAGs
[2022-09-10T04:32:08.735+0000] {logging_mixin.py:115} INFO - [2022-09-10T04:32:08.735+0000] {dag.py:2981} INFO - Setting next_dagrun for tutorial to 2022-09-09T04:32:08.734814+00:00, run_after=2022-09-10T04:32:08.734814+00:00
[2022-09-10T04:32:08.754+0000] {processor.py:161} INFO - Processing /home/airflow/.local/lib/python3.7/site-packages/airflow/example_dags/tutorial.py took 0.089 seconds
[2022-09-10T04:32:39.686+0000] {processor.py:153} INFO - Started process (PID=1202) to work on /home/airflow/.local/lib/python3.7/site-packages/airflow/example_dags/tutorial.py
[2022-09-10T04:32:39.687+0000] {processor.py:640} INFO - Processing file /home/airflow/.local/lib/python3.7/site-packages/airflow/example_dags/tutorial.py for tasks to queue
[2022-09-10T04:32:39.688+0000] {logging_mixin.py:115} INFO - [2022-09-10T04:32:39.688+0000] {dagbag.py:508} INFO - Filling up the DagBag from /home/airflow/.local/lib/python3.7/site-packages/airflow/example_dags/tutorial.py
[2022-09-10T04:32:39.693+0000] {processor.py:650} INFO - DAG(s) dict_keys(['tutorial']) retrieved from /home/airflow/.local/lib/python3.7/site-packages/airflow/example_dags/tutorial.py
[2022-09-10T04:32:39.718+0000] {logging_mixin.py:115} INFO - [2022-09-10T04:32:39.718+0000] {dag.py:2429} INFO - Sync 1 DAGs
[2022-09-10T04:32:39.738+0000] {logging_mixin.py:115} INFO - [2022-09-10T04:32:39.737+0000] {dag.py:2981} INFO - Setting next_dagrun for tutorial to 2022-09-09T04:32:39.737660+00:00, run_after=2022-09-10T04:32:39.737660+00:00
[2022-09-10T04:32:39.754+0000] {processor.py:161} INFO - Processing /home/airflow/.local/lib/python3.7/site-packages/airflow/example_dags/tutorial.py took 0.072 seconds
