[2022-09-10T04:31:46.730+0000] {taskinstance.py:1171} INFO - Dependencies all met for <TaskInstance: example_bash_operator.this_will_skip scheduled__2022-09-09T00:00:00+00:00 [queued]>
[2022-09-10T04:31:46.742+0000] {taskinstance.py:1171} INFO - Dependencies all met for <TaskInstance: example_bash_operator.this_will_skip scheduled__2022-09-09T00:00:00+00:00 [queued]>
[2022-09-10T04:31:46.742+0000] {taskinstance.py:1368} INFO - 
--------------------------------------------------------------------------------
[2022-09-10T04:31:46.742+0000] {taskinstance.py:1369} INFO - Starting attempt 1 of 1
[2022-09-10T04:31:46.742+0000] {taskinstance.py:1370} INFO - 
--------------------------------------------------------------------------------
[2022-09-10T04:31:46.759+0000] {taskinstance.py:1389} INFO - Executing <Task(BashOperator): this_will_skip> on 2022-09-09 00:00:00+00:00
[2022-09-10T04:31:46.765+0000] {standard_task_runner.py:52} INFO - Started process 942 to run task
[2022-09-10T04:31:46.767+0000] {standard_task_runner.py:79} INFO - Running: ['***', 'tasks', 'run', 'example_bash_operator', 'this_will_skip', 'scheduled__2022-09-09T00:00:00+00:00', '--job-id', '9', '--raw', '--subdir', '/home/***/.local/lib/python3.7/site-packages/***/example_dags/example_bash_operator.py', '--cfg-path', '/tmp/tmpl1jlbbgn', '--error-file', '/tmp/tmpvc4ah3ep']
[2022-09-10T04:31:46.771+0000] {standard_task_runner.py:80} INFO - Job 9: Subtask this_will_skip
[2022-09-10T04:31:46.852+0000] {task_command.py:371} INFO - Running <TaskInstance: example_bash_operator.this_will_skip scheduled__2022-09-09T00:00:00+00:00 [running]> on host 258109111bac
[2022-09-10T04:31:46.962+0000] {taskinstance.py:1583} INFO - Exporting the following env vars:
AIRFLOW_CTX_DAG_OWNER=***
AIRFLOW_CTX_DAG_ID=example_bash_operator
AIRFLOW_CTX_TASK_ID=this_will_skip
AIRFLOW_CTX_EXECUTION_DATE=2022-09-09T00:00:00+00:00
AIRFLOW_CTX_TRY_NUMBER=1
AIRFLOW_CTX_DAG_RUN_ID=scheduled__2022-09-09T00:00:00+00:00
[2022-09-10T04:31:46.963+0000] {subprocess.py:62} INFO - Tmp dir root location: 
 /tmp
[2022-09-10T04:31:46.964+0000] {subprocess.py:74} INFO - Running command: ['/bin/bash', '-c', 'echo "hello world"; exit 99;']
[2022-09-10T04:31:46.974+0000] {subprocess.py:85} INFO - Output:
[2022-09-10T04:31:46.976+0000] {subprocess.py:92} INFO - hello world
[2022-09-10T04:31:46.976+0000] {subprocess.py:96} INFO - Command exited with return code 99
[2022-09-10T04:31:46.976+0000] {taskinstance.py:1490} INFO - Bash command returned exit code 99. Skipping.
[2022-09-10T04:31:46.990+0000] {taskinstance.py:1412} INFO - Marking task as SKIPPED. dag_id=example_bash_operator, task_id=this_will_skip, execution_date=20220909T000000, start_date=20220910T043146, end_date=20220910T043146
[2022-09-10T04:31:47.021+0000] {local_task_job.py:156} INFO - Task exited with return code 0
[2022-09-10T04:31:47.066+0000] {local_task_job.py:279} INFO - 0 downstream tasks scheduled from follow-on schedule check
