[2022-09-09T23:25:52.745+0600] {taskinstance.py:1171} INFO - Dependencies all met for <TaskInstance: first_task_v2.second_task scheduled__2021-08-17T00:00:00+00:00 [queued]>
[2022-09-09T23:25:52.749+0600] {taskinstance.py:1171} INFO - Dependencies all met for <TaskInstance: first_task_v2.second_task scheduled__2021-08-17T00:00:00+00:00 [queued]>
[2022-09-09T23:25:52.749+0600] {taskinstance.py:1368} INFO - 
--------------------------------------------------------------------------------
[2022-09-09T23:25:52.749+0600] {taskinstance.py:1369} INFO - Starting attempt 1 of 6
[2022-09-09T23:25:52.749+0600] {taskinstance.py:1370} INFO - 
--------------------------------------------------------------------------------
[2022-09-09T23:25:52.766+0600] {taskinstance.py:1389} INFO - Executing <Task(BashOperator): second_task> on 2021-08-17 00:00:00+00:00
[2022-09-09T23:25:52.767+0600] {standard_task_runner.py:52} INFO - Started process 4730 to run task
[2022-09-09T23:25:52.769+0600] {standard_task_runner.py:79} INFO - Running: ['airflow', 'tasks', 'run', 'first_task_v2', 'second_task', 'scheduled__2021-08-17T00:00:00+00:00', '--job-id', '366', '--raw', '--subdir', '/home/mahim-ubuntu/home/python/airflow-project/airflow/lib/python3.10/site-packages/airflow/example_dags/testDags.py', '--cfg-path', '/tmp/tmpgafkei0c', '--error-file', '/tmp/tmpvbqv51c8']
[2022-09-09T23:25:52.770+0600] {standard_task_runner.py:80} INFO - Job 366: Subtask second_task
[2022-09-09T23:25:52.814+0600] {task_command.py:371} INFO - Running <TaskInstance: first_task_v2.second_task scheduled__2021-08-17T00:00:00+00:00 [running]> on host MahimPC.
[2022-09-09T23:25:52.867+0600] {taskinstance.py:1581} INFO - Exporting the following env vars:
AIRFLOW_CTX_DAG_OWNER=clickSpikes
AIRFLOW_CTX_DAG_ID=first_task_v2
AIRFLOW_CTX_TASK_ID=second_task
AIRFLOW_CTX_EXECUTION_DATE=2021-08-17T00:00:00+00:00
AIRFLOW_CTX_TRY_NUMBER=1
AIRFLOW_CTX_DAG_RUN_ID=scheduled__2021-08-17T00:00:00+00:00
[2022-09-09T23:25:52.868+0600] {subprocess.py:62} INFO - Tmp dir root location: 
 /tmp
[2022-09-09T23:25:52.868+0600] {subprocess.py:74} INFO - Running command: ['/usr/bin/bash', '-c', 'echo hey, I am Mahim. How are you?']
[2022-09-09T23:25:52.871+0600] {subprocess.py:85} INFO - Output:
[2022-09-09T23:25:52.872+0600] {subprocess.py:92} INFO - hey, I am Mahim. How are you?
[2022-09-09T23:25:52.872+0600] {subprocess.py:96} INFO - Command exited with return code 0
[2022-09-09T23:25:52.894+0600] {taskinstance.py:1407} INFO - Marking task as SUCCESS. dag_id=first_task_v2, task_id=second_task, execution_date=20210817T000000, start_date=20220909T172552, end_date=20220909T172552
[2022-09-09T23:25:52.942+0600] {local_task_job.py:156} INFO - Task exited with return code 0
[2022-09-09T23:25:52.961+0600] {local_task_job.py:279} INFO - 0 downstream tasks scheduled from follow-on schedule check
