[2022-09-10T04:31:46.659+0000] {taskinstance.py:1171} INFO - Dependencies all met for <TaskInstance: example_bash_operator.runme_2 scheduled__2022-09-09T00:00:00+00:00 [queued]>
[2022-09-10T04:31:46.668+0000] {taskinstance.py:1171} INFO - Dependencies all met for <TaskInstance: example_bash_operator.runme_2 scheduled__2022-09-09T00:00:00+00:00 [queued]>
[2022-09-10T04:31:46.668+0000] {taskinstance.py:1368} INFO - 
--------------------------------------------------------------------------------
[2022-09-10T04:31:46.668+0000] {taskinstance.py:1369} INFO - Starting attempt 1 of 1
[2022-09-10T04:31:46.668+0000] {taskinstance.py:1370} INFO - 
--------------------------------------------------------------------------------
[2022-09-10T04:31:46.687+0000] {taskinstance.py:1389} INFO - Executing <Task(BashOperator): runme_2> on 2022-09-09 00:00:00+00:00
[2022-09-10T04:31:46.692+0000] {standard_task_runner.py:52} INFO - Started process 940 to run task
[2022-09-10T04:31:46.694+0000] {standard_task_runner.py:79} INFO - Running: ['***', 'tasks', 'run', 'example_bash_operator', 'runme_2', 'scheduled__2022-09-09T00:00:00+00:00', '--job-id', '8', '--raw', '--subdir', '/home/***/.local/lib/python3.7/site-packages/***/example_dags/example_bash_operator.py', '--cfg-path', '/tmp/tmp4lhqagcg', '--error-file', '/tmp/tmp60f0jxhf']
[2022-09-10T04:31:46.696+0000] {standard_task_runner.py:80} INFO - Job 8: Subtask runme_2
[2022-09-10T04:31:46.767+0000] {task_command.py:371} INFO - Running <TaskInstance: example_bash_operator.runme_2 scheduled__2022-09-09T00:00:00+00:00 [running]> on host 258109111bac
[2022-09-10T04:31:46.874+0000] {taskinstance.py:1583} INFO - Exporting the following env vars:
AIRFLOW_CTX_DAG_OWNER=***
AIRFLOW_CTX_DAG_ID=example_bash_operator
AIRFLOW_CTX_TASK_ID=runme_2
AIRFLOW_CTX_EXECUTION_DATE=2022-09-09T00:00:00+00:00
AIRFLOW_CTX_TRY_NUMBER=1
AIRFLOW_CTX_DAG_RUN_ID=scheduled__2022-09-09T00:00:00+00:00
[2022-09-10T04:31:46.877+0000] {subprocess.py:62} INFO - Tmp dir root location: 
 /tmp
[2022-09-10T04:31:46.878+0000] {subprocess.py:74} INFO - Running command: ['/bin/bash', '-c', 'echo "example_bash_operator__runme_2__20220909" && sleep 1']
[2022-09-10T04:31:46.891+0000] {subprocess.py:85} INFO - Output:
[2022-09-10T04:31:46.893+0000] {subprocess.py:92} INFO - example_bash_operator__runme_2__20220909
[2022-09-10T04:31:47.895+0000] {subprocess.py:96} INFO - Command exited with return code 0
[2022-09-10T04:31:47.925+0000] {taskinstance.py:1412} INFO - Marking task as SUCCESS. dag_id=example_bash_operator, task_id=runme_2, execution_date=20220909T000000, start_date=20220910T043146, end_date=20220910T043147
[2022-09-10T04:31:47.952+0000] {local_task_job.py:156} INFO - Task exited with return code 0
[2022-09-10T04:31:48.005+0000] {local_task_job.py:279} INFO - 0 downstream tasks scheduled from follow-on schedule check
